#
# There is insufficient memory for the Java Runtime Environment to continue.
# Native memory allocation (malloc) failed to allocate 1776384 bytes. Error detail: Chunk::new
# Possible reasons:
#   The system is out of physical RAM or swap space
#   This process is running with CompressedOops enabled, and the Java Heap may be blocking the growth of the native heap
# Possible solutions:
#   Reduce memory load on the system
#   Increase physical memory or swap space
#   Check if swap backing store is full
#   Decrease Java heap size (-Xmx/-Xms)
#   Decrease number of Java threads
#   Decrease Java thread stack sizes (-Xss)
#   Set larger code cache with -XX:ReservedCodeCacheSize=
#   JVM is running with Unscaled Compressed Oops mode in which the Java heap is
#     placed in the first 4GB address space. The Java Heap base address is the
#     maximum limit for the native heap growth. Please use -XX:HeapBaseMinAddress
#     to set the Java Heap base and to place the Java Heap above 4GB virtual address.
# This output file may be truncated or incomplete.
#
#  Out of Memory Error (arena.cpp:191), pid=9336, tid=3568
#
# JRE version: OpenJDK Runtime Environment Temurin-17.0.11+9 (17.0.11+9) (build 17.0.11+9)
# Java VM: OpenJDK 64-Bit Server VM Temurin-17.0.11+9 (17.0.11+9, mixed mode, tiered, compressed oops, compressed class ptrs, parallel gc, windows-amd64)
# No core dump will be written. Minidumps are not enabled by default on client versions of Windows
#

---------------  S U M M A R Y ------------

Command Line: --add-modules=ALL-SYSTEM --add-opens=java.base/java.util=ALL-UNNAMED --add-opens=java.base/java.lang=ALL-UNNAMED --add-opens=java.base/sun.nio.fs=ALL-UNNAMED -Declipse.application=org.eclipse.jdt.ls.core.id1 -Dosgi.bundles.defaultStartLevel=4 -Declipse.product=org.eclipse.jdt.ls.core.product -Djava.import.generatesMetadataFilesAtProjectRoot=false -DDetectVMInstallationsJob.disabled=true -Dfile.encoding=utf8 -XX:+UseParallelGC -XX:GCTimeRatio=4 -XX:AdaptiveSizePolicyWeight=90 -Dsun.zip.disableMemoryMapping=true -Xmx1G -Xms100m -Xlog:disable -javaagent:c:\Users\akhlaq\.vscode\extensions\redhat.java-1.31.0-win32-x64\lombok\lombok-1.18.32.jar -XX:+HeapDumpOnOutOfMemoryError -XX:HeapDumpPath=c:\Users\akhlaq\AppData\Roaming\Code\User\workspaceStorage\8127860e22b2e2496d06834ca5b4fdb7\redhat.java -Daether.dependencyCollector.impl=bf c:\Users\akhlaq\.vscode\extensions\redhat.java-1.31.0-win32-x64\server\plugins\org.eclipse.equinox.launcher_1.6.800.v20240513-1750.jar -configuration c:\Users\akhlaq\AppData\Roaming\Code\User\globalStorage\redhat.java\1.31.0\config_win -data c:\Users\akhlaq\AppData\Roaming\Code\User\workspaceStorage\8127860e22b2e2496d06834ca5b4fdb7\redhat.java\jdt_ws --pipe=\\.\pipe\lsp-45b627851560e7eb26d08586d9266905-sock

Host: Intel(R) Core(TM) i5-6300U CPU @ 2.40GHz, 4 cores, 7G,  Windows 10 , 64 bit Build 19041 (10.0.19041.3636)
Time: Fri Jun 21 10:52:35 2024 Pakistan Standard Time elapsed time: 13.149188 seconds (0d 0h 0m 13s)

---------------  T H R E A D  ---------------

Current thread (0x000002b2c5d72600):  JavaThread "C2 CompilerThread0" daemon [_thread_in_native, id=3568, stack(0x000000c5daa00000,0x000000c5dab00000)]


Current CompileTask:
C2:  13149 3773   !   4       org.eclipse.osgi.internal.loader.classpath.ClasspathManager::findClassImpl (308 bytes)

Stack: [0x000000c5daa00000,0x000000c5dab00000]
Native frames: (J=compiled Java code, j=interpreted, Vv=VM code, C=native code)
V  [jvm.dll+0x67d429]
V  [jvm.dll+0x834b7a]
V  [jvm.dll+0x83663e]
V  [jvm.dll+0x836ca3]
V  [jvm.dll+0x247dbf]
V  [jvm.dll+0xac534]
V  [jvm.dll+0xacb7c]
V  [jvm.dll+0x366647]
V  [jvm.dll+0x1bd086]
V  [jvm.dll+0x21a5c9]
V  [jvm.dll+0x2198b1]
V  [jvm.dll+0x1a534d]
V  [jvm.dll+0x2295cd]
V  [jvm.dll+0x22779c]
V  [jvm.dll+0x7e9d07]
V  [jvm.dll+0x7e410a]
V  [jvm.dll+0x67c315]
C  [ucrtbase.dll+0x21bb2]
C  [KERNEL32.DLL+0x17344]
C  [ntdll.dll+0x4cc91]


---------------  P R O C E S S  ---------------

Threads class SMR info:
_java_thread_list=0x000002b2cc6292c0, length=24, elements={
0x000002b2b1f01340, 0x000002b2c5d42740, 0x000002b2c5d43750, 0x000002b2c5d6c440,
0x000002b2c5d6d1d0, 0x000002b2c5d6df60, 0x000002b2c5d71950, 0x000002b2c5d72600,
0x000002b2c5d9ea50, 0x000002b2caf1d7d0, 0x000002b2cafd83a0, 0x000002b2cb1b4920,
0x000002b2cb7f3c60, 0x000002b2cb8214b0, 0x000002b2cb821990, 0x000002b2cb513aa0,
0x000002b2cb95fa50, 0x000002b2cb510f60, 0x000002b2cb1fa9b0, 0x000002b2cb1f9f90,
0x000002b2cb1f8130, 0x000002b2cb1f7200, 0x000002b2cb1f8b50, 0x000002b2cb1f7710
}

Java Threads: ( => current thread )
  0x000002b2b1f01340 JavaThread "main" [_thread_blocked, id=8556, stack(0x000000c5da000000,0x000000c5da100000)]
  0x000002b2c5d42740 JavaThread "Reference Handler" daemon [_thread_blocked, id=11084, stack(0x000000c5da400000,0x000000c5da500000)]
  0x000002b2c5d43750 JavaThread "Finalizer" daemon [_thread_blocked, id=12976, stack(0x000000c5da500000,0x000000c5da600000)]
  0x000002b2c5d6c440 JavaThread "Signal Dispatcher" daemon [_thread_blocked, id=8656, stack(0x000000c5da600000,0x000000c5da700000)]
  0x000002b2c5d6d1d0 JavaThread "Attach Listener" daemon [_thread_blocked, id=8752, stack(0x000000c5da700000,0x000000c5da800000)]
  0x000002b2c5d6df60 JavaThread "Service Thread" daemon [_thread_blocked, id=12424, stack(0x000000c5da800000,0x000000c5da900000)]
  0x000002b2c5d71950 JavaThread "Monitor Deflation Thread" daemon [_thread_blocked, id=12320, stack(0x000000c5da900000,0x000000c5daa00000)]
=>0x000002b2c5d72600 JavaThread "C2 CompilerThread0" daemon [_thread_in_native, id=3568, stack(0x000000c5daa00000,0x000000c5dab00000)]
  0x000002b2c5d9ea50 JavaThread "C1 CompilerThread0" daemon [_thread_blocked, id=11012, stack(0x000000c5dab00000,0x000000c5dac00000)]
  0x000002b2caf1d7d0 JavaThread "Sweeper thread" daemon [_thread_blocked, id=13048, stack(0x000000c5dac00000,0x000000c5dad00000)]
  0x000002b2cafd83a0 JavaThread "Common-Cleaner" daemon [_thread_blocked, id=4472, stack(0x000000c5dad00000,0x000000c5dae00000)]
  0x000002b2cb1b4920 JavaThread "Notification Thread" daemon [_thread_blocked, id=10180, stack(0x000000c5dae00000,0x000000c5daf00000)]
  0x000002b2cb7f3c60 JavaThread "Active Thread: Equinox Container: 80f2e827-7678-4607-a249-4860aa229377" [_thread_blocked, id=10088, stack(0x000000c5db400000,0x000000c5db500000)]
  0x000002b2cb8214b0 JavaThread "Framework Event Dispatcher: Equinox Container: 80f2e827-7678-4607-a249-4860aa229377" daemon [_thread_blocked, id=1348, stack(0x000000c5db300000,0x000000c5db400000)]
  0x000002b2cb821990 JavaThread "Start Level: Equinox Container: 80f2e827-7678-4607-a249-4860aa229377" daemon [_thread_in_vm, id=5764, stack(0x000000c5db500000,0x000000c5db600000)]
  0x000002b2cb513aa0 JavaThread "Bundle File Closer" daemon [_thread_blocked, id=6824, stack(0x000000c5db700000,0x000000c5db800000)]
  0x000002b2cb95fa50 JavaThread "SCR Component Actor" daemon [_thread_blocked, id=12564, stack(0x000000c5db600000,0x000000c5db700000)]
  0x000002b2cb510f60 JavaThread "SCR Component Registry" daemon [_thread_blocked, id=6368, stack(0x000000c5db800000,0x000000c5db900000)]
  0x000002b2cb1fa9b0 JavaThread "Worker-JM" [_thread_blocked, id=6868, stack(0x000000c5db900000,0x000000c5dba00000)]
  0x000002b2cb1f9f90 JavaThread "Worker-0: Repository registry initialization" [_thread_blocked, id=5288, stack(0x000000c5dba00000,0x000000c5dbb00000)]
  0x000002b2cb1f8130 JavaThread "Worker-1: Refreshing workspace" [_thread_in_Java, id=2432, stack(0x000000c5dbb00000,0x000000c5dbc00000)]
  0x000002b2cb1f7200 JavaThread "Worker-2: Updating Maven Dependencies" [_thread_in_vm, id=4784, stack(0x000000c5dbc00000,0x000000c5dbd00000)]
  0x000002b2cb1f8b50 JavaThread "Worker-3" [_thread_blocked, id=10812, stack(0x000000c5dbd00000,0x000000c5dbe00000)]
  0x000002b2cb1f7710 JavaThread "Worker-4" [_thread_blocked, id=1880, stack(0x000000c5dbe00000,0x000000c5dbf00000)]

Other Threads:
  0x000002b2c5d2c1e0 VMThread "VM Thread" [stack: 0x000000c5da300000,0x000000c5da400000] [id=10124]
  0x000002b2cb1b4e00 WatcherThread [stack: 0x000000c5daf00000,0x000000c5db000000] [id=4484]
  0x000002b2b1f15060 GCTaskThread "GC Thread#0" [stack: 0x000000c5da200000,0x000000c5da300000] [id=12040]
  0x000002b2cb743870 GCTaskThread "GC Thread#1" [stack: 0x000000c5db000000,0x000000c5db100000] [id=5328]
  0x000002b2cb743b30 GCTaskThread "GC Thread#2" [stack: 0x000000c5db100000,0x000000c5db200000] [id=8348]
  0x000002b2cb728a90 GCTaskThread "GC Thread#3" [stack: 0x000000c5db200000,0x000000c5db300000] [id=11552]

Threads with active compile tasks:
C2 CompilerThread0    13199 3773   !   4       org.eclipse.osgi.internal.loader.classpath.ClasspathManager::findClassImpl (308 bytes)

VM state: synchronizing (normal execution)

VM Mutex/Monitor currently owned by a thread:  ([mutex/lock_event])
[0x000002b2b1efb5d0] Threads_lock - owner thread: 0x000002b2c5d2c1e0
[0x000002b2b1efbf20] Heap_lock - owner thread: 0x000002b2cb1f8130

Heap address: 0x00000000c0000000, size: 1024 MB, Compressed Oops mode: 32-bit

CDS archive(s) not mapped
Compressed class space mapped at: 0x0000000100000000-0x0000000140000000, reserved size: 1073741824
Narrow klass base: 0x0000000000000000, Narrow klass shift: 3, Narrow klass range: 0x140000000

GC Precious Log:
 CPUs: 4 total, 4 available
 Memory: 8074M
 Large Page Support: Disabled
 NUMA Support: Disabled
 Compressed Oops: Enabled (32-bit)
 Alignments: Space 512K, Generation 512K, Heap 2M
 Heap Min Capacity: 100M
 Heap Initial Capacity: 100M
 Heap Max Capacity: 1G
 Pre-touch: Disabled
 Parallel Workers: 4

Heap:
 PSYoungGen      total 27648K, used 27599K [0x00000000eab00000, 0x00000000ecb00000, 0x0000000100000000)
  eden space 23552K, 100% used [0x00000000eab00000,0x00000000ec200000,0x00000000ec200000)
  from space 4096K, 98% used [0x00000000ec400000,0x00000000ec7f3d98,0x00000000ec800000)
  to   space 3072K, 0% used [0x00000000ec800000,0x00000000ec800000,0x00000000ecb00000)
 ParOldGen       total 68608K, used 13385K [0x00000000c0000000, 0x00000000c4300000, 0x00000000eab00000)
  object space 68608K, 19% used [0x00000000c0000000,0x00000000c0d124e0,0x00000000c4300000)
 Metaspace       used 34493K, committed 35264K, reserved 1114112K
  class space    used 3390K, committed 3776K, reserved 1048576K

Card table byte_map: [0x000002b2b18b0000,0x000002b2b1ac0000] _byte_map_base: 0x000002b2b12b0000

Marking Bits: (ParMarkBitMap*) 0x00007ffd8eeed820
 Begin Bits: [0x000002b2c3ba0000, 0x000002b2c4ba0000)
 End Bits:   [0x000002b2c4ba0000, 0x000002b2c5ba0000)

Polling page: 0x000002b2b0080000

Metaspace:

Usage:
  Non-class:     30.37 MB used.
      Class:      3.31 MB used.
       Both:     33.68 MB used.

Virtual space:
  Non-class space:       64.00 MB reserved,      30.75 MB ( 48%) committed,  1 nodes.
      Class space:        1.00 GB reserved,       3.69 MB ( <1%) committed,  1 nodes.
             Both:        1.06 GB reserved,      34.44 MB (  3%) committed. 

Chunk freelists:
   Non-Class:  1.13 MB
       Class:  12.19 MB
        Both:  13.32 MB

MaxMetaspaceSize: unlimited
CompressedClassSpaceSize: 1.00 GB
Initial GC threshold: 21.00 MB
Current GC threshold: 35.00 MB
CDS: off
MetaspaceReclaimPolicy: balanced
 - commit_granule_bytes: 65536.
 - commit_granule_words: 8192.
 - virtual_space_node_default_size: 8388608.
 - enlarge_chunks_in_place: 1.
 - new_chunks_are_fully_committed: 0.
 - uncommit_free_chunks: 1.
 - use_allocation_guard: 0.
 - handle_deallocations: 1.


Internal statistics:

num_allocs_failed_limit: 3.
num_arena_births: 442.
num_arena_deaths: 14.
num_vsnodes_births: 2.
num_vsnodes_deaths: 0.
num_space_committed: 551.
num_space_uncommitted: 0.
num_chunks_returned_to_freelist: 17.
num_chunks_taken_from_freelist: 1524.
num_chunk_merges: 8.
num_chunk_splits: 980.
num_chunks_enlarged: 643.
num_inconsistent_stats: 0.

CodeHeap 'non-profiled nmethods': size=120000Kb used=1630Kb max_used=1630Kb free=118370Kb
 bounds [0x000002b2bc670000, 0x000002b2bc8e0000, 0x000002b2c3ba0000]
CodeHeap 'profiled nmethods': size=120000Kb used=8373Kb max_used=8373Kb free=111626Kb
 bounds [0x000002b2b4ba0000, 0x000002b2b53d0000, 0x000002b2bc0d0000]
CodeHeap 'non-nmethods': size=5760Kb used=1251Kb max_used=1285Kb free=4508Kb
 bounds [0x000002b2bc0d0000, 0x000002b2bc340000, 0x000002b2bc670000]
 total_blobs=4426 nmethods=3852 adapters=487
 compilation: enabled
              stopped_count=0, restarted_count=0
 full_count=0

Compilation events (20 events):
Event: 13.056 Thread 0x000002b2c5d9ea50 3840       3       org.eclipse.core.internal.preferences.EclipsePreferences::firePreferenceEvent (60 bytes)
Event: 13.059 Thread 0x000002b2c5d9ea50 nmethod 3840 0x000002b2b53bd610 code [0x000002b2b53bd900, 0x000002b2b53be998]
Event: 13.059 Thread 0x000002b2c5d9ea50 3839       3       org.eclipse.core.runtime.preferences.IEclipsePreferences$PreferenceChangeEvent::<init> (41 bytes)
Event: 13.059 Thread 0x000002b2c5d9ea50 nmethod 3839 0x000002b2b53bf010 code [0x000002b2b53bf1e0, 0x000002b2b53bf758]
Event: 13.059 Thread 0x000002b2c5d9ea50 3843       3       org.eclipse.core.internal.preferences.DefaultPreferences::isInitializingBundleDefaults (33 bytes)
Event: 13.060 Thread 0x000002b2c5d9ea50 nmethod 3843 0x000002b2b53bf910 code [0x000002b2b53bfae0, 0x000002b2b53bfee8]
Event: 13.060 Thread 0x000002b2c5d9ea50 3841  s    3       org.eclipse.core.internal.preferences.RootPreferences::getChild (60 bytes)
Event: 13.060 Thread 0x000002b2c5d9ea50 nmethod 3841 0x000002b2b53c0010 code [0x000002b2b53c0240, 0x000002b2b53c0b38]
Event: 13.060 Thread 0x000002b2c5d9ea50 3842       3       org.eclipse.core.internal.preferences.PreferencesService::getDefault (20 bytes)
Event: 13.060 Thread 0x000002b2c5d9ea50 nmethod 3842 0x000002b2b53c0d10 code [0x000002b2b53c0ec0, 0x000002b2b53c10c8]
Event: 13.060 Thread 0x000002b2c5d9ea50 3844       3       org.eclipse.core.internal.preferences.DefaultPreferences::getScopeRelativePath (43 bytes)
Event: 13.061 Thread 0x000002b2c5d9ea50 nmethod 3844 0x000002b2b53c1190 code [0x000002b2b53c13c0, 0x000002b2b53c1b48]
Event: 13.061 Thread 0x000002b2c5d9ea50 3845       3       org.eclipse.core.internal.preferences.DefaultPreferences::internalPut (66 bytes)
Event: 13.062 Thread 0x000002b2c5d9ea50 nmethod 3845 0x000002b2b53c1e10 code [0x000002b2b53c2060, 0x000002b2b53c2a58]
Event: 13.062 Thread 0x000002b2c5d9ea50 3846       3       org.eclipse.core.internal.preferences.DefaultPreferences::getLoadLevel (52 bytes)
Event: 13.063 Thread 0x000002b2c5d9ea50 nmethod 3846 0x000002b2b53c2e10 code [0x000002b2b53c3000, 0x000002b2b53c3678]
Event: 13.145 Thread 0x000002b2c5d9ea50 3847       3       org.eclipse.core.internal.resources.Resource::isConflicting (149 bytes)
Event: 13.146 Thread 0x000002b2c5d9ea50 nmethod 3847 0x000002b2b53c3890 code [0x000002b2b53c3b20, 0x000002b2b53c4a48]
Event: 13.146 Thread 0x000002b2c5d9ea50 3848       3       org.eclipse.core.internal.jobs.OrderedLock::isConflicting (9 bytes)
Event: 13.146 Thread 0x000002b2c5d9ea50 nmethod 3848 0x000002b2b53c4e10 code [0x000002b2b53c4fa0, 0x000002b2b53c5118]

GC Heap History (20 events):
Event: 3.157 GC heap before
{Heap before GC invocations=1 (full 0):
 PSYoungGen      total 29696K, used 25600K [0x00000000eab00000, 0x00000000ecc00000, 0x0000000100000000)
  eden space 25600K, 100% used [0x00000000eab00000,0x00000000ec400000,0x00000000ec400000)
  from space 4096K, 0% used [0x00000000ec800000,0x00000000ec800000,0x00000000ecc00000)
  to   space 4096K, 0% used [0x00000000ec400000,0x00000000ec400000,0x00000000ec800000)
 ParOldGen       total 68608K, used 0K [0x00000000c0000000, 0x00000000c4300000, 0x00000000eab00000)
  object space 68608K, 0% used [0x00000000c0000000,0x00000000c0000000,0x00000000c4300000)
 Metaspace       used 11016K, committed 11200K, reserved 1114112K
  class space    used 1098K, committed 1216K, reserved 1048576K
}
Event: 3.197 GC heap after
{Heap after GC invocations=1 (full 0):
 PSYoungGen      total 29696K, used 3156K [0x00000000eab00000, 0x00000000ecc00000, 0x0000000100000000)
  eden space 25600K, 0% used [0x00000000eab00000,0x00000000eab00000,0x00000000ec400000)
  from space 4096K, 77% used [0x00000000ec400000,0x00000000ec715268,0x00000000ec800000)
  to   space 4096K, 0% used [0x00000000ec800000,0x00000000ec800000,0x00000000ecc00000)
 ParOldGen       total 68608K, used 0K [0x00000000c0000000, 0x00000000c4300000, 0x00000000eab00000)
  object space 68608K, 0% used [0x00000000c0000000,0x00000000c0000000,0x00000000c4300000)
 Metaspace       used 11016K, committed 11200K, reserved 1114112K
  class space    used 1098K, committed 1216K, reserved 1048576K
}
Event: 5.964 GC heap before
{Heap before GC invocations=2 (full 0):
 PSYoungGen      total 29696K, used 28756K [0x00000000eab00000, 0x00000000ecc00000, 0x0000000100000000)
  eden space 25600K, 100% used [0x00000000eab00000,0x00000000ec400000,0x00000000ec400000)
  from space 4096K, 77% used [0x00000000ec400000,0x00000000ec715268,0x00000000ec800000)
  to   space 4096K, 0% used [0x00000000ec800000,0x00000000ec800000,0x00000000ecc00000)
 ParOldGen       total 68608K, used 0K [0x00000000c0000000, 0x00000000c4300000, 0x00000000eab00000)
  object space 68608K, 0% used [0x00000000c0000000,0x00000000c0000000,0x00000000c4300000)
 Metaspace       used 14568K, committed 14784K, reserved 1114112K
  class space    used 1456K, committed 1600K, reserved 1048576K
}
Event: 5.970 GC heap after
{Heap after GC invocations=2 (full 0):
 PSYoungGen      total 29696K, used 4078K [0x00000000eab00000, 0x00000000ecc00000, 0x0000000100000000)
  eden space 25600K, 0% used [0x00000000eab00000,0x00000000eab00000,0x00000000ec400000)
  from space 4096K, 99% used [0x00000000ec800000,0x00000000ecbfba60,0x00000000ecc00000)
  to   space 4096K, 0% used [0x00000000ec400000,0x00000000ec400000,0x00000000ec800000)
 ParOldGen       total 68608K, used 1444K [0x00000000c0000000, 0x00000000c4300000, 0x00000000eab00000)
  object space 68608K, 2% used [0x00000000c0000000,0x00000000c0169370,0x00000000c4300000)
 Metaspace       used 14568K, committed 14784K, reserved 1114112K
  class space    used 1456K, committed 1600K, reserved 1048576K
}
Event: 7.805 GC heap before
{Heap before GC invocations=3 (full 0):
 PSYoungGen      total 29696K, used 29678K [0x00000000eab00000, 0x00000000ecc00000, 0x0000000100000000)
  eden space 25600K, 100% used [0x00000000eab00000,0x00000000ec400000,0x00000000ec400000)
  from space 4096K, 99% used [0x00000000ec800000,0x00000000ecbfba60,0x00000000ecc00000)
  to   space 4096K, 0% used [0x00000000ec400000,0x00000000ec400000,0x00000000ec800000)
 ParOldGen       total 68608K, used 1444K [0x00000000c0000000, 0x00000000c4300000, 0x00000000eab00000)
  object space 68608K, 2% used [0x00000000c0000000,0x00000000c0169370,0x00000000c4300000)
 Metaspace       used 16045K, committed 16256K, reserved 1114112K
  class space    used 1597K, committed 1728K, reserved 1048576K
}
Event: 7.812 GC heap after
{Heap after GC invocations=3 (full 0):
 PSYoungGen      total 29696K, used 4093K [0x00000000eab00000, 0x00000000ecc00000, 0x0000000100000000)
  eden space 25600K, 0% used [0x00000000eab00000,0x00000000eab00000,0x00000000ec400000)
  from space 4096K, 99% used [0x00000000ec400000,0x00000000ec7ff598,0x00000000ec800000)
  to   space 4096K, 0% used [0x00000000ec800000,0x00000000ec800000,0x00000000ecc00000)
 ParOldGen       total 68608K, used 5139K [0x00000000c0000000, 0x00000000c4300000, 0x00000000eab00000)
  object space 68608K, 7% used [0x00000000c0000000,0x00000000c0504c70,0x00000000c4300000)
 Metaspace       used 16045K, committed 16256K, reserved 1114112K
  class space    used 1597K, committed 1728K, reserved 1048576K
}
Event: 9.168 GC heap before
{Heap before GC invocations=4 (full 0):
 PSYoungGen      total 29696K, used 29693K [0x00000000eab00000, 0x00000000ecc00000, 0x0000000100000000)
  eden space 25600K, 100% used [0x00000000eab00000,0x00000000ec400000,0x00000000ec400000)
  from space 4096K, 99% used [0x00000000ec400000,0x00000000ec7ff598,0x00000000ec800000)
  to   space 4096K, 0% used [0x00000000ec800000,0x00000000ec800000,0x00000000ecc00000)
 ParOldGen       total 68608K, used 5139K [0x00000000c0000000, 0x00000000c4300000, 0x00000000eab00000)
  object space 68608K, 7% used [0x00000000c0000000,0x00000000c0504c70,0x00000000c4300000)
 Metaspace       used 20560K, committed 20928K, reserved 1114112K
  class space    used 2072K, committed 2240K, reserved 1048576K
}
Event: 9.174 GC heap after
{Heap after GC invocations=4 (full 0):
 PSYoungGen      total 29696K, used 4066K [0x00000000eab00000, 0x00000000ecc00000, 0x0000000100000000)
  eden space 25600K, 0% used [0x00000000eab00000,0x00000000eab00000,0x00000000ec400000)
  from space 4096K, 99% used [0x00000000ec800000,0x00000000ecbf88f8,0x00000000ecc00000)
  to   space 4096K, 0% used [0x00000000ec400000,0x00000000ec400000,0x00000000ec800000)
 ParOldGen       total 68608K, used 6272K [0x00000000c0000000, 0x00000000c4300000, 0x00000000eab00000)
  object space 68608K, 9% used [0x00000000c0000000,0x00000000c0620388,0x00000000c4300000)
 Metaspace       used 20560K, committed 20928K, reserved 1114112K
  class space    used 2072K, committed 2240K, reserved 1048576K
}
Event: 9.352 GC heap before
{Heap before GC invocations=5 (full 0):
 PSYoungGen      total 29696K, used 8098K [0x00000000eab00000, 0x00000000ecc00000, 0x0000000100000000)
  eden space 25600K, 15% used [0x00000000eab00000,0x00000000eaef0020,0x00000000ec400000)
  from space 4096K, 99% used [0x00000000ec800000,0x00000000ecbf88f8,0x00000000ecc00000)
  to   space 4096K, 0% used [0x00000000ec400000,0x00000000ec400000,0x00000000ec800000)
 ParOldGen       total 68608K, used 6272K [0x00000000c0000000, 0x00000000c4300000, 0x00000000eab00000)
  object space 68608K, 9% used [0x00000000c0000000,0x00000000c0620388,0x00000000c4300000)
 Metaspace       used 21029K, committed 21504K, reserved 1114112K
  class space    used 2123K, committed 2368K, reserved 1048576K
}
Event: 9.357 GC heap after
{Heap after GC invocations=5 (full 0):
 PSYoungGen      total 29696K, used 4083K [0x00000000eab00000, 0x00000000ece00000, 0x0000000100000000)
  eden space 25600K, 0% used [0x00000000eab00000,0x00000000eab00000,0x00000000ec400000)
  from space 4096K, 99% used [0x00000000ec400000,0x00000000ec7fcfb8,0x00000000ec800000)
  to   space 5120K, 0% used [0x00000000ec900000,0x00000000ec900000,0x00000000ece00000)
 ParOldGen       total 68608K, used 6652K [0x00000000c0000000, 0x00000000c4300000, 0x00000000eab00000)
  object space 68608K, 9% used [0x00000000c0000000,0x00000000c067f058,0x00000000c4300000)
 Metaspace       used 21029K, committed 21504K, reserved 1114112K
  class space    used 2123K, committed 2368K, reserved 1048576K
}
Event: 9.357 GC heap before
{Heap before GC invocations=6 (full 1):
 PSYoungGen      total 29696K, used 4083K [0x00000000eab00000, 0x00000000ece00000, 0x0000000100000000)
  eden space 25600K, 0% used [0x00000000eab00000,0x00000000eab00000,0x00000000ec400000)
  from space 4096K, 99% used [0x00000000ec400000,0x00000000ec7fcfb8,0x00000000ec800000)
  to   space 5120K, 0% used [0x00000000ec900000,0x00000000ec900000,0x00000000ece00000)
 ParOldGen       total 68608K, used 6652K [0x00000000c0000000, 0x00000000c4300000, 0x00000000eab00000)
  object space 68608K, 9% used [0x00000000c0000000,0x00000000c067f058,0x00000000c4300000)
 Metaspace       used 21029K, committed 21504K, reserved 1114112K
  class space    used 2123K, committed 2368K, reserved 1048576K
}
Event: 9.398 GC heap after
{Heap after GC invocations=6 (full 1):
 PSYoungGen      total 29696K, used 0K [0x00000000eab00000, 0x00000000ece00000, 0x0000000100000000)
  eden space 25600K, 0% used [0x00000000eab00000,0x00000000eab00000,0x00000000ec400000)
  from space 4096K, 0% used [0x00000000ec400000,0x00000000ec400000,0x00000000ec800000)
  to   space 5120K, 0% used [0x00000000ec900000,0x00000000ec900000,0x00000000ece00000)
 ParOldGen       total 68608K, used 10476K [0x00000000c0000000, 0x00000000c4300000, 0x00000000eab00000)
  object space 68608K, 15% used [0x00000000c0000000,0x00000000c0a3b000,0x00000000c4300000)
 Metaspace       used 21016K, committed 21504K, reserved 1114112K
  class space    used 2120K, committed 2368K, reserved 1048576K
}
Event: 10.626 GC heap before
{Heap before GC invocations=7 (full 1):
 PSYoungGen      total 29696K, used 25600K [0x00000000eab00000, 0x00000000ece00000, 0x0000000100000000)
  eden space 25600K, 100% used [0x00000000eab00000,0x00000000ec400000,0x00000000ec400000)
  from space 4096K, 0% used [0x00000000ec400000,0x00000000ec400000,0x00000000ec800000)
  to   space 5120K, 0% used [0x00000000ec900000,0x00000000ec900000,0x00000000ece00000)
 ParOldGen       total 68608K, used 10476K [0x00000000c0000000, 0x00000000c4300000, 0x00000000eab00000)
  object space 68608K, 15% used [0x00000000c0000000,0x00000000c0a3b000,0x00000000c4300000)
 Metaspace       used 24207K, committed 24768K, reserved 1114112K
  class space    used 2438K, committed 2624K, reserved 1048576K
}
Event: 10.628 GC heap after
{Heap after GC invocations=7 (full 1):
 PSYoungGen      total 27648K, used 2230K [0x00000000eab00000, 0x00000000ecb80000, 0x0000000100000000)
  eden space 25088K, 0% used [0x00000000eab00000,0x00000000eab00000,0x00000000ec380000)
  from space 2560K, 87% used [0x00000000ec900000,0x00000000ecb2d920,0x00000000ecb80000)
  to   space 3584K, 0% used [0x00000000ec480000,0x00000000ec480000,0x00000000ec800000)
 ParOldGen       total 68608K, used 10484K [0x00000000c0000000, 0x00000000c4300000, 0x00000000eab00000)
  object space 68608K, 15% used [0x00000000c0000000,0x00000000c0a3d000,0x00000000c4300000)
 Metaspace       used 24207K, committed 24768K, reserved 1114112K
  class space    used 2438K, committed 2624K, reserved 1048576K
}
Event: 11.043 GC heap before
{Heap before GC invocations=8 (full 1):
 PSYoungGen      total 27648K, used 27318K [0x00000000eab00000, 0x00000000ecb80000, 0x0000000100000000)
  eden space 25088K, 100% used [0x00000000eab00000,0x00000000ec380000,0x00000000ec380000)
  from space 2560K, 87% used [0x00000000ec900000,0x00000000ecb2d920,0x00000000ecb80000)
  to   space 3584K, 0% used [0x00000000ec480000,0x00000000ec480000,0x00000000ec800000)
 ParOldGen       total 68608K, used 10484K [0x00000000c0000000, 0x00000000c4300000, 0x00000000eab00000)
  object space 68608K, 15% used [0x00000000c0000000,0x00000000c0a3d000,0x00000000c4300000)
 Metaspace       used 27026K, committed 27648K, reserved 1114112K
  class space    used 2746K, committed 3008K, reserved 1048576K
}
Event: 11.047 GC heap after
{Heap after GC invocations=8 (full 1):
 PSYoungGen      total 28160K, used 3579K [0x00000000eab00000, 0x00000000ecd00000, 0x0000000100000000)
  eden space 24576K, 0% used [0x00000000eab00000,0x00000000eab00000,0x00000000ec300000)
  from space 3584K, 99% used [0x00000000ec480000,0x00000000ec7fed18,0x00000000ec800000)
  to   space 5120K, 0% used [0x00000000ec800000,0x00000000ec800000,0x00000000ecd00000)
 ParOldGen       total 68608K, used 11559K [0x00000000c0000000, 0x00000000c4300000, 0x00000000eab00000)
  object space 68608K, 16% used [0x00000000c0000000,0x00000000c0b49f38,0x00000000c4300000)
 Metaspace       used 27026K, committed 27648K, reserved 1114112K
  class space    used 2746K, committed 3008K, reserved 1048576K
}
Event: 11.843 GC heap before
{Heap before GC invocations=9 (full 1):
 PSYoungGen      total 28160K, used 28155K [0x00000000eab00000, 0x00000000ecd00000, 0x0000000100000000)
  eden space 24576K, 100% used [0x00000000eab00000,0x00000000ec300000,0x00000000ec300000)
  from space 3584K, 99% used [0x00000000ec480000,0x00000000ec7fed18,0x00000000ec800000)
  to   space 5120K, 0% used [0x00000000ec800000,0x00000000ec800000,0x00000000ecd00000)
 ParOldGen       total 68608K, used 11559K [0x00000000c0000000, 0x00000000c4300000, 0x00000000eab00000)
  object space 68608K, 16% used [0x00000000c0000000,0x00000000c0b49f38,0x00000000c4300000)
 Metaspace       used 29301K, committed 29952K, reserved 1114112K
  class space    used 2889K, committed 3136K, reserved 1048576K
}
Event: 11.846 GC heap after
{Heap after GC invocations=9 (full 1):
 PSYoungGen      total 28160K, used 3718K [0x00000000eab00000, 0x00000000ecc00000, 0x0000000100000000)
  eden space 24064K, 0% used [0x00000000eab00000,0x00000000eab00000,0x00000000ec280000)
  from space 4096K, 90% used [0x00000000ec800000,0x00000000ecba1948,0x00000000ecc00000)
  to   space 4096K, 0% used [0x00000000ec400000,0x00000000ec400000,0x00000000ec800000)
 ParOldGen       total 68608K, used 11567K [0x00000000c0000000, 0x00000000c4300000, 0x00000000eab00000)
  object space 68608K, 16% used [0x00000000c0000000,0x00000000c0b4bf38,0x00000000c4300000)
 Metaspace       used 29301K, committed 29952K, reserved 1114112K
  class space    used 2889K, committed 3136K, reserved 1048576K
}
Event: 12.700 GC heap before
{Heap before GC invocations=10 (full 1):
 PSYoungGen      total 28160K, used 27782K [0x00000000eab00000, 0x00000000ecc00000, 0x0000000100000000)
  eden space 24064K, 100% used [0x00000000eab00000,0x00000000ec280000,0x00000000ec280000)
  from space 4096K, 90% used [0x00000000ec800000,0x00000000ecba1948,0x00000000ecc00000)
  to   space 4096K, 0% used [0x00000000ec400000,0x00000000ec400000,0x00000000ec800000)
 ParOldGen       total 68608K, used 11567K [0x00000000c0000000, 0x00000000c4300000, 0x00000000eab00000)
  object space 68608K, 16% used [0x00000000c0000000,0x00000000c0b4bf38,0x00000000c4300000)
 Metaspace       used 32301K, committed 33024K, reserved 1114112K
  class space    used 3206K, committed 3520K, reserved 1048576K
}
Event: 12.704 GC heap after
{Heap after GC invocations=10 (full 1):
 PSYoungGen      total 27648K, used 4047K [0x00000000eab00000, 0x00000000ecb00000, 0x0000000100000000)
  eden space 23552K, 0% used [0x00000000eab00000,0x00000000eab00000,0x00000000ec200000)
  from space 4096K, 98% used [0x00000000ec400000,0x00000000ec7f3d98,0x00000000ec800000)
  to   space 3072K, 0% used [0x00000000ec800000,0x00000000ec800000,0x00000000ecb00000)
 ParOldGen       total 68608K, used 13385K [0x00000000c0000000, 0x00000000c4300000, 0x00000000eab00000)
  object space 68608K, 19% used [0x00000000c0000000,0x00000000c0d124e0,0x00000000c4300000)
 Metaspace       used 32301K, committed 33024K, reserved 1114112K
  class space    used 3206K, committed 3520K, reserved 1048576K
}

Dll operation events (9 events):
Event: 0.012 Loaded shared library c:\Users\akhlaq\.vscode\extensions\redhat.java-1.31.0-win32-x64\jre\17.0.11-win32-x86_64\bin\java.dll
Event: 0.647 Loaded shared library c:\Users\akhlaq\.vscode\extensions\redhat.java-1.31.0-win32-x64\jre\17.0.11-win32-x86_64\bin\zip.dll
Event: 0.694 Loaded shared library C:\Users\akhlaq\.vscode\extensions\redhat.java-1.31.0-win32-x64\jre\17.0.11-win32-x86_64\bin\instrument.dll
Event: 0.713 Loaded shared library C:\Users\akhlaq\.vscode\extensions\redhat.java-1.31.0-win32-x64\jre\17.0.11-win32-x86_64\bin\net.dll
Event: 0.715 Loaded shared library C:\Users\akhlaq\.vscode\extensions\redhat.java-1.31.0-win32-x64\jre\17.0.11-win32-x86_64\bin\nio.dll
Event: 0.727 Loaded shared library C:\Users\akhlaq\.vscode\extensions\redhat.java-1.31.0-win32-x64\jre\17.0.11-win32-x86_64\bin\zip.dll
Event: 0.758 Loaded shared library C:\Users\akhlaq\.vscode\extensions\redhat.java-1.31.0-win32-x64\jre\17.0.11-win32-x86_64\bin\jimage.dll
Event: 0.970 Loaded shared library c:\Users\akhlaq\.vscode\extensions\redhat.java-1.31.0-win32-x64\jre\17.0.11-win32-x86_64\bin\verify.dll
Event: 5.704 Loaded shared library C:\Users\akhlaq\AppData\Roaming\Code\User\globalStorage\redhat.java\1.31.0\config_win\org.eclipse.equinox.launcher\org.eclipse.equinox.launcher.win32.win32.x86_64_1.2.1000.v20240507-1834\eclipse_11902.dll

Deoptimization events (20 events):
Event: 12.215 Thread 0x000002b2cb1f7200 DEOPT PACKING pc=0x000002b2bc7e4050 sp=0x000000c5dbcfe450
Event: 12.215 Thread 0x000002b2cb1f7200 DEOPT UNPACKING pc=0x000002b2bc1266a3 sp=0x000000c5dbcfe3d8 mode 2
Event: 12.215 Thread 0x000002b2cb1f7200 Uncommon trap: trap_request=0xffffffde fr.pc=0x000002b2bc7e4050 relative=0x00000000000000b0
Event: 12.215 Thread 0x000002b2cb1f7200 Uncommon trap: reason=class_check action=maybe_recompile pc=0x000002b2bc7e4050 method=java.lang.Character.codePointAt(Ljava/lang/CharSequence;I)I @ 2 c2
Event: 12.215 Thread 0x000002b2cb1f7200 DEOPT PACKING pc=0x000002b2bc7e4050 sp=0x000000c5dbcfe450
Event: 12.215 Thread 0x000002b2cb1f7200 DEOPT UNPACKING pc=0x000002b2bc1266a3 sp=0x000000c5dbcfe3d8 mode 2
Event: 12.233 Thread 0x000002b2cb1f7200 Uncommon trap: trap_request=0xffffffde fr.pc=0x000002b2bc796598 relative=0x00000000000001d8
Event: 12.233 Thread 0x000002b2cb1f7200 Uncommon trap: reason=class_check action=maybe_recompile pc=0x000002b2bc796598 method=java.io.BufferedInputStream.read1([BII)I @ 39 c2
Event: 12.233 Thread 0x000002b2cb1f7200 DEOPT PACKING pc=0x000002b2bc796598 sp=0x000000c5dbcfe1a0
Event: 12.233 Thread 0x000002b2cb1f7200 DEOPT UNPACKING pc=0x000002b2bc1266a3 sp=0x000000c5dbcfe148 mode 2
Event: 12.563 Thread 0x000002b2cb821990 Uncommon trap: trap_request=0xffffff45 fr.pc=0x000002b2bc7e67c8 relative=0x0000000000000328
Event: 12.563 Thread 0x000002b2cb821990 Uncommon trap: reason=unstable_if action=reinterpret pc=0x000002b2bc7e67c8 method=org.lombokweb.asm.Label.resolve([BLorg/lombokweb/asm/ByteVector;I)Z @ 81 c2
Event: 12.563 Thread 0x000002b2cb821990 DEOPT PACKING pc=0x000002b2bc7e67c8 sp=0x000000c5db5ef100
Event: 12.563 Thread 0x000002b2cb821990 DEOPT UNPACKING pc=0x000002b2bc1266a3 sp=0x000000c5db5ef008 mode 2
Event: 12.564 Thread 0x000002b2cb821990 Uncommon trap: trap_request=0xffffff45 fr.pc=0x000002b2bc7e6f2c relative=0x000000000000020c
Event: 12.564 Thread 0x000002b2cb821990 Uncommon trap: reason=unstable_if action=reinterpret pc=0x000002b2bc7e6f2c method=org.lombokweb.asm.Label.resolve([BLorg/lombokweb/asm/ByteVector;I)Z @ 81 c2
Event: 12.564 Thread 0x000002b2cb821990 DEOPT PACKING pc=0x000002b2bc7e6f2c sp=0x000000c5db5ef060
Event: 12.564 Thread 0x000002b2cb821990 DEOPT UNPACKING pc=0x000002b2bc1266a3 sp=0x000000c5db5eeff0 mode 2
Event: 12.853 Thread 0x000002b2cb821990 DEOPT PACKING pc=0x000002b2b4f7deec sp=0x000000c5db5f9d30
Event: 12.853 Thread 0x000002b2cb821990 DEOPT UNPACKING pc=0x000002b2bc126e43 sp=0x000000c5db5f9298 mode 0

Classes unloaded (7 events):
Event: 9.363 Thread 0x000002b2c5d2c1e0 Unloading class 0x0000000100248400 'java/lang/invoke/LambdaForm$MH+0x0000000100248400'
Event: 9.363 Thread 0x000002b2c5d2c1e0 Unloading class 0x0000000100248000 'java/lang/invoke/LambdaForm$MH+0x0000000100248000'
Event: 9.363 Thread 0x000002b2c5d2c1e0 Unloading class 0x0000000100247c00 'java/lang/invoke/LambdaForm$MH+0x0000000100247c00'
Event: 9.363 Thread 0x000002b2c5d2c1e0 Unloading class 0x0000000100247800 'java/lang/invoke/LambdaForm$MH+0x0000000100247800'
Event: 9.363 Thread 0x000002b2c5d2c1e0 Unloading class 0x0000000100247400 'java/lang/invoke/LambdaForm$BMH+0x0000000100247400'
Event: 9.363 Thread 0x000002b2c5d2c1e0 Unloading class 0x0000000100247000 'java/lang/invoke/LambdaForm$DMH+0x0000000100247000'
Event: 9.363 Thread 0x000002b2c5d2c1e0 Unloading class 0x0000000100244400 'java/lang/invoke/LambdaForm$DMH+0x0000000100244400'

Classes redefined (0 events):
No events

Internal exceptions (20 events):
Event: 10.811 Thread 0x000002b2cb821990 Exception <a 'java/lang/NoSuchMethodError'{0x00000000eb470808}: 'java.lang.Object java.lang.invoke.DirectMethodHandle$Holder.newInvokeSpecial(java.lang.Object, int, java.lang.Object, java.lang.Object)'> (0x00000000eb470808) 
thrown [s\src\hotspot\share\interpreter\linkResolver.cpp, line 759]
Event: 10.911 Thread 0x000002b2cb821990 Exception <a 'java/lang/NoSuchMethodError'{0x00000000ebb85c50}: 'void java.lang.invoke.DirectMethodHandle$Holder.invokeSpecial(java.lang.Object, java.lang.Object, java.lang.Object, int)'> (0x00000000ebb85c50) 
thrown [s\src\hotspot\share\interpreter\linkResolver.cpp, line 759]
Event: 10.991 Thread 0x000002b2cb1f8130 Exception <a 'java/lang/NoSuchMethodError'{0x00000000ebf6adf8}: 'int java.lang.invoke.DirectMethodHandle$Holder.invokeVirtual(java.lang.Object, java.lang.Object)'> (0x00000000ebf6adf8) 
thrown [s\src\hotspot\share\interpreter\linkResolver.cpp, line 759]
Event: 12.068 Thread 0x000002b2cb1f7200 Exception <a 'java/lang/NoSuchMethodError'{0x00000000eafe9d80}: 'void java.lang.invoke.DirectMethodHandle$Holder.invokeStatic(java.lang.Object, java.lang.Object, java.lang.Object, java.lang.Object)'> (0x00000000eafe9d80) 
thrown [s\src\hotspot\share\interpreter\linkResolver.cpp, line 759]
Event: 12.079 Thread 0x000002b2cb1f7200 Exception <a 'java/lang/NoSuchMethodError'{0x00000000eb0ef8d0}: 'java.lang.Object java.lang.invoke.DirectMethodHandle$Holder.newInvokeSpecial(java.lang.Object, java.lang.Object, java.lang.Object, java.lang.Object, java.lang.Object)'> (0x00000000eb0ef8d0) 
thrown [s\src\hotspot\share\interpreter\linkResolver.cpp, line 759]
Event: 12.091 Thread 0x000002b2cb1f7200 Exception <a 'java/lang/NoSuchMethodError'{0x00000000eb155580}: 'java.lang.Object java.lang.invoke.DirectMethodHandle$Holder.invokeStaticInit(java.lang.Object, java.lang.Object, java.lang.Object, java.lang.Object, java.lang.Object, java.lang.Object, java.lang.Object)'> (0x00000000eb155580) 
thrown [s\src\hotspot\share\interpreter\linkResolver.cpp, line 759]
Event: 12.092 Thread 0x000002b2cb1f7200 Exception <a 'java/lang/NoSuchMethodError'{0x00000000eb15e260}: 'java.lang.Object java.lang.invoke.DirectMethodHandle$Holder.invokeSpecial(java.lang.Object, java.lang.Object, java.lang.Object, java.lang.Object, java.lang.Object, java.lang.Object, java.lang.Object, java.lang.Object, java.lang.Object)'> (0x00000000eb15e260) 
thrown [s\src\hotspot\share\interpreter\linkResolver.cpp, line 759]
Event: 12.092 Thread 0x000002b2cb1f7200 Exception <a 'java/lang/NoSuchMethodError'{0x00000000eb163228}: 'java.lang.Object java.lang.invoke.Invokers$Holder.invoke_MT(java.lang.Object, java.lang.Object, java.lang.Object, java.lang.Object, java.lang.Object, java.lang.Object, java.lang.Object, java.lang.Object, java.lang.Object)'> (0x00000000eb163228) 
thrown [s\src\hotspot\share\interpreter\linkResolver.cpp, line 759]
Event: 12.101 Thread 0x000002b2cb1f9f90 Exception <a 'java/lang/NoSuchMethodError'{0x00000000eb1be748}: 'int java.lang.invoke.DirectMethodHandle$Holder.invokeVirtual(java.lang.Object, java.lang.Object, java.lang.Object)'> (0x00000000eb1be748) 
thrown [s\src\hotspot\share\interpreter\linkResolver.cpp, line 759]
Event: 12.102 Thread 0x000002b2cb1f9f90 Exception <a 'java/lang/NoSuchMethodError'{0x00000000eb1c2c80}: 'int java.lang.invoke.DirectMethodHandle$Holder.invokeStaticInit(java.lang.Object, int, int)'> (0x00000000eb1c2c80) 
thrown [s\src\hotspot\share\interpreter\linkResolver.cpp, line 759]
Event: 12.103 Thread 0x000002b2cb1f9f90 Exception <a 'java/lang/NoSuchMethodError'{0x00000000eb1d4cb0}: 'int java.lang.invoke.DirectMethodHandle$Holder.invokeStaticInit(java.lang.Object, long, long)'> (0x00000000eb1d4cb0) 
thrown [s\src\hotspot\share\interpreter\linkResolver.cpp, line 759]
Event: 12.103 Thread 0x000002b2cb1f9f90 Exception <a 'java/lang/NoSuchMethodError'{0x00000000eb1dbb00}: 'int java.lang.invoke.DirectMethodHandle$Holder.invokeStaticInit(java.lang.Object, float, float)'> (0x00000000eb1dbb00) 
thrown [s\src\hotspot\share\interpreter\linkResolver.cpp, line 759]
Event: 12.106 Thread 0x000002b2cb1f9f90 Exception <a 'java/lang/NoSuchMethodError'{0x00000000eb1ed128}: 'int java.lang.invoke.DirectMethodHandle$Holder.invokeStaticInit(java.lang.Object, double, double)'> (0x00000000eb1ed128) 
thrown [s\src\hotspot\share\interpreter\linkResolver.cpp, line 759]
Event: 12.106 Thread 0x000002b2cb1f9f90 Exception <a 'java/lang/NoSuchMethodError'{0x00000000eb1f1998}: 'int java.lang.invoke.DirectMethodHandle$Holder.invokeStatic(java.lang.Object, long)'> (0x00000000eb1f1998) 
thrown [s\src\hotspot\share\interpreter\linkResolver.cpp, line 759]
Event: 12.134 Thread 0x000002b2cb1f7200 Exception <a 'java/lang/NoSuchMethodError'{0x00000000eb2664d8}: 'int java.lang.invoke.Invokers$Holder.linkToTargetMethod(java.lang.Object, java.lang.Object)'> (0x00000000eb2664d8) 
thrown [s\src\hotspot\share\interpreter\linkResolver.cpp, line 759]
Event: 12.141 Thread 0x000002b2cb1f9f90 Exception <a 'java/lang/NoSuchMethodError'{0x00000000eb218540}: 'int java.lang.invoke.DirectMethodHandle$Holder.invokeSpecial(java.lang.Object, java.lang.Object, java.lang.Object, java.lang.Object)'> (0x00000000eb218540) 
thrown [s\src\hotspot\share\interpreter\linkResolver.cpp, line 759]
Event: 12.192 Thread 0x000002b2cb1f9f90 Exception <a 'java/lang/NoSuchMethodError'{0x00000000eb29db18}: 'java.lang.Object java.lang.invoke.DirectMethodHandle$Holder.invokeStatic(java.lang.Object, int, java.lang.Object, java.lang.Object)'> (0x00000000eb29db18) 
thrown [s\src\hotspot\share\interpreter\linkResolver.cpp, line 759]
Event: 12.193 Thread 0x000002b2cb1f9f90 Exception <a 'java/lang/NoSuchMethodError'{0x00000000eb2b5918}: 'java.lang.Object java.lang.invoke.DelegatingMethodHandle$Holder.delegate(java.lang.Object, int, java.lang.Object, java.lang.Object)'> (0x00000000eb2b5918) 
thrown [s\src\hotspot\share\interpreter\linkResolver.cpp, line 759]
Event: 12.197 Thread 0x000002b2cb1f9f90 Exception <a 'java/lang/NoSuchMethodError'{0x00000000eb2d7620}: 'int java.lang.invoke.Invokers$Holder.linkToTargetMethod(java.lang.Object, java.lang.Object, java.lang.Object)'> (0x00000000eb2d7620) 
thrown [s\src\hotspot\share\interpreter\linkResolver.cpp, line 759]
Event: 12.241 Thread 0x000002b2cb1f7200 Exception <a 'java/lang/NoSuchMethodError'{0x00000000eb662fa8}: 'java.lang.Object java.lang.invoke.DirectMethodHandle$Holder.invokeSpecialIFC(java.lang.Object, java.lang.Object, java.lang.Object, java.lang.Object)'> (0x00000000eb662fa8) 
thrown [s\src\hotspot\share\interpreter\linkResolver.cpp, line 759]

VM Operations (20 events):
Event: 10.626 Executing VM operation: ParallelGCFailedAllocation
Event: 10.629 Executing VM operation: ParallelGCFailedAllocation done
Event: 10.845 Executing VM operation: HandshakeAllThreads
Event: 10.845 Executing VM operation: HandshakeAllThreads done
Event: 11.043 Executing VM operation: ParallelGCFailedAllocation
Event: 11.048 Executing VM operation: ParallelGCFailedAllocation done
Event: 11.229 Executing VM operation: HandshakeAllThreads
Event: 11.230 Executing VM operation: HandshakeAllThreads done
Event: 11.839 Executing VM operation: ParallelGCFailedAllocation
Event: 11.846 Executing VM operation: ParallelGCFailedAllocation done
Event: 11.985 Executing VM operation: HandshakeAllThreads
Event: 11.985 Executing VM operation: HandshakeAllThreads done
Event: 12.145 Executing VM operation: HandshakeAllThreads
Event: 12.191 Executing VM operation: HandshakeAllThreads done
Event: 12.201 Executing VM operation: HandshakeAllThreads
Event: 12.201 Executing VM operation: HandshakeAllThreads done
Event: 12.680 Executing VM operation: HandshakeAllThreads
Event: 12.688 Executing VM operation: HandshakeAllThreads done
Event: 12.700 Executing VM operation: ParallelGCFailedAllocation
Event: 12.706 Executing VM operation: ParallelGCFailedAllocation done

Events (20 events):
Event: 12.143 loading class java/util/AbstractList$SubList
Event: 12.143 loading class java/util/AbstractList$SubList done
Event: 12.143 loading class java/util/AbstractList$RandomAccessSubList done
Event: 12.144 loading class java/util/AbstractList$ListItr
Event: 12.144 loading class java/util/AbstractList$ListItr done
Event: 12.191 loading class java/util/AbstractList$SubList$1
Event: 12.192 loading class java/util/AbstractList$SubList$1 done
Event: 12.195 loading class java/lang/invoke/MethodHandleImpl$CountingWrapper
Event: 12.195 loading class java/lang/invoke/MethodHandleImpl$CountingWrapper done
Event: 12.533 loading class java/util/concurrent/atomic/AtomicReferenceFieldUpdater
Event: 12.534 loading class java/util/concurrent/atomic/AtomicReferenceFieldUpdater done
Event: 12.534 loading class java/util/concurrent/atomic/AtomicReferenceFieldUpdater$AtomicReferenceFieldUpdaterImpl
Event: 12.534 loading class java/util/concurrent/atomic/AtomicReferenceFieldUpdater$AtomicReferenceFieldUpdaterImpl done
Event: 12.534 loading class java/util/concurrent/atomic/AtomicReferenceFieldUpdater$AtomicReferenceFieldUpdaterImpl$1
Event: 12.534 loading class java/util/concurrent/atomic/AtomicReferenceFieldUpdater$AtomicReferenceFieldUpdaterImpl$1 done
Event: 12.604 Thread 0x000002b2cb1f7710 Thread added: 0x000002b2cb1f7710
Event: 12.694 loading class java/io/FilterReader
Event: 12.694 loading class java/io/FilterReader done
Event: 13.080 loading class org/w3c/dom/DOMException
Event: 13.080 loading class org/w3c/dom/DOMException done


Dynamic libraries:
0x00007ff6134b0000 - 0x00007ff6134be000 	c:\Users\akhlaq\.vscode\extensions\redhat.java-1.31.0-win32-x64\jre\17.0.11-win32-x86_64\bin\java.exe
0x00007ffdd3990000 - 0x00007ffdd3b88000 	C:\WINDOWS\SYSTEM32\ntdll.dll
0x00007ffdd2490000 - 0x00007ffdd254d000 	C:\WINDOWS\System32\KERNEL32.DLL
0x00007ffdd11a0000 - 0x00007ffdd1496000 	C:\WINDOWS\System32\KERNELBASE.dll
0x00007ffdd14a0000 - 0x00007ffdd15a0000 	C:\WINDOWS\System32\ucrtbase.dll
0x00007ffdca430000 - 0x00007ffdca447000 	c:\Users\akhlaq\.vscode\extensions\redhat.java-1.31.0-win32-x64\jre\17.0.11-win32-x86_64\bin\jli.dll
0x00007ffdd1b40000 - 0x00007ffdd1cdf000 	C:\WINDOWS\System32\USER32.dll
0x00007ffdd19a0000 - 0x00007ffdd19c2000 	C:\WINDOWS\System32\win32u.dll
0x00007ffdd2050000 - 0x00007ffdd207b000 	C:\WINDOWS\System32\GDI32.dll
0x00007ffdd1050000 - 0x00007ffdd1167000 	C:\WINDOWS\System32\gdi32full.dll
0x00007ffdd16e0000 - 0x00007ffdd177d000 	C:\WINDOWS\System32\msvcp_win.dll
0x00007ffdc4950000 - 0x00007ffdc496b000 	c:\Users\akhlaq\.vscode\extensions\redhat.java-1.31.0-win32-x64\jre\17.0.11-win32-x86_64\bin\VCRUNTIME140.dll
0x00007ffdbd1f0000 - 0x00007ffdbd48a000 	C:\WINDOWS\WinSxS\amd64_microsoft.windows.common-controls_6595b64144ccf1df_6.0.19041.4355_none_60b8b9eb71f62e16\COMCTL32.dll
0x00007ffdd3340000 - 0x00007ffdd33de000 	C:\WINDOWS\System32\msvcrt.dll
0x00007ffdd3920000 - 0x00007ffdd394f000 	C:\WINDOWS\System32\IMM32.DLL
0x00007ffdca830000 - 0x00007ffdca83c000 	c:\Users\akhlaq\.vscode\extensions\redhat.java-1.31.0-win32-x64\jre\17.0.11-win32-x86_64\bin\vcruntime140_1.dll
0x00007ffdb7830000 - 0x00007ffdb78bd000 	c:\Users\akhlaq\.vscode\extensions\redhat.java-1.31.0-win32-x64\jre\17.0.11-win32-x86_64\bin\msvcp140.dll
0x00007ffd8e350000 - 0x00007ffd8efb2000 	c:\Users\akhlaq\.vscode\extensions\redhat.java-1.31.0-win32-x64\jre\17.0.11-win32-x86_64\bin\server\jvm.dll
0x00007ffdd3290000 - 0x00007ffdd3340000 	C:\WINDOWS\System32\ADVAPI32.dll
0x00007ffdd23f0000 - 0x00007ffdd2490000 	C:\WINDOWS\System32\sechost.dll
0x00007ffdd33e0000 - 0x00007ffdd3503000 	C:\WINDOWS\System32\RPCRT4.dll
0x00007ffdd1170000 - 0x00007ffdd1197000 	C:\WINDOWS\System32\bcrypt.dll
0x00007ffdd0ea0000 - 0x00007ffdd0eeb000 	C:\WINDOWS\SYSTEM32\POWRPROF.dll
0x00007ffdb4bb0000 - 0x00007ffdb4bb9000 	C:\WINDOWS\SYSTEM32\WSOCK32.dll
0x00007ffdd2630000 - 0x00007ffdd269b000 	C:\WINDOWS\System32\WS2_32.dll
0x00007ffdbc070000 - 0x00007ffdbc097000 	C:\WINDOWS\SYSTEM32\WINMM.dll
0x00007ffdc0920000 - 0x00007ffdc092a000 	C:\WINDOWS\SYSTEM32\VERSION.dll
0x00007ffdd0e80000 - 0x00007ffdd0e92000 	C:\WINDOWS\SYSTEM32\UMPDC.dll
0x00007ffdcf860000 - 0x00007ffdcf872000 	C:\WINDOWS\SYSTEM32\kernel.appcore.dll
0x00007ffdc01b0000 - 0x00007ffdc01ba000 	c:\Users\akhlaq\.vscode\extensions\redhat.java-1.31.0-win32-x64\jre\17.0.11-win32-x86_64\bin\jimage.dll
0x00007ffdcf530000 - 0x00007ffdcf714000 	C:\WINDOWS\SYSTEM32\DBGHELP.DLL
0x00007ffdb9400000 - 0x00007ffdb9434000 	C:\WINDOWS\SYSTEM32\dbgcore.DLL
0x00007ffdd15a0000 - 0x00007ffdd1622000 	C:\WINDOWS\System32\bcryptPrimitives.dll
0x00007ffdbfaa0000 - 0x00007ffdbfaae000 	c:\Users\akhlaq\.vscode\extensions\redhat.java-1.31.0-win32-x64\jre\17.0.11-win32-x86_64\bin\instrument.dll
0x00007ffdbe580000 - 0x00007ffdbe5a5000 	c:\Users\akhlaq\.vscode\extensions\redhat.java-1.31.0-win32-x64\jre\17.0.11-win32-x86_64\bin\java.dll
0x00007ffdbe160000 - 0x00007ffdbe178000 	c:\Users\akhlaq\.vscode\extensions\redhat.java-1.31.0-win32-x64\jre\17.0.11-win32-x86_64\bin\zip.dll
0x00007ffdd2b20000 - 0x00007ffdd328c000 	C:\WINDOWS\System32\SHELL32.dll
0x00007ffdcecc0000 - 0x00007ffdcf45d000 	C:\WINDOWS\SYSTEM32\windows.storage.dll
0x00007ffdd1ce0000 - 0x00007ffdd2033000 	C:\WINDOWS\System32\combase.dll
0x00007ffdd09a0000 - 0x00007ffdd09ce000 	C:\WINDOWS\SYSTEM32\Wldp.dll
0x00007ffdd22c0000 - 0x00007ffdd238d000 	C:\WINDOWS\System32\OLEAUT32.dll
0x00007ffdd2130000 - 0x00007ffdd21dd000 	C:\WINDOWS\System32\SHCORE.dll
0x00007ffdd2390000 - 0x00007ffdd23e5000 	C:\WINDOWS\System32\shlwapi.dll
0x00007ffdd0f80000 - 0x00007ffdd0fa4000 	C:\WINDOWS\SYSTEM32\profapi.dll
0x00007ffdbe140000 - 0x00007ffdbe159000 	C:\Users\akhlaq\.vscode\extensions\redhat.java-1.31.0-win32-x64\jre\17.0.11-win32-x86_64\bin\net.dll
0x00007ffdc7220000 - 0x00007ffdc732a000 	C:\WINDOWS\SYSTEM32\WINHTTP.dll
0x00007ffdd0700000 - 0x00007ffdd076a000 	C:\WINDOWS\system32\mswsock.dll
0x00007ffdca620000 - 0x00007ffdca636000 	C:\Users\akhlaq\.vscode\extensions\redhat.java-1.31.0-win32-x64\jre\17.0.11-win32-x86_64\bin\nio.dll
0x00007ffdc7210000 - 0x00007ffdc7220000 	c:\Users\akhlaq\.vscode\extensions\redhat.java-1.31.0-win32-x64\jre\17.0.11-win32-x86_64\bin\verify.dll
0x00007ffdc0160000 - 0x00007ffdc01a4000 	C:\Users\akhlaq\AppData\Roaming\Code\User\globalStorage\redhat.java\1.31.0\config_win\org.eclipse.equinox.launcher\org.eclipse.equinox.launcher.win32.win32.x86_64_1.2.1000.v20240507-1834\eclipse_11902.dll
0x00007ffdd3520000 - 0x00007ffdd364b000 	C:\WINDOWS\System32\ole32.dll

dbghelp: loaded successfully - version: 4.0.5 - missing functions: none
symbol engine: initialized successfully - sym options: 0x614 - pdb path: .;c:\Users\akhlaq\.vscode\extensions\redhat.java-1.31.0-win32-x64\jre\17.0.11-win32-x86_64\bin;C:\WINDOWS\SYSTEM32;C:\WINDOWS\WinSxS\amd64_microsoft.windows.common-controls_6595b64144ccf1df_6.0.19041.4355_none_60b8b9eb71f62e16;c:\Users\akhlaq\.vscode\extensions\redhat.java-1.31.0-win32-x64\jre\17.0.11-win32-x86_64\bin\server;C:\Users\akhlaq\AppData\Roaming\Code\User\globalStorage\redhat.java\1.31.0\config_win\org.eclipse.equinox.launcher\org.eclipse.equinox.launcher.win32.win32.x86_64_1.2.1000.v20240507-1834

VM Arguments:
jvm_args: --add-modules=ALL-SYSTEM --add-opens=java.base/java.util=ALL-UNNAMED --add-opens=java.base/java.lang=ALL-UNNAMED --add-opens=java.base/sun.nio.fs=ALL-UNNAMED -Declipse.application=org.eclipse.jdt.ls.core.id1 -Dosgi.bundles.defaultStartLevel=4 -Declipse.product=org.eclipse.jdt.ls.core.product -Djava.import.generatesMetadataFilesAtProjectRoot=false -DDetectVMInstallationsJob.disabled=true -Dfile.encoding=utf8 -XX:+UseParallelGC -XX:GCTimeRatio=4 -XX:AdaptiveSizePolicyWeight=90 -Dsun.zip.disableMemoryMapping=true -Xmx1G -Xms100m -Xlog:disable -javaagent:c:\Users\akhlaq\.vscode\extensions\redhat.java-1.31.0-win32-x64\lombok\lombok-1.18.32.jar -XX:+HeapDumpOnOutOfMemoryError -XX:HeapDumpPath=c:\Users\akhlaq\AppData\Roaming\Code\User\workspaceStorage\8127860e22b2e2496d06834ca5b4fdb7\redhat.java -Daether.dependencyCollector.impl=bf 
java_command: c:\Users\akhlaq\.vscode\extensions\redhat.java-1.31.0-win32-x64\server\plugins\org.eclipse.equinox.launcher_1.6.800.v20240513-1750.jar -configuration c:\Users\akhlaq\AppData\Roaming\Code\User\globalStorage\redhat.java\1.31.0\config_win -data c:\Users\akhlaq\AppData\Roaming\Code\User\workspaceStorage\8127860e22b2e2496d06834ca5b4fdb7\redhat.java\jdt_ws --pipe=\\.\pipe\lsp-45b627851560e7eb26d08586d9266905-sock
java_class_path (initial): c:\Users\akhlaq\.vscode\extensions\redhat.java-1.31.0-win32-x64\server\plugins\org.eclipse.equinox.launcher_1.6.800.v20240513-1750.jar
Launcher Type: SUN_STANDARD

[Global flags]
    uintx AdaptiveSizePolicyWeight                 = 90                                        {product} {command line}
     intx CICompilerCount                          = 3                                         {product} {ergonomic}
    uintx GCTimeRatio                              = 4                                         {product} {command line}
     bool HeapDumpOnOutOfMemoryError               = true                                   {manageable} {command line}
    ccstr HeapDumpPath                             = c:\Users\akhlaq\AppData\Roaming\Code\User\workspaceStorage\8127860e22b2e2496d06834ca5b4fdb7\redhat.java         {manageable} {command line}
   size_t InitialHeapSize                          = 104857600                                 {product} {command line}
   size_t MaxHeapSize                              = 1073741824                                {product} {command line}
   size_t MaxNewSize                               = 357564416                                 {product} {ergonomic}
   size_t MinHeapDeltaBytes                        = 524288                                    {product} {ergonomic}
   size_t MinHeapSize                              = 104857600                                 {product} {command line}
   size_t NewSize                                  = 34603008                                  {product} {ergonomic}
    uintx NonNMethodCodeHeapSize                   = 5832780                                {pd product} {ergonomic}
    uintx NonProfiledCodeHeapSize                  = 122912730                              {pd product} {ergonomic}
   size_t OldSize                                  = 70254592                                  {product} {ergonomic}
    uintx ProfiledCodeHeapSize                     = 122912730                              {pd product} {ergonomic}
    uintx ReservedCodeCacheSize                    = 251658240                              {pd product} {ergonomic}
     bool SegmentedCodeCache                       = true                                      {product} {ergonomic}
   size_t SoftMaxHeapSize                          = 1073741824                             {manageable} {ergonomic}
     bool UseCompressedClassPointers               = true                           {product lp64_product} {ergonomic}
     bool UseCompressedOops                        = true                           {product lp64_product} {ergonomic}
     bool UseLargePagesIndividualAllocation        = false                                  {pd product} {ergonomic}
     bool UseParallelGC                            = true                                      {product} {command line}

Logging:
Log output configuration:
 #0: stdout all=off uptime,level,tags
 #1: stderr all=off uptime,level,tags

Environment Variables:
JAVA_HOME=C:\Program Files\Java\jdk-19
PATH=C:\Program Files\Common Files\Oracle\Java\javapath;C:\WINDOWS\system32;C:\WINDOWS;C:\WINDOWS\System32\Wbem;C:\WINDOWS\System32\WindowsPowerShell\v1.0\;C:\WINDOWS\System32\OpenSSH\;C:\Program Files\Git\cmd;C:\ProgramData\chocolatey\bin;C:\Users\akhlaq\AppData\Local\Pub\Cache\bin;D:\C++\bin;D:\C++\mingw32\bin;C:\Program Files\GTK3-Runtime Win64\bin;C:\Program Files\nodejs\;C:\Program Files\Java\jdk-19\bin;C:\Users\akhlaq\AppData\Local\Android\Sdk\platform-tools;C:\Users\akhlaq\AppData\Local\Android\Sdk\tools;C:\Users\akhlaq\AppData\Roaming\npm;C:\Python312\Scripts\;C:\Python312\;C:\Users\akhlaq\AppData\Local\Programs\Python\Python312\Scripts\;C:\Users\akhlaq\AppData\Local\Programs\Python\Python312\;C:\Users\akhlaq\AppData\Local\Programs\Python\Launcher\;C:\Users\akhlaq\AppData\Local\Microsoft\WindowsApps;C:\Users\akhlaq\AppData\Local\Programs\Microsoft VS Code\bin;C:\flutter_setup\flutter\bin;C:\Program Files\JetBrains\PyCharm 2023.3.4\bin;;C:\Program Files\wkhtmltopdf\bin;D:\C++\lib;;D:\PycharmC\PyCharm Community Edition 2024.1.1\bin;;C:\Users\akhlaq\AppData\Roaming\npm
USERNAME=akhlaq
OS=Windows_NT
PROCESSOR_IDENTIFIER=Intel64 Family 6 Model 78 Stepping 3, GenuineIntel
TMP=C:\Users\akhlaq\AppData\Local\Temp
TEMP=C:\Users\akhlaq\AppData\Local\Temp



Periodic native trim disabled


---------------  S Y S T E M  ---------------

OS:
 Windows 10 , 64 bit Build 19041 (10.0.19041.3636)
OS uptime: 0 days 12:06 hours

CPU: total 4 (initial active 4) (2 cores per cpu, 2 threads per core) family 6 model 78 stepping 3 microcode 0xcc, cx8, cmov, fxsr, ht, mmx, 3dnowpref, sse, sse2, sse3, ssse3, sse4.1, sse4.2, popcnt, lzcnt, tsc, tscinvbit, avx, avx2, aes, erms, clmul, bmi1, bmi2, rtm, adx, fma, vzeroupper, clflush, clflushopt
Processor Information for all 4 processors :
  Max Mhz: 2501, Current Mhz: 2501, Mhz Limit: 2501

Memory: 4k page, system-wide physical 8074M (308M free)
TotalPageFile size 13557M (AvailPageFile size 2M)
current process WorkingSet (physical memory assigned to process): 153M, peak: 154M
current process commit charge ("private bytes"): 243M, peak: 244M

vm_info: OpenJDK 64-Bit Server VM (17.0.11+9) for windows-amd64 JRE (17.0.11+9), built on Apr 17 2024 06:07:48 by "admin" with MS VC++ 16.10 / 16.11 (VS2019)

END.
