#
# A fatal error has been detected by the Java Runtime Environment:
#
#  EXCEPTION_ACCESS_VIOLATION (0xc0000005) at pc=0x00007ffd8e6da0e3, pid=2520, tid=9404
#
# JRE version: OpenJDK Runtime Environment Temurin-17.0.11+9 (17.0.11+9) (build 17.0.11+9)
# Java VM: OpenJDK 64-Bit Server VM Temurin-17.0.11+9 (17.0.11+9, mixed mode, tiered, compressed oops, compressed class ptrs, parallel gc, windows-amd64)
# Problematic frame:
# V  [jvm.dll+0x38a0e3]
#
# No core dump will be written. Minidumps are not enabled by default on client versions of Windows
#
# If you would like to submit a bug report, please visit:
#   https://github.com/adoptium/adoptium-support/issues
#

---------------  S U M M A R Y ------------

Command Line: --add-modules=ALL-SYSTEM --add-opens=java.base/java.util=ALL-UNNAMED --add-opens=java.base/java.lang=ALL-UNNAMED --add-opens=java.base/sun.nio.fs=ALL-UNNAMED -Declipse.application=org.eclipse.jdt.ls.core.id1 -Dosgi.bundles.defaultStartLevel=4 -Declipse.product=org.eclipse.jdt.ls.core.product -Djava.import.generatesMetadataFilesAtProjectRoot=false -DDetectVMInstallationsJob.disabled=true -Dfile.encoding=utf8 -XX:+UseParallelGC -XX:GCTimeRatio=4 -XX:AdaptiveSizePolicyWeight=90 -Dsun.zip.disableMemoryMapping=true -Xmx1G -Xms100m -Xlog:disable -javaagent:c:\Users\akhlaq\.vscode\extensions\redhat.java-1.31.0-win32-x64\lombok\lombok-1.18.32.jar -XX:+HeapDumpOnOutOfMemoryError -XX:HeapDumpPath=c:\Users\akhlaq\AppData\Roaming\Code\User\workspaceStorage\8127860e22b2e2496d06834ca5b4fdb7\redhat.java -Daether.dependencyCollector.impl=bf c:\Users\akhlaq\.vscode\extensions\redhat.java-1.31.0-win32-x64\server\plugins\org.eclipse.equinox.launcher_1.6.800.v20240513-1750.jar -configuration c:\Users\akhlaq\AppData\Roaming\Code\User\globalStorage\redhat.java\1.31.0\config_win -data c:\Users\akhlaq\AppData\Roaming\Code\User\workspaceStorage\8127860e22b2e2496d06834ca5b4fdb7\redhat.java\jdt_ws --pipe=\\.\pipe\lsp-4ac6c37feedaaa787aecf4063b2cf0a4-sock

Host: Intel(R) Core(TM) i5-6300U CPU @ 2.40GHz, 4 cores, 7G,  Windows 10 , 64 bit Build 19041 (10.0.19041.3636)
Time: Fri Jun 21 10:54:52 2024 Pakistan Standard Time elapsed time: 9.142930 seconds (0d 0h 0m 9s)

---------------  T H R E A D  ---------------

Current thread (0x000001d4cb2fd560):  JavaThread "Start Level: Equinox Container: 7f850ffe-9f06-4b9a-862a-c1578905a5aa" daemon [_thread_in_vm, id=9404, stack(0x000000a268200000,0x000000a268300000)]

Stack: [0x000000a268200000,0x000000a268300000],  sp=0x000000a2682e9470,  free space=933k
Native frames: (J=compiled Java code, j=interpreted, Vv=VM code, C=native code)
V  [jvm.dll+0x38a0e3]
V  [jvm.dll+0x67d342]
V  [jvm.dll+0x389dae]
V  [jvm.dll+0x3f104a]
