#
# There is insufficient memory for the Java Runtime Environment to continue.
# Native memory allocation (malloc) failed to allocate 292656 bytes for Chunk::new
# Possible reasons:
#   The system is out of physical RAM or swap space
#   The process is running with CompressedOops enabled, and the Java Heap may be blocking the growth of the native heap
# Possible solutions:
#   Reduce memory load on the system
#   Increase physical memory or swap space
#   Check if swap backing store is full
#   Decrease Java heap size (-Xmx/-Xms)
#   Decrease number of Java threads
#   Decrease Java thread stack sizes (-Xss)
#   Set larger code cache with -XX:ReservedCodeCacheSize=
#   JVM is running with Unscaled Compressed Oops mode in which the Java heap is
#     placed in the first 4GB address space. The Java Heap base address is the
#     maximum limit for the native heap growth. Please use -XX:HeapBaseMinAddress
#     to set the Java Heap base and to place the Java Heap above 4GB virtual address.
# This output file may be truncated or incomplete.
#
#  Out of Memory Error (arena.cpp:197), pid=1468, tid=10896
#
# JRE version: OpenJDK Runtime Environment Microsoft-8035250 (11.0.20+8) (build 11.0.20+8-LTS)
# Java VM: OpenJDK 64-Bit Server VM Microsoft-8035250 (11.0.20+8-LTS, mixed mode, tiered, compressed oops, g1 gc, windows-amd64)
# No core dump will be written. Minidumps are not enabled by default on client versions of Windows
#

---------------  S U M M A R Y ------------

Command Line: -Xmx64m -Xms64m -Dorg.gradle.appname=gradlew org.gradle.wrapper.GradleWrapperMain app:installDebug -PreactNativeDevServerPort=8081

Host: Intel(R) Core(TM) i7-10610U CPU @ 1.80GHz, 8 cores, 15G,  Windows 11 , 64 bit Build 22621 (10.0.22621.3672)
Time: Wed Jul  3 18:28:18 2024 Pakistan Standard Time elapsed time: 38.897436 seconds (0d 0h 0m 38s)

---------------  T H R E A D  ---------------

Current thread (0x00000211c123a800):  JavaThread "C2 CompilerThread0" daemon [_thread_in_native, id=10896, stack(0x00000094abe00000,0x00000094abf00000)]


Current CompileTask:
C2:  38897 1337       4       jdk.internal.org.objectweb.asm.Item::set (219 bytes)

Stack: [0x00000094abe00000,0x00000094abf00000]
Native frames: (J=compiled Java code, j=interpreted, Vv=VM code, C=native code)
V  [jvm.dll+0x62e9da]
V  [jvm.dll+0x7bc4e9]
V  [jvm.dll+0x7bdbd8]
V  [jvm.dll+0x7be2b3]
V  [jvm.dll+0x2505a8]
V  [jvm.dll+0xc263c]
V  [jvm.dll+0xc2bfc]
V  [jvm.dll+0x2c56a4]
V  [jvm.dll+0x536a1c]
V  [jvm.dll+0x209056]
V  [jvm.dll+0x20b223]
V  [jvm.dll+0x20881b]
V  [jvm.dll+0x18a7de]
V  [jvm.dll+0x2181ec]
V  [jvm.dll+0x21642b]
V  [jvm.dll+0x77efc0]
V  [jvm.dll+0x777db4]
V  [jvm.dll+0x62d845]
C  [ucrtbase.dll+0x29333]
C  [KERNEL32.DLL+0x1257d]
C  [ntdll.dll+0x5af28]


---------------  P R O C E S S  ---------------

Threads class SMR info:
_java_thread_list=0x00000211c2e1ba70, length=11, elements={
0x00000211a6b73000, 0x00000211c11f2800, 0x00000211c1225800, 0x00000211c1234000,
0x00000211c1236000, 0x00000211c1237000, 0x00000211c123a800, 0x00000211c1bef000,
0x00000211c1bf4800, 0x00000211c1cfb800, 0x00000211c2678800
}

Java Threads: ( => current thread )
  0x00000211a6b73000 JavaThread "main" [_thread_in_vm, id=8484, stack(0x00000094ab200000,0x00000094ab300000)]
  0x00000211c11f2800 JavaThread "Reference Handler" daemon [_thread_blocked, id=7628, stack(0x00000094ab900000,0x00000094aba00000)]
  0x00000211c1225800 JavaThread "Finalizer" daemon [_thread_blocked, id=3448, stack(0x00000094aba00000,0x00000094abb00000)]
  0x00000211c1234000 JavaThread "Signal Dispatcher" daemon [_thread_blocked, id=17772, stack(0x00000094abb00000,0x00000094abc00000)]
  0x00000211c1236000 JavaThread "Attach Listener" daemon [_thread_blocked, id=7764, stack(0x00000094abc00000,0x00000094abd00000)]
  0x00000211c1237000 JavaThread "Service Thread" daemon [_thread_blocked, id=18008, stack(0x00000094abd00000,0x00000094abe00000)]
=>0x00000211c123a800 JavaThread "C2 CompilerThread0" daemon [_thread_in_native, id=10896, stack(0x00000094abe00000,0x00000094abf00000)]
  0x00000211c1bef000 JavaThread "C1 CompilerThread0" daemon [_thread_blocked, id=19580, stack(0x00000094abf00000,0x00000094ac000000)]
  0x00000211c1bf4800 JavaThread "Sweeper thread" daemon [_thread_blocked, id=6148, stack(0x00000094ac000000,0x00000094ac100000)]
  0x00000211c1cfb800 JavaThread "Common-Cleaner" daemon [_thread_blocked, id=16604, stack(0x00000094ac200000,0x00000094ac300000)]
  0x00000211c2678800 JavaThread "pool-1-thread-1" [_thread_blocked, id=25668, stack(0x00000094ac400000,0x00000094ac500000)]

Other Threads:
  0x00000211c11f0800 VMThread "VM Thread" [stack: 0x00000094ab800000,0x00000094ab900000] [id=13452]
  0x00000211c1cf3000 WatcherThread [stack: 0x00000094ac100000,0x00000094ac200000] [id=22512]
  0x00000211a6b8c800 GCTaskThread "GC Thread#0" [stack: 0x00000094ab300000,0x00000094ab400000] [id=3584]
  0x00000211c24cf000 GCTaskThread "GC Thread#1" [stack: 0x00000094ac300000,0x00000094ac400000] [id=25616]
  0x00000211a6b93800 ConcurrentGCThread "G1 Main Marker" [stack: 0x00000094ab400000,0x00000094ab500000] [id=16780]
  0x00000211a6b95000 ConcurrentGCThread "G1 Conc#0" [stack: 0x00000094ab500000,0x00000094ab600000] [id=18028]
  0x00000211a6bfc800 ConcurrentGCThread "G1 Refine#0" [stack: 0x00000094ab600000,0x00000094ab700000] [id=9536]
  0x00000211a6bfd800 ConcurrentGCThread "G1 Young RemSet Sampling" [stack: 0x00000094ab700000,0x00000094ab800000] [id=19112]

Threads with active compile tasks:
C2 CompilerThread0    38932 1337       4       jdk.internal.org.objectweb.asm.Item::set (219 bytes)

VM state:not at safepoint (normal execution)

VM Mutex/Monitor currently owned by a thread: None

Heap address: 0x00000000fc000000, size: 64 MB, Compressed Oops mode: 32-bit
Narrow klass base: 0x0000000000000000, Narrow klass shift: 3
Compressed class space size: 1073741824 Address: 0x0000000100000000

Heap:
 garbage-first heap   total 65536K, used 31629K [0x00000000fc000000, 0x0000000100000000)
  region size 1024K, 26 young (26624K), 3 survivors (3072K)
 Metaspace       used 15630K, capacity 15939K, committed 16256K, reserved 1067008K
  class space    used 1754K, capacity 1855K, committed 1920K, reserved 1048576K
Heap Regions: E=young(eden), S=young(survivor), O=old, HS=humongous(starts), HC=humongous(continues), CS=collection set, F=free, A=archive, TAMS=top-at-mark-start (previous, next)
|   0|0x00000000fc000000, 0x00000000fc100000, 0x00000000fc100000|100%|HS|  |TAMS 0x00000000fc000000, 0x00000000fc000000| Complete 
|   1|0x00000000fc100000, 0x00000000fc200000, 0x00000000fc200000|100%|HC|  |TAMS 0x00000000fc100000, 0x00000000fc100000| Complete 
|   2|0x00000000fc200000, 0x00000000fc300000, 0x00000000fc300000|100%|HC|  |TAMS 0x00000000fc200000, 0x00000000fc200000| Complete 
|   3|0x00000000fc300000, 0x00000000fc400000, 0x00000000fc400000|100%| O|  |TAMS 0x00000000fc300000, 0x00000000fc300000| Untracked 
|   4|0x00000000fc400000, 0x00000000fc500000, 0x00000000fc500000|100%| O|  |TAMS 0x00000000fc400000, 0x00000000fc400000| Untracked 
|   5|0x00000000fc500000, 0x00000000fc5e3400, 0x00000000fc600000| 88%| O|  |TAMS 0x00000000fc500000, 0x00000000fc500000| Untracked 
|   6|0x00000000fc600000, 0x00000000fc600000, 0x00000000fc700000|  0%| F|  |TAMS 0x00000000fc600000, 0x00000000fc600000| Untracked 
|   7|0x00000000fc700000, 0x00000000fc700000, 0x00000000fc800000|  0%| F|  |TAMS 0x00000000fc700000, 0x00000000fc700000| Untracked 
|   8|0x00000000fc800000, 0x00000000fc800000, 0x00000000fc900000|  0%| F|  |TAMS 0x00000000fc800000, 0x00000000fc800000| Untracked 
|   9|0x00000000fc900000, 0x00000000fc900000, 0x00000000fca00000|  0%| F|  |TAMS 0x00000000fc900000, 0x00000000fc900000| Untracked 
|  10|0x00000000fca00000, 0x00000000fca00000, 0x00000000fcb00000|  0%| F|  |TAMS 0x00000000fca00000, 0x00000000fca00000| Untracked 
|  11|0x00000000fcb00000, 0x00000000fcb00000, 0x00000000fcc00000|  0%| F|  |TAMS 0x00000000fcb00000, 0x00000000fcb00000| Untracked 
|  12|0x00000000fcc00000, 0x00000000fcc00000, 0x00000000fcd00000|  0%| F|  |TAMS 0x00000000fcc00000, 0x00000000fcc00000| Untracked 
|  13|0x00000000fcd00000, 0x00000000fcd00000, 0x00000000fce00000|  0%| F|  |TAMS 0x00000000fcd00000, 0x00000000fcd00000| Untracked 
|  14|0x00000000fce00000, 0x00000000fce00000, 0x00000000fcf00000|  0%| F|  |TAMS 0x00000000fce00000, 0x00000000fce00000| Untracked 
|  15|0x00000000fcf00000, 0x00000000fcf00000, 0x00000000fd000000|  0%| F|  |TAMS 0x00000000fcf00000, 0x00000000fcf00000| Untracked 
|  16|0x00000000fd000000, 0x00000000fd000000, 0x00000000fd100000|  0%| F|  |TAMS 0x00000000fd000000, 0x00000000fd000000| Untracked 
|  17|0x00000000fd100000, 0x00000000fd100000, 0x00000000fd200000|  0%| F|  |TAMS 0x00000000fd100000, 0x00000000fd100000| Untracked 
|  18|0x00000000fd200000, 0x00000000fd200000, 0x00000000fd300000|  0%| F|  |TAMS 0x00000000fd200000, 0x00000000fd200000| Untracked 
|  19|0x00000000fd300000, 0x00000000fd300000, 0x00000000fd400000|  0%| F|  |TAMS 0x00000000fd300000, 0x00000000fd300000| Untracked 
|  20|0x00000000fd400000, 0x00000000fd400000, 0x00000000fd500000|  0%| F|  |TAMS 0x00000000fd400000, 0x00000000fd400000| Untracked 
|  21|0x00000000fd500000, 0x00000000fd500000, 0x00000000fd600000|  0%| F|  |TAMS 0x00000000fd500000, 0x00000000fd500000| Untracked 
|  22|0x00000000fd600000, 0x00000000fd600000, 0x00000000fd700000|  0%| F|  |TAMS 0x00000000fd600000, 0x00000000fd600000| Untracked 
|  23|0x00000000fd700000, 0x00000000fd700000, 0x00000000fd800000|  0%| F|  |TAMS 0x00000000fd700000, 0x00000000fd700000| Untracked 
|  24|0x00000000fd800000, 0x00000000fd800000, 0x00000000fd900000|  0%| F|  |TAMS 0x00000000fd800000, 0x00000000fd800000| Untracked 
|  25|0x00000000fd900000, 0x00000000fd900000, 0x00000000fda00000|  0%| F|  |TAMS 0x00000000fd900000, 0x00000000fd900000| Untracked 
|  26|0x00000000fda00000, 0x00000000fda00000, 0x00000000fdb00000|  0%| F|  |TAMS 0x00000000fda00000, 0x00000000fda00000| Untracked 
|  27|0x00000000fdb00000, 0x00000000fdb00000, 0x00000000fdc00000|  0%| F|  |TAMS 0x00000000fdb00000, 0x00000000fdb00000| Untracked 
|  28|0x00000000fdc00000, 0x00000000fdc00000, 0x00000000fdd00000|  0%| F|  |TAMS 0x00000000fdc00000, 0x00000000fdc00000| Untracked 
|  29|0x00000000fdd00000, 0x00000000fdd00000, 0x00000000fde00000|  0%| F|  |TAMS 0x00000000fdd00000, 0x00000000fdd00000| Untracked 
|  30|0x00000000fde00000, 0x00000000fde00000, 0x00000000fdf00000|  0%| F|  |TAMS 0x00000000fde00000, 0x00000000fde00000| Untracked 
|  31|0x00000000fdf00000, 0x00000000fdf00000, 0x00000000fe000000|  0%| F|  |TAMS 0x00000000fdf00000, 0x00000000fdf00000| Untracked 
|  32|0x00000000fe000000, 0x00000000fe000000, 0x00000000fe100000|  0%| F|  |TAMS 0x00000000fe000000, 0x00000000fe000000| Untracked 
|  33|0x00000000fe100000, 0x00000000fe100000, 0x00000000fe200000|  0%| F|  |TAMS 0x00000000fe100000, 0x00000000fe100000| Untracked 
|  34|0x00000000fe200000, 0x00000000fe200000, 0x00000000fe300000|  0%| F|  |TAMS 0x00000000fe200000, 0x00000000fe200000| Untracked 
|  35|0x00000000fe300000, 0x00000000fe300000, 0x00000000fe400000|  0%| F|  |TAMS 0x00000000fe300000, 0x00000000fe300000| Untracked 
|  36|0x00000000fe400000, 0x00000000fe400000, 0x00000000fe500000|  0%| F|  |TAMS 0x00000000fe400000, 0x00000000fe400000| Untracked 
|  37|0x00000000fe500000, 0x00000000fe600000, 0x00000000fe600000|100%| S|CS|TAMS 0x00000000fe500000, 0x00000000fe500000| Complete 
|  38|0x00000000fe600000, 0x00000000fe700000, 0x00000000fe700000|100%| S|CS|TAMS 0x00000000fe600000, 0x00000000fe600000| Complete 
|  39|0x00000000fe700000, 0x00000000fe800000, 0x00000000fe800000|100%| S|CS|TAMS 0x00000000fe700000, 0x00000000fe700000| Complete 
|  40|0x00000000fe800000, 0x00000000fe800000, 0x00000000fe900000|  0%| F|  |TAMS 0x00000000fe800000, 0x00000000fe800000| Untracked 
|  41|0x00000000fe900000, 0x00000000fe980800, 0x00000000fea00000| 50%| E|  |TAMS 0x00000000fe900000, 0x00000000fe900000| Complete 
|  42|0x00000000fea00000, 0x00000000feb00000, 0x00000000feb00000|100%| E|CS|TAMS 0x00000000fea00000, 0x00000000fea00000| Complete 
|  43|0x00000000feb00000, 0x00000000fec00000, 0x00000000fec00000|100%| E|CS|TAMS 0x00000000feb00000, 0x00000000feb00000| Complete 
|  44|0x00000000fec00000, 0x00000000fed00000, 0x00000000fed00000|100%| E|CS|TAMS 0x00000000fec00000, 0x00000000fec00000| Complete 
|  45|0x00000000fed00000, 0x00000000fee00000, 0x00000000fee00000|100%| E|CS|TAMS 0x00000000fed00000, 0x00000000fed00000| Complete 
|  46|0x00000000fee00000, 0x00000000fef00000, 0x00000000fef00000|100%| E|CS|TAMS 0x00000000fee00000, 0x00000000fee00000| Complete 
|  47|0x00000000fef00000, 0x00000000ff000000, 0x00000000ff000000|100%| E|CS|TAMS 0x00000000fef00000, 0x00000000fef00000| Complete 
|  48|0x00000000ff000000, 0x00000000ff100000, 0x00000000ff100000|100%| E|CS|TAMS 0x00000000ff000000, 0x00000000ff000000| Complete 
|  49|0x00000000ff100000, 0x00000000ff200000, 0x00000000ff200000|100%| E|CS|TAMS 0x00000000ff100000, 0x00000000ff100000| Complete 
|  50|0x00000000ff200000, 0x00000000ff300000, 0x00000000ff300000|100%| E|CS|TAMS 0x00000000ff200000, 0x00000000ff200000| Complete 
|  51|0x00000000ff300000, 0x00000000ff400000, 0x00000000ff400000|100%| E|CS|TAMS 0x00000000ff300000, 0x00000000ff300000| Complete 
|  52|0x00000000ff400000, 0x00000000ff500000, 0x00000000ff500000|100%| E|CS|TAMS 0x00000000ff400000, 0x00000000ff400000| Complete 
|  53|0x00000000ff500000, 0x00000000ff600000, 0x00000000ff600000|100%| E|CS|TAMS 0x00000000ff500000, 0x00000000ff500000| Complete 
|  54|0x00000000ff600000, 0x00000000ff700000, 0x00000000ff700000|100%| E|CS|TAMS 0x00000000ff600000, 0x00000000ff600000| Complete 
|  55|0x00000000ff700000, 0x00000000ff800000, 0x00000000ff800000|100%| E|CS|TAMS 0x00000000ff700000, 0x00000000ff700000| Complete 
|  56|0x00000000ff800000, 0x00000000ff900000, 0x00000000ff900000|100%| E|CS|TAMS 0x00000000ff800000, 0x00000000ff800000| Complete 
|  57|0x00000000ff900000, 0x00000000ffa00000, 0x00000000ffa00000|100%| E|CS|TAMS 0x00000000ff900000, 0x00000000ff900000| Complete 
|  58|0x00000000ffa00000, 0x00000000ffb00000, 0x00000000ffb00000|100%| E|CS|TAMS 0x00000000ffa00000, 0x00000000ffa00000| Complete 
|  59|0x00000000ffb00000, 0x00000000ffc00000, 0x00000000ffc00000|100%| E|CS|TAMS 0x00000000ffb00000, 0x00000000ffb00000| Complete 
|  60|0x00000000ffc00000, 0x00000000ffd00000, 0x00000000ffd00000|100%| E|CS|TAMS 0x00000000ffc00000, 0x00000000ffc00000| Complete 
|  61|0x00000000ffd00000, 0x00000000ffe00000, 0x00000000ffe00000|100%| E|CS|TAMS 0x00000000ffd00000, 0x00000000ffd00000| Complete 
|  62|0x00000000ffe00000, 0x00000000fff00000, 0x00000000fff00000|100%| E|CS|TAMS 0x00000000ffe00000, 0x00000000ffe00000| Complete 
|  63|0x00000000fff00000, 0x0000000100000000, 0x0000000100000000|100%| E|CS|TAMS 0x00000000fff00000, 0x00000000fff00000| Complete 

Card table byte_map: [0x00000211a6ac0000,0x00000211a6ae0000] _byte_map_base: 0x00000211a62e0000

Marking Bits (Prev, Next): (CMBitMap*) 0x00000211a6b92808, (CMBitMap*) 0x00000211a6b92840
 Prev Bits: [0x00000211be620000, 0x00000211be720000)
 Next Bits: [0x00000211be720000, 0x00000211be820000)

Polling page: 0x00000211a4d10000

Metaspace:

Usage:
  Non-class:     13.75 MB capacity,    13.55 MB ( 99%) used,   185.14 KB (  1%) free+waste,    23.19 KB ( <1%) overhead. 
      Class:      1.81 MB capacity,     1.71 MB ( 95%) used,    88.78 KB (  5%) free+waste,    11.50 KB ( <1%) overhead. 
       Both:     15.57 MB capacity,    15.26 MB ( 98%) used,   273.92 KB (  2%) free+waste,    34.69 KB ( <1%) overhead. 

Virtual space:
  Non-class space:       18.00 MB reserved,      14.00 MB ( 78%) committed 
      Class space:        1.00 GB reserved,       1.88 MB ( <1%) committed 
             Both:        1.02 GB reserved,      15.88 MB (  2%) committed 

Chunk freelists:
   Non-Class:  60.00 KB
       Class:  1.00 KB
        Both:  61.00 KB

MaxMetaspaceSize: 17179869184.00 GB
CompressedClassSpaceSize: 1.00 GB
Initial GC threshold: 20.80 MB
Current GC threshold: 20.80 MB
CDS: off

CodeHeap 'non-profiled nmethods': size=120000Kb used=524Kb max_used=524Kb free=119475Kb
 bounds [0x00000211b6db0000, 0x00000211b7020000, 0x00000211be2e0000]
CodeHeap 'profiled nmethods': size=120000Kb used=2604Kb max_used=2604Kb free=117395Kb
 bounds [0x00000211af880000, 0x00000211afb10000, 0x00000211b6db0000]
CodeHeap 'non-nmethods': size=5760Kb used=1159Kb max_used=1169Kb free=4600Kb
 bounds [0x00000211af2e0000, 0x00000211af550000, 0x00000211af880000]
 total_blobs=1773 nmethods=1350 adapters=336
 compilation: enabled
              stopped_count=0, restarted_count=0
 full_count=0

Compilation events (20 events):
Event: 38.848 Thread 0x00000211c1bef000 nmethod 1327 0x00000211afaffd90 code [0x00000211afafff80, 0x00000211afb00418]
Event: 38.848 Thread 0x00000211c1bef000 1330       3       java.lang.StringBuilder::append (8 bytes)
Event: 38.848 Thread 0x00000211c1bef000 nmethod 1330 0x00000211afb00590 code [0x00000211afb00740, 0x00000211afb00888]
Event: 38.848 Thread 0x00000211c1bef000 1328       3       java.util.regex.Pattern$$Lambda$1/0x0000000100066040::is (9 bytes)
Event: 38.848 Thread 0x00000211c123a800 1331       4       java.lang.String::getBytes (44 bytes)
Event: 38.849 Thread 0x00000211c1bef000 nmethod 1328 0x00000211afb00910 code [0x00000211afb00ac0, 0x00000211afb00c78]
Event: 38.849 Thread 0x00000211c1bef000 1329       3       java.util.regex.Pattern::lambda$Single$8 (11 bytes)
Event: 38.849 Thread 0x00000211c1bef000 nmethod 1329 0x00000211afb00d10 code [0x00000211afb00ec0, 0x00000211afb00ff8]
Event: 38.851 Thread 0x00000211c123a800 nmethod 1331 0x00000211b6e32810 code [0x00000211b6e329a0, 0x00000211b6e32b98]
Event: 38.853 Thread 0x00000211c1bef000 1332       3       jdk.internal.math.FDBigInteger::mult (64 bytes)
Event: 38.853 Thread 0x00000211c1bef000 nmethod 1332 0x00000211afb01090 code [0x00000211afb01260, 0x00000211afb01498]
Event: 38.854 Thread 0x00000211c1bef000 1333       3       jdk.internal.math.FDBigInteger::<init> (30 bytes)
Event: 38.854 Thread 0x00000211c1bef000 nmethod 1333 0x00000211afb01690 code [0x00000211afb01860, 0x00000211afb01a68]
Event: 38.854 Thread 0x00000211c1bef000 1334       3       jdk.internal.math.FDBigInteger::trimLeadingZeros (57 bytes)
Event: 38.854 Thread 0x00000211c1bef000 nmethod 1334 0x00000211afb01b90 code [0x00000211afb01d60, 0x00000211afb02038]
Event: 38.856 Thread 0x00000211c1bef000 1335       3       java.lang.AbstractStringBuilder::append (45 bytes)
Event: 38.857 Thread 0x00000211c1bef000 nmethod 1335 0x00000211afb02190 code [0x00000211afb023c0, 0x00000211afb028d8]
Event: 38.863 Thread 0x00000211c123a800 1337       4       jdk.internal.org.objectweb.asm.Item::set (219 bytes)
Event: 38.864 Thread 0x00000211c1bef000 1339       3       sun.invoke.util.VerifyAccess::isSamePackage (32 bytes)
Event: 38.888 Thread 0x00000211c1bef000 nmethod 1339 0x00000211afb02b10 code [0x00000211afb02e20, 0x00000211afb04108]

GC Heap History (2 events):
Event: 17.472 GC heap before
{Heap before GC invocations=0 (full 0):
 garbage-first heap   total 65536K, used 26624K [0x00000000fc000000, 0x0000000100000000)
  region size 1024K, 24 young (24576K), 0 survivors (0K)
 Metaspace       used 10396K, capacity 10604K, committed 10624K, reserved 1058816K
  class space    used 1058K, capacity 1134K, committed 1152K, reserved 1048576K
}
Event: 17.773 GC heap after
{Heap after GC invocations=1 (full 0):
 garbage-first heap   total 65536K, used 9101K [0x00000000fc000000, 0x0000000100000000)
  region size 1024K, 3 young (3072K), 3 survivors (3072K)
 Metaspace       used 10396K, capacity 10604K, committed 10624K, reserved 1058816K
  class space    used 1058K, capacity 1134K, committed 1152K, reserved 1048576K
}

Deoptimization events (20 events):
Event: 36.500 Thread 0x00000211a6b73000 DEOPT PACKING pc=0x00000211af935151 sp=0x00000094ab2fbc60
Event: 36.500 Thread 0x00000211a6b73000 DEOPT UNPACKING pc=0x00000211af32a95e sp=0x00000094ab2fb128 mode 0
Event: 36.500 Thread 0x00000211a6b73000 DEOPT PACKING pc=0x00000211af93e5a1 sp=0x00000094ab2fc1f0
Event: 36.501 Thread 0x00000211a6b73000 DEOPT UNPACKING pc=0x00000211af32a95e sp=0x00000094ab2fb6e8 mode 0
Event: 38.164 Thread 0x00000211c2a80000 Uncommon trap: trap_request=0xffffff4d fr.pc=0x00000211b6de933c relative=0x000000000000047c
Event: 38.164 Thread 0x00000211c2a80000 Uncommon trap: reason=unstable_if action=reinterpret pc=0x00000211b6de933c method=java.lang.AbstractStringBuilder.putStringAt(ILjava/lang/String;)V @ 8 c2
Event: 38.164 Thread 0x00000211c2a80000 DEOPT PACKING pc=0x00000211b6de933c sp=0x00000094ab0ff0e0
Event: 38.164 Thread 0x00000211c2a80000 DEOPT UNPACKING pc=0x00000211af32a1af sp=0x00000094ab0fefe8 mode 2
Event: 38.164 Thread 0x00000211c2a80000 Uncommon trap: trap_request=0xffffff4d fr.pc=0x00000211b6de5d14 relative=0x0000000000000454
Event: 38.164 Thread 0x00000211c2a80000 Uncommon trap: reason=unstable_if action=reinterpret pc=0x00000211b6de5d14 method=java.lang.AbstractStringBuilder.putStringAt(ILjava/lang/String;)V @ 8 c2
Event: 38.164 Thread 0x00000211c2a80000 DEOPT PACKING pc=0x00000211b6de5d14 sp=0x00000094ab0ff070
Event: 38.164 Thread 0x00000211c2a80000 DEOPT UNPACKING pc=0x00000211af32a1af sp=0x00000094ab0fefe0 mode 2
Event: 38.164 Thread 0x00000211c2a80000 Uncommon trap: trap_request=0xffffff4d fr.pc=0x00000211b6e10278 relative=0x0000000000000058
Event: 38.164 Thread 0x00000211c2a80000 Uncommon trap: reason=unstable_if action=reinterpret pc=0x00000211b6e10278 method=java.lang.AbstractStringBuilder.isLatin1()Z @ 10 c2
Event: 38.164 Thread 0x00000211c2a80000 DEOPT PACKING pc=0x00000211b6e10278 sp=0x00000094ab0fef80
Event: 38.164 Thread 0x00000211c2a80000 DEOPT UNPACKING pc=0x00000211af32a1af sp=0x00000094ab0fef10 mode 2
Event: 38.164 Thread 0x00000211c2a80000 Uncommon trap: trap_request=0xffffff4d fr.pc=0x00000211b6e19940 relative=0x0000000000000380
Event: 38.164 Thread 0x00000211c2a80000 Uncommon trap: reason=unstable_if action=reinterpret pc=0x00000211b6e19940 method=java.lang.AbstractStringBuilder.isLatin1()Z @ 10 c2
Event: 38.164 Thread 0x00000211c2a80000 DEOPT PACKING pc=0x00000211b6e19940 sp=0x00000094ab0ff0f0
Event: 38.164 Thread 0x00000211c2a80000 DEOPT UNPACKING pc=0x00000211af32a1af sp=0x00000094ab0ff070 mode 2

Classes redefined (0 events):
No events

Internal exceptions (16 events):
Event: 2.924 Thread 0x00000211a6b73000 Exception <a 'java/lang/NoSuchMethodError'{0x00000000ffc61368}: 'int java.lang.invoke.DirectMethodHandle$Holder.invokeStaticInit(java.lang.Object, java.lang.Object)'> (0x00000000ffc61368) thrown at [s\src\hotspot\share\interpreter\linkResolver.cpp, line 773]
Event: 3.407 Thread 0x00000211a6b73000 Exception <a 'java/lang/NoSuchMethodError'{0x00000000ffb33fd8}: 'int java.lang.invoke.DirectMethodHandle$Holder.invokeSpecial(java.lang.Object, java.lang.Object, java.lang.Object, java.lang.Object)'> (0x00000000ffb33fd8) thrown at [s\src\hotspot\share\interpreter\linkResolver.cpp, line 773]
Event: 3.487 Thread 0x00000211a6b73000 Exception <a 'java/lang/NoSuchMethodError'{0x00000000ffb6bbb8}: 'int java.lang.invoke.DirectMethodHandle$Holder.invokeSpecialIFC(java.lang.Object, java.lang.Object, int)'> (0x00000000ffb6bbb8) thrown at [s\src\hotspot\share\interpreter\linkResolver.cpp, line 773]
Event: 17.064 Thread 0x00000211a6b73000 Implicit null exception at 0x00000211b6df3175 to 0x00000211b6df333c
Event: 17.245 Thread 0x00000211a6b73000 Exception <a 'java/lang/NoClassDefFoundError'{0x00000000fe9df458}: org/slf4j/impl/StaticMarkerBinder> (0x00000000fe9df458) thrown at [s\src\hotspot\share\classfile\systemDictionary.cpp, line 219]
Event: 17.463 Thread 0x00000211a6b73000 Exception <a 'java/lang/NoSuchMethodError'{0x00000000fe8deef8}: 'java.lang.Object java.lang.invoke.DirectMethodHandle$Holder.invokeVirtual(java.lang.Object, java.lang.Object, java.lang.Object, java.lang.Object, java.lang.Object, java.lang.Object, java.lang.Object)'> (0x00000000fe8deef8) thrown at [s\src\hotspot\share\interpreter\linkResolver.cpp, line 773]
Event: 17.468 Thread 0x00000211a6b73000 Exception <a 'java/lang/NoSuchMethodError'{0x00000000fe8f29d0}: 'java.lang.Object java.lang.invoke.Invokers$Holder.invoker(java.lang.Object, java.lang.Object, java.lang.Object)'> (0x00000000fe8f29d0) thrown at [s\src\hotspot\share\interpreter\linkResolver.cpp, line 773]
Event: 17.796 Thread 0x00000211a6b73000 Exception <a 'java/lang/NoSuchMethodError'{0x00000000fff03d48}: 'void java.lang.invoke.DelegatingMethodHandle$Holder.delegate(java.lang.Object, java.lang.Object, int, java.lang.Object)'> (0x00000000fff03d48) thrown at [s\src\hotspot\share\interpreter\linkResolver.cpp, line 773]
Event: 19.368 Thread 0x00000211a6b73000 Exception <a 'java/lang/NoSuchMethodError'{0x00000000ff7f9c78}: 'java.lang.Object java.lang.invoke.DirectMethodHandle$Holder.invokeStaticInit(java.lang.Object, java.lang.Object, java.lang.Object)'> (0x00000000ff7f9c78) thrown at [s\src\hotspot\share\interpreter\linkResolver.cpp, line 773]
Event: 20.627 Thread 0x00000211a6b73000 Exception <a 'java/lang/NoSuchMethodError'{0x00000000ff102cf0}: 'java.lang.Object java.lang.invoke.DirectMethodHandle$Holder.invokeStaticInit(java.lang.Object, int, int, int, int)'> (0x00000000ff102cf0) thrown at [s\src\hotspot\share\interpreter\linkResolver.cpp, line 773]
Event: 26.941 Thread 0x00000211a6b73000 Exception <a 'java/lang/NoSuchMethodError'{0x00000000ff17f830}: 'java.lang.Object java.lang.invoke.DirectMethodHandle$Holder.invokeStaticInit(java.lang.Object, java.lang.Object, int, int, int, int)'> (0x00000000ff17f830) thrown at [s\src\hotspot\share\interpreter\linkResolver.cpp, line 773]
Event: 37.703 Thread 0x00000211c2a80000 Exception <a 'java/lang/NoSuchMethodError'{0x00000000fea0e1d8}: 'void java.lang.invoke.DirectMethodHandle$Holder.invokeStatic(java.lang.Object, long)'> (0x00000000fea0e1d8) thrown at [s\src\hotspot\share\interpreter\linkResolver.cpp, line 773]
Event: 37.704 Thread 0x00000211c2a80000 Exception <a 'java/lang/NoSuchMethodError'{0x00000000fea13180}: 'java.lang.Object java.lang.invoke.DirectMethodHandle$Holder.invokeStatic(java.lang.Object, long)'> (0x00000000fea13180) thrown at [s\src\hotspot\share\interpreter\linkResolver.cpp, line 773]
Event: 37.718 Thread 0x00000211c2a80000 Exception <a 'java/lang/NoSuchMethodError'{0x00000000fea21220}: 'java.lang.Object java.lang.invoke.DirectMethodHandle$Holder.invokeStaticInit(java.lang.Object, java.lang.Object, long, java.lang.Object)'> (0x00000000fea21220) thrown at [s\src\hotspot\share\interpreter\linkResolver.cpp, line 773]
Event: 37.724 Thread 0x00000211c2a80000 Exception <a 'java/lang/NoSuchMethodError'{0x00000000fea27110}: 'java.lang.Object java.lang.invoke.DirectMethodHandle$Holder.invokeStatic(java.lang.Object, java.lang.Object, long)'> (0x00000000fea27110) thrown at [s\src\hotspot\share\interpreter\linkResolver.cpp, line 773]
Event: 37.727 Thread 0x00000211c2a80000 Exception <a 'java/lang/NoSuchMethodError'{0x00000000fea2d3e0}: 'java.lang.Object java.lang.invoke.Invokers$Holder.linkToTargetMethod(java.lang.Object, long, java.lang.Object)'> (0x00000000fea2d3e0) thrown at [s\src\hotspot\share\interpreter\linkResolver.cpp, line 773]

Events (20 events):
Event: 38.862 loading class org/gradle/internal/logging/text/BufferingStyledTextOutput
Event: 38.862 loading class org/gradle/internal/logging/text/BufferingStyledTextOutput done
Event: 38.862 loading class org/gradle/internal/logging/text/StyledTextOutput
Event: 38.862 loading class org/gradle/internal/logging/text/StyledTextOutput done
Event: 38.862 loading class org/gradle/internal/logging/text/BufferingStyledTextOutput
Event: 38.862 loading class org/gradle/internal/logging/text/BufferingStyledTextOutput done
Event: 38.864 loading class org/gradle/internal/logging/text/BufferingStyledTextOutput$ChangeStyleAction
Event: 38.864 loading class org/gradle/internal/logging/text/BufferingStyledTextOutput$ChangeStyleAction done
Event: 38.864 loading class org/gradle/internal/logging/text/AbstractStyledTextOutput$StyleOverrideTextOutput
Event: 38.864 loading class org/gradle/internal/logging/text/AbstractStyledTextOutput$StyleOverrideTextOutput done
Event: 38.893 loading class org/gradle/internal/logging/text/BufferingStyledTextOutput
Event: 38.893 loading class org/gradle/internal/logging/text/BufferingStyledTextOutput done
Event: 38.893 loading class org/gradle/internal/buildevents/BuildExceptionReporter
Event: 38.893 loading class org/gradle/internal/buildevents/BuildExceptionReporter done
Event: 38.894 loading class org/gradle/internal/logging/text/StyledTextOutput
Event: 38.894 loading class org/gradle/internal/logging/text/StyledTextOutput done
Event: 38.895 loading class org/gradle/internal/exceptions/ContextAwareException
Event: 38.895 loading class org/gradle/internal/exceptions/ContextAwareException done
Event: 38.896 loading class org/gradle/internal/exceptions/StyledException
Event: 38.896 loading class org/gradle/internal/exceptions/StyledException done


Dynamic libraries:
0x00007ff7060c0000 - 0x00007ff7060cd000 	C:\Program Files\Microsoft\jdk-11.0.20.8-hotspot\bin\java.exe
0x00007fff72a50000 - 0x00007fff72c67000 	C:\WINDOWS\SYSTEM32\ntdll.dll
0x00007fff71f20000 - 0x00007fff71fe4000 	C:\WINDOWS\System32\KERNEL32.DLL
0x00007fff70180000 - 0x00007fff7052c000 	C:\WINDOWS\System32\KERNELBASE.dll
0x00007fff70670000 - 0x00007fff70781000 	C:\WINDOWS\System32\ucrtbase.dll
0x00007ffedc370000 - 0x00007ffedc387000 	C:\Program Files\Microsoft\jdk-11.0.20.8-hotspot\bin\jli.dll
0x00007fff70950000 - 0x00007fff70afe000 	C:\WINDOWS\System32\USER32.dll
0x00007fff70530000 - 0x00007fff70556000 	C:\WINDOWS\System32\win32u.dll
0x00007fff72520000 - 0x00007fff72549000 	C:\WINDOWS\System32\GDI32.dll
0x00007fff6fd80000 - 0x00007fff6fe99000 	C:\WINDOWS\System32\gdi32full.dll
0x00007fff705d0000 - 0x00007fff7066a000 	C:\WINDOWS\System32\msvcp_win.dll
0x00007ffedc390000 - 0x00007ffedc3a5000 	C:\Program Files\Microsoft\jdk-11.0.20.8-hotspot\bin\VCRUNTIME140.dll
0x00007fff5ade0000 - 0x00007fff5b073000 	C:\WINDOWS\WinSxS\amd64_microsoft.windows.common-controls_6595b64144ccf1df_6.0.22621.3672_none_2713b9d173822955\COMCTL32.dll
0x00007fff71e70000 - 0x00007fff71f17000 	C:\WINDOWS\System32\msvcrt.dll
0x00007fff722c0000 - 0x00007fff722f1000 	C:\WINDOWS\System32\IMM32.DLL
0x00007ffedb330000 - 0x00007ffedb3cb000 	C:\Program Files\Microsoft\jdk-11.0.20.8-hotspot\bin\msvcp140.dll
0x00007ffeb2e40000 - 0x00007ffeb39d6000 	C:\Program Files\Microsoft\jdk-11.0.20.8-hotspot\bin\server\jvm.dll
0x00007fff71a10000 - 0x00007fff71ac2000 	C:\WINDOWS\System32\ADVAPI32.dll
0x00007fff72210000 - 0x00007fff722ba000 	C:\WINDOWS\System32\sechost.dll
0x00007fff6fea0000 - 0x00007fff6fec8000 	C:\WINDOWS\System32\bcrypt.dll
0x00007fff728f0000 - 0x00007fff72a05000 	C:\WINDOWS\System32\RPCRT4.dll
0x00007fff71ad0000 - 0x00007fff71ad8000 	C:\WINDOWS\System32\PSAPI.DLL
0x00007fff2fca0000 - 0x00007fff2fca9000 	C:\WINDOWS\SYSTEM32\WSOCK32.dll
0x00007fff71910000 - 0x00007fff71981000 	C:\WINDOWS\System32\WS2_32.dll
0x00007fff69bf0000 - 0x00007fff69c24000 	C:\WINDOWS\SYSTEM32\WINMM.dll
0x00007fff68160000 - 0x00007fff6816a000 	C:\WINDOWS\SYSTEM32\VERSION.dll
0x00007fff6ed70000 - 0x00007fff6ed88000 	C:\WINDOWS\SYSTEM32\kernel.appcore.dll
0x00007fff2fc10000 - 0x00007fff2fc20000 	C:\Program Files\Microsoft\jdk-11.0.20.8-hotspot\bin\verify.dll
0x00007fff6cef0000 - 0x00007fff6d122000 	C:\WINDOWS\SYSTEM32\DBGHELP.DLL
0x00007fff71ae0000 - 0x00007fff71e68000 	C:\WINDOWS\System32\combase.dll
0x00007fff72550000 - 0x00007fff72627000 	C:\WINDOWS\System32\OLEAUT32.dll
0x00007fff5ada0000 - 0x00007fff5add2000 	C:\WINDOWS\SYSTEM32\dbgcore.DLL
0x00007fff6fed0000 - 0x00007fff6ff4b000 	C:\WINDOWS\System32\bcryptPrimitives.dll
0x00007ffedbfe0000 - 0x00007ffedc008000 	C:\Program Files\Microsoft\jdk-11.0.20.8-hotspot\bin\java.dll
0x00007fff2dea0000 - 0x00007fff2deaa000 	C:\Program Files\Microsoft\jdk-11.0.20.8-hotspot\bin\jimage.dll
0x00007ffedc350000 - 0x00007ffedc368000 	C:\Program Files\Microsoft\jdk-11.0.20.8-hotspot\bin\zip.dll
0x00007fff70b10000 - 0x00007fff7136c000 	C:\WINDOWS\System32\SHELL32.dll
0x00007fff6dc80000 - 0x00007fff6e577000 	C:\WINDOWS\SYSTEM32\windows.storage.dll
0x00007fff6db40000 - 0x00007fff6dc7f000 	C:\WINDOWS\SYSTEM32\wintypes.dll
0x00007fff72370000 - 0x00007fff72464000 	C:\WINDOWS\System32\SHCORE.dll
0x00007fff72300000 - 0x00007fff7235e000 	C:\WINDOWS\System32\shlwapi.dll
0x00007fff6fcb0000 - 0x00007fff6fcd1000 	C:\WINDOWS\SYSTEM32\profapi.dll
0x00007ffedbfc0000 - 0x00007ffedbfd9000 	C:\Program Files\Microsoft\jdk-11.0.20.8-hotspot\bin\net.dll
0x00007fff6b3c0000 - 0x00007fff6b4f6000 	C:\WINDOWS\SYSTEM32\WINHTTP.dll
0x00007fff6f1d0000 - 0x00007fff6f239000 	C:\WINDOWS\system32\mswsock.dll
0x00007ffedbfa0000 - 0x00007ffedbfb3000 	C:\Program Files\Microsoft\jdk-11.0.20.8-hotspot\bin\nio.dll
0x00007ffee90d0000 - 0x00007ffee90f7000 	C:\Users\Haseeb\.gradle\native\68d5fa5c4cc2d200863cafc0d521ce42e7d3e7ee720ec0a83991735586a16f82\windows-amd64\native-platform.dll
0x00007fff333c0000 - 0x00007fff333c9000 	C:\Program Files\Microsoft\jdk-11.0.20.8-hotspot\bin\management.dll
0x00007fff27540000 - 0x00007fff2754b000 	C:\Program Files\Microsoft\jdk-11.0.20.8-hotspot\bin\management_ext.dll
0x00007fff6f520000 - 0x00007fff6f53b000 	C:\WINDOWS\SYSTEM32\CRYPTSP.dll
0x00007fff6ecd0000 - 0x00007fff6ed05000 	C:\WINDOWS\system32\rsaenh.dll
0x00007fff6f270000 - 0x00007fff6f298000 	C:\WINDOWS\SYSTEM32\USERENV.dll
0x00007fff6f500000 - 0x00007fff6f50c000 	C:\WINDOWS\SYSTEM32\CRYPTBASE.dll
0x00007fff6e7e0000 - 0x00007fff6e80d000 	C:\WINDOWS\SYSTEM32\IPHLPAPI.DLL
0x00007fff71ff0000 - 0x00007fff71ff9000 	C:\WINDOWS\System32\NSI.dll
0x00007fff6b380000 - 0x00007fff6b399000 	C:\WINDOWS\SYSTEM32\dhcpcsvc6.DLL
0x00007fff6b360000 - 0x00007fff6b37f000 	C:\WINDOWS\SYSTEM32\dhcpcsvc.DLL
0x00007fff6e850000 - 0x00007fff6e948000 	C:\WINDOWS\SYSTEM32\DNSAPI.dll

dbghelp: loaded successfully - version: 4.0.5 - missing functions: none
symbol engine: initialized successfully - sym options: 0x614 - pdb path: .;C:\Program Files\Microsoft\jdk-11.0.20.8-hotspot\bin;C:\WINDOWS\SYSTEM32;C:\WINDOWS\WinSxS\amd64_microsoft.windows.common-controls_6595b64144ccf1df_6.0.22621.3672_none_2713b9d173822955;C:\Program Files\Microsoft\jdk-11.0.20.8-hotspot\bin\server;C:\Users\Haseeb\.gradle\native\68d5fa5c4cc2d200863cafc0d521ce42e7d3e7ee720ec0a83991735586a16f82\windows-amd64

VM Arguments:
jvm_args: -Xmx64m -Xms64m -Dorg.gradle.appname=gradlew 
java_command: org.gradle.wrapper.GradleWrapperMain app:installDebug -PreactNativeDevServerPort=8081
java_class_path (initial): D:\olympic_analysir\olympic_data_analysir\android\\gradle\wrapper\gradle-wrapper.jar
Launcher Type: SUN_STANDARD

[Global flags]
     intx CICompilerCount                          = 4                                         {product} {ergonomic}
     uint ConcGCThreads                            = 2                                         {product} {ergonomic}
     uint G1ConcRefinementThreads                  = 8                                         {product} {ergonomic}
   size_t G1HeapRegionSize                         = 1048576                                   {product} {ergonomic}
    uintx GCDrainStackTargetSize                   = 64                                        {product} {ergonomic}
   size_t InitialHeapSize                          = 67108864                                  {product} {command line}
   size_t MarkStackSize                            = 4194304                                   {product} {ergonomic}
   size_t MaxHeapSize                              = 67108864                                  {product} {command line}
   size_t MaxNewSize                               = 39845888                                  {product} {ergonomic}
   size_t MinHeapDeltaBytes                        = 1048576                                   {product} {ergonomic}
    uintx NonNMethodCodeHeapSize                   = 5836300                                {pd product} {ergonomic}
    uintx NonProfiledCodeHeapSize                  = 122910970                              {pd product} {ergonomic}
    uintx ProfiledCodeHeapSize                     = 122910970                              {pd product} {ergonomic}
    uintx ReservedCodeCacheSize                    = 251658240                              {pd product} {ergonomic}
     bool SegmentedCodeCache                       = true                                      {product} {ergonomic}
     bool UseCompressedClassPointers               = true                                 {lp64_product} {ergonomic}
     bool UseCompressedOops                        = true                                 {lp64_product} {ergonomic}
     bool UseG1GC                                  = true                                      {product} {ergonomic}
     bool UseLargePagesIndividualAllocation        = false                                  {pd product} {ergonomic}

Logging:
Log output configuration:
 #0: stdout all=warning uptime,level,tags
 #1: stderr all=off uptime,level,tags

Environment Variables:
JAVA_HOME=C:\Program Files\Microsoft\jdk-11.0.20.8-hotspot\
CLASSPATH=D:\olympic_analysir\olympic_data_analysir\android\\gradle\wrapper\gradle-wrapper.jar
PATH=D:\olympic_analysir\olympic_data_analysir\node_modules\.bin;D:\olympic_analysir\olympic_data_analysir\node_modules\.bin;D:\olympic_analysir\node_modules\.bin;D:\node_modules\.bin;C:\Users\Haseeb\AppData\Roaming\npm\node_modules\npm\node_modules\@npmcli\run-script\lib\node-gyp-bin;D:\olympic_analysir\olympic_data_analysir\node_modules\.bin;D:\olympic_analysir\olympic_data_analysir\node_modules\.bin;D:\olympic_analysir\node_modules\.bin;D:\node_modules\.bin;C:\Users\Haseeb\AppData\Roaming\npm\node_modules\npm\node_modules\@npmcli\run-script\lib\node-gyp-bin;C:\Program Files\Common Files\Oracle\Java\javapath;C:\Program Files\Microsoft\jdk-11.0.20.8-hotspot\bin;C:\WINDOWS\system32;C:\WINDOWS;C:\WINDOWS\System32\Wbem;C:\WINDOWS\System32\WindowsPowerShell\v1.0\;C:\WINDOWS\System32\OpenSSH\;C:\Program Files\nodejs\;C:\ProgramData\chocolatey\bin;C:\Users\Haseeb\AppData\Local\Android\Sdk\platform-tools;C:\Users\Haseeb\AppData\Local\Programs\Python\Python312;C:\Users\Haseeb\AppData\Local\Programs\Python\Python312\Scripts;C:\Users\Haseeb\AppData\Local\Programs\Python\Launcher\;C:\Users\Haseeb\AppData\Local\Microsoft\WindowsApps;C:\Users\Haseeb\AppData\Roaming\npm;C:\flutter\bin;C:\Program Files\Java\jdk-22\bin;C:\Program Files\Git\bin;C:\Users\Haseeb\AppData\Local\Programs\Microsoft VS Code\bin
USERNAME=Haseeb
LANG=en_US.UTF-8
OS=Windows_NT
PROCESSOR_IDENTIFIER=Intel64 Family 6 Model 142 Stepping 12, GenuineIntel
TMP=C:\Users\Haseeb\AppData\Local\Temp
TEMP=C:\Users\Haseeb\AppData\Local\Temp



---------------  S Y S T E M  ---------------

OS: Windows 11 , 64 bit Build 22621 (10.0.22621.3672)
OS uptime: 5 days 4:26 hours
Hyper-V role detected

CPU:total 8 (initial active 8) (4 cores per cpu, 2 threads per core) family 6 model 142 stepping 12 microcode 0xf4, cmov, cx8, fxsr, mmx, sse, sse2, sse3, ssse3, sse4.1, sse4.2, popcnt, avx, avx2, aes, clmul, erms, 3dnowpref, lzcnt, ht, tsc, tscinvbit, bmi1, bmi2, adx, fma

Memory: 4k page, system-wide physical 16050M (131M free)
TotalPageFile size 28726M (AvailPageFile size 1M)
current process WorkingSet (physical memory assigned to process): 88M, peak: 90M
current process commit charge ("private bytes"): 160M, peak: 163M

vm_info: OpenJDK 64-Bit Server VM (11.0.20+8-LTS) for windows-amd64 JRE (11.0.20+8-LTS), built on Jul  7 2023 17:05:21 by "MicrosoftCorporation" with MS VC++ 15.9 (VS2017)

END.
