#
# There is insufficient memory for the Java Runtime Environment to continue.
# Native memory allocation (mmap) failed to map 11534336 bytes for G1 virtual space
# Possible reasons:
#   The system is out of physical RAM or swap space
#   The process is running with CompressedOops enabled, and the Java Heap may be blocking the growth of the native heap
# Possible solutions:
#   Reduce memory load on the system
#   Increase physical memory or swap space
#   Check if swap backing store is full
#   Decrease Java heap size (-Xmx/-Xms)
#   Decrease number of Java threads
#   Decrease Java thread stack sizes (-Xss)
#   Set larger code cache with -XX:ReservedCodeCacheSize=
#   JVM is running with Unscaled Compressed Oops mode in which the Java heap is
#     placed in the first 4GB address space. The Java Heap base address is the
#     maximum limit for the native heap growth. Please use -XX:HeapBaseMinAddress
#     to set the Java Heap base and to place the Java Heap above 4GB virtual address.
# This output file may be truncated or incomplete.
#
#  Out of Memory Error (os_windows.cpp:3536), pid=10956, tid=7664
#
# JRE version: Java(TM) SE Runtime Environment (19.0.2+7) (build 19.0.2+7-44)
# Java VM: Java HotSpot(TM) 64-Bit Server VM (19.0.2+7-44, mixed mode, sharing, tiered, compressed oops, compressed class ptrs, g1 gc, windows-amd64)
# No core dump will be written. Minidumps are not enabled by default on client versions of Windows
#

---------------  S U M M A R Y ------------

Command Line: -XX:MaxMetaspaceSize=512m --add-opens=java.base/java.util=ALL-UNNAMED --add-opens=java.base/java.lang=ALL-UNNAMED --add-opens=java.base/java.lang.invoke=ALL-UNNAMED --add-opens=java.prefs/java.util.prefs=ALL-UNNAMED --add-opens=java.base/java.nio.charset=ALL-UNNAMED --add-opens=java.base/java.net=ALL-UNNAMED --add-opens=java.base/java.util.concurrent.atomic=ALL-UNNAMED -Xmx2048m -Dfile.encoding=UTF-8 -Duser.country=US -Duser.language=en -Duser.variant org.gradle.launcher.daemon.bootstrap.GradleDaemon 7.6

Host: Intel(R) Core(TM) i5-6300U CPU @ 2.40GHz, 4 cores, 7G,  Windows 10 , 64 bit Build 19041 (10.0.19041.3636)
Time: Fri Jun 21 13:23:26 2024 Pakistan Standard Time elapsed time: 77.719015 seconds (0d 0h 1m 17s)

---------------  T H R E A D  ---------------

Current thread (0x000001b8fe720c90):  VMThread "VM Thread" [stack: 0x00000045c4700000,0x00000045c4800000] [id=7664]

Stack: [0x00000045c4700000,0x00000045c4800000]
Native frames: (J=compiled Java code, j=interpreted, Vv=VM code, C=native code)
V  [jvm.dll+0x6ee21a]
V  [jvm.dll+0x85765e]
V  [jvm.dll+0x85904e]
V  [jvm.dll+0x859703]
V  [jvm.dll+0x28298f]
V  [jvm.dll+0x6eb009]
V  [jvm.dll+0x6dfbaa]
V  [jvm.dll+0x3573f6]
V  [jvm.dll+0x35ee56]
V  [jvm.dll+0x3b541e]
V  [jvm.dll+0x3b564f]
V  [jvm.dll+0x32c9ea]
V  [jvm.dll+0x32ca97]
V  [jvm.dll+0x374cd2]
V  [jvm.dll+0x37340f]
V  [jvm.dll+0x32c210]
V  [jvm.dll+0x3729ab]
V  [jvm.dll+0x85ebc3]
V  [jvm.dll+0x85f989]
V  [jvm.dll+0x85febd]
V  [jvm.dll+0x86034b]
V  [jvm.dll+0x860407]
V  [jvm.dll+0x80125a]
V  [jvm.dll+0x6ecf0b]
C  [ucrtbase.dll+0x21bb2]
C  [KERNEL32.DLL+0x17344]
C  [ntdll.dll+0x4cc91]

VM_Operation (0x00000045c5df75a0): G1CollectForAllocation, mode: safepoint, requested by thread 0x000001b888949120


---------------  P R O C E S S  ---------------

Threads class SMR info:
_java_thread_list=0x000001b88bc4aab0, length=88, elements={
0x000001b8e4717730, 0x000001b8fe739470, 0x000001b8fe73a400, 0x000001b8fe73b390,
0x000001b8fe73ede0, 0x000001b8fe73f710, 0x000001b8fe742050, 0x000001b8fe742cb0,
0x000001b8fe745780, 0x000001b8fe8b8070, 0x000001b8fe91ce10, 0x000001b8fe92dba0,
0x000001b88894a110, 0x000001b88894a660, 0x000001b888947140, 0x000001b888948680,
0x000001b888948130, 0x000001b888947be0, 0x000001b888949120, 0x000001b888948bd0,
0x000001b888947690, 0x000001b888949670, 0x000001b888949bc0, 0x000001b888c50520,
0x000001b888c4ea90, 0x000001b888c50fc0, 0x000001b888c51510, 0x000001b888c4ffd0,
0x000001b888c55a20, 0x000001b888c51a60, 0x000001b888c4f530, 0x000001b888c54a30,
0x000001b888c554d0, 0x000001b888c53f90, 0x000001b888c55f70, 0x000001b888c52500,
0x000001b888c4e540, 0x000001b888c534f0, 0x000001b888c4efe0, 0x000001b888c4fa80,
0x000001b888c50a70, 0x000001b8ff442670, 0x000001b8ff43fbf0, 0x000001b8ff440690,
0x000001b8ff440be0, 0x000001b8ff444100, 0x000001b8ff444ba0, 0x000001b8ff444650,
0x000001b8ff441130, 0x000001b8ff441680, 0x000001b8ff4450f0, 0x000001b8ff43f6a0,
0x000001b8ff443bb0, 0x000001b8ff441bd0, 0x000001b8ff442120, 0x000001b8ff440140,
0x000001b8ff445640, 0x000001b8ff442bc0, 0x000001b8ff443110, 0x000001b8ff443660,
0x000001b8ff43dc10, 0x000001b8ff43e160, 0x000001b8ff43e6b0, 0x000001b8ff43ec00,
0x000001b8ff43f150, 0x000001b8feb5e440, 0x000001b8feb5d9a0, 0x000001b8feb5e990,
0x000001b8feb5f980, 0x000001b8feb5cf00, 0x000001b88a4d51e0, 0x000001b88a4d71c0,
0x000001b88a4d5730, 0x000001b88a4d7c60, 0x000001b88a4d81b0, 0x000001b88a4d5c80,
0x000001b88a4d61d0, 0x000001b88a4d6c70, 0x000001b88a4d6720, 0x000001b88a4d7710,
0x000001b88a4d8700, 0x000001b88b427360, 0x000001b88b428df0, 0x000001b88b426370,
0x000001b88b428350, 0x000001b88b4258d0, 0x000001b88b4268c0, 0x000001b88b42a330
}

Java Threads: ( => current thread )
  0x000001b8e4717730 JavaThread "main" [_thread_blocked, id=1008, stack(0x00000045c4100000,0x00000045c4200000)]
  0x000001b8fe739470 JavaThread "Reference Handler" daemon [_thread_blocked, id=8, stack(0x00000045c4800000,0x00000045c4900000)]
  0x000001b8fe73a400 JavaThread "Finalizer" daemon [_thread_blocked, id=800, stack(0x00000045c4900000,0x00000045c4a00000)]
  0x000001b8fe73b390 JavaThread "Signal Dispatcher" daemon [_thread_blocked, id=12176, stack(0x00000045c4a00000,0x00000045c4b00000)]
  0x000001b8fe73ede0 JavaThread "Attach Listener" daemon [_thread_blocked, id=1660, stack(0x00000045c4b00000,0x00000045c4c00000)]
  0x000001b8fe73f710 JavaThread "Service Thread" daemon [_thread_blocked, id=14340, stack(0x00000045c4c00000,0x00000045c4d00000)]
  0x000001b8fe742050 JavaThread "Monitor Deflation Thread" daemon [_thread_blocked, id=14344, stack(0x00000045c4d00000,0x00000045c4e00000)]
  0x000001b8fe742cb0 JavaThread "C2 CompilerThread0" daemon [_thread_blocked, id=14348, stack(0x00000045c4e00000,0x00000045c4f00000)]
  0x000001b8fe745780 JavaThread "C1 CompilerThread0" daemon [_thread_blocked, id=14356, stack(0x00000045c4f00000,0x00000045c5000000)]
  0x000001b8fe8b8070 JavaThread "Sweeper thread" daemon [_thread_blocked, id=14360, stack(0x00000045c5000000,0x00000045c5100000)]
  0x000001b8fe91ce10 JavaThread "Common-Cleaner" daemon [_thread_blocked, id=14368, stack(0x00000045c5100000,0x00000045c5200000)]
  0x000001b8fe92dba0 JavaThread "Notification Thread" daemon [_thread_blocked, id=14372, stack(0x00000045c5200000,0x00000045c5300000)]
  0x000001b88894a110 JavaThread "Daemon health stats" [_thread_blocked, id=14564, stack(0x00000045c5700000,0x00000045c5800000)]
  0x000001b88894a660 JavaThread "Incoming local TCP Connector on port 56175" [_thread_in_native, id=14668, stack(0x00000045c5800000,0x00000045c5900000)]
  0x000001b888947140 JavaThread "Daemon periodic checks" [_thread_blocked, id=14676, stack(0x00000045c5900000,0x00000045c5a00000)]
  0x000001b888948680 JavaThread "Daemon" [_thread_blocked, id=14688, stack(0x00000045c5a00000,0x00000045c5b00000)]
  0x000001b888948130 JavaThread "Handler for socket connection from /127.0.0.1:56175 to /127.0.0.1:56176" [_thread_in_native, id=14692, stack(0x00000045c5b00000,0x00000045c5c00000)]
  0x000001b888947be0 JavaThread "Cancel handler" [_thread_blocked, id=14696, stack(0x00000045c5c00000,0x00000045c5d00000)]
  0x000001b888949120 JavaThread "Daemon worker" [_thread_blocked, id=14700, stack(0x00000045c5d00000,0x00000045c5e00000)]
  0x000001b888948bd0 JavaThread "Asynchronous log dispatcher for DefaultDaemonConnection: socket connection from /127.0.0.1:56175 to /127.0.0.1:56176" [_thread_blocked, id=14712, stack(0x00000045c5e00000,0x00000045c5f00000)]
  0x000001b888947690 JavaThread "Stdin handler" [_thread_blocked, id=14716, stack(0x00000045c5f00000,0x00000045c6000000)]
  0x000001b888949670 JavaThread "Daemon client event forwarder" [_thread_blocked, id=14720, stack(0x00000045c6000000,0x00000045c6100000)]
  0x000001b888949bc0 JavaThread "Cache worker for journal cache (C:\Users\akhlaq\.gradle\caches\journal-1)" [_thread_blocked, id=14752, stack(0x00000045c6100000,0x00000045c6200000)]
  0x000001b888c50520 JavaThread "File lock request listener" [_thread_in_native, id=14760, stack(0x00000045c6200000,0x00000045c6300000)]
  0x000001b888c4ea90 JavaThread "Cache worker for file hash cache (C:\Users\akhlaq\.gradle\caches\7.6\fileHashes)" [_thread_blocked, id=14844, stack(0x00000045c6300000,0x00000045c6400000)]
  0x000001b888c50fc0 JavaThread "File lock release action executor" [_thread_blocked, id=14852, stack(0x00000045c6400000,0x00000045c6500000)]
  0x000001b888c51510 JavaThread "File watcher server" daemon [_thread_in_native, id=14912, stack(0x00000045c6500000,0x00000045c6600000)]
  0x000001b888c4ffd0 JavaThread "File watcher consumer" daemon [_thread_blocked, id=14916, stack(0x00000045c6600000,0x00000045c6700000)]
  0x000001b888c55a20 JavaThread "Cache worker for checksums cache (D:\Git\olympic\olympic\android\.gradle\7.6\checksums)" [_thread_blocked, id=14952, stack(0x00000045c6700000,0x00000045c6800000)]
  0x000001b888c51a60 JavaThread "Cache worker for cache directory md-rule (C:\Users\akhlaq\.gradle\caches\7.6\md-rule)" [_thread_blocked, id=14956, stack(0x00000045c6800000,0x00000045c6900000)]
  0x000001b888c4f530 JavaThread "Cache worker for file content cache (C:\Users\akhlaq\.gradle\caches\7.6\fileContent)" [_thread_blocked, id=14960, stack(0x00000045c6900000,0x00000045c6a00000)]
  0x000001b888c54a30 JavaThread "Cache worker for file hash cache (D:\Git\olympic\olympic\android\.gradle\7.6\fileHashes)" [_thread_blocked, id=14980, stack(0x00000045c6a00000,0x00000045c6b00000)]
  0x000001b888c554d0 JavaThread "Cache worker for cache directory md-supplier (C:\Users\akhlaq\.gradle\caches\7.6\md-supplier)" [_thread_blocked, id=14988, stack(0x00000045c6b00000,0x00000045c6c00000)]
  0x000001b888c53f90 JavaThread "Cache worker for execution history cache (C:\Users\akhlaq\.gradle\caches\7.6\executionHistory)" [_thread_blocked, id=15040, stack(0x00000045c6c00000,0x00000045c6d00000)]
  0x000001b888c55f70 JavaThread "jar transforms" [_thread_blocked, id=15112, stack(0x00000045c6d00000,0x00000045c6e00000)]
  0x000001b888c52500 JavaThread "jar transforms Thread 2" [_thread_blocked, id=15116, stack(0x00000045c6e00000,0x00000045c6f00000)]
  0x000001b888c4e540 JavaThread "jar transforms Thread 3" [_thread_blocked, id=15120, stack(0x00000045c6f00000,0x00000045c7000000)]
  0x000001b888c534f0 JavaThread "jar transforms Thread 4" [_thread_blocked, id=15124, stack(0x00000045c7000000,0x00000045c7100000)]
  0x000001b888c4efe0 JavaThread "Cache worker for kotlin-dsl (C:\Users\akhlaq\.gradle\caches\7.6\kotlin-dsl)" [_thread_blocked, id=11452, stack(0x00000045c7300000,0x00000045c7400000)]
  0x000001b888c4fa80 JavaThread "Cache worker for dependencies-accessors (D:\Git\olympic\olympic\android\.gradle\7.6\dependencies-accessors)" [_thread_blocked, id=15248, stack(0x00000045c7400000,0x00000045c7500000)]
  0x000001b888c50a70 JavaThread "Cache worker for Build Output Cleanup Cache (D:\Git\olympic\olympic\node_modules\@react-native\gradle-plugin\.gradle\buildOutputCleanup)" [_thread_blocked, id=15188, stack(0x00000045c7500000,0x00000045c7600000)]
  0x000001b8ff442670 JavaThread "Unconstrained build operations" [_thread_blocked, id=13372, stack(0x00000045c7600000,0x00000045c7700000)]
  0x000001b8ff43fbf0 JavaThread "Unconstrained build operations Thread 2" [_thread_blocked, id=13952, stack(0x00000045c7700000,0x00000045c7800000)]
  0x000001b8ff440690 JavaThread "Unconstrained build operations Thread 3" [_thread_blocked, id=1476, stack(0x00000045c7800000,0x00000045c7900000)]
  0x000001b8ff440be0 JavaThread "Unconstrained build operations Thread 4" [_thread_blocked, id=12084, stack(0x00000045c7900000,0x00000045c7a00000)]
  0x000001b8ff444100 JavaThread "Unconstrained build operations Thread 5" [_thread_blocked, id=7884, stack(0x00000045c7a00000,0x00000045c7b00000)]
  0x000001b8ff444ba0 JavaThread "Unconstrained build operations Thread 6" [_thread_blocked, id=15352, stack(0x00000045c7b00000,0x00000045c7c00000)]
  0x000001b8ff444650 JavaThread "Unconstrained build operations Thread 7" [_thread_blocked, id=9384, stack(0x00000045c7c00000,0x00000045c7d00000)]
  0x000001b8ff441130 JavaThread "Unconstrained build operations Thread 8" [_thread_blocked, id=7636, stack(0x00000045c7d00000,0x00000045c7e00000)]
  0x000001b8ff441680 JavaThread "Unconstrained build operations Thread 9" [_thread_blocked, id=12528, stack(0x00000045c7e00000,0x00000045c7f00000)]
  0x000001b8ff4450f0 JavaThread "Unconstrained build operations Thread 10" [_thread_blocked, id=9792, stack(0x00000045c7f00000,0x00000045c8000000)]
  0x000001b8ff43f6a0 JavaThread "Unconstrained build operations Thread 11" [_thread_blocked, id=5676, stack(0x00000045c8000000,0x00000045c8100000)]
  0x000001b8ff443bb0 JavaThread "Unconstrained build operations Thread 12" [_thread_blocked, id=5424, stack(0x00000045c8100000,0x00000045c8200000)]
  0x000001b8ff441bd0 JavaThread "Unconstrained build operations Thread 13" [_thread_blocked, id=13036, stack(0x00000045c8200000,0x00000045c8300000)]
  0x000001b8ff442120 JavaThread "Unconstrained build operations Thread 14" [_thread_blocked, id=4804, stack(0x00000045c8300000,0x00000045c8400000)]
  0x000001b8ff440140 JavaThread "Unconstrained build operations Thread 15" [_thread_blocked, id=1268, stack(0x00000045c8400000,0x00000045c8500000)]
  0x000001b8ff445640 JavaThread "Unconstrained build operations Thread 16" [_thread_blocked, id=2368, stack(0x00000045c8500000,0x00000045c8600000)]
  0x000001b8ff442bc0 JavaThread "Unconstrained build operations Thread 17" [_thread_blocked, id=10928, stack(0x00000045c8600000,0x00000045c8700000)]
  0x000001b8ff443110 JavaThread "Unconstrained build operations Thread 18" [_thread_blocked, id=2956, stack(0x00000045c8700000,0x00000045c8800000)]
  0x000001b8ff443660 JavaThread "Unconstrained build operations Thread 19" [_thread_blocked, id=8036, stack(0x00000045c8800000,0x00000045c8900000)]
  0x000001b8ff43dc10 JavaThread "Unconstrained build operations Thread 20" [_thread_blocked, id=14100, stack(0x00000045c8900000,0x00000045c8a00000)]
  0x000001b8ff43e160 JavaThread "Unconstrained build operations Thread 21" [_thread_blocked, id=5240, stack(0x00000045c8a00000,0x00000045c8b00000)]
  0x000001b8ff43e6b0 JavaThread "Unconstrained build operations Thread 22" [_thread_blocked, id=14476, stack(0x00000045c8b00000,0x00000045c8c00000)]
  0x000001b8ff43ec00 JavaThread "Unconstrained build operations Thread 23" [_thread_blocked, id=10616, stack(0x00000045c8c00000,0x00000045c8d00000)]
  0x000001b8ff43f150 JavaThread "Unconstrained build operations Thread 24" [_thread_blocked, id=14516, stack(0x00000045c8d00000,0x00000045c8e00000)]
  0x000001b8feb5e440 JavaThread "Unconstrained build operations Thread 25" [_thread_blocked, id=4432, stack(0x00000045c8e00000,0x00000045c8f00000)]
  0x000001b8feb5d9a0 JavaThread "Unconstrained build operations Thread 26" [_thread_blocked, id=12020, stack(0x00000045c8f00000,0x00000045c9000000)]
  0x000001b8feb5e990 JavaThread "Memory manager" [_thread_blocked, id=1444, stack(0x00000045c9000000,0x00000045c9100000)]
  0x000001b8feb5f980 JavaThread "Cache worker for Build Output Cleanup Cache (D:\Git\olympic\olympic\android\.gradle\buildOutputCleanup)" [_thread_blocked, id=14532, stack(0x00000045c4000000,0x00000045c4100000)]
  0x000001b8feb5cf00 JavaThread "included builds" [_thread_blocked, id=4832, stack(0x00000045c9100000,0x00000045c9200000)]
  0x000001b88a4d51e0 JavaThread "Execution worker" [_thread_blocked, id=1316, stack(0x00000045c9200000,0x00000045c9300000)]
  0x000001b88a4d71c0 JavaThread "Execution worker Thread 2" [_thread_blocked, id=14412, stack(0x00000045c9300000,0x00000045c9400000)]
  0x000001b88a4d5730 JavaThread "Execution worker Thread 3" [_thread_blocked, id=12684, stack(0x00000045c9400000,0x00000045c9500000)]
  0x000001b88a4d7c60 JavaThread "Cache worker for execution history cache (D:\Git\olympic\olympic\node_modules\@react-native\gradle-plugin\.gradle\7.6\executionHistory)" [_thread_blocked, id=4976, stack(0x00000045c3f00000,0x00000045c4000000)]
  0x000001b88a4d81b0 JavaThread "Unconstrained build operations Thread 27" [_thread_blocked, id=13512, stack(0x00000045c9500000,0x00000045c9600000)]
  0x000001b88a4d5c80 JavaThread "Unconstrained build operations Thread 28" [_thread_blocked, id=13420, stack(0x00000045c9600000,0x00000045c9700000)]
  0x000001b88a4d61d0 JavaThread "Unconstrained build operations Thread 29" [_thread_blocked, id=11476, stack(0x00000045c9700000,0x00000045c9800000)]
  0x000001b88a4d6c70 JavaThread "Unconstrained build operations Thread 30" [_thread_blocked, id=12680, stack(0x00000045c9800000,0x00000045c9900000)]
  0x000001b88a4d6720 JavaThread "Unconstrained build operations Thread 31" [_thread_blocked, id=10752, stack(0x00000045c9900000,0x00000045c9a00000)]
  0x000001b88a4d7710 JavaThread "Unconstrained build operations Thread 32" [_thread_blocked, id=4272, stack(0x00000045c9a00000,0x00000045c9b00000)]
  0x000001b88a4d8700 JavaThread "Unconstrained build operations Thread 33" [_thread_blocked, id=4652, stack(0x00000045c9b00000,0x00000045c9c00000)]
  0x000001b88b427360 JavaThread "Unconstrained build operations Thread 34" [_thread_blocked, id=3052, stack(0x00000045c9c00000,0x00000045c9d00000)]
  0x000001b88b428df0 JavaThread "Unconstrained build operations Thread 35" [_thread_blocked, id=9588, stack(0x00000045c9d00000,0x00000045c9e00000)]
  0x000001b88b426370 JavaThread "Unconstrained build operations Thread 36" [_thread_blocked, id=8932, stack(0x00000045c9e00000,0x00000045c9f00000)]
  0x000001b88b428350 JavaThread "Unconstrained build operations Thread 37" [_thread_blocked, id=2156, stack(0x00000045c9f00000,0x00000045ca000000)]
  0x000001b88b4258d0 JavaThread "Unconstrained build operations Thread 38" [_thread_blocked, id=2920, stack(0x00000045ca000000,0x00000045ca100000)]
  0x000001b88b4268c0 JavaThread "Unconstrained build operations Thread 39" [_thread_blocked, id=4672, stack(0x00000045ca100000,0x00000045ca200000)]
  0x000001b88b42a330 JavaThread "Unconstrained build operations Thread 40" [_thread_blocked, id=6400, stack(0x00000045ca200000,0x00000045ca300000)]

Other Threads:
=>0x000001b8fe720c90 VMThread "VM Thread" [stack: 0x00000045c4700000,0x00000045c4800000] [id=7664]
  0x000001b8fe9480c0 WatcherThread "VM Periodic Task Thread" [stack: 0x00000045c5300000,0x00000045c5400000] [id=14376]
  0x000001b8e4777db0 WorkerThread "GC Thread#0" [stack: 0x00000045c4200000,0x00000045c4300000] [id=1028]
  0x000001b8ff044bf0 WorkerThread "GC Thread#1" [stack: 0x00000045c5400000,0x00000045c5500000] [id=14384]
  0x000001b8fec514a0 WorkerThread "GC Thread#2" [stack: 0x00000045c5500000,0x00000045c5600000] [id=14388]
  0x000001b8ff43c870 WorkerThread "GC Thread#3" [stack: 0x00000045c5600000,0x00000045c5700000] [id=14404]
  0x000001b8e4788c20 ConcurrentGCThread "G1 Main Marker" [stack: 0x00000045c4300000,0x00000045c4400000] [id=11484]
  0x000001b8e4789700 WorkerThread "G1 Conc#0" [stack: 0x00000045c4400000,0x00000045c4500000] [id=5356]
  0x000001b8e47de9a0 ConcurrentGCThread "G1 Refine#0" [stack: 0x00000045c4500000,0x00000045c4600000] [id=1228]
  0x000001b8fe5da7f0 ConcurrentGCThread "G1 Service" [stack: 0x00000045c4600000,0x00000045c4700000] [id=2020]

Threads with active compile tasks:
C2 CompilerThread0    77790 9989       4       java.util.ComparableTimSort::binarySort (223 bytes)

VM state: at safepoint (normal execution)

VM Mutex/Monitor currently owned by a thread:  ([mutex/lock_event])
[0x000001b8e4713d60] Threads_lock - owner thread: 0x000001b8fe720c90
[0x000001b8e4713df0] Heap_lock - owner thread: 0x000001b888949120

Heap address: 0x0000000080000000, size: 2048 MB, Compressed Oops mode: 32-bit

CDS archive(s) mapped at: [0x0000000800000000-0x0000000800c40000-0x0000000800c40000), size 12845056, SharedBaseAddress: 0x0000000800000000, ArchiveRelocationMode: 0.
Compressed class space mapped at: 0x0000000801000000-0x000000081ac00000, reserved size: 432013312
Narrow klass base: 0x0000000800000000, Narrow klass shift: 0, Narrow klass range: 0x100000000

GC Precious Log:
 CardTable entry size: 512
 Card Set container configuration: InlinePtr #cards 5 size 8 Array Of Cards #cards 12 size 40 Howl #buckets 4 coarsen threshold 1843 Howl Bitmap #cards 512 size 80 coarsen threshold 460 Card regions per heap region 1 cards per card region 2048
 CPUs: 4 total, 4 available
 Memory: 8074M
 Large Page Support: Disabled
 NUMA Support: Disabled
 Compressed Oops: Enabled (32-bit)
 Heap Region Size: 1M
 Heap Min Capacity: 8M
 Heap Initial Capacity: 128M
 Heap Max Capacity: 2G
 Pre-touch: Disabled
 Parallel Workers: 4
 Concurrent Workers: 1
 Concurrent Refinement Workers: 4
 Periodic GC: Disabled

Heap:
 garbage-first heap   total 119808K, used 75222K [0x0000000080000000, 0x0000000100000000)
  region size 1024K, 3 young (3072K), 3 survivors (3072K)
 Metaspace       used 76701K, committed 78528K, reserved 552960K
  class space    used 10310K, committed 11264K, reserved 421888K

Heap Regions: E=young(eden), S=young(survivor), O=old, HS=humongous(starts), HC=humongous(continues), CS=collection set, F=free, OA=open archive, CA=closed archive, TAMS=top-at-mark-start (previous, next)
|   0|0x0000000080000000, 0x0000000080100000, 0x0000000080100000|100%| O|  |TAMS 0x0000000080100000, 0x0000000080000000| Untracked 
|   1|0x0000000080100000, 0x0000000080200000, 0x0000000080200000|100%| O|  |TAMS 0x0000000080200000, 0x0000000080100000| Untracked 
|   2|0x0000000080200000, 0x0000000080300000, 0x0000000080300000|100%|HS|  |TAMS 0x0000000080300000, 0x0000000080200000| Complete 
|   3|0x0000000080300000, 0x0000000080400000, 0x0000000080400000|100%|HC|  |TAMS 0x0000000080400000, 0x0000000080300000| Complete 
|   4|0x0000000080400000, 0x0000000080500000, 0x0000000080500000|100%|HC|  |TAMS 0x0000000080500000, 0x0000000080400000| Complete 
|   5|0x0000000080500000, 0x0000000080600000, 0x0000000080600000|100%| O|  |TAMS 0x0000000080600000, 0x0000000080500000| Untracked 
|   6|0x0000000080600000, 0x0000000080700000, 0x0000000080700000|100%| O|  |TAMS 0x0000000080700000, 0x0000000080600000| Untracked 
|   7|0x0000000080700000, 0x0000000080800000, 0x0000000080800000|100%| O|  |TAMS 0x0000000080800000, 0x0000000080700000| Untracked 
|   8|0x0000000080800000, 0x0000000080900000, 0x0000000080900000|100%| O|  |TAMS 0x0000000080900000, 0x0000000080800000| Untracked 
|   9|0x0000000080900000, 0x0000000080a00000, 0x0000000080a00000|100%| O|  |TAMS 0x0000000080a00000, 0x0000000080900000| Untracked 
|  10|0x0000000080a00000, 0x0000000080b00000, 0x0000000080b00000|100%| O|  |TAMS 0x0000000080b00000, 0x0000000080a00000| Untracked 
|  11|0x0000000080b00000, 0x0000000080c00000, 0x0000000080c00000|100%| O|  |TAMS 0x0000000080c00000, 0x0000000080b00000| Untracked 
|  12|0x0000000080c00000, 0x0000000080d00000, 0x0000000080d00000|100%| O|  |TAMS 0x0000000080d00000, 0x0000000080c00000| Untracked 
|  13|0x0000000080d00000, 0x0000000080e00000, 0x0000000080e00000|100%| O|  |TAMS 0x0000000080e00000, 0x0000000080d00000| Untracked 
|  14|0x0000000080e00000, 0x0000000080f00000, 0x0000000080f00000|100%| O|  |TAMS 0x0000000080f00000, 0x0000000080e00000| Untracked 
|  15|0x0000000080f00000, 0x0000000081000000, 0x0000000081000000|100%| O|  |TAMS 0x0000000081000000, 0x0000000080f00000| Untracked 
|  16|0x0000000081000000, 0x0000000081100000, 0x0000000081100000|100%| O|  |TAMS 0x0000000081100000, 0x0000000081000000| Untracked 
|  17|0x0000000081100000, 0x0000000081200000, 0x0000000081200000|100%| O|  |TAMS 0x0000000081200000, 0x0000000081100000| Untracked 
|  18|0x0000000081200000, 0x0000000081300000, 0x0000000081300000|100%| O|  |TAMS 0x0000000081300000, 0x0000000081200000| Untracked 
|  19|0x0000000081300000, 0x0000000081400000, 0x0000000081400000|100%| O|  |TAMS 0x0000000081400000, 0x0000000081300000| Untracked 
|  20|0x0000000081400000, 0x0000000081500000, 0x0000000081500000|100%| O|  |TAMS 0x0000000081500000, 0x0000000081400000| Untracked 
|  21|0x0000000081500000, 0x0000000081600000, 0x0000000081600000|100%| O|  |TAMS 0x0000000081600000, 0x0000000081500000| Untracked 
|  22|0x0000000081600000, 0x0000000081700000, 0x0000000081700000|100%| O|  |TAMS 0x0000000081700000, 0x0000000081600000| Untracked 
|  23|0x0000000081700000, 0x0000000081800000, 0x0000000081800000|100%| O|  |TAMS 0x0000000081800000, 0x0000000081700000| Untracked 
|  24|0x0000000081800000, 0x0000000081900000, 0x0000000081900000|100%| O|  |TAMS 0x0000000081900000, 0x0000000081800000| Untracked 
|  25|0x0000000081900000, 0x0000000081a00000, 0x0000000081a00000|100%| O|  |TAMS 0x0000000081a00000, 0x0000000081900000| Untracked 
|  26|0x0000000081a00000, 0x0000000081b00000, 0x0000000081b00000|100%| O|  |TAMS 0x0000000081b00000, 0x0000000081a00000| Untracked 
|  27|0x0000000081b00000, 0x0000000081c00000, 0x0000000081c00000|100%| O|  |TAMS 0x0000000081c00000, 0x0000000081b00000| Untracked 
|  28|0x0000000081c00000, 0x0000000081d00000, 0x0000000081d00000|100%| O|  |TAMS 0x0000000081d00000, 0x0000000081c00000| Untracked 
|  29|0x0000000081d00000, 0x0000000081e00000, 0x0000000081e00000|100%| O|  |TAMS 0x0000000081e00000, 0x0000000081d00000| Untracked 
|  30|0x0000000081e00000, 0x0000000081f00000, 0x0000000081f00000|100%| O|  |TAMS 0x0000000081f00000, 0x0000000081e00000| Untracked 
|  31|0x0000000081f00000, 0x0000000082000000, 0x0000000082000000|100%| O|  |TAMS 0x0000000082000000, 0x0000000081f00000| Untracked 
|  32|0x0000000082000000, 0x0000000082100000, 0x0000000082100000|100%| O|  |TAMS 0x0000000082100000, 0x0000000082000000| Untracked 
|  33|0x0000000082100000, 0x0000000082200000, 0x0000000082200000|100%|HS|  |TAMS 0x0000000082200000, 0x0000000082100000| Complete 
|  34|0x0000000082200000, 0x0000000082300000, 0x0000000082300000|100%|HC|  |TAMS 0x0000000082300000, 0x0000000082200000| Complete 
|  35|0x0000000082300000, 0x0000000082400000, 0x0000000082400000|100%|HS|  |TAMS 0x0000000082400000, 0x0000000082300000| Complete 
|  36|0x0000000082400000, 0x0000000082500000, 0x0000000082500000|100%|HC|  |TAMS 0x0000000082500000, 0x0000000082400000| Complete 
|  37|0x0000000082500000, 0x0000000082600000, 0x0000000082600000|100%|HC|  |TAMS 0x0000000082600000, 0x0000000082500000| Complete 
|  38|0x0000000082600000, 0x0000000082700000, 0x0000000082700000|100%|HC|  |TAMS 0x0000000082700000, 0x0000000082600000| Complete 
|  39|0x0000000082700000, 0x0000000082800000, 0x0000000082800000|100%| O|  |TAMS 0x0000000082800000, 0x0000000082700000| Untracked 
|  40|0x0000000082800000, 0x0000000082900000, 0x0000000082900000|100%| O|  |TAMS 0x0000000082900000, 0x0000000082800000| Untracked 
|  41|0x0000000082900000, 0x0000000082a00000, 0x0000000082a00000|100%| O|  |TAMS 0x0000000082a00000, 0x0000000082900000| Untracked 
|  42|0x0000000082a00000, 0x0000000082b00000, 0x0000000082b00000|100%| O|  |TAMS 0x0000000082b00000, 0x0000000082a00000| Untracked 
|  43|0x0000000082b00000, 0x0000000082c00000, 0x0000000082c00000|100%| O|  |TAMS 0x0000000082c00000, 0x0000000082b00000| Untracked 
|  44|0x0000000082c00000, 0x0000000082d00000, 0x0000000082d00000|100%| O|  |TAMS 0x0000000082d00000, 0x0000000082c00000| Untracked 
|  45|0x0000000082d00000, 0x0000000082e00000, 0x0000000082e00000|100%| O|  |TAMS 0x0000000082e00000, 0x0000000082d00000| Untracked 
|  46|0x0000000082e00000, 0x0000000082f00000, 0x0000000082f00000|100%| O|  |TAMS 0x0000000082f00000, 0x0000000082e00000| Untracked 
|  47|0x0000000082f00000, 0x0000000083000000, 0x0000000083000000|100%| O|  |TAMS 0x0000000082f00000, 0x0000000082f00000| Untracked 
|  48|0x0000000083000000, 0x0000000083100000, 0x0000000083100000|100%| O|  |TAMS 0x0000000083000000, 0x0000000083000000| Untracked 
|  49|0x0000000083100000, 0x0000000083200000, 0x0000000083200000|100%| O|  |TAMS 0x0000000083200000, 0x0000000083100000| Untracked 
|  50|0x0000000083200000, 0x0000000083300000, 0x0000000083300000|100%| O|  |TAMS 0x0000000083300000, 0x0000000083200000| Untracked 
|  51|0x0000000083300000, 0x0000000083400000, 0x0000000083400000|100%| O|  |TAMS 0x0000000083400000, 0x0000000083300000| Untracked 
|  52|0x0000000083400000, 0x0000000083500000, 0x0000000083500000|100%| O|  |TAMS 0x0000000083500000, 0x0000000083400000| Untracked 
|  53|0x0000000083500000, 0x0000000083600000, 0x0000000083600000|100%| O|  |TAMS 0x0000000083600000, 0x0000000083500000| Untracked 
|  54|0x0000000083600000, 0x0000000083700000, 0x0000000083700000|100%| O|  |TAMS 0x0000000083700000, 0x0000000083600000| Untracked 
|  55|0x0000000083700000, 0x0000000083800000, 0x0000000083800000|100%| O|  |TAMS 0x0000000083800000, 0x0000000083700000| Untracked 
|  56|0x0000000083800000, 0x0000000083900000, 0x0000000083900000|100%| O|  |TAMS 0x0000000083900000, 0x0000000083800000| Untracked 
|  57|0x0000000083900000, 0x0000000083a00000, 0x0000000083a00000|100%| O|  |TAMS 0x0000000083a00000, 0x0000000083900000| Untracked 
|  58|0x0000000083a00000, 0x0000000083b00000, 0x0000000083b00000|100%| O|  |TAMS 0x0000000083b00000, 0x0000000083a00000| Untracked 
|  59|0x0000000083b00000, 0x0000000083c00000, 0x0000000083c00000|100%|HS|  |TAMS 0x0000000083c00000, 0x0000000083b00000| Complete 
|  60|0x0000000083c00000, 0x0000000083d00000, 0x0000000083d00000|100%|HS|  |TAMS 0x0000000083d00000, 0x0000000083c00000| Complete 
|  61|0x0000000083d00000, 0x0000000083e00000, 0x0000000083e00000|100%| O|  |TAMS 0x0000000083e00000, 0x0000000083d00000| Untracked 
|  62|0x0000000083e00000, 0x0000000083f00000, 0x0000000083f00000|100%| O|  |TAMS 0x0000000083e00000, 0x0000000083e00000| Untracked 
|  63|0x0000000083f00000, 0x0000000084000000, 0x0000000084000000|100%| O|  |TAMS 0x0000000084000000, 0x0000000083f00000| Untracked 
|  64|0x0000000084000000, 0x0000000084100000, 0x0000000084100000|100%| O|  |TAMS 0x0000000084100000, 0x0000000084000000| Untracked 
|  65|0x0000000084100000, 0x0000000084200000, 0x0000000084200000|100%| O|  |TAMS 0x0000000084200000, 0x0000000084100000| Untracked 
|  66|0x0000000084200000, 0x0000000084300000, 0x0000000084300000|100%| O|  |TAMS 0x00000000842eb800, 0x0000000084200000| Untracked 
|  67|0x0000000084300000, 0x0000000084400000, 0x0000000084400000|100%| O|  |TAMS 0x0000000084300000, 0x0000000084300000| Untracked 
|  68|0x0000000084400000, 0x0000000084500000, 0x0000000084500000|100%| O|  |TAMS 0x0000000084400000, 0x0000000084400000| Untracked 
|  69|0x0000000084500000, 0x00000000845d4c00, 0x0000000084600000| 83%| O|  |TAMS 0x0000000084500000, 0x0000000084500000| Untracked 
|  70|0x0000000084600000, 0x0000000084600000, 0x0000000084700000|  0%| F|  |TAMS 0x0000000084600000, 0x0000000084600000| Untracked 
|  71|0x0000000084700000, 0x0000000084700000, 0x0000000084800000|  0%| F|  |TAMS 0x0000000084700000, 0x0000000084700000| Untracked 
|  72|0x0000000084800000, 0x0000000084800000, 0x0000000084900000|  0%| F|  |TAMS 0x0000000084800000, 0x0000000084800000| Untracked 
|  73|0x0000000084900000, 0x0000000084a00000, 0x0000000084a00000|100%| O|  |TAMS 0x0000000084900000, 0x0000000084900000| Untracked 
|  74|0x0000000084a00000, 0x0000000084a00000, 0x0000000084b00000|  0%| F|  |TAMS 0x0000000084a00000, 0x0000000084a00000| Untracked 
|  75|0x0000000084b00000, 0x0000000084b00000, 0x0000000084c00000|  0%| F|  |TAMS 0x0000000084b00000, 0x0000000084b00000| Untracked 
|  76|0x0000000084c00000, 0x0000000084c00000, 0x0000000084d00000|  0%| F|  |TAMS 0x0000000084c00000, 0x0000000084c00000| Untracked 
|  77|0x0000000084d00000, 0x0000000084d00000, 0x0000000084e00000|  0%| F|  |TAMS 0x0000000084d00000, 0x0000000084d00000| Untracked 
|  78|0x0000000084e00000, 0x0000000084e00000, 0x0000000084f00000|  0%| F|  |TAMS 0x0000000084e00000, 0x0000000084e00000| Untracked 
|  79|0x0000000084f00000, 0x0000000084f00000, 0x0000000085000000|  0%| F|  |TAMS 0x0000000084f00000, 0x0000000084f00000| Untracked 
|  80|0x0000000085000000, 0x0000000085000000, 0x0000000085100000|  0%| F|  |TAMS 0x0000000085000000, 0x0000000085000000| Untracked 
|  81|0x0000000085100000, 0x0000000085100000, 0x0000000085200000|  0%| F|  |TAMS 0x0000000085100000, 0x0000000085100000| Untracked 
|  82|0x0000000085200000, 0x0000000085200000, 0x0000000085300000|  0%| F|  |TAMS 0x0000000085200000, 0x0000000085200000| Untracked 
|  83|0x0000000085300000, 0x0000000085300000, 0x0000000085400000|  0%| F|  |TAMS 0x0000000085300000, 0x0000000085300000| Untracked 
|  84|0x0000000085400000, 0x0000000085400000, 0x0000000085500000|  0%| F|  |TAMS 0x0000000085400000, 0x0000000085400000| Untracked 
|  85|0x0000000085500000, 0x0000000085500000, 0x0000000085600000|  0%| F|  |TAMS 0x0000000085500000, 0x0000000085500000| Untracked 
|  86|0x0000000085600000, 0x0000000085600000, 0x0000000085700000|  0%| F|  |TAMS 0x0000000085600000, 0x0000000085600000| Untracked 
|  87|0x0000000085700000, 0x0000000085700000, 0x0000000085800000|  0%| F|  |TAMS 0x0000000085700000, 0x0000000085700000| Untracked 
|  88|0x0000000085800000, 0x0000000085800000, 0x0000000085900000|  0%| F|  |TAMS 0x0000000085800000, 0x0000000085800000| Untracked 
|  89|0x0000000085900000, 0x0000000085900000, 0x0000000085a00000|  0%| F|  |TAMS 0x0000000085900000, 0x0000000085900000| Untracked 
|  90|0x0000000085a00000, 0x0000000085aa0c48, 0x0000000085b00000| 62%| S|CS|TAMS 0x0000000085a00000, 0x0000000085a00000| Complete 
|  91|0x0000000085b00000, 0x0000000085c00000, 0x0000000085c00000|100%| S|CS|TAMS 0x0000000085b00000, 0x0000000085b00000| Complete 
|  92|0x0000000085c00000, 0x0000000085d00000, 0x0000000085d00000|100%| S|CS|TAMS 0x0000000085c00000, 0x0000000085c00000| Complete 
|  93|0x0000000085d00000, 0x0000000085d00000, 0x0000000085e00000|  0%| F|  |TAMS 0x0000000085d00000, 0x0000000085d00000| Untracked 
|  94|0x0000000085e00000, 0x0000000085e00000, 0x0000000085f00000|  0%| F|  |TAMS 0x0000000085e00000, 0x0000000085e00000| Untracked 
|  95|0x0000000085f00000, 0x0000000085f00000, 0x0000000086000000|  0%| F|  |TAMS 0x0000000085f00000, 0x0000000085f00000| Untracked 
|  96|0x0000000086000000, 0x0000000086000000, 0x0000000086100000|  0%| F|  |TAMS 0x0000000086000000, 0x0000000086000000| Untracked 
|  97|0x0000000086100000, 0x0000000086100000, 0x0000000086200000|  0%| F|  |TAMS 0x0000000086100000, 0x0000000086100000| Untracked 
|  98|0x0000000086200000, 0x0000000086200000, 0x0000000086300000|  0%| F|  |TAMS 0x0000000086200000, 0x0000000086200000| Untracked 
|  99|0x0000000086300000, 0x0000000086300000, 0x0000000086400000|  0%| F|  |TAMS 0x0000000086300000, 0x0000000086300000| Untracked 
| 100|0x0000000086400000, 0x0000000086400000, 0x0000000086500000|  0%| F|  |TAMS 0x0000000086400000, 0x0000000086400000| Untracked 
| 101|0x0000000086500000, 0x0000000086500000, 0x0000000086600000|  0%| F|  |TAMS 0x0000000086500000, 0x0000000086500000| Untracked 
| 102|0x0000000086600000, 0x0000000086600000, 0x0000000086700000|  0%| F|  |TAMS 0x0000000086600000, 0x0000000086600000| Untracked 
| 103|0x0000000086700000, 0x0000000086700000, 0x0000000086800000|  0%| F|  |TAMS 0x0000000086700000, 0x0000000086700000| Untracked 
| 104|0x0000000086800000, 0x0000000086800000, 0x0000000086900000|  0%| F|  |TAMS 0x0000000086800000, 0x0000000086800000| Untracked 
| 105|0x0000000086900000, 0x0000000086900000, 0x0000000086a00000|  0%| F|  |TAMS 0x0000000086900000, 0x0000000086900000| Untracked 
| 106|0x0000000086a00000, 0x0000000086a00000, 0x0000000086b00000|  0%| F|  |TAMS 0x0000000086a00000, 0x0000000086a00000| Untracked 
| 107|0x0000000086b00000, 0x0000000086b00000, 0x0000000086c00000|  0%| F|  |TAMS 0x0000000086b00000, 0x0000000086b00000| Untracked 
| 108|0x0000000086c00000, 0x0000000086c00000, 0x0000000086d00000|  0%| F|  |TAMS 0x0000000086c00000, 0x0000000086c00000| Untracked 
| 109|0x0000000086d00000, 0x0000000086d00000, 0x0000000086e00000|  0%| F|  |TAMS 0x0000000086d00000, 0x0000000086d00000| Untracked 
| 110|0x0000000086e00000, 0x0000000086e00000, 0x0000000086f00000|  0%| F|  |TAMS 0x0000000086e00000, 0x0000000086e00000| Untracked 
| 111|0x0000000086f00000, 0x0000000086f00000, 0x0000000087000000|  0%| F|  |TAMS 0x0000000086f00000, 0x0000000086f00000| Untracked 
| 112|0x0000000087000000, 0x0000000087000000, 0x0000000087100000|  0%| F|  |TAMS 0x0000000087000000, 0x0000000087000000| Untracked 
| 113|0x0000000087100000, 0x0000000087100000, 0x0000000087200000|  0%| F|  |TAMS 0x0000000087100000, 0x0000000087100000| Untracked 
| 114|0x0000000087200000, 0x0000000087200000, 0x0000000087300000|  0%| F|  |TAMS 0x0000000087200000, 0x0000000087200000| Untracked 
| 115|0x0000000087300000, 0x0000000087300000, 0x0000000087400000|  0%| F|  |TAMS 0x0000000087300000, 0x0000000087300000| Untracked 
| 127|0x0000000087f00000, 0x0000000087f00000, 0x0000000088000000|  0%| F|  |TAMS 0x0000000087f00000, 0x0000000087f00000| Untracked 

Card table byte_map: [0x000001b8fba80000,0x000001b8fbe80000] _byte_map_base: 0x000001b8fb680000

Marking Bits (Prev, Next): (CMBitMap*) 0x000001b8e4778330, (CMBitMap*) 0x000001b8e47782f0
 Prev Bits: [0x000001b880000000, 0x000001b882000000)
 Next Bits: [0x000001b8fc280000, 0x000001b8fe280000)

Polling page: 0x000001b8e2700000

Metaspace:

Usage:
  Non-class:     64.83 MB used.
      Class:     10.07 MB used.
       Both:     74.90 MB used.

Virtual space:
  Non-class space:      128.00 MB reserved,      65.69 MB ( 51%) committed,  2 nodes.
      Class space:      412.00 MB reserved,      11.00 MB (  3%) committed,  1 nodes.
             Both:      540.00 MB reserved,      76.69 MB ( 14%) committed. 

Chunk freelists:
   Non-Class:  2.06 MB
       Class:  910.00 KB
        Both:  2.95 MB

MaxMetaspaceSize: 512.00 MB
CompressedClassSpaceSize: 412.00 MB
Initial GC threshold: 21.00 MB
Current GC threshold: 111.06 MB
CDS: on
MetaspaceReclaimPolicy: balanced
 - commit_granule_bytes: 65536.
 - commit_granule_words: 8192.
 - virtual_space_node_default_size: 8388608.
 - enlarge_chunks_in_place: 1.
 - new_chunks_are_fully_committed: 0.
 - uncommit_free_chunks: 1.
 - use_allocation_guard: 0.


Internal statistics:

num_allocs_failed_limit: 6.
num_arena_births: 3328.
num_arena_deaths: 0.
num_vsnodes_births: 3.
num_vsnodes_deaths: 0.
num_space_committed: 1227.
num_space_uncommitted: 0.
num_chunks_returned_to_freelist: 6.
num_chunks_taken_from_freelist: 6883.
num_chunk_merges: 6.
num_chunk_splits: 4470.
num_chunks_enlarged: 2772.
num_inconsistent_stats: 0.

CodeHeap 'non-profiled nmethods': size=120000Kb used=4322Kb max_used=4856Kb free=115677Kb
 bounds [0x000001b8f4150000, 0x000001b8f4610000, 0x000001b8fb680000]
CodeHeap 'profiled nmethods': size=120000Kb used=16291Kb max_used=18524Kb free=103708Kb
 bounds [0x000001b8ec680000, 0x000001b8ed8a0000, 0x000001b8f3bb0000]
CodeHeap 'non-nmethods': size=5760Kb used=2479Kb max_used=2552Kb free=3280Kb
 bounds [0x000001b8f3bb0000, 0x000001b8f3e40000, 0x000001b8f4150000]
 total_blobs=9347 nmethods=8414 adapters=843
 compilation: enabled
              stopped_count=0, restarted_count=0
 full_count=0

Compilation events (20 events):
Event: 77.061 Thread 0x000001b8fe742cb0 nmethod 9980 0x000001b8f422b110 code [0x000001b8f422b300, 0x000001b8f422c588]
Event: 77.343 Thread 0x000001b8fe745780 9981       3       java.lang.invoke.InfoFromMemberName::getDeclaringClass (8 bytes)
Event: 77.343 Thread 0x000001b8fe745780 nmethod 9981 0x000001b8ec6ffc10 code [0x000001b8ec6ffda0, 0x000001b8ec6ffed8]
Event: 77.345 Thread 0x000001b8fe745780 9982       3       jdk.internal.reflect.Reflection::filterMethods (28 bytes)
Event: 77.345 Thread 0x000001b8fe745780 nmethod 9982 0x000001b8ec6cc490 code [0x000001b8ec6cc660, 0x000001b8ec6ccad8]
Event: 77.347 Thread 0x000001b8fe745780 9983       1       org.codehaus.groovy.runtime.metaclass.ClosureMetaClass::isInitialized (5 bytes)
Event: 77.347 Thread 0x000001b8fe745780 nmethod 9983 0x000001b8f4288290 code [0x000001b8f4288420, 0x000001b8f42884f8]
Event: 77.350 Thread 0x000001b8fe742cb0 9984       4       org.codehaus.groovy.reflection.ReflectionCache::getCachedClass (14 bytes)
Event: 77.358 Thread 0x000001b8fe742cb0 nmethod 9984 0x000001b8f41bde10 code [0x000001b8f41be000, 0x000001b8f41be470]
Event: 77.358 Thread 0x000001b8fe742cb0 9985       4       java.lang.Class::privateGetDeclaredMethods (64 bytes)
Event: 77.369 Thread 0x000001b8fe745780 9987       3       org.codehaus.groovy.reflection.CachedClass$3::initValue (194 bytes)
Event: 77.371 Thread 0x000001b8fe745780 nmethod 9987 0x000001b8ecc55d10 code [0x000001b8ecc56100, 0x000001b8ecc580b8]
Event: 77.403 Thread 0x000001b8fe742cb0 nmethod 9985 0x000001b8f4228290 code [0x000001b8f4228500, 0x000001b8f4229950]
Event: 77.403 Thread 0x000001b8fe742cb0 9986       4       java.lang.Class::getMethodsRecursive (99 bytes)
Event: 77.506 Thread 0x000001b8fe742cb0 nmethod 9986 0x000001b8f425c110 code [0x000001b8f425c400, 0x000001b8f425ec10]
Event: 77.686 Thread 0x000001b8fe742cb0 9988       4       java.util.stream.Nodes$SpinedNodeBuilder::accept (29 bytes)
Event: 77.698 Thread 0x000001b8fe742cb0 nmethod 9988 0x000001b8f4306010 code [0x000001b8f43061e0, 0x000001b8f4306b98]
Event: 77.699 Thread 0x000001b8fe742cb0 9989       4       java.util.ComparableTimSort::binarySort (223 bytes)
Event: 77.708 Thread 0x000001b8fe745780 9991       3       jdk.internal.misc.VM::toThreadState (68 bytes)
Event: 77.709 Thread 0x000001b8fe745780 nmethod 9991 0x000001b8ec75f090 code [0x000001b8ec75f280, 0x000001b8ec75f618]

GC Heap History (20 events):
Event: 68.809 GC heap after
{Heap after GC invocations=31 (full 0):
 garbage-first heap   total 86016K, used 62312K [0x0000000080000000, 0x0000000100000000)
  region size 1024K, 2 young (2048K), 2 survivors (2048K)
 Metaspace       used 65533K, committed 67328K, reserved 487424K
  class space    used 8986K, committed 9920K, reserved 421888K
}
Event: 70.133 GC heap before
{Heap before GC invocations=31 (full 0):
 garbage-first heap   total 86016K, used 72552K [0x0000000080000000, 0x0000000100000000)
  region size 1024K, 11 young (11264K), 2 survivors (2048K)
 Metaspace       used 65693K, committed 67520K, reserved 487424K
  class space    used 9006K, committed 9984K, reserved 421888K
}
Event: 70.135 GC heap after
{Heap after GC invocations=32 (full 0):
 garbage-first heap   total 86016K, used 64998K [0x0000000080000000, 0x0000000100000000)
  region size 1024K, 2 young (2048K), 2 survivors (2048K)
 Metaspace       used 65693K, committed 67520K, reserved 487424K
  class space    used 9006K, committed 9984K, reserved 421888K
}
Event: 70.503 GC heap before
{Heap before GC invocations=32 (full 0):
 garbage-first heap   total 86016K, used 71142K [0x0000000080000000, 0x0000000100000000)
  region size 1024K, 8 young (8192K), 2 survivors (2048K)
 Metaspace       used 65697K, committed 67520K, reserved 487424K
  class space    used 9006K, committed 9984K, reserved 421888K
}
Event: 70.505 GC heap after
{Heap after GC invocations=33 (full 0):
 garbage-first heap   total 86016K, used 68526K [0x0000000080000000, 0x0000000100000000)
  region size 1024K, 1 young (1024K), 1 survivors (1024K)
 Metaspace       used 65697K, committed 67520K, reserved 487424K
  class space    used 9006K, committed 9984K, reserved 421888K
}
Event: 70.662 GC heap before
{Heap before GC invocations=33 (full 0):
 garbage-first heap   total 86016K, used 71598K [0x0000000080000000, 0x0000000100000000)
  region size 1024K, 4 young (4096K), 1 survivors (1024K)
 Metaspace       used 65873K, committed 67712K, reserved 487424K
  class space    used 9031K, committed 9984K, reserved 421888K
}
Event: 70.664 GC heap after
{Heap after GC invocations=34 (full 0):
 garbage-first heap   total 86016K, used 69283K [0x0000000080000000, 0x0000000100000000)
  region size 1024K, 1 young (1024K), 1 survivors (1024K)
 Metaspace       used 65873K, committed 67712K, reserved 487424K
  class space    used 9031K, committed 9984K, reserved 421888K
}
Event: 70.788 GC heap before
{Heap before GC invocations=34 (full 0):
 garbage-first heap   total 86016K, used 71331K [0x0000000080000000, 0x0000000100000000)
  region size 1024K, 4 young (4096K), 1 survivors (1024K)
 Metaspace       used 66379K, committed 68224K, reserved 487424K
  class space    used 9090K, committed 10048K, reserved 421888K
}
Event: 70.791 GC heap after
{Heap after GC invocations=35 (full 0):
 garbage-first heap   total 86016K, used 69352K [0x0000000080000000, 0x0000000100000000)
  region size 1024K, 1 young (1024K), 1 survivors (1024K)
 Metaspace       used 66379K, committed 68224K, reserved 487424K
  class space    used 9090K, committed 10048K, reserved 421888K
}
Event: 70.963 GC heap before
{Heap before GC invocations=36 (full 0):
 garbage-first heap   total 119808K, used 71400K [0x0000000080000000, 0x0000000100000000)
  region size 1024K, 4 young (4096K), 1 survivors (1024K)
 Metaspace       used 66748K, committed 68608K, reserved 487424K
  class space    used 9132K, committed 10112K, reserved 421888K
}
Event: 70.965 GC heap after
{Heap after GC invocations=37 (full 0):
 garbage-first heap   total 119808K, used 69429K [0x0000000080000000, 0x0000000100000000)
  region size 1024K, 1 young (1024K), 1 survivors (1024K)
 Metaspace       used 66748K, committed 68608K, reserved 487424K
  class space    used 9132K, committed 10112K, reserved 421888K
}
Event: 71.244 GC heap before
{Heap before GC invocations=37 (full 0):
 garbage-first heap   total 119808K, used 73525K [0x0000000080000000, 0x0000000100000000)
  region size 1024K, 5 young (5120K), 1 survivors (1024K)
 Metaspace       used 67311K, committed 69184K, reserved 487424K
  class space    used 9206K, committed 10176K, reserved 421888K
}
Event: 71.248 GC heap after
{Heap after GC invocations=38 (full 0):
 garbage-first heap   total 119808K, used 68362K [0x0000000080000000, 0x0000000100000000)
  region size 1024K, 1 young (1024K), 1 survivors (1024K)
 Metaspace       used 67311K, committed 69184K, reserved 487424K
  class space    used 9206K, committed 10176K, reserved 421888K
}
Event: 72.851 GC heap before
{Heap before GC invocations=38 (full 0):
 garbage-first heap   total 119808K, used 89866K [0x0000000080000000, 0x0000000100000000)
  region size 1024K, 23 young (23552K), 1 survivors (1024K)
 Metaspace       used 71077K, committed 72896K, reserved 487424K
  class space    used 9596K, committed 10560K, reserved 421888K
}
Event: 72.855 GC heap after
{Heap after GC invocations=39 (full 0):
 garbage-first heap   total 119808K, used 70324K [0x0000000080000000, 0x0000000100000000)
  region size 1024K, 3 young (3072K), 3 survivors (3072K)
 Metaspace       used 71077K, committed 72896K, reserved 487424K
  class space    used 9596K, committed 10560K, reserved 421888K
}
Event: 73.918 GC heap before
{Heap before GC invocations=39 (full 0):
 garbage-first heap   total 119808K, used 98996K [0x0000000080000000, 0x0000000100000000)
  region size 1024K, 25 young (25600K), 3 survivors (3072K)
 Metaspace       used 72596K, committed 74432K, reserved 487424K
  class space    used 9784K, committed 10752K, reserved 421888K
}
Event: 73.924 GC heap after
{Heap after GC invocations=40 (full 0):
 garbage-first heap   total 119808K, used 72752K [0x0000000080000000, 0x0000000100000000)
  region size 1024K, 4 young (4096K), 4 survivors (4096K)
 Metaspace       used 72596K, committed 74432K, reserved 487424K
  class space    used 9784K, committed 10752K, reserved 421888K
}
Event: 75.061 GC heap before
{Heap before GC invocations=40 (full 0):
 garbage-first heap   total 119808K, used 94256K [0x0000000080000000, 0x0000000100000000)
  region size 1024K, 25 young (25600K), 4 survivors (4096K)
 Metaspace       used 74514K, committed 76416K, reserved 552960K
  class space    used 10018K, committed 11008K, reserved 421888K
}
Event: 75.074 GC heap after
{Heap after GC invocations=41 (full 0):
 garbage-first heap   total 119808K, used 74060K [0x0000000080000000, 0x0000000100000000)
  region size 1024K, 2 young (2048K), 2 survivors (2048K)
 Metaspace       used 74514K, committed 76416K, reserved 552960K
  class space    used 10018K, committed 11008K, reserved 421888K
}
Event: 77.711 GC heap before
{Heap before GC invocations=41 (full 0):
 garbage-first heap   total 119808K, used 96588K [0x0000000080000000, 0x0000000100000000)
  region size 1024K, 24 young (24576K), 2 survivors (2048K)
 Metaspace       used 76701K, committed 78528K, reserved 552960K
  class space    used 10310K, committed 11264K, reserved 421888K
}

Dll operation events (13 events):
Event: 0.011 Loaded shared library C:\Program Files\Java\jdk-19\bin\java.dll
Event: 0.141 Loaded shared library C:\Program Files\Java\jdk-19\bin\jsvml.dll
Event: 0.499 Loaded shared library C:\Program Files\Java\jdk-19\bin\net.dll
Event: 0.505 Loaded shared library C:\Program Files\Java\jdk-19\bin\nio.dll
Event: 0.513 Loaded shared library C:\Program Files\Java\jdk-19\bin\zip.dll
Event: 1.401 Loaded shared library C:\Program Files\Java\jdk-19\bin\jimage.dll
Event: 1.663 Loaded shared library C:\Program Files\Java\jdk-19\bin\verify.dll
Event: 2.295 Loaded shared library C:\Users\akhlaq\.gradle\native\68d5fa5c4cc2d200863cafc0d521ce42e7d3e7ee720ec0a83991735586a16f82\windows-amd64\native-platform.dll
Event: 2.313 Loaded shared library C:\Users\akhlaq\.gradle\native\e376f236ea51e6404a007f0833ffe2c6e607c4080706a723a18a27aeea778392\windows-amd64\native-platform-file-events.dll
Event: 6.416 Loaded shared library C:\Program Files\Java\jdk-19\bin\management.dll
Event: 6.419 Loaded shared library C:\Program Files\Java\jdk-19\bin\management_ext.dll
Event: 7.763 Loaded shared library C:\Program Files\Java\jdk-19\bin\extnet.dll
Event: 8.717 Loaded shared library C:\Program Files\Java\jdk-19\bin\sunmscapi.dll

Deoptimization events (20 events):
Event: 76.242 Thread 0x000001b888949120 Uncommon trap: trap_request=0xffffff45 fr.pc=0x000001b8f456028c relative=0x00000000000002ec
Event: 76.242 Thread 0x000001b888949120 Uncommon trap: reason=unstable_if action=reinterpret pc=0x000001b8f456028c method=java.lang.String.indexOf([BBILjava/lang/String;I)I @ 21 c2
Event: 76.242 Thread 0x000001b888949120 DEOPT PACKING pc=0x000001b8f456028c sp=0x00000045c5df6430
Event: 76.242 Thread 0x000001b888949120 DEOPT UNPACKING pc=0x000001b8f3c16da3 sp=0x00000045c5df6328 mode 2
Event: 76.242 Thread 0x000001b888949120 Uncommon trap: trap_request=0xffffff45 fr.pc=0x000001b8f45609c0 relative=0x00000000000002a0
Event: 76.242 Thread 0x000001b888949120 Uncommon trap: reason=unstable_if action=reinterpret pc=0x000001b8f45609c0 method=java.lang.String.indexOf([BBILjava/lang/String;I)I @ 21 c2
Event: 76.242 Thread 0x000001b888949120 DEOPT PACKING pc=0x000001b8f45609c0 sp=0x00000045c5df6380
Event: 76.242 Thread 0x000001b888949120 DEOPT UNPACKING pc=0x000001b8f3c16da3 sp=0x00000045c5df6320 mode 2
Event: 76.258 Thread 0x000001b888949120 Uncommon trap: trap_request=0xffffff45 fr.pc=0x000001b8f45694b4 relative=0x00000000000009f4
Event: 76.258 Thread 0x000001b888949120 Uncommon trap: reason=unstable_if action=reinterpret pc=0x000001b8f45694b4 method=java.util.regex.Pattern.atom()Ljava/util/regex/Pattern$Node; @ 14 c2
Event: 76.258 Thread 0x000001b888949120 DEOPT PACKING pc=0x000001b8f45694b4 sp=0x00000045c5df61a0
Event: 76.258 Thread 0x000001b888949120 DEOPT UNPACKING pc=0x000001b8f3c16da3 sp=0x00000045c5df6148 mode 2
Event: 76.270 Thread 0x000001b888949120 Uncommon trap: trap_request=0xffffff45 fr.pc=0x000001b8f41db8b4 relative=0x00000000000004f4
Event: 76.270 Thread 0x000001b888949120 Uncommon trap: reason=unstable_if action=reinterpret pc=0x000001b8f41db8b4 method=java.lang.AbstractStringBuilder.appendChars(Ljava/lang/String;II)V @ 11 c2
Event: 76.270 Thread 0x000001b888949120 DEOPT PACKING pc=0x000001b8f41db8b4 sp=0x00000045c5df6260
Event: 76.270 Thread 0x000001b888949120 DEOPT UNPACKING pc=0x000001b8f3c16da3 sp=0x00000045c5df6190 mode 2
Event: 76.658 Thread 0x000001b888949120 Uncommon trap: trap_request=0xffffff45 fr.pc=0x000001b8f4525154 relative=0x00000000000007b4
Event: 76.658 Thread 0x000001b888949120 Uncommon trap: reason=unstable_if action=reinterpret pc=0x000001b8f4525154 method=org.apache.commons.io.FilenameUtils.doNormalize(Ljava/lang/String;CZ)Ljava/lang/String; @ 226 c2
Event: 76.658 Thread 0x000001b888949120 DEOPT PACKING pc=0x000001b8f4525154 sp=0x00000045c5df8a10
Event: 76.658 Thread 0x000001b888949120 DEOPT UNPACKING pc=0x000001b8f3c16da3 sp=0x00000045c5df89a8 mode 2

Classes loaded (20 events):
Event: 74.534 Loading class java/security/KeyStore$1
Event: 74.534 Loading class java/security/KeyStore$1 done
Event: 75.059 Loading class javax/xml/stream/XMLStreamException
Event: 75.059 Loading class javax/xml/stream/XMLStreamException done
Event: 75.152 Loading class sun/reflect/annotation/AnnotationInvocationHandler$1
Event: 75.153 Loading class sun/reflect/annotation/AnnotationInvocationHandler$1 done
Event: 75.587 Loading class java/util/concurrent/atomic/AtomicIntegerArray
Event: 75.590 Loading class java/util/concurrent/atomic/AtomicIntegerArray done
Event: 75.593 Loading class java/util/Currency
Event: 75.613 Loading class java/util/Currency done
Event: 75.646 Loading class java/util/concurrent/atomic/AtomicLongArray
Event: 75.647 Loading class java/util/concurrent/atomic/AtomicLongArray done
Event: 75.881 Loading class sun/reflect/generics/repository/FieldRepository
Event: 75.992 Loading class sun/reflect/generics/repository/FieldRepository done
Event: 76.013 Loading class jdk/internal/vm/annotation/ForceInline
Event: 76.014 Loading class jdk/internal/vm/annotation/ForceInline done
Event: 76.272 Loading class java/util/regex/Pattern$Caret
Event: 76.272 Loading class java/util/regex/Pattern$Caret done
Event: 76.688 Loading class java/util/regex/Pattern$Pos
Event: 76.688 Loading class java/util/regex/Pattern$Pos done

Classes unloaded (0 events):
No events

Classes redefined (0 events):
No events

Internal exceptions (20 events):
Event: 70.490 Thread 0x000001b888949120 Exception <a 'java/lang/ClassNotFoundException'{0x0000000084ff2440}: org/gradle/api/DefaultTaskBeanInfo> (0x0000000084ff2440) 
thrown [s\open\src\hotspot\share\classfile\systemDictionary.cpp, line 255]
Event: 70.491 Thread 0x000001b888949120 Exception <a 'java/lang/ClassNotFoundException'{0x0000000084e05ce8}: org/gradle/api/internal/AbstractTaskBeanInfo> (0x0000000084e05ce8) 
thrown [s\open\src\hotspot\share\classfile\systemDictionary.cpp, line 255]
Event: 70.493 Thread 0x000001b888949120 Exception <a 'java/lang/ClassNotFoundException'{0x0000000084e19418}: org/gradle/api/internal/AbstractTaskCustomizer> (0x0000000084e19418) 
thrown [s\open\src\hotspot\share\classfile\systemDictionary.cpp, line 255]
Event: 70.497 Thread 0x000001b888949120 Exception <a 'java/lang/ClassNotFoundException'{0x0000000084e7e328}: org/gradle/api/DefaultTaskCustomizer> (0x0000000084e7e328) 
thrown [s\open\src\hotspot\share\classfile\systemDictionary.cpp, line 255]
Event: 70.502 Thread 0x000001b888949120 Exception <a 'java/lang/ClassNotFoundException'{0x0000000084eee658}: org/gradle/api/internal/ConventionTaskCustomizer> (0x0000000084eee658) 
thrown [s\open\src\hotspot\share\classfile\systemDictionary.cpp, line 255]
Event: 70.506 Thread 0x000001b888949120 Exception <a 'java/lang/ClassNotFoundException'{0x0000000087f11b80}: org/gradle/api/tasks/DeleteCustomizer> (0x0000000087f11b80) 
thrown [s\open\src\hotspot\share\classfile\systemDictionary.cpp, line 255]
Event: 70.508 Thread 0x000001b888949120 Exception <a 'java/lang/ClassNotFoundException'{0x0000000087f39ee0}: org/gradle/api/tasks/Delete_DecoratedCustomizer> (0x0000000087f39ee0) 
thrown [s\open\src\hotspot\share\classfile\systemDictionary.cpp, line 255]
Event: 70.616 Thread 0x000001b888949120 Exception <a 'java/lang/ClassNotFoundException'{0x0000000086fcc220}: build_5qm2qijeq2sqf2yiwcnfhkby0BeanInfo> (0x0000000086fcc220) 
thrown [s\open\src\hotspot\share\classfile\systemDictionary.cpp, line 255]
Event: 70.616 Thread 0x000001b888949120 Exception <a 'java/lang/ClassNotFoundException'{0x0000000086fd2b78}: build_5qm2qijeq2sqf2yiwcnfhkby0Customizer> (0x0000000086fd2b78) 
thrown [s\open\src\hotspot\share\classfile\systemDictionary.cpp, line 255]
Event: 72.858 Thread 0x000001b888949120 Implicit null exception at 0x000001b8f432c6ac to 0x000001b8f432c7e6
Event: 73.377 Thread 0x000001b888949120 Exception <a 'sun/nio/fs/WindowsException'{0x00000000866c9a40}> (0x00000000866c9a40) 
thrown [s\open\src\hotspot\share\prims\jni.cpp, line 517]
Event: 75.253 Thread 0x000001b888949120 Implicit null exception at 0x000001b8f443b0e9 to 0x000001b8f443b1bc
Event: 76.015 Thread 0x000001b888949120 Exception <a 'java/lang/NoSuchMethodError'{0x0000000086b23080}: 'void java.lang.invoke.Invokers$Holder.invokeExact_MT(java.lang.Object, java.lang.Object, java.lang.Object, java.lang.Object)'> (0x0000000086b23080) 
thrown [s\open\src\hotspot\share\interpreter\linkResolver.cpp, line 774]
Event: 77.706 Thread 0x000001b888949120 Exception <a 'java/lang/ClassNotFoundException'{0x0000000085e98db8}: com/android/build/gradle/internal/dsl/BaseAppModuleExtension_DecoratedBeanInfo> (0x0000000085e98db8) 
thrown [s\open\src\hotspot\share\classfile\systemDictionary.cpp, line 255]
Event: 77.706 Thread 0x000001b888949120 Exception <a 'java/lang/ClassNotFoundException'{0x0000000085ea4318}: com/android/build/gradle/internal/dsl/BaseAppModuleExtensionBeanInfo> (0x0000000085ea4318) 
thrown [s\open\src\hotspot\share\classfile\systemDictionary.cpp, line 255]
Event: 77.707 Thread 0x000001b888949120 Exception <a 'java/lang/ClassNotFoundException'{0x0000000085eaf690}: com/android/build/gradle/AppExtensionBeanInfo> (0x0000000085eaf690) 
thrown [s\open\src\hotspot\share\classfile\systemDictionary.cpp, line 255]
Event: 77.708 Thread 0x000001b888949120 Exception <a 'java/lang/ClassNotFoundException'{0x0000000085ebab80}: com/android/build/gradle/AbstractAppExtensionBeanInfo> (0x0000000085ebab80) 
thrown [s\open\src\hotspot\share\classfile\systemDictionary.cpp, line 255]
Event: 77.708 Thread 0x000001b888949120 Exception <a 'java/lang/ClassNotFoundException'{0x0000000085ec6028}: com/android/build/gradle/TestedExtensionBeanInfo> (0x0000000085ec6028) 
thrown [s\open\src\hotspot\share\classfile\systemDictionary.cpp, line 255]
Event: 77.709 Thread 0x000001b888949120 Exception <a 'java/lang/ClassNotFoundException'{0x0000000085ed13e0}: com/android/build/gradle/BaseExtensionBeanInfo> (0x0000000085ed13e0) 
thrown [s\open\src\hotspot\share\classfile\systemDictionary.cpp, line 255]
Event: 77.710 Thread 0x000001b888949120 Exception <a 'java/lang/ClassNotFoundException'{0x0000000085edc850}: com/android/build/gradle/BaseExtensionCustomizer> (0x0000000085edc850) 
thrown [s\open\src\hotspot\share\classfile\systemDictionary.cpp, line 255]

VM Operations (20 events):
Event: 72.872 Executing VM operation: HandshakeAllThreads done
Event: 73.886 Executing VM operation: Cleanup
Event: 73.886 Executing VM operation: Cleanup done
Event: 73.918 Executing VM operation: G1CollectForAllocation
Event: 73.924 Executing VM operation: G1CollectForAllocation done
Event: 74.930 Executing VM operation: Cleanup
Event: 74.977 Executing VM operation: Cleanup done
Event: 75.061 Executing VM operation: G1CollectForAllocation
Event: 75.074 Executing VM operation: G1CollectForAllocation done
Event: 76.087 Executing VM operation: Cleanup
Event: 76.136 Executing VM operation: Cleanup done
Event: 76.376 Executing VM operation: HandshakeAllThreads
Event: 76.386 Executing VM operation: HandshakeAllThreads done
Event: 76.471 Executing VM operation: HandshakeAllThreads
Event: 76.514 Executing VM operation: HandshakeAllThreads done
Event: 76.630 Executing VM operation: HandshakeAllThreads
Event: 76.630 Executing VM operation: HandshakeAllThreads done
Event: 77.642 Executing VM operation: Cleanup
Event: 77.677 Executing VM operation: Cleanup done
Event: 77.711 Executing VM operation: G1CollectForAllocation

Events (20 events):
Event: 76.644 Thread 0x000001b8fe8b8070 flushing nmethod 0x000001b8ed72d610
Event: 76.644 Thread 0x000001b8fe8b8070 flushing nmethod 0x000001b8ed72db90
Event: 76.644 Thread 0x000001b8fe8b8070 flushing nmethod 0x000001b8ed72df90
Event: 76.644 Thread 0x000001b8fe8b8070 flushing nmethod 0x000001b8ed730590
Event: 76.644 Thread 0x000001b8fe8b8070 flushing nmethod 0x000001b8ed731910
Event: 76.644 Thread 0x000001b8fe8b8070 flushing nmethod 0x000001b8ed732a90
Event: 76.644 Thread 0x000001b8fe8b8070 flushing nmethod 0x000001b8ed739890
Event: 76.644 Thread 0x000001b8fe8b8070 flushing nmethod 0x000001b8ed73ab90
Event: 76.644 Thread 0x000001b8fe8b8070 flushing nmethod 0x000001b8ed73ba10
Event: 76.644 Thread 0x000001b8fe8b8070 flushing nmethod 0x000001b8ed742690
Event: 76.644 Thread 0x000001b8fe8b8070 flushing nmethod 0x000001b8ed749810
Event: 76.644 Thread 0x000001b8fe8b8070 flushing nmethod 0x000001b8ed74d890
Event: 76.644 Thread 0x000001b8fe8b8070 flushing nmethod 0x000001b8ed773590
Event: 76.644 Thread 0x000001b8fe8b8070 flushing nmethod 0x000001b8ed77c110
Event: 76.644 Thread 0x000001b8fe8b8070 flushing nmethod 0x000001b8ed789410
Event: 76.645 Thread 0x000001b8fe8b8070 flushing nmethod 0x000001b8ed84dd90
Event: 76.645 Thread 0x000001b8fe8b8070 flushing nmethod 0x000001b8ed851110
Event: 76.645 Thread 0x000001b8fe8b8070 flushing nmethod 0x000001b8ed853190
Event: 76.645 Thread 0x000001b8fe8b8070 flushing nmethod 0x000001b8ed881910
Event: 76.645 Thread 0x000001b8fe8b8070 flushing nmethod 0x000001b8ed885610


Dynamic libraries:
0x00007ff675e80000 - 0x00007ff675e90000 	C:\Program Files\Java\jdk-19\bin\java.exe
0x00007ffdd3990000 - 0x00007ffdd3b88000 	C:\WINDOWS\SYSTEM32\ntdll.dll
0x00007ffdd2490000 - 0x00007ffdd254d000 	C:\WINDOWS\System32\KERNEL32.DLL
0x00007ffdd11a0000 - 0x00007ffdd1496000 	C:\WINDOWS\System32\KERNELBASE.dll
0x00007ffdd14a0000 - 0x00007ffdd15a0000 	C:\WINDOWS\System32\ucrtbase.dll
0x00007ffdc7040000 - 0x00007ffdc7058000 	C:\Program Files\Java\jdk-19\bin\jli.dll
0x00007ffdd3290000 - 0x00007ffdd3340000 	C:\WINDOWS\System32\ADVAPI32.dll
0x00007ffdd3340000 - 0x00007ffdd33de000 	C:\WINDOWS\System32\msvcrt.dll
0x00007ffdd23f0000 - 0x00007ffdd2490000 	C:\WINDOWS\System32\sechost.dll
0x00007ffdd33e0000 - 0x00007ffdd3503000 	C:\WINDOWS\System32\RPCRT4.dll
0x00007ffdd1170000 - 0x00007ffdd1197000 	C:\WINDOWS\System32\bcrypt.dll
0x00007ffdd1b40000 - 0x00007ffdd1cdf000 	C:\WINDOWS\System32\USER32.dll
0x00007ffdd19a0000 - 0x00007ffdd19c2000 	C:\WINDOWS\System32\win32u.dll
0x00007ffdd2050000 - 0x00007ffdd207b000 	C:\WINDOWS\System32\GDI32.dll
0x00007ffdd1050000 - 0x00007ffdd1167000 	C:\WINDOWS\System32\gdi32full.dll
0x00007ffdd16e0000 - 0x00007ffdd177d000 	C:\WINDOWS\System32\msvcp_win.dll
0x00007ffdbf4e0000 - 0x00007ffdbf4fb000 	C:\Program Files\Java\jdk-19\bin\VCRUNTIME140.dll
0x00007ffdbd1f0000 - 0x00007ffdbd48a000 	C:\WINDOWS\WinSxS\amd64_microsoft.windows.common-controls_6595b64144ccf1df_6.0.19041.4355_none_60b8b9eb71f62e16\COMCTL32.dll
0x00007ffdc0920000 - 0x00007ffdc092a000 	C:\WINDOWS\SYSTEM32\VERSION.dll
0x00007ffdd3920000 - 0x00007ffdd394f000 	C:\WINDOWS\System32\IMM32.DLL
0x00007ffdca070000 - 0x00007ffdca07c000 	C:\Program Files\Java\jdk-19\bin\vcruntime140_1.dll
0x00007ffdbdec0000 - 0x00007ffdbdf4e000 	C:\Program Files\Java\jdk-19\bin\msvcp140.dll
0x00007ffd61130000 - 0x00007ffd61df0000 	C:\Program Files\Java\jdk-19\bin\server\jvm.dll
0x00007ffdb4bb0000 - 0x00007ffdb4bb9000 	C:\WINDOWS\SYSTEM32\WSOCK32.dll
0x00007ffdd2630000 - 0x00007ffdd269b000 	C:\WINDOWS\System32\WS2_32.dll
0x00007ffdbc070000 - 0x00007ffdbc097000 	C:\WINDOWS\SYSTEM32\WINMM.dll
0x00007ffdcf860000 - 0x00007ffdcf872000 	C:\WINDOWS\SYSTEM32\kernel.appcore.dll
0x00007ffdc9220000 - 0x00007ffdc922a000 	C:\Program Files\Java\jdk-19\bin\jimage.dll
0x00007ffdcf530000 - 0x00007ffdcf714000 	C:\WINDOWS\SYSTEM32\DBGHELP.DLL
0x00007ffdb9400000 - 0x00007ffdb9434000 	C:\WINDOWS\SYSTEM32\dbgcore.DLL
0x00007ffdd15a0000 - 0x00007ffdd1622000 	C:\WINDOWS\System32\bcryptPrimitives.dll
0x00007ffdbf350000 - 0x00007ffdbf376000 	C:\Program Files\Java\jdk-19\bin\java.dll
0x00007ffdbc940000 - 0x00007ffdbca17000 	C:\Program Files\Java\jdk-19\bin\jsvml.dll
0x00007ffdd2b20000 - 0x00007ffdd328c000 	C:\WINDOWS\System32\SHELL32.dll
0x00007ffdcecc0000 - 0x00007ffdcf45d000 	C:\WINDOWS\SYSTEM32\windows.storage.dll
0x00007ffdd1ce0000 - 0x00007ffdd2033000 	C:\WINDOWS\System32\combase.dll
0x00007ffdd09a0000 - 0x00007ffdd09ce000 	C:\WINDOWS\SYSTEM32\Wldp.dll
0x00007ffdd22c0000 - 0x00007ffdd238d000 	C:\WINDOWS\System32\OLEAUT32.dll
0x00007ffdd2130000 - 0x00007ffdd21dd000 	C:\WINDOWS\System32\SHCORE.dll
0x00007ffdd2390000 - 0x00007ffdd23e5000 	C:\WINDOWS\System32\shlwapi.dll
0x00007ffdd0f80000 - 0x00007ffdd0fa4000 	C:\WINDOWS\SYSTEM32\profapi.dll
0x00007ffdb7960000 - 0x00007ffdb7973000 	C:\Program Files\Java\jdk-19\bin\net.dll
0x00007ffdc7220000 - 0x00007ffdc732a000 	C:\WINDOWS\SYSTEM32\WINHTTP.dll
0x00007ffdd0700000 - 0x00007ffdd076a000 	C:\WINDOWS\system32\mswsock.dll
0x00007ffd74e50000 - 0x00007ffd74e66000 	C:\Program Files\Java\jdk-19\bin\nio.dll
0x00007ffd74d40000 - 0x00007ffd74d58000 	C:\Program Files\Java\jdk-19\bin\zip.dll
0x00007ffdcdb50000 - 0x00007ffdcdb60000 	C:\Program Files\Java\jdk-19\bin\verify.dll
0x00007ffdbef40000 - 0x00007ffdbef67000 	C:\Users\akhlaq\.gradle\native\68d5fa5c4cc2d200863cafc0d521ce42e7d3e7ee720ec0a83991735586a16f82\windows-amd64\native-platform.dll
0x00007ffd752b0000 - 0x00007ffd753f4000 	C:\Users\akhlaq\.gradle\native\e376f236ea51e6404a007f0833ffe2c6e607c4080706a723a18a27aeea778392\windows-amd64\native-platform-file-events.dll
0x00007ffdca520000 - 0x00007ffdca52a000 	C:\Program Files\Java\jdk-19\bin\management.dll
0x00007ffdbe2b0000 - 0x00007ffdbe2bb000 	C:\Program Files\Java\jdk-19\bin\management_ext.dll
0x00007ffdd3510000 - 0x00007ffdd3518000 	C:\WINDOWS\System32\PSAPI.DLL
0x00007ffdd0900000 - 0x00007ffdd0918000 	C:\WINDOWS\SYSTEM32\CRYPTSP.dll
0x00007ffdd0020000 - 0x00007ffdd0054000 	C:\WINDOWS\system32\rsaenh.dll
0x00007ffdd0f30000 - 0x00007ffdd0f5e000 	C:\WINDOWS\SYSTEM32\USERENV.dll
0x00007ffdd08f0000 - 0x00007ffdd08fc000 	C:\WINDOWS\SYSTEM32\CRYPTBASE.dll
0x00007ffdd03e0000 - 0x00007ffdd041b000 	C:\WINDOWS\SYSTEM32\IPHLPAPI.DLL
0x00007ffdd26a0000 - 0x00007ffdd26a8000 	C:\WINDOWS\System32\NSI.dll
0x00007ffdc4a70000 - 0x00007ffdc4a87000 	C:\WINDOWS\SYSTEM32\dhcpcsvc6.DLL
0x00007ffdc4850000 - 0x00007ffdc486d000 	C:\WINDOWS\SYSTEM32\dhcpcsvc.DLL
0x00007ffdd0420000 - 0x00007ffdd04ea000 	C:\WINDOWS\SYSTEM32\DNSAPI.dll
0x00007ffdb8dd0000 - 0x00007ffdb8dd8000 	C:\Program Files\Java\jdk-19\bin\extnet.dll
0x00007ffdbe2a0000 - 0x00007ffdbe2ae000 	C:\Program Files\Java\jdk-19\bin\sunmscapi.dll
0x00007ffdd1780000 - 0x00007ffdd18de000 	C:\WINDOWS\System32\CRYPT32.dll
0x00007ffdd0a10000 - 0x00007ffdd0a39000 	C:\WINDOWS\SYSTEM32\ncrypt.dll
0x00007ffdd09d0000 - 0x00007ffdd0a0b000 	C:\WINDOWS\SYSTEM32\NTASN1.dll
0x00007ffdbbfc0000 - 0x00007ffdbbfc7000 	C:\WINDOWS\system32\wshunix.dll

dbghelp: loaded successfully - version: 4.0.5 - missing functions: none
symbol engine: initialized successfully - sym options: 0x614 - pdb path: .;C:\Program Files\Java\jdk-19\bin;C:\WINDOWS\SYSTEM32;C:\WINDOWS\WinSxS\amd64_microsoft.windows.common-controls_6595b64144ccf1df_6.0.19041.4355_none_60b8b9eb71f62e16;C:\Program Files\Java\jdk-19\bin\server;C:\Users\akhlaq\.gradle\native\68d5fa5c4cc2d200863cafc0d521ce42e7d3e7ee720ec0a83991735586a16f82\windows-amd64;C:\Users\akhlaq\.gradle\native\e376f236ea51e6404a007f0833ffe2c6e607c4080706a723a18a27aeea778392\windows-amd64

VM Arguments:
jvm_args: -XX:MaxMetaspaceSize=512m --add-opens=java.base/java.util=ALL-UNNAMED --add-opens=java.base/java.lang=ALL-UNNAMED --add-opens=java.base/java.lang.invoke=ALL-UNNAMED --add-opens=java.prefs/java.util.prefs=ALL-UNNAMED --add-opens=java.base/java.nio.charset=ALL-UNNAMED --add-opens=java.base/java.net=ALL-UNNAMED --add-opens=java.base/java.util.concurrent.atomic=ALL-UNNAMED -Xmx2048m -Dfile.encoding=UTF-8 -Duser.country=US -Duser.language=en -Duser.variant 
java_command: org.gradle.launcher.daemon.bootstrap.GradleDaemon 7.6
java_class_path (initial): C:\Users\akhlaq\.gradle\wrapper\dists\gradle-7.6-all\9f832ih6bniajn45pbmqhk2cw\gradle-7.6\lib\gradle-launcher-7.6.jar
Launcher Type: SUN_STANDARD

[Global flags]
     intx CICompilerCount                          = 3                                         {product} {ergonomic}
   size_t CompressedClassSpaceSize                 = 432013312                                 {product} {ergonomic}
     uint ConcGCThreads                            = 1                                         {product} {ergonomic}
     uint G1ConcRefinementThreads                  = 4                                         {product} {ergonomic}
   size_t G1HeapRegionSize                         = 1048576                                   {product} {ergonomic}
    uintx GCDrainStackTargetSize                   = 64                                        {product} {ergonomic}
   size_t InitialHeapSize                          = 134217728                                 {product} {ergonomic}
   size_t MarkStackSize                            = 4194304                                   {product} {ergonomic}
   size_t MaxHeapSize                              = 2147483648                                {product} {command line}
   size_t MaxMetaspaceSize                         = 536870912                                 {product} {command line}
   size_t MaxNewSize                               = 1287651328                                {product} {ergonomic}
   size_t MinHeapDeltaBytes                        = 1048576                                   {product} {ergonomic}
   size_t MinHeapSize                              = 8388608                                   {product} {ergonomic}
    uintx NonNMethodCodeHeapSize                   = 5832780                                {pd product} {ergonomic}
    uintx NonProfiledCodeHeapSize                  = 122912730                              {pd product} {ergonomic}
    uintx ProfiledCodeHeapSize                     = 122912730                              {pd product} {ergonomic}
    uintx ReservedCodeCacheSize                    = 251658240                              {pd product} {ergonomic}
     bool SegmentedCodeCache                       = true                                      {product} {ergonomic}
   size_t SoftMaxHeapSize                          = 2147483648                             {manageable} {ergonomic}
     bool UseCompressedClassPointers               = true                           {product lp64_product} {ergonomic}
     bool UseCompressedOops                        = true                           {product lp64_product} {ergonomic}
     bool UseG1GC                                  = true                                      {product} {ergonomic}
     bool UseLargePagesIndividualAllocation        = false                                  {pd product} {ergonomic}

Logging:
Log output configuration:
 #0: stdout all=warning uptime,level,tags foldmultilines=false
 #1: stderr all=off uptime,level,tags foldmultilines=false

Environment Variables:
JAVA_HOME=C:\Program Files\Java\jdk-19
CLASSPATH=D:\Git\olympic\olympic\android\\gradle\wrapper\gradle-wrapper.jar
PATH=D:\Git\olympic\olympic\node_modules\.bin;D:\Git\olympic\olympic\node_modules\.bin;D:\Git\olympic\node_modules\.bin;D:\Git\node_modules\.bin;D:\node_modules\.bin;C:\Program Files\nodejs\node_modules\npm\node_modules\@npmcli\run-script\lib\node-gyp-bin;D:\Git\olympic\olympic\node_modules\.bin;D:\Git\olympic\node_modules\.bin;D:\Git\node_modules\.bin;D:\node_modules\.bin;C:\Program Files\nodejs\node_modules\npm\node_modules\@npmcli\run-script\lib\node-gyp-bin;C:\Program Files\Common Files\Oracle\Java\javapath;C:\WINDOWS\system32;C:\WINDOWS;C:\WINDOWS\System32\Wbem;C:\WINDOWS\System32\WindowsPowerShell\v1.0\;C:\WINDOWS\System32\OpenSSH\;C:\Program Files\Git\cmd;C:\ProgramData\chocolatey\bin;C:\Users\akhlaq\AppData\Local\Pub\Cache\bin;D:\C++\bin;D:\C++\mingw32\bin;C:\Program Files\GTK3-Runtime Win64\bin;C:\Program Files\nodejs\;C:\Program Files\Java\jdk-19\bin;C:\Users\akhlaq\AppData\Local\Android\Sdk\platform-tools;C:\Users\akhlaq\AppData\Local\Android\Sdk\tools;C:\Users\akhlaq\AppData\Roaming\npm;C:\Python312\Scripts\;C:\Python312\;C:\Users\akhlaq\AppData\Local\Programs\Python\Python312\Scripts\;C:\Users\akhlaq\AppData\Local\Programs\Python\Python312\;C:\Users\akhlaq\AppData\Local\Programs\Python\Launcher\;C:\Users\akhlaq\AppData\Local\Microsoft\WindowsApps;C:\Users\akhlaq\AppData\Local\Programs\Microsoft VS Code\bin;C:\flutter_setup\flutter\bin;C:\Program Files\JetBrains\PyCharm 2023.3.4\bin;;C:\Program Files\wkhtmltopdf\bin;D:\C++\lib;;D:\PycharmC\PyCharm Community Edition 2024.1.1\bin;;C:\Users\akhlaq\AppData\Roaming\npm
USERNAME=akhlaq
LANG=en_US.UTF-8
OS=Windows_NT
PROCESSOR_IDENTIFIER=Intel64 Family 6 Model 78 Stepping 3, GenuineIntel
TMP=C:\Users\akhlaq\AppData\Local\Temp
TEMP=C:\Users\akhlaq\AppData\Local\Temp



---------------  S Y S T E M  ---------------

OS:
 Windows 10 , 64 bit Build 19041 (10.0.19041.3636)
OS uptime: 0 days 14:37 hours

CPU: total 4 (initial active 4) (2 cores per cpu, 2 threads per core) family 6 model 78 stepping 3 microcode 0xcc, cx8, cmov, fxsr, ht, mmx, 3dnowpref, sse, sse2, sse3, ssse3, sse4.1, sse4.2, popcnt, lzcnt, tsc, tscinvbit, avx, avx2, aes, erms, clmul, bmi1, bmi2, rtm, adx, fma, vzeroupper, clflush, clflushopt, rdtscp

Memory: 4k page, system-wide physical 8074M (371M free)
TotalPageFile size 12952M (AvailPageFile size 2M)
current process WorkingSet (physical memory assigned to process): 322M, peak: 331M
current process commit charge ("private bytes"): 364M, peak: 375M

vm_info: Java HotSpot(TM) 64-Bit Server VM (19.0.2+7-44) for windows-amd64 JRE (19.0.2+7-44), built on 2022-11-30T18:02:09Z by "mach5one" with MS VC++ 17.1 (VS2022)

END.
