#
# There is insufficient memory for the Java Runtime Environment to continue.
# Native memory allocation (malloc) failed to allocate 79216 bytes for Chunk::new
# Possible reasons:
#   The system is out of physical RAM or swap space
#   The process is running with CompressedOops enabled, and the Java Heap may be blocking the growth of the native heap
# Possible solutions:
#   Reduce memory load on the system
#   Increase physical memory or swap space
#   Check if swap backing store is full
#   Decrease Java heap size (-Xmx/-Xms)
#   Decrease number of Java threads
#   Decrease Java thread stack sizes (-Xss)
#   Set larger code cache with -XX:ReservedCodeCacheSize=
#
#  Out of Memory Error
V  [jvm.dll+0x7bc4e9]
V  [jvm.dll+0x7bdbd8]
V  [jvm.dll+0x7be2b3]
V  [jvm.dll+0x2505a8]
V  [jvm.dll+0xc263c]
V  [jvm.dll+0xc2bfc]
V  [jvm.dll+0x35fd82]
V  [jvm.dll+0x32bf13]
V  [jvm.dll+0x32b24a]
V  [jvm.dll+0x2097e3]
V  [jvm.dll+0x20893d]
V  [jvm.dll+0x18a7de]
V  [jvm.dll+0x2181ec]
V  [jvm.dll+0x21642b]
V  [jvm.dll+0x77efc0]
V  [jvm.dll+0x777db4]
V  [jvm.dll+0x62d845]
C  [ucrtbase.dll+0x29333]
C  [KERNEL32.DLL+0x1257d]
C  [ntdll.dll+0x5af28]


---------------  P R O C E S S  ---------------

Threads class SMR info:
_java_thread_list=0x000002107e45c940, length=13, elements={
0x00000210621e4000, 0x000002107c89c800, 0x000002107c88c000, 0x000002107c8fb800,
0x000002107c8fd000, 0x000002107c8fe000, 0x000002107c8ff000, 0x000002107c8ab000,
0x000002107c8b5800, 0x000002107d36e000, 0x000002107d2ac800, 0x000002107ea6f000,
0x000002107d42d800
}

Java Threads: ( => current thread )
  0x00000210621e4000 JavaThread "main" [_thread_blocked, id=21740, stack(0x000000fd50400000,0x000000fd50500000)]
  0x000002107c89c800 JavaThread "Reference Handler" daemon [_thread_blocked, id=21536, stack(0x000000fd50b00000,0x000000fd50c00000)]
  0x000002107c88c000 JavaThread "Finalizer" daemon [_thread_blocked, id=10320, stack(0x000000fd50c00000,0x000000fd50d00000)]
  0x000002107c8fb800 JavaThread "Signal Dispatcher" daemon [_thread_blocked, id=10856, stack(0x000000fd50d00000,0x000000fd50e00000)]
  0x000002107c8fd000 JavaThread "Attach Listener" daemon [_thread_blocked, id=16504, stack(0x000000fd50e00000,0x000000fd50f00000)]
  0x000002107c8fe000 JavaThread "Service Thread" daemon [_thread_blocked, id=1080, stack(0x000000fd50f00000,0x000000fd51000000)]
=>0x000002107c8ff000 JavaThread "C2 CompilerThread0" daemon [_thread_in_native, id=24444, stack(0x000000fd51000000,0x000000fd51100000)]
  0x000002107c8ab000 JavaThread "C1 CompilerThread0" daemon [_thread_blocked, id=24936, stack(0x000000fd51100000,0x000000fd51200000)]
  0x000002107c8b5800 JavaThread "Sweeper thread" daemon [_thread_blocked, id=10968, stack(0x000000fd51200000,0x000000fd51300000)]
  0x000002107d36e000 JavaThread "Common-Cleaner" daemon [_thread_blocked, id=25304, stack(0x000000fd51400000,0x000000fd51500000)]
  0x000002107d2ac800 JavaThread "pool-1-thread-1" [_thread_blocked, id=16152, stack(0x000000fd51600000,0x000000fd51700000)]
  0x000002107ea6f000 JavaThread "Exec process" [_thread_in_native, id=25712, stack(0x000000fd50100000,0x000000fd50200000)]
  0x000002107d42d800 JavaThread "Exec process Thread 2" [_thread_blocked, id=25728, stack(0x000000fd51800000,0x000000fd51900000)]

Other Threads:
  0x000002107c886000 VMThread "VM Thread" [stack: 0x000000fd50a00000,0x000000fd50b00000] [id=21540]
  0x000002107d361000 WatcherThread [stack: 0x000000fd51300000,0x000000fd51400000] [id=24916]
  0x00000210621fd800 GCTaskThread "GC Thread#0" [stack: 0x000000fd50500000,0x000000fd50600000] [id=20460]
  0x000002107edbe800 GCTaskThread "GC Thread#1" [stack: 0x000000fd51700000,0x000000fd51800000] [id=24164]
  0x0000021062204000 ConcurrentGCThread "G1 Main Marker" [stack: 0x000000fd50600000,0x000000fd50700000] [id=20464]
  0x0000021062205800 ConcurrentGCThread "G1 Conc#0" [stack: 0x000000fd50700000,0x000000fd50800000] [id=21720]
  0x000002106226e000 ConcurrentGCThread "G1 Refine#0" [stack: 0x000000fd50800000,0x000000fd50900000] [id=21688]
  0x000002106226f000 ConcurrentGCThread "G1 Young RemSet Sampling" [stack: 0x000000fd50900000,0x000000fd50a00000] [id=21552]

Threads with active compile tasks:
C2 CompilerThread0    50645 1366       4       java.util.ArrayList::add (25 bytes)

VM state:not at safepoint (normal execution)

VM Mutex/Monitor currently owned by a thread: None

Heap address: 0x00000000fc000000, size: 64 MB, Compressed Oops mode: 32-bit
Narrow klass base: 0x0000000000000000, Narrow klass shift: 3
Compressed class space size: 1073741824 Address: 0x0000000100000000

Heap:
 garbage-first heap   total 65536K, used 31636K [0x00000000fc000000, 0x0000000100000000)
  region size 1024K, 26 young (26624K), 3 survivors (3072K)
 Metaspace       used 15509K, capacity 15799K, committed 16000K, reserved 1062912K
  class space    used 1735K, capacity 1851K, committed 1920K, reserved 1048576K
Heap Regions: E=young(eden), S=young(survivor), O=old, HS=humongous(starts), HC=humongous(continues), CS=collection set, F=free, A=archive, TAMS=top-at-mark-start (previous, next)
|   0|0x00000000fc000000, 0x00000000fc100000, 0x00000000fc100000|100%|HS|  |TAMS 0x00000000fc000000, 0x00000000fc000000| Complete 
|   1|0x00000000fc100000, 0x00000000fc200000, 0x00000000fc200000|100%|HC|  |TAMS 0x00000000fc100000, 0x00000000fc100000| Complete 
|   2|0x00000000fc200000, 0x00000000fc300000, 0x00000000fc300000|100%|HC|  |TAMS 0x00000000fc200000, 0x00000000fc200000| Complete 
|   3|0x00000000fc300000, 0x00000000fc400000, 0x00000000fc400000|100%| O|  |TAMS 0x00000000fc300000, 0x00000000fc300000| Untracked 
|   4|0x00000000fc400000, 0x00000000fc500000, 0x00000000fc500000|100%| O|  |TAMS 0x00000000fc400000, 0x00000000fc400000| Untracked 
|   5|0x00000000fc500000, 0x00000000fc5e5200, 0x00000000fc600000| 89%| O|  |TAMS 0x00000000fc500000, 0x00000000fc500000| Untracked 
|   6|0x00000000fc600000, 0x00000000fc600000, 0x00000000fc700000|  0%| F|  |TAMS 0x00000000fc600000, 0x00000000fc600000| Untracked 
|   7|0x00000000fc700000, 0x00000000fc700000, 0x00000000fc800000|  0%| F|  |TAMS 0x00000000fc700000, 0x00000000fc700000| Untracked 
|   8|0x00000000fc800000, 0x00000000fc800000, 0x00000000fc900000|  0%| F|  |TAMS 0x00000000fc800000, 0x00000000fc800000| Untracked 
|   9|0x00000000fc900000, 0x00000000fc900000, 0x00000000fca00000|  0%| F|  |TAMS 0x00000000fc900000, 0x00000000fc900000| Untracked 
|  10|0x00000000fca00000, 0x00000000fca00000, 0x00000000fcb00000|  0%| F|  |TAMS 0x00000000fca00000, 0x00000000fca00000| Untracked 
|  11|0x00000000fcb00000, 0x00000000fcb00000, 0x00000000fcc00000|  0%| F|  |TAMS 0x00000000fcb00000, 0x00000000fcb00000| Untracked 
|  12|0x00000000fcc00000, 0x00000000fcc00000, 0x00000000fcd00000|  0%| F|  |TAMS 0x00000000fcc00000, 0x00000000fcc00000| Untracked 
|  13|0x00000000fcd00000, 0x00000000fcd00000, 0x00000000fce00000|  0%| F|  |TAMS 0x00000000fcd00000, 0x00000000fcd00000| Untracked 
|  14|0x00000000fce00000, 0x00000000fce00000, 0x00000000fcf00000|  0%| F|  |TAMS 0x00000000fce00000, 0x00000000fce00000| Untracked 
|  15|0x00000000fcf00000, 0x00000000fcf00000, 0x00000000fd000000|  0%| F|  |TAMS 0x00000000fcf00000, 0x00000000fcf00000| Untracked 
|  16|0x00000000fd000000, 0x00000000fd000000, 0x00000000fd100000|  0%| F|  |TAMS 0x00000000fd000000, 0x00000000fd000000| Untracked 
|  17|0x00000000fd100000, 0x00000000fd100000, 0x00000000fd200000|  0%| F|  |TAMS 0x00000000fd100000, 0x00000000fd100000| Untracked 
|  18|0x00000000fd200000, 0x00000000fd200000, 0x00000000fd300000|  0%| F|  |TAMS 0x00000000fd200000, 0x00000000fd200000| Untracked 
|  19|0x00000000fd300000, 0x00000000fd300000, 0x00000000fd400000|  0%| F|  |TAMS 0x00000000fd300000, 0x00000000fd300000| Untracked 
|  20|0x00000000fd400000, 0x00000000fd400000, 0x00000000fd500000|  0%| F|  |TAMS 0x00000000fd400000, 0x00000000fd400000| Untracked 
|  21|0x00000000fd500000, 0x00000000fd500000, 0x00000000fd600000|  0%| F|  |TAMS 0x00000000fd500000, 0x00000000fd500000| Untracked 
|  22|0x00000000fd600000, 0x00000000fd600000, 0x00000000fd700000|  0%| F|  |TAMS 0x00000000fd600000, 0x00000000fd600000| Untracked 
|  23|0x00000000fd700000, 0x00000000fd700000, 0x00000000fd800000|  0%| F|  |TAMS 0x00000000fd700000, 0x00000000fd700000| Untracked 
|  24|0x00000000fd800000, 0x00000000fd800000, 0x00000000fd900000|  0%| F|  |TAMS 0x00000000fd800000, 0x00000000fd800000| Untracked 
|  25|0x00000000fd900000, 0x00000000fd900000, 0x00000000fda00000|  0%| F|  |TAMS 0x00000000fd900000, 0x00000000fd900000| Untracked 
|  26|0x00000000fda00000, 0x00000000fda00000, 0x00000000fdb00000|  0%| F|  |TAMS 0x00000000fda00000, 0x00000000fda00000| Untracked 
|  27|0x00000000fdb00000, 0x00000000fdb00000, 0x00000000fdc00000|  0%| F|  |TAMS 0x00000000fdb00000, 0x00000000fdb00000| Untracked 
|  28|0x00000000fdc00000, 0x00000000fdc00000, 0x00000000fdd00000|  0%| F|  |TAMS 0x00000000fdc00000, 0x00000000fdc00000| Untracked 
|  29|0x00000000fdd00000, 0x00000000fdd00000, 0x00000000fde00000|  0%| F|  |TAMS 0x00000000fdd00000, 0x00000000fdd00000| Untracked 
|  30|0x00000000fde00000, 0x00000000fde00000, 0x00000000fdf00000|  0%| F|  |TAMS 0x00000000fde00000, 0x00000000fde00000| Untracked 
|  31|0x00000000fdf00000, 0x00000000fdf00000, 0x00000000fe000000|  0%| F|  |TAMS 0x00000000fdf00000, 0x00000000fdf00000| Untracked 
|  32|0x00000000fe000000, 0x00000000fe000000, 0x00000000fe100000|  0%| F|  |TAMS 0x00000000fe000000, 0x00000000fe000000| Untracked 
|  33|0x00000000fe100000, 0x00000000fe100000, 0x00000000fe200000|  0%| F|  |TAMS 0x00000000fe100000, 0x00000000fe100000| Untracked 
|  34|0x00000000fe200000, 0x00000000fe200000, 0x00000000fe300000|  0%| F|  |TAMS 0x00000000fe200000, 0x00000000fe200000| Untracked 
|  35|0x00000000fe300000, 0x00000000fe300000, 0x00000000fe400000|  0%| F|  |TAMS 0x00000000fe300000, 0x00000000fe300000| Untracked 
|  36|0x00000000fe400000, 0x00000000fe400000, 0x00000000fe500000|  0%| F|  |TAMS 0x00000000fe400000, 0x00000000fe400000| Untracked 
|  37|0x00000000fe500000, 0x00000000fe600000, 0x00000000fe600000|100%| S|CS|TAMS 0x00000000fe500000, 0x00000000fe500000| Complete 
|  38|0x00000000fe600000, 0x00000000fe700000, 0x00000000fe700000|100%| S|CS|TAMS 0x00000000fe600000, 0x00000000fe600000| Complete 
|  39|0x00000000fe700000, 0x00000000fe800000, 0x00000000fe800000|100%| S|CS|TAMS 0x00000000fe700000, 0x00000000fe700000| Complete 
|  40|0x00000000fe800000, 0x00000000fe800000, 0x00000000fe900000|  0%| F|  |TAMS 0x00000000fe800000, 0x00000000fe800000| Untracked 
|  41|0x00000000fe900000, 0x00000000fe98ac10, 0x00000000fea00000| 54%| E|  |TAMS 0x00000000fe900000, 0x00000000fe900000| Complete 
|  42|0x00000000fea00000, 0x00000000feb00000, 0x00000000feb00000|100%| E|CS|TAMS 0x00000000fea00000, 0x00000000fea00000| Complete 
|  43|0x00000000feb00000, 0x00000000fec00000, 0x00000000fec00000|100%| E|CS|TAMS 0x00000000feb00000, 0x00000000feb00000| Complete 
|  44|0x00000000fec00000, 0x00000000fed00000, 0x00000000fed00000|100%| E|CS|TAMS 0x00000000fec00000, 0x00000000fec00000| Complete 
|  45|0x00000000fed00000, 0x00000000fee00000, 0x00000000fee00000|100%| E|CS|TAMS 0x00000000fed00000, 0x00000000fed00000| Complete 
|  46|0x00000000fee00000, 0x00000000fef00000, 0x00000000fef00000|100%| E|CS|TAMS 0x00000000fee00000, 0x00000000fee00000| Complete 
|  47|0x00000000fef00000, 0x00000000ff000000, 0x00000000ff000000|100%| E|CS|TAMS 0x00000000fef00000, 0x00000000fef00000| Complete 
|  48|0x00000000ff000000, 0x00000000ff100000, 0x00000000ff100000|100%| E|CS|TAMS 0x00000000ff000000, 0x00000000ff000000| Complete 
|  49|0x00000000ff100000, 0x00000000ff200000, 0x00000000ff200000|100%| E|CS|TAMS 0x00000000ff100000, 0x00000000ff100000| Complete 
|  50|0x00000000ff200000, 0x00000000ff300000, 0x00000000ff300000|100%| E|CS|TAMS 0x00000000ff200000, 0x00000000ff200000| Complete 
|  51|0x00000000ff300000, 0x00000000ff400000, 0x00000000ff400000|100%| E|CS|TAMS 0x00000000ff300000, 0x00000000ff300000| Complete 
|  52|0x00000000ff400000, 0x00000000ff500000, 0x00000000ff500000|100%| E|CS|TAMS 0x00000000ff400000, 0x00000000ff400000| Complete 
|  53|0x00000000ff500000, 0x00000000ff600000, 0x00000000ff600000|100%| E|CS|TAMS 0x00000000ff500000, 0x00000000ff500000| Complete 
|  54|0x00000000ff600000, 0x00000000ff700000, 0x00000000ff700000|100%| E|CS|TAMS 0x00000000ff600000, 0x00000000ff600000| Complete 
|  55|0x00000000ff700000, 0x00000000ff800000, 0x00000000ff800000|100%| E|CS|TAMS 0x00000000ff700000, 0x00000000ff700000| Complete 
|  56|0x00000000ff800000, 0x00000000ff900000, 0x00000000ff900000|100%| E|CS|TAMS 0x00000000ff800000, 0x00000000ff800000| Complete 
|  57|0x00000000ff900000, 0x00000000ffa00000, 0x00000000ffa00000|100%| E|CS|TAMS 0x00000000ff900000, 0x00000000ff900000| Complete 
|  58|0x00000000ffa00000, 0x00000000ffb00000, 0x00000000ffb00000|100%| E|CS|TAMS 0x00000000ffa00000, 0x00000000ffa00000| Complete 
|  59|0x00000000ffb00000, 0x00000000ffc00000, 0x00000000ffc00000|100%| E|CS|TAMS 0x00000000ffb00000, 0x00000000ffb00000| Complete 
|  60|0x00000000ffc00000, 0x00000000ffd00000, 0x00000000ffd00000|100%| E|CS|TAMS 0x00000000ffc00000, 0x00000000ffc00000| Complete 
|  61|0x00000000ffd00000, 0x00000000ffe00000, 0x00000000ffe00000|100%| E|CS|TAMS 0x00000000ffd00000, 0x00000000ffd00000| Complete 
|  62|0x00000000ffe00000, 0x00000000fff00000, 0x00000000fff00000|100%| E|CS|TAMS 0x00000000ffe00000, 0x00000000ffe00000| Complete 
|  63|0x00000000fff00000, 0x0000000100000000, 0x0000000100000000|100%| E|CS|TAMS 0x00000000fff00000, 0x00000000fff00000| Complete 

Card table byte_map: [0x00000210601e0000,0x0000021060200000] _byte_map_base: 0x000002105fa00000

Marking Bits (Prev, Next): (CMBitMap*) 0x0000021062203098, (CMBitMap*) 0x00000210622030d0
 Prev Bits: [0x0000021079c90000, 0x0000021079d90000)
 Next Bits: [0x0000021079d90000, 0x0000021079e90000)

Polling page: 0x0000021060190000

Metaspace:

Usage:
  Non-class:     13.62 MB capacity,    13.45 MB ( 99%) used,   151.30 KB (  1%) free+waste,    22.56 KB ( <1%) overhead. 
      Class:      1.81 MB capacity,     1.69 MB ( 94%) used,   104.27 KB (  6%) free+waste,    11.25 KB ( <1%) overhead. 
       Both:     15.43 MB capacity,    15.15 MB ( 98%) used,   255.57 KB (  2%) free+waste,    33.81 KB ( <1%) overhead. 

Virtual space:
  Non-class space:       14.00 MB reserved,      13.75 MB ( 98%) committed 
      Class space:        1.00 GB reserved,       1.88 MB ( <1%) committed 
             Both:        1.01 GB reserved,      15.63 MB (  2%) committed 

Chunk freelists:
   Non-Class:  4.00 KB
       Class:  5.00 KB
        Both:  9.00 KB

MaxMetaspaceSize: 17179869184.00 GB
CompressedClassSpaceSize: 1.00 GB
Initial GC threshold: 20.80 MB
Current GC threshold: 20.80 MB
CDS: off

CodeHeap 'non-profiled nmethods': size=120000Kb used=534Kb max_used=534Kb free=119465Kb
 bounds [0x0000021072420000, 0x0000021072690000, 0x0000021079950000]
CodeHeap 'profiled nmethods': size=120000Kb used=2719Kb max_used=2719Kb free=117280Kb
 bounds [0x000002106aef0000, 0x000002106b1a0000, 0x0000021072420000]
CodeHeap 'non-nmethods': size=5760Kb used=1158Kb max_used=1171Kb free=4601Kb
 bounds [0x000002106a950000, 0x000002106abc0000, 0x000002106aef0000]
 total_blobs=1784 nmethods=1364 adapters=333
 compilation: enabled
              stopped_count=0, restarted_count=0
 full_count=0

Compilation events (20 events):
Event: 43.593 Thread 0x000002107c8ab000 nmethod 1356 0x000002106b191b10 code [0x000002106b191ce0, 0x000002106b191fa8]
Event: 43.593 Thread 0x000002107c8ab000 1357       3       java.util.concurrent.ScheduledThreadPoolExecutor$DelayedWorkQueue::add (6 bytes)
Event: 43.593 Thread 0x000002107c8ab000 nmethod 1357 0x000002106b192090 code [0x000002106b192240, 0x000002106b192388]
Event: 43.593 Thread 0x000002107c8ab000 1358       3       java.util.concurrent.ThreadPoolExecutor::afterExecute (1 bytes)
Event: 43.593 Thread 0x000002107c8ab000 nmethod 1358 0x000002106b192410 code [0x000002106b1925c0, 0x000002106b1926b8]
Event: 43.593 Thread 0x000002107c8ab000 1360   !   3       java.util.concurrent.ScheduledThreadPoolExecutor$DelayedWorkQueue::take (203 bytes)
Event: 43.596 Thread 0x000002107c8ab000 nmethod 1360 0x000002106b192790 code [0x000002106b192b20, 0x000002106b1940a8]
Event: 43.596 Thread 0x000002107c8ab000 1359       3       java.util.concurrent.ScheduledThreadPoolExecutor$DelayedWorkQueue::take (5 bytes)
Event: 43.596 Thread 0x000002107c8ab000 nmethod 1359 0x000002106b194b10 code [0x000002106b194cc0, 0x000002106b194e08]
Event: 43.698 Thread 0x000002107c8ab000 1361       3       java.util.concurrent.locks.AbstractQueuedSynchronizer$Node::setPrevRelaxed (9 bytes)
Event: 43.699 Thread 0x000002107c8ab000 nmethod 1361 0x000002106b194e90 code [0x000002106b1950e0, 0x000002106b1958d8]
Event: 43.699 Thread 0x000002107c8ab000 1362       3       java.util.concurrent.locks.AbstractQueuedSynchronizer::compareAndSetTail (10 bytes)
Event: 43.700 Thread 0x000002107c8ab000 nmethod 1362 0x000002106b195b90 code [0x000002106b195e20, 0x000002106b1968d8]
Event: 43.700 Thread 0x000002107c8ab000 1363       3       java.util.concurrent.ScheduledThreadPoolExecutor$ScheduledFutureTask::run (57 bytes)
Event: 43.700 Thread 0x000002107c8ab000 nmethod 1363 0x000002106b196c90 code [0x000002106b196ec0, 0x000002106b1972f8]
Event: 43.700 Thread 0x000002107c8ab000 1364       3       java.util.concurrent.Executors$RunnableAdapter::call (14 bytes)
Event: 43.701 Thread 0x000002107c8ab000 nmethod 1364 0x000002106b197490 code [0x000002106b197640, 0x000002106b197808]
Event: 50.492 Thread 0x000002107c8ab000 1365       3       java.util.LinkedHashMap$LinkedValueIterator::next (8 bytes)
Event: 50.493 Thread 0x000002107c8ab000 nmethod 1365 0x000002106b197910 code [0x000002106b197ac0, 0x000002106b197be8]
Event: 50.607 Thread 0x000002107c8ff000 1366       4       java.util.ArrayList::add (25 bytes)

GC Heap History (2 events):
Event: 17.714 GC heap before
{Heap before GC invocations=0 (full 0):
 garbage-first heap   total 65536K, used 26624K [0x00000000fc000000, 0x0000000100000000)
  region size 1024K, 24 young (24576K), 0 survivors (0K)
 Metaspace       used 10393K, capacity 10604K, committed 10624K, reserved 1058816K
  class space    used 1058K, capacity 1134K, committed 1152K, reserved 1048576K
}
Event: 17.874 GC heap after
{Heap after GC invocations=1 (full 0):
 garbage-first heap   total 65536K, used 9108K [0x00000000fc000000, 0x0000000100000000)
  region size 1024K, 3 young (3072K), 3 survivors (3072K)
 Metaspace       used 10393K, capacity 10604K, committed 10624K, reserved 1058816K
  class space    used 1058K, capacity 1134K, committed 1152K, reserved 1048576K
}

Deoptimization events (20 events):
Event: 30.127 Thread 0x00000210621e4000 DEOPT PACKING pc=0x000002106afa58d1 sp=0x000000fd504fc760
Event: 30.127 Thread 0x00000210621e4000 DEOPT UNPACKING pc=0x000002106a99a95e sp=0x000000fd504fbc28 mode 0
Event: 30.147 Thread 0x00000210621e4000 DEOPT PACKING pc=0x000002106afaec21 sp=0x000000fd504fc670
Event: 30.147 Thread 0x00000210621e4000 DEOPT UNPACKING pc=0x000002106a99a95e sp=0x000000fd504fbb68 mode 0
Event: 31.061 Thread 0x000002107ea6f000 Uncommon trap: trap_request=0xffffff4d fr.pc=0x00000210724594bc relative=0x000000000000047c
Event: 31.061 Thread 0x000002107ea6f000 Uncommon trap: reason=unstable_if action=reinterpret pc=0x00000210724594bc method=java.lang.AbstractStringBuilder.putStringAt(ILjava/lang/String;)V @ 8 c2
Event: 31.061 Thread 0x000002107ea6f000 DEOPT PACKING pc=0x00000210724594bc sp=0x000000fd501fedc0
Event: 31.061 Thread 0x000002107ea6f000 DEOPT UNPACKING pc=0x000002106a99a1af sp=0x000000fd501fecc8 mode 2
Event: 31.062 Thread 0x000002107ea6f000 Uncommon trap: trap_request=0xffffff4d fr.pc=0x0000021072455e94 relative=0x0000000000000454
Event: 31.062 Thread 0x000002107ea6f000 Uncommon trap: reason=unstable_if action=reinterpret pc=0x0000021072455e94 method=java.lang.AbstractStringBuilder.putStringAt(ILjava/lang/String;)V @ 8 c2
Event: 31.062 Thread 0x000002107ea6f000 DEOPT PACKING pc=0x0000021072455e94 sp=0x000000fd501fed50
Event: 31.062 Thread 0x000002107ea6f000 DEOPT UNPACKING pc=0x000002106a99a1af sp=0x000000fd501fecc0 mode 2
Event: 31.062 Thread 0x000002107ea6f000 Uncommon trap: trap_request=0xffffff4d fr.pc=0x0000021072483d78 relative=0x0000000000000058
Event: 31.062 Thread 0x000002107ea6f000 Uncommon trap: reason=unstable_if action=reinterpret pc=0x0000021072483d78 method=java.lang.AbstractStringBuilder.isLatin1()Z @ 10 c2
Event: 31.062 Thread 0x000002107ea6f000 DEOPT PACKING pc=0x0000021072483d78 sp=0x000000fd501fec60
Event: 31.062 Thread 0x000002107ea6f000 DEOPT UNPACKING pc=0x000002106a99a1af sp=0x000000fd501febf0 mode 2
Event: 31.062 Thread 0x000002107ea6f000 Uncommon trap: trap_request=0xffffff4d fr.pc=0x00000210724921c0 relative=0x0000000000000380
Event: 31.062 Thread 0x000002107ea6f000 Uncommon trap: reason=unstable_if action=reinterpret pc=0x00000210724921c0 method=java.lang.AbstractStringBuilder.isLatin1()Z @ 10 c2
Event: 31.062 Thread 0x000002107ea6f000 DEOPT PACKING pc=0x00000210724921c0 sp=0x000000fd501fedd0
Event: 31.062 Thread 0x000002107ea6f000 DEOPT UNPACKING pc=0x000002106a99a1af sp=0x000000fd501fed50 mode 2

Classes redefined (0 events):
No events

Internal exceptions (16 events):
Event: 4.025 Thread 0x00000210621e4000 Exception <a 'java/lang/NoSuchMethodError'{0x00000000ffc61368}: 'int java.lang.invoke.DirectMethodHandle$Holder.invokeStaticInit(java.lang.Object, java.lang.Object)'> (0x00000000ffc61368) thrown at [s\src\hotspot\share\interpreter\linkResolver.cpp, line 773]
Event: 4.542 Thread 0x00000210621e4000 Exception <a 'java/lang/NoSuchMethodError'{0x00000000ffb33fd8}: 'int java.lang.invoke.DirectMethodHandle$Holder.invokeSpecial(java.lang.Object, java.lang.Object, java.lang.Object, java.lang.Object)'> (0x00000000ffb33fd8) thrown at [s\src\hotspot\share\interpreter\linkResolver.cpp, line 773]
Event: 4.935 Thread 0x00000210621e4000 Exception <a 'java/lang/NoSuchMethodError'{0x00000000ffb6bbb8}: 'int java.lang.invoke.DirectMethodHandle$Holder.invokeSpecialIFC(java.lang.Object, java.lang.Object, int)'> (0x00000000ffb6bbb8) thrown at [s\src\hotspot\share\interpreter\linkResolver.cpp, line 773]
Event: 17.504 Thread 0x00000210621e4000 Implicit null exception at 0x0000021072462df5 to 0x0000021072462fb4
Event: 17.581 Thread 0x00000210621e4000 Exception <a 'java/lang/NoClassDefFoundError'{0x00000000fe9df458}: org/slf4j/impl/StaticMarkerBinder> (0x00000000fe9df458) thrown at [s\src\hotspot\share\classfile\systemDictionary.cpp, line 219]
Event: 17.706 Thread 0x00000210621e4000 Exception <a 'java/lang/NoSuchMethodError'{0x00000000fe8deef8}: 'java.lang.Object java.lang.invoke.DirectMethodHandle$Holder.invokeVirtual(java.lang.Object, java.lang.Object, java.lang.Object, java.lang.Object, java.lang.Object, java.lang.Object, java.lang.Object)'> (0x00000000fe8deef8) thrown at [s\src\hotspot\share\interpreter\linkResolver.cpp, line 773]
Event: 17.710 Thread 0x00000210621e4000 Exception <a 'java/lang/NoSuchMethodError'{0x00000000fe8f29d0}: 'java.lang.Object java.lang.invoke.Invokers$Holder.invoker(java.lang.Object, java.lang.Object, java.lang.Object)'> (0x00000000fe8f29d0) thrown at [s\src\hotspot\share\interpreter\linkResolver.cpp, line 773]
Event: 17.888 Thread 0x00000210621e4000 Exception <a 'java/lang/NoSuchMethodError'{0x00000000fff03d98}: 'void java.lang.invoke.DelegatingMethodHandle$Holder.delegate(java.lang.Object, java.lang.Object, int, java.lang.Object)'> (0x00000000fff03d98) thrown at [s\src\hotspot\share\interpreter\linkResolver.cpp, line 773]
Event: 18.845 Thread 0x00000210621e4000 Exception <a 'java/lang/NoSuchMethodError'{0x00000000ff7f9c78}: 'java.lang.Object java.lang.invoke.DirectMethodHandle$Holder.invokeStaticInit(java.lang.Object, java.lang.Object, java.lang.Object)'> (0x00000000ff7f9c78) thrown at [s\src\hotspot\share\interpreter\linkResolver.cpp, line 773]
Event: 19.486 Thread 0x00000210621e4000 Exception <a 'java/lang/NoSuchMethodError'{0x00000000ff148c30}: 'java.lang.Object java.lang.invoke.DirectMethodHandle$Holder.invokeStaticInit(java.lang.Object, int, int, int, int)'> (0x00000000ff148c30) thrown at [s\src\hotspot\share\interpreter\linkResolver.cpp, line 773]
Event: 23.378 Thread 0x00000210621e4000 Exception <a 'java/lang/NoSuchMethodError'{0x00000000ff1c5a60}: 'java.lang.Object java.lang.invoke.DirectMethodHandle$Holder.invokeStaticInit(java.lang.Object, java.lang.Object, int, int, int, int)'> (0x00000000ff1c5a60) thrown at [s\src\hotspot\share\interpreter\linkResolver.cpp, line 773]
Event: 30.762 Thread 0x000002107ea6f000 Exception <a 'java/lang/NoSuchMethodError'{0x00000000fea8e720}: 'void java.lang.invoke.DirectMethodHandle$Holder.invokeStatic(java.lang.Object, long)'> (0x00000000fea8e720) thrown at [s\src\hotspot\share\interpreter\linkResolver.cpp, line 773]
Event: 30.762 Thread 0x000002107ea6f000 Exception <a 'java/lang/NoSuchMethodError'{0x00000000fea936c8}: 'java.lang.Object java.lang.invoke.DirectMethodHandle$Holder.invokeStatic(java.lang.Object, long)'> (0x00000000fea936c8) thrown at [s\src\hotspot\share\interpreter\linkResolver.cpp, line 773]
Event: 30.765 Thread 0x000002107ea6f000 Exception <a 'java/lang/NoSuchMethodError'{0x00000000feaa1768}: 'java.lang.Object java.lang.invoke.DirectMethodHandle$Holder.invokeStaticInit(java.lang.Object, java.lang.Object, long, java.lang.Object)'> (0x00000000feaa1768) thrown at [s\src\hotspot\share\interpreter\linkResolver.cpp, line 773]
Event: 30.766 Thread 0x000002107ea6f000 Exception <a 'java/lang/NoSuchMethodError'{0x00000000feaa7658}: 'java.lang.Object java.lang.invoke.DirectMethodHandle$Holder.invokeStatic(java.lang.Object, java.lang.Object, long)'> (0x00000000feaa7658) thrown at [s\src\hotspot\share\interpreter\linkResolver.cpp, line 773]
Event: 30.767 Thread 0x000002107ea6f000 Exception <a 'java/lang/NoSuchMethodError'{0x00000000feaad928}: 'java.lang.Object java.lang.invoke.Invokers$Holder.linkToTargetMethod(java.lang.Object, long, java.lang.Object)'> (0x00000000feaad928) thrown at [s\src\hotspot\share\interpreter\linkResolver.cpp, line 773]

Events (20 events):
Event: 31.056 loading class sun/text/resources/cldr/FormatData_en
Event: 31.057 loading class sun/text/resources/cldr/FormatData_en done
Event: 31.057 loading class sun/text/resources/cldr/FormatData_en_US
Event: 31.057 loading class sun/text/resources/cldr/FormatData_en_US done
Event: 31.057 loading class sun/util/locale/provider/LocaleResources$ResourceReference
Event: 31.057 loading class sun/util/locale/provider/LocaleResources$ResourceReference done
Event: 31.057 loading class java/text/DecimalFormatSymbols
Event: 31.058 loading class java/text/DecimalFormatSymbols done
Event: 31.058 loading class java/text/spi/DecimalFormatSymbolsProvider
Event: 31.058 loading class java/text/spi/DecimalFormatSymbolsProvider done
Event: 31.058 loading class sun/util/locale/provider/DecimalFormatSymbolsProviderImpl
Event: 31.059 loading class sun/util/locale/provider/DecimalFormatSymbolsProviderImpl done
Event: 31.059 loading class java/text/DecimalFormat
Event: 31.060 loading class java/text/DecimalFormat done
Event: 31.061 loading class java/text/FieldPosition
Event: 31.061 loading class java/text/FieldPosition done
Event: 31.061 loading class java/text/DigitList
Event: 31.061 loading class java/text/DigitList done
Event: 31.062 loading class java/io/PrintWriter
Event: 31.062 loading class java/io/PrintWriter done


Dynamic libraries:
0x00007ff7060c0000 - 0x00007ff7060cd000 	C:\Program Files\Microsoft\jdk-11.0.20.8-hotspot\bin\java.exe
0x00007fff72a50000 - 0x00007fff72c67000 	C:\WINDOWS\SYSTEM32\ntdll.dll
0x00007fff71f20000 - 0x00007fff71fe4000 	C:\WINDOWS\System32\KERNEL32.DLL
0x00007fff70180000 - 0x00007fff7052c000 	C:\WINDOWS\System32\KERNELBASE.dll
0x00007fff70670000 - 0x00007fff70781000 	C:\WINDOWS\System32\ucrtbase.dll
0x00007ffedc390000 - 0x00007ffedc3a5000 	C:\Program Files\Microsoft\jdk-11.0.20.8-hotspot\bin\VCRUNTIME140.dll
0x00007ffedc370000 - 0x00007ffedc387000 	C:\Program Files\Microsoft\jdk-11.0.20.8-hotspot\bin\jli.dll
0x00007fff70950000 - 0x00007fff70afe000 	C:\WINDOWS\System32\USER32.dll
0x00007fff70530000 - 0x00007fff70556000 	C:\WINDOWS\System32\win32u.dll
0x00007fff5ade0000 - 0x00007fff5b073000 	C:\WINDOWS\WinSxS\amd64_microsoft.windows.common-controls_6595b64144ccf1df_6.0.22621.3672_none_2713b9d173822955\COMCTL32.dll
0x00007fff72520000 - 0x00007fff72549000 	C:\WINDOWS\System32\GDI32.dll
0x00007fff71e70000 - 0x00007fff71f17000 	C:\WINDOWS\System32\msvcrt.dll
0x00007fff6fd80000 - 0x00007fff6fe99000 	C:\WINDOWS\System32\gdi32full.dll
0x00007fff705d0000 - 0x00007fff7066a000 	C:\WINDOWS\System32\msvcp_win.dll
0x00007fff722c0000 - 0x00007fff722f1000 	C:\WINDOWS\System32\IMM32.DLL
0x00007ffedb330000 - 0x00007ffedb3cb000 	C:\Program Files\Microsoft\jdk-11.0.20.8-hotspot\bin\msvcp140.dll
0x00007ffeb2e40000 - 0x00007ffeb39d6000 	C:\Program Files\Microsoft\jdk-11.0.20.8-hotspot\bin\server\jvm.dll
0x00007fff71a10000 - 0x00007fff71ac2000 	C:\WINDOWS\System32\ADVAPI32.dll
0x00007fff72210000 - 0x00007fff722ba000 	C:\WINDOWS\System32\sechost.dll
0x00007fff6fea0000 - 0x00007fff6fec8000 	C:\WINDOWS\System32\bcrypt.dll
0x00007fff728f0000 - 0x00007fff72a05000 	C:\WINDOWS\System32\RPCRT4.dll
0x00007fff71ad0000 - 0x00007fff71ad8000 	C:\WINDOWS\System32\PSAPI.DLL
0x00007fff2fca0000 - 0x00007fff2fca9000 	C:\WINDOWS\SYSTEM32\WSOCK32.dll
0x00007fff71910000 - 0x00007fff71981000 	C:\WINDOWS\System32\WS2_32.dll
0x00007fff68160000 - 0x00007fff6816a000 	C:\WINDOWS\SYSTEM32\VERSION.dll
0x00007fff69bf0000 - 0x00007fff69c24000 	C:\WINDOWS\SYSTEM32\WINMM.dll
0x00007fff6ed70000 - 0x00007fff6ed88000 	C:\WINDOWS\SYSTEM32\kernel.appcore.dll
0x00007fff2fc10000 - 0x00007fff2fc20000 	C:\Program Files\Microsoft\jdk-11.0.20.8-hotspot\bin\verify.dll
0x00007fff6cef0000 - 0x00007fff6d122000 	C:\WINDOWS\SYSTEM32\DBGHELP.DLL
0x00007fff71ae0000 - 0x00007fff71e68000 	C:\WINDOWS\System32\combase.dll
0x00007fff72550000 - 0x00007fff72627000 	C:\WINDOWS\System32\OLEAUT32.dll
0x00007fff5ada0000 - 0x00007fff5add2000 	C:\WINDOWS\SYSTEM32\dbgcore.DLL
0x00007fff6fed0000 - 0x00007fff6ff4b000 	C:\WINDOWS\System32\bcryptPrimitives.dll
0x00007ffedbfe0000 - 0x00007ffedc008000 	C:\Program Files\Microsoft\jdk-11.0.20.8-hotspot\bin\java.dll
0x00007fff2dea0000 - 0x00007fff2deaa000 	C:\Program Files\Microsoft\jdk-11.0.20.8-hotspot\bin\jimage.dll
0x00007ffedc350000 - 0x00007ffedc368000 	C:\Program Files\Microsoft\jdk-11.0.20.8-hotspot\bin\zip.dll
0x00007fff70b10000 - 0x00007fff7136c000 	C:\WINDOWS\System32\SHELL32.dll
0x00007fff6dc80000 - 0x00007fff6e577000 	C:\WINDOWS\SYSTEM32\windows.storage.dll
0x00007fff6db40000 - 0x00007fff6dc7f000 	C:\WINDOWS\SYSTEM32\wintypes.dll
0x00007fff72370000 - 0x00007fff72464000 	C:\WINDOWS\System32\SHCORE.dll
0x00007fff72300000 - 0x00007fff7235e000 	C:\WINDOWS\System32\shlwapi.dll
0x00007fff6fcb0000 - 0x00007fff6fcd1000 	C:\WINDOWS\SYSTEM32\profapi.dll
0x00007ffedbfc0000 - 0x00007ffedbfd9000 	C:\Program Files\Microsoft\jdk-11.0.20.8-hotspot\bin\net.dll
0x00007fff6b3c0000 - 0x00007fff6b4f6000 	C:\WINDOWS\SYSTEM32\WINHTTP.dll
0x00007fff6f1d0000 - 0x00007fff6f239000 	C:\WINDOWS\system32\mswsock.dll
0x00007ffedbfa0000 - 0x00007ffedbfb3000 	C:\Program Files\Microsoft\jdk-11.0.20.8-hotspot\bin\nio.dll
0x00007ffee90d0000 - 0x00007ffee90f7000 	C:\Users\Haseeb\.gradle\native\68d5fa5c4cc2d200863cafc0d521ce42e7d3e7ee720ec0a83991735586a16f82\windows-amd64\native-platform.dll
0x00007fff333c0000 - 0x00007fff333c9000 	C:\Program Files\Microsoft\jdk-11.0.20.8-hotspot\bin\management.dll
0x00007fff27540000 - 0x00007fff2754b000 	C:\Program Files\Microsoft\jdk-11.0.20.8-hotspot\bin\management_ext.dll
0x00007fff6f520000 - 0x00007fff6f53b000 	C:\WINDOWS\SYSTEM32\CRYPTSP.dll
0x00007fff6ecd0000 - 0x00007fff6ed05000 	C:\WINDOWS\system32\rsaenh.dll
0x00007fff6f270000 - 0x00007fff6f298000 	C:\WINDOWS\SYSTEM32\USERENV.dll
0x00007fff6f500000 - 0x00007fff6f50c000 	C:\WINDOWS\SYSTEM32\CRYPTBASE.dll
0x00007fff6e7e0000 - 0x00007fff6e80d000 	C:\WINDOWS\SYSTEM32\IPHLPAPI.DLL
0x00007fff71ff0000 - 0x00007fff71ff9000 	C:\WINDOWS\System32\NSI.dll
0x00007fff6b380000 - 0x00007fff6b399000 	C:\WINDOWS\SYSTEM32\dhcpcsvc6.DLL
0x00007fff6b360000 - 0x00007fff6b37f000 	C:\WINDOWS\SYSTEM32\dhcpcsvc.DLL
0x00007fff6e850000 - 0x00007fff6e948000 	C:\WINDOWS\SYSTEM32\DNSAPI.dll

dbghelp: loaded successfully - version: 4.0.5 - missing functions: none
symbol engine: initialized successfully - sym options: 0x614 - pdb path: .;C:\Program Files\Microsoft\jdk-11.0.20.8-hotspot\bin;C:\WINDOWS\SYSTEM32;C:\WINDOWS\WinSxS\amd64_microsoft.windows.common-controls_6595b64144ccf1df_6.0.22621.3672_none_2713b9d173822955;C:\Program Files\Microsoft\jdk-11.0.20.8-hotspot\bin\server;C:\Users\Haseeb\.gradle\native\68d5fa5c4cc2d200863cafc0d521ce42e7d3e7ee720ec0a83991735586a16f82\windows-amd64

VM Arguments:
jvm_args: -Xmx64m -Xms64m -Dorg.gradle.appname=gradlew 
java_command: org.gradle.wrapper.GradleWrapperMain app:installDebug -PreactNativeDevServerPort=8081
java_class_path (initial): D:\olympic_analysir\olympic_data_analysir\android\\gradle\wrapper\gradle-wrapper.jar
Launcher Type: SUN_STANDARD

[Global flags]
     intx CICompilerCount                          = 4                                         {product} {ergonomic}
     uint ConcGCThreads                            = 2                                         {product} {ergonomic}
     uint G1ConcRefinementThreads                  = 8                                         {product} {ergonomic}
   size_t G1HeapRegionSize                         = 1048576                                   {product} {ergonomic}
    uintx GCDrainStackTargetSize                   = 64                                        {product} {ergonomic}
   size_t InitialHeapSize                          = 67108864                                  {product} {command line}
   size_t MarkStackSize                            = 4194304                                   {product} {ergonomic}
   size_t MaxHeapSize                              = 67108864                                  {product} {command line}
   size_t MaxNewSize                               = 39845888                                  {product} {ergonomic}
   size_t MinHeapDeltaBytes                        = 1048576                                   {product} {ergonomic}
    uintx NonNMethodCodeHeapSize                   = 5836300                                {pd product} {ergonomic}
    uintx NonProfiledCodeHeapSize                  = 122910970                              {pd product} {ergonomic}
    uintx ProfiledCodeHeapSize                     = 122910970                              {pd product} {ergonomic}
    uintx ReservedCodeCacheSize                    = 251658240                              {pd product} {ergonomic}
     bool SegmentedCodeCache                       = true                                      {product} {ergonomic}
     bool UseCompressedClassPointers               = true                                 {lp64_product} {ergonomic}
     bool UseCompressedOops                        = true                                 {lp64_product} {ergonomic}
     bool UseG1GC                                  = true                                      {product} {ergonomic}
     bool UseLargePagesIndividualAllocation        = false                                  {pd product} {ergonomic}

Logging:
Log output configuration:
 #0: stdout all=warning uptime,level,tags
 #1: stderr all=off uptime,level,tags

Environment Variables:
JAVA_HOME=C:\Program Files\Microsoft\jdk-11.0.20.8-hotspot\
CLASSPATH=D:\olympic_analysir\olympic_data_analysir\android\\gradle\wrapper\gradle-wrapper.jar
PATH=D:\olympic_analysir\olympic_data_analysir\node_modules\.bin;D:\olympic_analysir\olympic_data_analysir\node_modules\.bin;D:\olympic_analysir\node_modules\.bin;D:\node_modules\.bin;C:\Users\Haseeb\AppData\Roaming\npm\node_modules\npm\node_modules\@npmcli\run-script\lib\node-gyp-bin;D:\olympic_analysir\olympic_data_analysir\node_modules\.bin;D:\olympic_analysir\olympic_data_analysir\node_modules\.bin;D:\olympic_analysir\node_modules\.bin;D:\node_modules\.bin;C:\Users\Haseeb\AppData\Roaming\npm\node_modules\npm\node_modules\@npmcli\run-script\lib\node-gyp-bin;C:\Program Files\Common Files\Oracle\Java\javapath;C:\Program Files\Microsoft\jdk-11.0.20.8-hotspot\bin;C:\WINDOWS\system32;C:\WINDOWS;C:\WINDOWS\System32\Wbem;C:\WINDOWS\System32\WindowsPowerShell\v1.0\;C:\WINDOWS\System32\OpenSSH\;C:\Program Files\nodejs\;C:\ProgramData\chocolatey\bin;C:\Users\Haseeb\AppData\Local\Android\Sdk\platform-tools;C:\Users\Haseeb\AppData\Local\Programs\Python\Python312;C:\Users\Haseeb\AppData\Local\Programs\Python\Python312\Scripts;C:\Users\Haseeb\AppData\Local\Programs\Python\Launcher\;C:\Users\Haseeb\AppData\Local\Microsoft\WindowsApps;C:\Users\Haseeb\AppData\Roaming\npm;C:\flutter\bin;C:\Program Files\Java\jdk-22\bin;C:\Program Files\Git\bin;C:\Users\Haseeb\AppData\Local\Programs\Microsoft VS Code\bin
USERNAME=Haseeb
LANG=en_US.UTF-8
OS=Windows_NT
PROCESSOR_IDENTIFIER=Intel64 Family 6 Model 142 Stepping 12, GenuineIntel
TMP=C:\Users\Haseeb\AppData\Local\Temp
TEMP=C:\Users\Haseeb\AppData\Local\Temp



---------------  S Y S T E M  ---------------

OS: Windows 11 , 64 bit Build 22621 (10.0.22621.3672)
OS uptime: 5 days 4:26 hours
Hyper-V role detected

CPU:total 8 (initial active 8) (4 cores per cpu, 2 threads per core) family 6 model 142 stepping 12 microcode 0xf4, cmov, cx8, fxsr, mmx, sse, sse2, sse3, ssse3, sse4.1, sse4.2, popcnt, avx, avx2, aes, clmul, erms, 3dnowpref, lzcnt, ht, tsc, tscinvbit, bmi1, bmi2, adx, fma

Memory: 4k page, system-wide physical 16050M (139M free)
TotalPageFile size 28726M (AvailPageFile size 0M)
current process WorkingSet (physical memory assigned to process): 87M, peak: 95M
current process commit charge ("private bytes"): 160M, peak: 168M

vm_info: OpenJDK 64-Bit Server VM (11.0.20+8-LTS) for windows-amd64 JRE (11.0.20+8-LTS), built on Jul  7 2023 17:05:21 by "MicrosoftCorporation" with MS VC++ 15.9 (VS2017)

END.
