#
# There is insufficient memory for the Java Runtime Environment to continue.
# Native memory allocation (malloc) failed to allocate 9104 bytes for AllocateHeap
# Possible reasons:
#   The system is out of physical RAM or swap space
#   The process is running with CompressedOops enabled, and the Java Heap may be blocking the growth of the native heap
# Possible solutions:
#   Reduce memory load on the system
#   Increase physical memory or swap space
#   Check if swap backing store is full
#   Decrease Java heap size (-Xmx/-Xms)
#   Decrease number of Java threads
#   Decrease Java thread stack sizes (-Xss)
#   Set larger code cache with -XX:ReservedCodeCacheSize=
#
#  , pid=24892
#
# -Xms64m -Dorg.gradle.appname=gradlew org.gradle.wrapper.GradleWrapperMain app:installDebug -PreactNativeDevServerPort=8081

Host: Intel(R) Core(TM) i7-10610U CPU @ 1.80GHz, 8 cores, 15G,  Windows 11 , 64 bit Build 22621 (10.0.22621.3672)
Time: Wed Jul  3 18:28:18 2024 Pakistan Standard Time elapsed time: 52.147007 seconds (0d 0h 0m 52s)

---------------  T H R E A D  ---------------

Current thread (0x0000024d654a5000):  JavaThread "Exec process" [_thread_in_Java, id=26328, stack(0x000000c776e00000,0x000000c776f00000)]

Stack: [0x000000c776e00000,0x000000c776f00000]
[error occurred during error reporting (printing stack bounds), id 0xc0000005, EXCEPTION_ACCESS_VIOLATION (0xc0000005) at pc=0x00007ffeb34e074a]

Native frames: (J=compiled Java code, j=interpreted, Vv=VM code, C=native code)
V  [jvm.dll+0x62e9da]
V  [jvm.dll+0x7bc4e9]
V  [jvm.dll+0x7bdbd8]
V  [jvm.dll+0x7be215]
V  [jvm.dll+0x7be1cb]
V  [jvm.dll+0x62dd67]
V  [jvm.dll+0x62e478]
C  [ntdll.dll+0xa504f]
C  [ntdll.dll+0x1e866]
C  [ntdll.dll+0xa403e]
V  [jvm.dll+0x6a074a]
C  0x0000024d523288be

Java frames: (J=compiled Java code, j=interpreted, Vv=VM code)
v  blob 0x0000024d5236a12b
J 351 c2 java.lang.String.codePointAt(I)I java.base@11.0.20 (50 bytes) @ 0x0000024d59e0999c [0x0000024d59e09920+0x000000000000007c]
J 215 c1 java.util.regex.Pattern.compile()V java.base@11.0.20 (498 bytes) @ 0x0000024d5290916c [0x0000024d52908ce0+0x000000000000048c]
j  java.util.regex.Pattern.<init>(Ljava/lang/String;I)V+108 java.base@11.0.20
j  java.util.regex.Pattern.compile(Ljava/lang/String;)Ljava/util/regex/Pattern;+6 java.base@11.0.20
j  java.util.Scanner.linePattern()Ljava/util/regex/Pattern;+10 java.base@11.0.20
j  java.util.Scanner.nextLine()Ljava/lang/String;+14 java.base@11.0.20
j  org.gradle.launcher.daemon.bootstrap.DaemonOutputConsumer.start()V+64
j  org.gradle.process.internal.DefaultExecHandle$CompositeStreamsHandler.start()V+19
j  org.gradle.process.internal.ExecHandleRunner.run()V+25
j  org.gradle.internal.operations.CurrentBuildOperationPreservingRunnable.run()V+11
j  org.gradle.internal.concurrent.ExecutorPolicy$CatchAndRecordFailures.onExecute(Ljava/lang/Runnable;)V+1
j  org.gradle.internal.concurrent.ManagedExecutorImpl$1.run()V+25
j  java.util.concurrent.ThreadPoolExecutor.runWorker(Ljava/util/concurrent/ThreadPoolExecutor$Worker;)V+92 java.base@11.0.20
j  java.util.concurrent.ThreadPoolExecutor$Worker.run()V+5 java.base@11.0.20
j  java.lang.Thread.run()V+11 java.base@11.0.20
v  ~StubRoutines::call_stub

---------------  P R O C E S S  ---------------

Threads class SMR info:
_java_thread_list=0x0000024d65b7d310, length=13, elements={
0x0000024d49bb0800, 0x0000024d64259800, 0x0000024d64265000, 0x0000024d64272000,
0x0000024d64274800, 0x0000024d64275800, 0x0000024d64277000, 0x0000024d642c7000,
0x0000024d64bf0800, 0x0000024d64d5b800, 0x0000024d65be5000, 0x0000024d654a5000,
0x0000024d66337000
}

Java Threads: ( => current thread )
  0x0000024d49bb0800 JavaThread "main" [_thread_blocked, id=24792, stack(0x000000c775d00000,0x000000c775e00000)]
  0x0000024d64259800 JavaThread "Reference Handler" daemon [_thread_blocked, id=24548, stack(0x000000c776400000,0x000000c776500000)]
  0x0000024d64265000 JavaThread "Finalizer" daemon [_thread_blocked, id=19576, stack(0x000000c776500000,0x000000c776600000)]
  0x0000024d64272000 JavaThread "Signal Dispatcher" daemon [_thread_blocked, id=22052, stack(0x000000c776600000,0x000000c776700000)]
  0x0000024d64274800 JavaThread "Attach Listener" daemon [_thread_blocked, id=22048, stack(0x000000c776700000,0x000000c776800000)]
  0x0000024d64275800 JavaThread "Service Thread" daemon [_thread_blocked, id=21888, stack(0x000000c776800000,0x000000c776900000)]
  0x0000024d64277000 JavaThread "C2 CompilerThread0" daemon [_thread_blocked, id=24540, stack(0x000000c776900000,0x000000c776a00000)]
  0x0000024d642c7000 JavaThread "C1 CompilerThread0" daemon [_thread_blocked, id=24872, stack(0x000000c776a00000,0x000000c776b00000)]
  0x0000024d64bf0800 JavaThread "Sweeper thread" daemon [_thread_blocked, id=25272, stack(0x000000c776b00000,0x000000c776c00000)]
  0x0000024d64d5b800 JavaThread "Common-Cleaner" daemon [_thread_blocked, id=22024, stack(0x000000c776d00000,0x000000c776e00000)]
  0x0000024d65be5000 JavaThread "pool-1-thread-1" [_thread_blocked, id=17612, stack(0x000000c777000000,0x000000c777100000)]
=>0x0000024d654a5000 JavaThread "Exec process" [_thread_in_Java, id=26328, stack(0x000000c776e00000,0x000000c776f00000)]
  0x0000024d66337000 JavaThread "Exec process Thread 2" [_thread_blocked, id=26464, stack(0x000000c777200000,0x000000c777300000)]

Other Threads:
  0x0000024d64230800 VMThread "VM Thread" [stack: 0x000000c776300000,0x000000c776400000] [id=25112]
  0x0000024d64d52000 WatcherThread [stack: 0x000000c776c00000,0x000000c776d00000] [id=19368]
  0x0000024d49bcc800 GCTaskThread "GC Thread#0" [stack: 0x000000c775e00000,0x000000c775f00000] [id=22172]
  0x0000024d65e86800 GCTaskThread "GC Thread#1" [stack: 0x000000c776f00000,0x000000c777000000] [id=18692]
  0x0000024d49bd3800 ConcurrentGCThread "G1 Main Marker" [stack: 0x000000c775f00000,0x000000c776000000] [id=22180]
  0x0000024d49bd5000 ConcurrentGCThread "G1 Conc#0" [stack: 0x000000c776000000,0x000000c776100000] [id=22184]
  0x0000024d49c3c800 ConcurrentGCThread "G1 Refine#0" [stack: 0x000000c776100000,0x000000c776200000] [id=22188]
  0x0000024d49c3d800 ConcurrentGCThread "G1 Young RemSet Sampling" [stack: 0x000000c776200000,0x000000c776300000] [id=25284]

Threads with active compile tasks:

VM state:not at safepoint (normal execution)

VM Mutex/Monitor currently owned by a thread: None

Heap address: 0x00000000fc000000, size: 64 MB, Compressed Oops mode: 32-bit
Narrow klass base: 0x0000000000000000, Narrow klass shift: 3
Compressed class space size: 1073741824 Address: 0x0000000100000000

Heap:
 garbage-first heap   total 65536K, used 31905K [0x00000000fc000000, 0x0000000100000000)
  region size 1024K, 26 young (26624K), 3 survivors (3072K)
 Metaspace       used 15479K, capacity 15796K, committed 16000K, reserved 1062912K
  class space    used 1734K, capacity 1851K, committed 1920K, reserved 1048576K
Heap Regions: E=young(eden), S=young(survivor), O=old, HS=humongous(starts), HC=humongous(continues), CS=collection set, F=free, A=archive, TAMS=top-at-mark-start (previous, next)
|   0|0x00000000fc000000, 0x00000000fc100000, 0x00000000fc100000|100%|HS|  |TAMS 0x00000000fc000000, 0x00000000fc000000| Complete 
|   1|0x00000000fc100000, 0x00000000fc200000, 0x00000000fc200000|100%|HC|  |TAMS 0x00000000fc100000, 0x00000000fc100000| Complete 
|   2|0x00000000fc200000, 0x00000000fc300000, 0x00000000fc300000|100%|HC|  |TAMS 0x00000000fc200000, 0x00000000fc200000| Complete 
|   3|0x00000000fc300000, 0x00000000fc400000, 0x00000000fc400000|100%| O|  |TAMS 0x00000000fc300000, 0x00000000fc300000| Untracked 
|   4|0x00000000fc400000, 0x00000000fc500000, 0x00000000fc500000|100%| O|  |TAMS 0x00000000fc400000, 0x00000000fc400000| Untracked 
|   5|0x00000000fc500000, 0x00000000fc600000, 0x00000000fc600000|100%| O|  |TAMS 0x00000000fc500000, 0x00000000fc500000| Untracked 
|   6|0x00000000fc600000, 0x00000000fc628400, 0x00000000fc700000| 15%| O|  |TAMS 0x00000000fc600000, 0x00000000fc600000| Untracked 
|   7|0x00000000fc700000, 0x00000000fc700000, 0x00000000fc800000|  0%| F|  |TAMS 0x00000000fc700000, 0x00000000fc700000| Untracked 
|   8|0x00000000fc800000, 0x00000000fc800000, 0x00000000fc900000|  0%| F|  |TAMS 0x00000000fc800000, 0x00000000fc800000| Untracked 
|   9|0x00000000fc900000, 0x00000000fc900000, 0x00000000fca00000|  0%| F|  |TAMS 0x00000000fc900000, 0x00000000fc900000| Untracked 
|  10|0x00000000fca00000, 0x00000000fca00000, 0x00000000fcb00000|  0%| F|  |TAMS 0x00000000fca00000, 0x00000000fca00000| Untracked 
|  11|0x00000000fcb00000, 0x00000000fcb00000, 0x00000000fcc00000|  0%| F|  |TAMS 0x00000000fcb00000, 0x00000000fcb00000| Untracked 
|  12|0x00000000fcc00000, 0x00000000fcc00000, 0x00000000fcd00000|  0%| F|  |TAMS 0x00000000fcc00000, 0x00000000fcc00000| Untracked 
|  13|0x00000000fcd00000, 0x00000000fcd00000, 0x00000000fce00000|  0%| F|  |TAMS 0x00000000fcd00000, 0x00000000fcd00000| Untracked 
|  14|0x00000000fce00000, 0x00000000fce00000, 0x00000000fcf00000|  0%| F|  |TAMS 0x00000000fce00000, 0x00000000fce00000| Untracked 
|  15|0x00000000fcf00000, 0x00000000fcf00000, 0x00000000fd000000|  0%| F|  |TAMS 0x00000000fcf00000, 0x00000000fcf00000| Untracked 
|  16|0x00000000fd000000, 0x00000000fd000000, 0x00000000fd100000|  0%| F|  |TAMS 0x00000000fd000000, 0x00000000fd000000| Untracked 
|  17|0x00000000fd100000, 0x00000000fd100000, 0x00000000fd200000|  0%| F|  |TAMS 0x00000000fd100000, 0x00000000fd100000| Untracked 
|  18|0x00000000fd200000, 0x00000000fd200000, 0x00000000fd300000|  0%| F|  |TAMS 0x00000000fd200000, 0x00000000fd200000| Untracked 
|  19|0x00000000fd300000, 0x00000000fd300000, 0x00000000fd400000|  0%| F|  |TAMS 0x00000000fd300000, 0x00000000fd300000| Untracked 
|  20|0x00000000fd400000, 0x00000000fd400000, 0x00000000fd500000|  0%| F|  |TAMS 0x00000000fd400000, 0x00000000fd400000| Untracked 
|  21|0x00000000fd500000, 0x00000000fd500000, 0x00000000fd600000|  0%| F|  |TAMS 0x00000000fd500000, 0x00000000fd500000| Untracked 
|  22|0x00000000fd600000, 0x00000000fd600000, 0x00000000fd700000|  0%| F|  |TAMS 0x00000000fd600000, 0x00000000fd600000| Untracked 
|  23|0x00000000fd700000, 0x00000000fd700000, 0x00000000fd800000|  0%| F|  |TAMS 0x00000000fd700000, 0x00000000fd700000| Untracked 
|  24|0x00000000fd800000, 0x00000000fd800000, 0x00000000fd900000|  0%| F|  |TAMS 0x00000000fd800000, 0x00000000fd800000| Untracked 
|  25|0x00000000fd900000, 0x00000000fd900000, 0x00000000fda00000|  0%| F|  |TAMS 0x00000000fd900000, 0x00000000fd900000| Untracked 
|  26|0x00000000fda00000, 0x00000000fda00000, 0x00000000fdb00000|  0%| F|  |TAMS 0x00000000fda00000, 0x00000000fda00000| Untracked 
|  27|0x00000000fdb00000, 0x00000000fdb00000, 0x00000000fdc00000|  0%| F|  |TAMS 0x00000000fdb00000, 0x00000000fdb00000| Untracked 
|  28|0x00000000fdc00000, 0x00000000fdc00000, 0x00000000fdd00000|  0%| F|  |TAMS 0x00000000fdc00000, 0x00000000fdc00000| Untracked 
|  29|0x00000000fdd00000, 0x00000000fdd00000, 0x00000000fde00000|  0%| F|  |TAMS 0x00000000fdd00000, 0x00000000fdd00000| Untracked 
|  30|0x00000000fde00000, 0x00000000fde00000, 0x00000000fdf00000|  0%| F|  |TAMS 0x00000000fde00000, 0x00000000fde00000| Untracked 
|  31|0x00000000fdf00000, 0x00000000fdf00000, 0x00000000fe000000|  0%| F|  |TAMS 0x00000000fdf00000, 0x00000000fdf00000| Untracked 
|  32|0x00000000fe000000, 0x00000000fe000000, 0x00000000fe100000|  0%| F|  |TAMS 0x00000000fe000000, 0x00000000fe000000| Untracked 
|  33|0x00000000fe100000, 0x00000000fe100000, 0x00000000fe200000|  0%| F|  |TAMS 0x00000000fe100000, 0x00000000fe100000| Untracked 
|  34|0x00000000fe200000, 0x00000000fe200000, 0x00000000fe300000|  0%| F|  |TAMS 0x00000000fe200000, 0x00000000fe200000| Untracked 
|  35|0x00000000fe300000, 0x00000000fe300000, 0x00000000fe400000|  0%| F|  |TAMS 0x00000000fe300000, 0x00000000fe300000| Untracked 
|  36|0x00000000fe400000, 0x00000000fe400000, 0x00000000fe500000|  0%| F|  |TAMS 0x00000000fe400000, 0x00000000fe400000| Untracked 
|  37|0x00000000fe500000, 0x00000000fe600000, 0x00000000fe600000|100%| S|CS|TAMS 0x00000000fe500000, 0x00000000fe500000| Complete 
|  38|0x00000000fe600000, 0x00000000fe700000, 0x00000000fe700000|100%| S|CS|TAMS 0x00000000fe600000, 0x00000000fe600000| Complete 
|  39|0x00000000fe700000, 0x00000000fe800000, 0x00000000fe800000|100%| S|CS|TAMS 0x00000000fe700000, 0x00000000fe700000| Complete 
|  40|0x00000000fe800000, 0x00000000fe800000, 0x00000000fe900000|  0%| F|  |TAMS 0x00000000fe800000, 0x00000000fe800000| Untracked 
|  41|0x00000000fe900000, 0x00000000fe985a48, 0x00000000fea00000| 52%| E|  |TAMS 0x00000000fe900000, 0x00000000fe900000| Complete 
|  42|0x00000000fea00000, 0x00000000feb00000, 0x00000000feb00000|100%| E|CS|TAMS 0x00000000fea00000, 0x00000000fea00000| Complete 
|  43|0x00000000feb00000, 0x00000000fec00000, 0x00000000fec00000|100%| E|CS|TAMS 0x00000000feb00000, 0x00000000feb00000| Complete 
|  44|0x00000000fec00000, 0x00000000fed00000, 0x00000000fed00000|100%| E|CS|TAMS 0x00000000fec00000, 0x00000000fec00000| Complete 
|  45|0x00000000fed00000, 0x00000000fee00000, 0x00000000fee00000|100%| E|CS|TAMS 0x00000000fed00000, 0x00000000fed00000| Complete 
|  46|0x00000000fee00000, 0x00000000fef00000, 0x00000000fef00000|100%| E|CS|TAMS 0x00000000fee00000, 0x00000000fee00000| Complete 
|  47|0x00000000fef00000, 0x00000000ff000000, 0x00000000ff000000|100%| E|CS|TAMS 0x00000000fef00000, 0x00000000fef00000| Complete 
|  48|0x00000000ff000000, 0x00000000ff100000, 0x00000000ff100000|100%| E|CS|TAMS 0x00000000ff000000, 0x00000000ff000000| Complete 
|  49|0x00000000ff100000, 0x00000000ff200000, 0x00000000ff200000|100%| E|CS|TAMS 0x00000000ff100000, 0x00000000ff100000| Complete 
|  50|0x00000000ff200000, 0x00000000ff300000, 0x00000000ff300000|100%| E|CS|TAMS 0x00000000ff200000, 0x00000000ff200000| Complete 
|  51|0x00000000ff300000, 0x00000000ff400000, 0x00000000ff400000|100%| E|CS|TAMS 0x00000000ff300000, 0x00000000ff300000| Complete 
|  52|0x00000000ff400000, 0x00000000ff500000, 0x00000000ff500000|100%| E|CS|TAMS 0x00000000ff400000, 0x00000000ff400000| Complete 
|  53|0x00000000ff500000, 0x00000000ff600000, 0x00000000ff600000|100%| E|CS|TAMS 0x00000000ff500000, 0x00000000ff500000| Complete 
|  54|0x00000000ff600000, 0x00000000ff700000, 0x00000000ff700000|100%| E|CS|TAMS 0x00000000ff600000, 0x00000000ff600000| Complete 
|  55|0x00000000ff700000, 0x00000000ff800000, 0x00000000ff800000|100%| E|CS|TAMS 0x00000000ff700000, 0x00000000ff700000| Complete 
|  56|0x00000000ff800000, 0x00000000ff900000, 0x00000000ff900000|100%| E|CS|TAMS 0x00000000ff800000, 0x00000000ff800000| Complete 
|  57|0x00000000ff900000, 0x00000000ffa00000, 0x00000000ffa00000|100%| E|CS|TAMS 0x00000000ff900000, 0x00000000ff900000| Complete 
|  58|0x00000000ffa00000, 0x00000000ffb00000, 0x00000000ffb00000|100%| E|CS|TAMS 0x00000000ffa00000, 0x00000000ffa00000| Complete 
|  59|0x00000000ffb00000, 0x00000000ffc00000, 0x00000000ffc00000|100%| E|CS|TAMS 0x00000000ffb00000, 0x00000000ffb00000| Complete 
|  60|0x00000000ffc00000, 0x00000000ffd00000, 0x00000000ffd00000|100%| E|CS|TAMS 0x00000000ffc00000, 0x00000000ffc00000| Complete 
|  61|0x00000000ffd00000, 0x00000000ffe00000, 0x00000000ffe00000|100%| E|CS|TAMS 0x00000000ffd00000, 0x00000000ffd00000| Complete 
|  62|0x00000000ffe00000, 0x00000000fff00000, 0x00000000fff00000|100%| E|CS|TAMS 0x00000000ffe00000, 0x00000000ffe00000| Complete 
|  63|0x00000000fff00000, 0x0000000100000000, 0x0000000100000000|100%| E|CS|TAMS 0x00000000fff00000, 0x00000000fff00000| Complete 

Card table byte_map: [0x0000024d47b70000,0x0000024d47b90000] _byte_map_base: 0x0000024d47390000

Marking Bits (Prev, Next): (CMBitMap*) 0x0000024d49bd2518, (CMBitMap*) 0x0000024d49bd2550
 Prev Bits: [0x0000024d61650000, 0x0000024d61750000)
 Next Bits: [0x0000024d61750000, 0x0000024d61850000)

Polling page: 0x0000024d47b20000

Metaspace:

Usage:
  Non-class:     13.62 MB capacity,    13.42 MB ( 99%) used,   177.09 KB (  1%) free+waste,    22.56 KB ( <1%) overhead. 
      Class:      1.81 MB capacity,     1.69 MB ( 94%) used,   105.49 KB (  6%) free+waste,    11.25 KB ( <1%) overhead. 
       Both:     15.43 MB capacity,    15.12 MB ( 98%) used,   282.58 KB (  2%) free+waste,    33.81 KB ( <1%) overhead. 

Virtual space:
  Non-class space:       14.00 MB reserved,      13.75 MB ( 98%) committed 
      Class space:        1.00 GB reserved,       1.88 MB ( <1%) committed 
             Both:        1.01 GB reserved,      15.63 MB (  2%) committed 

Chunk freelists:
   Non-Class:  7.00 KB
       Class:  5.00 KB
        Both:  12.00 KB

MaxMetaspaceSize: 17179869184.00 GB
CompressedClassSpaceSize: 1.00 GB
Initial GC threshold: 20.80 MB
Current GC threshold: 20.80 MB
CDS: off

CodeHeap 'non-profiled nmethods': size=120000Kb used=538Kb max_used=538Kb free=119462Kb
 bounds [0x0000024d59df0000, 0x0000024d5a060000, 0x0000024d61320000]
CodeHeap 'profiled nmethods': size=120000Kb used=2618Kb max_used=2618Kb free=117381Kb
 bounds [0x0000024d528c0000, 0x0000024d52b50000, 0x0000024d59df0000]
CodeHeap 'non-nmethods': size=5760Kb used=1158Kb max_used=1171Kb free=4602Kb
 bounds [0x0000024d52320000, 0x0000024d52590000, 0x0000024d528c0000]
 total_blobs=1777 nmethods=1357 adapters=333
 compilation: enabled
              stopped_count=0, restarted_count=0
 full_count=0

Compilation events (20 events):
Event: 49.657 Thread 0x0000024d642c7000 1349       3       java.util.concurrent.ScheduledThreadPoolExecutor$ScheduledFutureTask::run (57 bytes)
Event: 49.657 Thread 0x0000024d642c7000 nmethod 1349 0x0000024d52b44410 code [0x0000024d52b44640, 0x0000024d52b44a78]
Event: 49.750 Thread 0x0000024d642c7000 1350       3       java.util.concurrent.locks.AbstractQueuedSynchronizer$ConditionObject::addConditionWaiter (79 bytes)
Event: 49.752 Thread 0x0000024d642c7000 nmethod 1350 0x0000024d52b44c10 code [0x0000024d52b44f00, 0x0000024d52b45ec8]
Event: 49.752 Thread 0x0000024d642c7000 1351       3       java.util.concurrent.locks.AbstractQueuedSynchronizer$Node::<init> (23 bytes)
Event: 49.754 Thread 0x0000024d642c7000 nmethod 1351 0x0000024d52b46390 code [0x0000024d52b46660, 0x0000024d52b47478]
Event: 49.961 Thread 0x0000024d642c7000 1352       3       java.util.concurrent.locks.AbstractQueuedSynchronizer$Node::setPrevRelaxed (9 bytes)
Event: 49.962 Thread 0x0000024d642c7000 nmethod 1352 0x0000024d52b47910 code [0x0000024d52b47b60, 0x0000024d52b48358]
Event: 49.962 Thread 0x0000024d642c7000 1353       3       java.util.concurrent.locks.AbstractQueuedSynchronizer::compareAndSetTail (10 bytes)
Event: 49.963 Thread 0x0000024d642c7000 nmethod 1353 0x0000024d52b48610 code [0x0000024d52b488a0, 0x0000024d52b49358]
Event: 49.963 Thread 0x0000024d642c7000 1354       3       java.util.concurrent.locks.AbstractQueuedSynchronizer::transferForSignal (45 bytes)
Event: 49.965 Thread 0x0000024d642c7000 nmethod 1354 0x0000024d52b49710 code [0x0000024d52b49a00, 0x0000024d52b4a8b8]
Event: 50.055 Thread 0x0000024d642c7000 1355       3       java.util.concurrent.locks.AbstractQueuedSynchronizer$ConditionObject::awaitNanos (181 bytes)
Event: 50.059 Thread 0x0000024d642c7000 nmethod 1355 0x0000024d52b4ae10 code [0x0000024d52b4b220, 0x0000024d52b4cdf8]
Event: 50.164 Thread 0x0000024d642c7000 1356       3       java.util.concurrent.locks.AbstractQueuedSynchronizer$ConditionObject::doSignal (43 bytes)
Event: 50.165 Thread 0x0000024d642c7000 nmethod 1356 0x0000024d52b4d990 code [0x0000024d52b4db60, 0x0000024d52b4dea8]
Event: 52.144 Thread 0x0000024d642c7000 1357       3       java.nio.ByteBuffer::arrayOffset (35 bytes)
Event: 52.144 Thread 0x0000024d642c7000 nmethod 1357 0x0000024d52b4e010 code [0x0000024d52b4e1e0, 0x0000024d52b4e498]
Event: 52.144 Thread 0x0000024d642c7000 1358       3       sun.nio.cs.SingleByte$Decoder::decode (11 bytes)
Event: 52.145 Thread 0x0000024d642c7000 nmethod 1358 0x0000024d52b4e610 code [0x0000024d52b4e7c0, 0x0000024d52b4e8f8]

GC Heap History (2 events):
Event: 23.719 GC heap before
{Heap before GC invocations=0 (full 0):
 garbage-first heap   total 65536K, used 26624K [0x00000000fc000000, 0x0000000100000000)
  region size 1024K, 24 young (24576K), 0 survivors (0K)
 Metaspace       used 10401K, capacity 10664K, committed 10880K, reserved 1058816K
  class space    used 1058K, capacity 1134K, committed 1152K, reserved 1048576K
}
Event: 23.733 GC heap after
{Heap after GC invocations=1 (full 0):
 garbage-first heap   total 65536K, used 9377K [0x00000000fc000000, 0x0000000100000000)
  region size 1024K, 3 young (3072K), 3 survivors (3072K)
 Metaspace       used 10401K, capacity 10664K, committed 10880K, reserved 1058816K
  class space    used 1058K, capacity 1134K, committed 1152K, reserved 1048576K
}

Deoptimization events (20 events):
Event: 39.349 Thread 0x0000024d49bb0800 DEOPT UNPACKING pc=0x0000024d5236a95e sp=0x000000c775dfbbd8 mode 0
Event: 40.904 Thread 0x0000024d654a5000 Uncommon trap: trap_request=0xffffff4d fr.pc=0x0000024d59e260bc relative=0x000000000000047c
Event: 40.904 Thread 0x0000024d654a5000 Uncommon trap: reason=unstable_if action=reinterpret pc=0x0000024d59e260bc method=java.lang.AbstractStringBuilder.putStringAt(ILjava/lang/String;)V @ 8 c2
Event: 40.904 Thread 0x0000024d654a5000 DEOPT PACKING pc=0x0000024d59e260bc sp=0x000000c776efeee0
Event: 40.904 Thread 0x0000024d654a5000 DEOPT UNPACKING pc=0x0000024d5236a1af sp=0x000000c776efede8 mode 2
Event: 40.904 Thread 0x0000024d654a5000 Uncommon trap: trap_request=0xffffff4d fr.pc=0x0000024d59e35614 relative=0x0000000000000454
Event: 40.904 Thread 0x0000024d654a5000 Uncommon trap: reason=unstable_if action=reinterpret pc=0x0000024d59e35614 method=java.lang.AbstractStringBuilder.putStringAt(ILjava/lang/String;)V @ 8 c2
Event: 40.904 Thread 0x0000024d654a5000 DEOPT PACKING pc=0x0000024d59e35614 sp=0x000000c776efee70
Event: 40.904 Thread 0x0000024d654a5000 DEOPT UNPACKING pc=0x0000024d5236a1af sp=0x000000c776efede0 mode 2
Event: 40.904 Thread 0x0000024d654a5000 Uncommon trap: trap_request=0xffffff4d fr.pc=0x0000024d59e27a6c relative=0x00000000000000cc
Event: 40.904 Thread 0x0000024d654a5000 Uncommon trap: reason=unstable_if action=reinterpret pc=0x0000024d59e27a6c method=java.lang.String.getBytes([BIB)V @ 5 c2
Event: 40.904 Thread 0x0000024d654a5000 DEOPT PACKING pc=0x0000024d59e27a6c sp=0x000000c776efed90
Event: 40.904 Thread 0x0000024d654a5000 DEOPT UNPACKING pc=0x0000024d5236a1af sp=0x000000c776efed58 mode 2
Event: 40.904 Thread 0x0000024d654a5000 Uncommon trap: trap_request=0xffffff4d fr.pc=0x0000024d59e5bfc0 relative=0x0000000000000380
Event: 40.904 Thread 0x0000024d654a5000 Uncommon trap: reason=unstable_if action=reinterpret pc=0x0000024d59e5bfc0 method=java.lang.AbstractStringBuilder.isLatin1()Z @ 10 c2
Event: 40.904 Thread 0x0000024d654a5000 DEOPT PACKING pc=0x0000024d59e5bfc0 sp=0x000000c776efeef0
Event: 40.904 Thread 0x0000024d654a5000 DEOPT UNPACKING pc=0x0000024d5236a1af sp=0x000000c776efee70 mode 2
Event: 52.145 Thread 0x0000024d654a5000 Uncommon trap: trap_request=0xffffff4d fr.pc=0x0000024d59e0999c relative=0x000000000000007c
Event: 52.145 Thread 0x0000024d654a5000 Uncommon trap: reason=unstable_if action=reinterpret pc=0x0000024d59e0999c method=java.lang.String.codePointAt(I)I @ 4 c2
Event: 52.145 Thread 0x0000024d654a5000 DEOPT PACKING pc=0x0000024d59e0999c sp=0x000000c776efee70

Classes redefined (0 events):
No events

Internal exceptions (16 events):
Event: 3.231 Thread 0x0000024d49bb0800 Exception <a 'java/lang/NoSuchMethodError'{0x00000000ffc61368}: 'int java.lang.invoke.DirectMethodHandle$Holder.invokeStaticInit(java.lang.Object, java.lang.Object)'> (0x00000000ffc61368) thrown at [s\src\hotspot\share\interpreter\linkResolver.cpp, line 773]
Event: 3.335 Thread 0x0000024d49bb0800 Exception <a 'java/lang/NoSuchMethodError'{0x00000000ffb33fd8}: 'int java.lang.invoke.DirectMethodHandle$Holder.invokeSpecial(java.lang.Object, java.lang.Object, java.lang.Object, java.lang.Object)'> (0x00000000ffb33fd8) thrown at [s\src\hotspot\share\interpreter\linkResolver.cpp, line 773]
Event: 3.350 Thread 0x0000024d49bb0800 Exception <a 'java/lang/NoSuchMethodError'{0x00000000ffb6bbb8}: 'int java.lang.invoke.DirectMethodHandle$Holder.invokeSpecialIFC(java.lang.Object, java.lang.Object, int)'> (0x00000000ffb6bbb8) thrown at [s\src\hotspot\share\interpreter\linkResolver.cpp, line 773]
Event: 23.494 Thread 0x0000024d49bb0800 Implicit null exception at 0x0000024d59e32ef5 to 0x0000024d59e330bc
Event: 23.639 Thread 0x0000024d49bb0800 Exception <a 'java/lang/NoClassDefFoundError'{0x00000000fe9df458}: org/slf4j/impl/StaticMarkerBinder> (0x00000000fe9df458) thrown at [s\src\hotspot\share\classfile\systemDictionary.cpp, line 219]
Event: 23.706 Thread 0x0000024d49bb0800 Exception <a 'java/lang/NoSuchMethodError'{0x00000000fe8de850}: 'java.lang.Object java.lang.invoke.DirectMethodHandle$Holder.invokeVirtual(java.lang.Object, java.lang.Object, java.lang.Object, java.lang.Object, java.lang.Object, java.lang.Object, java.lang.Object)'> (0x00000000fe8de850) thrown at [s\src\hotspot\share\interpreter\linkResolver.cpp, line 773]
Event: 23.714 Thread 0x0000024d49bb0800 Exception <a 'java/lang/NoSuchMethodError'{0x00000000fe8f29d0}: 'java.lang.Object java.lang.invoke.Invokers$Holder.invoker(java.lang.Object, java.lang.Object, java.lang.Object)'> (0x00000000fe8f29d0) thrown at [s\src\hotspot\share\interpreter\linkResolver.cpp, line 773]
Event: 23.746 Thread 0x0000024d49bb0800 Exception <a 'java/lang/NoSuchMethodError'{0x00000000fff03d98}: 'void java.lang.invoke.DelegatingMethodHandle$Holder.delegate(java.lang.Object, java.lang.Object, int, java.lang.Object)'> (0x00000000fff03d98) thrown at [s\src\hotspot\share\interpreter\linkResolver.cpp, line 773]
Event: 24.752 Thread 0x0000024d49bb0800 Exception <a 'java/lang/NoSuchMethodError'{0x00000000ff639210}: 'java.lang.Object java.lang.invoke.DirectMethodHandle$Holder.invokeStaticInit(java.lang.Object, java.lang.Object, java.lang.Object)'> (0x00000000ff639210) thrown at [s\src\hotspot\share\interpreter\linkResolver.cpp, line 773]
Event: 25.465 Thread 0x0000024d49bb0800 Exception <a 'java/lang/NoSuchMethodError'{0x00000000ff142dd8}: 'java.lang.Object java.lang.invoke.DirectMethodHandle$Holder.invokeStaticInit(java.lang.Object, int, int, int, int)'> (0x00000000ff142dd8) thrown at [s\src\hotspot\share\interpreter\linkResolver.cpp, line 773]
Event: 30.205 Thread 0x0000024d49bb0800 Exception <a 'java/lang/NoSuchMethodError'{0x00000000ff1bfe20}: 'java.lang.Object java.lang.invoke.DirectMethodHandle$Holder.invokeStaticInit(java.lang.Object, java.lang.Object, int, int, int, int)'> (0x00000000ff1bfe20) thrown at [s\src\hotspot\share\interpreter\linkResolver.cpp, line 773]
Event: 40.828 Thread 0x0000024d654a5000 Exception <a 'java/lang/NoSuchMethodError'{0x00000000fea8e720}: 'void java.lang.invoke.DirectMethodHandle$Holder.invokeStatic(java.lang.Object, long)'> (0x00000000fea8e720) thrown at [s\src\hotspot\share\interpreter\linkResolver.cpp, line 773]
Event: 40.828 Thread 0x0000024d654a5000 Exception <a 'java/lang/NoSuchMethodError'{0x00000000fea936c8}: 'java.lang.Object java.lang.invoke.DirectMethodHandle$Holder.invokeStatic(java.lang.Object, long)'> (0x00000000fea936c8) thrown at [s\src\hotspot\share\interpreter\linkResolver.cpp, line 773]
Event: 40.831 Thread 0x0000024d654a5000 Exception <a 'java/lang/NoSuchMethodError'{0x00000000feaa1768}: 'java.lang.Object java.lang.invoke.DirectMethodHandle$Holder.invokeStaticInit(java.lang.Object, java.lang.Object, long, java.lang.Object)'> (0x00000000feaa1768) thrown at [s\src\hotspot\share\interpreter\linkResolver.cpp, line 773]
Event: 40.833 Thread 0x0000024d654a5000 Exception <a 'java/lang/NoSuchMethodError'{0x00000000feaa7658}: 'java.lang.Object java.lang.invoke.DirectMethodHandle$Holder.invokeStatic(java.lang.Object, java.lang.Object, long)'> (0x00000000feaa7658) thrown at [s\src\hotspot\share\interpreter\linkResolver.cpp, line 773]
Event: 40.834 Thread 0x0000024d654a5000 Exception <a 'java/lang/NoSuchMethodError'{0x00000000feaad928}: 'java.lang.Object java.lang.invoke.Invokers$Holder.linkToTargetMethod(java.lang.Object, long, java.lang.Object)'> (0x00000000feaad928) thrown at [s\src\hotspot\share\interpreter\linkResolver.cpp, line 773]

Events (20 events):
Event: 40.899 loading class sun/text/resources/cldr/FormatData_en
Event: 40.899 loading class sun/text/resources/cldr/FormatData_en done
Event: 40.899 loading class sun/text/resources/cldr/FormatData_en_US
Event: 40.899 loading class sun/text/resources/cldr/FormatData_en_US done
Event: 40.899 loading class sun/util/locale/provider/LocaleResources$ResourceReference
Event: 40.899 loading class sun/util/locale/provider/LocaleResources$ResourceReference done
Event: 40.899 loading class java/text/DecimalFormatSymbols
Event: 40.900 loading class java/text/DecimalFormatSymbols done
Event: 40.900 loading class java/text/spi/DecimalFormatSymbolsProvider
Event: 40.900 loading class java/text/spi/DecimalFormatSymbolsProvider done
Event: 40.900 loading class sun/util/locale/provider/DecimalFormatSymbolsProviderImpl
Event: 40.900 loading class sun/util/locale/provider/DecimalFormatSymbolsProviderImpl done
Event: 40.901 loading class java/text/DecimalFormat
Event: 40.902 loading class java/text/DecimalFormat done
Event: 40.903 loading class java/text/FieldPosition
Event: 40.903 loading class java/text/FieldPosition done
Event: 40.903 loading class java/text/DigitList
Event: 40.903 loading class java/text/DigitList done
Event: 40.904 loading class java/io/PrintWriter
Event: 40.904 loading class java/io/PrintWriter done


Dynamic libraries:
0x00007ff7060c0000 - 0x00007ff7060cd000 	C:\Program Files\Microsoft\jdk-11.0.20.8-hotspot\bin\java.exe
0x00007fff72a50000 - 0x00007fff72c67000 	C:\WINDOWS\SYSTEM32\ntdll.dll
0x00007fff71f20000 - 0x00007fff71fe4000 	C:\WINDOWS\System32\KERNEL32.DLL
0x00007fff70180000 - 0x00007fff7052c000 	C:\WINDOWS\System32\KERNELBASE.dll
0x00007fff70670000 - 0x00007fff70781000 	C:\WINDOWS\System32\ucrtbase.dll
0x00007ffedc370000 - 0x00007ffedc387000 	C:\Program Files\Microsoft\jdk-11.0.20.8-hotspot\bin\jli.dll
0x00007fff70950000 - 0x00007fff70afe000 	C:\WINDOWS\System32\USER32.dll
0x00007fff70530000 - 0x00007fff70556000 	C:\WINDOWS\System32\win32u.dll
0x00007fff72520000 - 0x00007fff72549000 	C:\WINDOWS\System32\GDI32.dll
0x00007fff6fd80000 - 0x00007fff6fe99000 	C:\WINDOWS\System32\gdi32full.dll
0x00007fff705d0000 - 0x00007fff7066a000 	C:\WINDOWS\System32\msvcp_win.dll
0x00007ffedc390000 - 0x00007ffedc3a5000 	C:\Program Files\Microsoft\jdk-11.0.20.8-hotspot\bin\VCRUNTIME140.dll
0x00007fff5ade0000 - 0x00007fff5b073000 	C:\WINDOWS\WinSxS\amd64_microsoft.windows.common-controls_6595b64144ccf1df_6.0.22621.3672_none_2713b9d173822955\COMCTL32.dll
0x00007fff71e70000 - 0x00007fff71f17000 	C:\WINDOWS\System32\msvcrt.dll
0x00007fff722c0000 - 0x00007fff722f1000 	C:\WINDOWS\System32\IMM32.DLL
0x00007ffedb330000 - 0x00007ffedb3cb000 	C:\Program Files\Microsoft\jdk-11.0.20.8-hotspot\bin\msvcp140.dll
0x00007ffeb2e40000 - 0x00007ffeb39d6000 	C:\Program Files\Microsoft\jdk-11.0.20.8-hotspot\bin\server\jvm.dll
0x00007fff71a10000 - 0x00007fff71ac2000 	C:\WINDOWS\System32\ADVAPI32.dll
0x00007fff72210000 - 0x00007fff722ba000 	C:\WINDOWS\System32\sechost.dll
0x00007fff6fea0000 - 0x00007fff6fec8000 	C:\WINDOWS\System32\bcrypt.dll
0x00007fff728f0000 - 0x00007fff72a05000 	C:\WINDOWS\System32\RPCRT4.dll
0x00007fff71ad0000 - 0x00007fff71ad8000 	C:\WINDOWS\System32\PSAPI.DLL
0x00007fff2fca0000 - 0x00007fff2fca9000 	C:\WINDOWS\SYSTEM32\WSOCK32.dll
0x00007fff71910000 - 0x00007fff71981000 	C:\WINDOWS\System32\WS2_32.dll
0x00007fff69bf0000 - 0x00007fff69c24000 	C:\WINDOWS\SYSTEM32\WINMM.dll
0x00007fff68160000 - 0x00007fff6816a000 	C:\WINDOWS\SYSTEM32\VERSION.dll
0x00007fff6ed70000 - 0x00007fff6ed88000 	C:\WINDOWS\SYSTEM32\kernel.appcore.dll
0x00007fff2fc10000 - 0x00007fff2fc20000 	C:\Program Files\Microsoft\jdk-11.0.20.8-hotspot\bin\verify.dll
0x00007fff6cef0000 - 0x00007fff6d122000 	C:\WINDOWS\SYSTEM32\DBGHELP.DLL
0x00007fff71ae0000 - 0x00007fff71e68000 	C:\WINDOWS\System32\combase.dll
0x00007fff72550000 - 0x00007fff72627000 	C:\WINDOWS\System32\OLEAUT32.dll
0x00007fff5ada0000 - 0x00007fff5add2000 	C:\WINDOWS\SYSTEM32\dbgcore.DLL
0x00007fff6fed0000 - 0x00007fff6ff4b000 	C:\WINDOWS\System32\bcryptPrimitives.dll
0x00007ffedbfe0000 - 0x00007ffedc008000 	C:\Program Files\Microsoft\jdk-11.0.20.8-hotspot\bin\java.dll
0x00007fff2dea0000 - 0x00007fff2deaa000 	C:\Program Files\Microsoft\jdk-11.0.20.8-hotspot\bin\jimage.dll
0x00007ffedc350000 - 0x00007ffedc368000 	C:\Program Files\Microsoft\jdk-11.0.20.8-hotspot\bin\zip.dll
0x00007fff70b10000 - 0x00007fff7136c000 	C:\WINDOWS\System32\SHELL32.dll
0x00007fff6dc80000 - 0x00007fff6e577000 	C:\WINDOWS\SYSTEM32\windows.storage.dll
0x00007fff6db40000 - 0x00007fff6dc7f000 	C:\WINDOWS\SYSTEM32\wintypes.dll
0x00007fff72370000 - 0x00007fff72464000 	C:\WINDOWS\System32\SHCORE.dll
0x00007fff72300000 - 0x00007fff7235e000 	C:\WINDOWS\System32\shlwapi.dll
0x00007fff6fcb0000 - 0x00007fff6fcd1000 	C:\WINDOWS\SYSTEM32\profapi.dll
0x00007ffedbfc0000 - 0x00007ffedbfd9000 	C:\Program Files\Microsoft\jdk-11.0.20.8-hotspot\bin\net.dll
0x00007fff6b3c0000 - 0x00007fff6b4f6000 	C:\WINDOWS\SYSTEM32\WINHTTP.dll
0x00007fff6f1d0000 - 0x00007fff6f239000 	C:\WINDOWS\system32\mswsock.dll
0x00007ffedbfa0000 - 0x00007ffedbfb3000 	C:\Program Files\Microsoft\jdk-11.0.20.8-hotspot\bin\nio.dll
0x00007ffee90d0000 - 0x00007ffee90f7000 	C:\Users\Haseeb\.gradle\native\68d5fa5c4cc2d200863cafc0d521ce42e7d3e7ee720ec0a83991735586a16f82\windows-amd64\native-platform.dll
0x00007fff333c0000 - 0x00007fff333c9000 	C:\Program Files\Microsoft\jdk-11.0.20.8-hotspot\bin\management.dll
0x00007fff27540000 - 0x00007fff2754b000 	C:\Program Files\Microsoft\jdk-11.0.20.8-hotspot\bin\management_ext.dll
0x00007fff6f520000 - 0x00007fff6f53b000 	C:\WINDOWS\SYSTEM32\CRYPTSP.dll
0x00007fff6ecd0000 - 0x00007fff6ed05000 	C:\WINDOWS\system32\rsaenh.dll
0x00007fff6f270000 - 0x00007fff6f298000 	C:\WINDOWS\SYSTEM32\USERENV.dll
0x00007fff6f500000 - 0x00007fff6f50c000 	C:\WINDOWS\SYSTEM32\CRYPTBASE.dll
0x00007fff6e7e0000 - 0x00007fff6e80d000 	C:\WINDOWS\SYSTEM32\IPHLPAPI.DLL
0x00007fff71ff0000 - 0x00007fff71ff9000 	C:\WINDOWS\System32\NSI.dll
0x00007fff6b380000 - 0x00007fff6b399000 	C:\WINDOWS\SYSTEM32\dhcpcsvc6.DLL
0x00007fff6b360000 - 0x00007fff6b37f000 	C:\WINDOWS\SYSTEM32\dhcpcsvc.DLL
0x00007fff6e850000 - 0x00007fff6e948000 	C:\WINDOWS\SYSTEM32\DNSAPI.dll

dbghelp: loaded successfully - version: 4.0.5 - missing functions: none
symbol engine: initialized successfully - sym options: 0x614 - pdb path: .;C:\Program Files\Microsoft\jdk-11.0.20.8-hotspot\bin;C:\WINDOWS\SYSTEM32;C:\WINDOWS\WinSxS\amd64_microsoft.windows.common-controls_6595b64144ccf1df_6.0.22621.3672_none_2713b9d173822955;C:\Program Files\Microsoft\jdk-11.0.20.8-hotspot\bin\server;C:\Users\Haseeb\.gradle\native\68d5fa5c4cc2d200863cafc0d521ce42e7d3e7ee720ec0a83991735586a16f82\windows-amd64

VM Arguments:
jvm_args: -Xmx64m -Xms64m -Dorg.gradle.appname=gradlew 
java_command: org.gradle.wrapper.GradleWrapperMain app:installDebug -PreactNativeDevServerPort=8081
java_class_path (initial): D:\olympic_analysir\olympic_data_analysir\android\\gradle\wrapper\gradle-wrapper.jar
Launcher Type: SUN_STANDARD

[Global flags]
     intx CICompilerCount                          = 4                                         {product} {ergonomic}
     uint ConcGCThreads                            = 2                                         {product} {ergonomic}
     uint G1ConcRefinementThreads                  = 8                                         {product} {ergonomic}
   size_t G1HeapRegionSize                         = 1048576                                   {product} {ergonomic}
    uintx GCDrainStackTargetSize                   = 64                                        {product} {ergonomic}
   size_t InitialHeapSize                          = 67108864                                  {product} {command line}
   size_t MarkStackSize                            = 4194304                                   {product} {ergonomic}
   size_t MaxHeapSize                              = 67108864                                  {product} {command line}
   size_t MaxNewSize                               = 39845888                                  {product} {ergonomic}
   size_t MinHeapDeltaBytes                        = 1048576                                   {product} {ergonomic}
    uintx NonNMethodCodeHeapSize                   = 5836300                                {pd product} {ergonomic}
    uintx NonProfiledCodeHeapSize                  = 122910970                              {pd product} {ergonomic}
    uintx ProfiledCodeHeapSize                     = 122910970                              {pd product} {ergonomic}
    uintx ReservedCodeCacheSize                    = 251658240                              {pd product} {ergonomic}
     bool SegmentedCodeCache                       = true                                      {product} {ergonomic}
     bool UseCompressedClassPointers               = true                                 {lp64_product} {ergonomic}
     bool UseCompressedOops                        = true                                 {lp64_product} {ergonomic}
     bool UseG1GC                                  = true                                      {product} {ergonomic}
     bool UseLargePagesIndividualAllocation        = false                                  {pd product} {ergonomic}

Logging:
Log output configuration:
 #0: stdout all=warning uptime,level,tags
 #1: stderr all=off uptime,level,tags

Environment Variables:
JAVA_HOME=C:\Program Files\Microsoft\jdk-11.0.20.8-hotspot\
CLASSPATH=D:\olympic_analysir\olympic_data_analysir\android\\gradle\wrapper\gradle-wrapper.jar
PATH=D:\olympic_analysir\olympic_data_analysir\node_modules\.bin;D:\olympic_analysir\olympic_data_analysir\node_modules\.bin;D:\olympic_analysir\node_modules\.bin;D:\node_modules\.bin;C:\Users\Haseeb\AppData\Roaming\npm\node_modules\npm\node_modules\@npmcli\run-script\lib\node-gyp-bin;D:\olympic_analysir\olympic_data_analysir\node_modules\.bin;D:\olympic_analysir\olympic_data_analysir\node_modules\.bin;D:\olympic_analysir\node_modules\.bin;D:\node_modules\.bin;C:\Users\Haseeb\AppData\Roaming\npm\node_modules\npm\node_modules\@npmcli\run-script\lib\node-gyp-bin;C:\Program Files\Common Files\Oracle\Java\javapath;C:\Program Files\Microsoft\jdk-11.0.20.8-hotspot\bin;C:\WINDOWS\system32;C:\WINDOWS;C:\WINDOWS\System32\Wbem;C:\WINDOWS\System32\WindowsPowerShell\v1.0\;C:\WINDOWS\System32\OpenSSH\;C:\Program Files\nodejs\;C:\ProgramData\chocolatey\bin;C:\Users\Haseeb\AppData\Local\Android\Sdk\platform-tools;C:\Users\Haseeb\AppData\Local\Programs\Python\Python312;C:\Users\Haseeb\AppData\Local\Programs\Python\Python312\Scripts;C:\Users\Haseeb\AppData\Local\Programs\Python\Launcher\;C:\Users\Haseeb\AppData\Local\Microsoft\WindowsApps;C:\Users\Haseeb\AppData\Roaming\npm;C:\flutter\bin;C:\Program Files\Java\jdk-22\bin;C:\Program Files\Git\bin;C:\Users\Haseeb\AppData\Local\Programs\Microsoft VS Code\bin
USERNAME=Haseeb
LANG=en_US.UTF-8
OS=Windows_NT
PROCESSOR_IDENTIFIER=Intel64 Family 6 Model 142 Stepping 12, GenuineIntel
TMP=C:\Users\Haseeb\AppData\Local\Temp
TEMP=C:\Users\Haseeb\AppData\Local\Temp



---------------  S Y S T E M  ---------------

OS: Windows 11 , 64 bit Build 22621 (10.0.22621.3672)
OS uptime: 5 days 4:26 hours
Hyper-V role detected

CPU:total 8 (initial active 8) (4 cores per cpu, 2 threads per core) family 6 model 142 stepping 12 microcode 0xf4, cmov, cx8, fxsr, mmx, sse, sse2, sse3, ssse3, sse4.1, sse4.2, popcnt, avx, avx2, aes, clmul, erms, 3dnowpref, lzcnt, ht, tsc, tscinvbit, bmi1, bmi2, adx, fma

Memory: 4k page, system-wide physical 16050M (147M free)
TotalPageFile size 28726M (AvailPageFile size 0M)
current process WorkingSet (physical memory assigned to process): 87M, peak: 92M
current process commit charge ("private bytes"): 160M, peak: 166M

vm_info: OpenJDK 64-Bit Server VM (11.0.20+8-LTS) for windows-amd64 JRE (11.0.20+8-LTS), built on Jul  7 2023 17:05:21 by "MicrosoftCorporation" with MS VC++ 15.9 (VS2017)

END.
