#
# There is insufficient memory for the Java Runtime Environment to continue.
# Native memory allocation (mmap) failed to map 229638144 bytes for G1 virtual space
# Possible reasons:
#   The system is out of physical RAM or swap space
#   The process is running with CompressedOops enabled, and the Java Heap may be blocking the growth of the native heap
# Possible solutions:
#   Reduce memory load on the system
#   Increase physical memory or swap space
#   Check if swap backing store is full
#   Decrease Java heap size (-Xmx/-Xms)
#   Decrease number of Java threads
#   Decrease Java thread stack sizes (-Xss)
#   Set larger code cache with -XX:ReservedCodeCacheSize=
#   JVM is running with Unscaled Compressed Oops mode in which the Java heap is
#     placed in the first 4GB address space. The Java Heap base address is the
#     maximum limit for the native heap growth. Please use -XX:HeapBaseMinAddress
#     to set the Java Heap base and to place the Java Heap above 4GB virtual address.
# This output file may be truncated or incomplete.
#
#  Out of Memory Error (os_windows.cpp:3536), pid=6888, tid=11744
#
# JRE version: Java(TM) SE Runtime Environment (19.0.2+7) (build 19.0.2+7-44)
# Java VM: Java HotSpot(TM) 64-Bit Server VM (19.0.2+7-44, mixed mode, sharing, tiered, compressed oops, compressed class ptrs, g1 gc, windows-amd64)
# No core dump will be written. Minidumps are not enabled by default on client versions of Windows
#

---------------  S U M M A R Y ------------

Command Line: -XX:MaxMetaspaceSize=512m --add-opens=java.base/java.util=ALL-UNNAMED --add-opens=java.base/java.lang=ALL-UNNAMED --add-opens=java.base/java.lang.invoke=ALL-UNNAMED --add-opens=java.prefs/java.util.prefs=ALL-UNNAMED --add-opens=java.base/java.nio.charset=ALL-UNNAMED --add-opens=java.base/java.net=ALL-UNNAMED --add-opens=java.base/java.util.concurrent.atomic=ALL-UNNAMED -Xmx2048m -Dfile.encoding=UTF-8 -Duser.country=US -Duser.language=en -Duser.variant org.gradle.launcher.daemon.bootstrap.GradleDaemon 7.6

Host: Intel(R) Core(TM) i5-6300U CPU @ 2.40GHz, 4 cores, 7G,  Windows 10 , 64 bit Build 19041 (10.0.19041.3636)
Time: Wed Jul  3 03:57:04 2024 Pakistan Standard Time elapsed time: 66.360685 seconds (0d 0h 1m 6s)

---------------  T H R E A D  ---------------

Current thread (0x00000140ff433ea0):  VMThread "VM Thread" [stack: 0x0000000e3c700000,0x0000000e3c800000] [id=11744]

Stack: [0x0000000e3c700000,0x0000000e3c800000]
Native frames: (J=compiled Java code, j=interpreted, Vv=VM code, C=native code)
V  [jvm.dll+0x6ee21a]
V  [jvm.dll+0x85765e]
V  [jvm.dll+0x85904e]
V  [jvm.dll+0x859703]
V  [jvm.dll+0x28298f]
V  [jvm.dll+0x6eb009]
V  [jvm.dll+0x6dfbaa]
V  [jvm.dll+0x3573f6]
V  [jvm.dll+0x35ee56]
V  [jvm.dll+0x3b541e]
V  [jvm.dll+0x3b564f]
V  [jvm.dll+0x32c9ea]
V  [jvm.dll+0x32ca97]
V  [jvm.dll+0x374cd2]
V  [jvm.dll+0x37340f]
V  [jvm.dll+0x32c210]
V  [jvm.dll+0x3729ab]
V  [jvm.dll+0x85ebc3]
V  [jvm.dll+0x85f989]
V  [jvm.dll+0x85febd]
V  [jvm.dll+0x86034b]
V  [jvm.dll+0x860407]
V  [jvm.dll+0x80125a]
V  [jvm.dll+0x6ecf0b]
C  [ucrtbase.dll+0x21bb2]
C  [KERNEL32.DLL+0x17344]
C  [ntdll.dll+0x4cc91]

VM_Operation (0x0000000e3def8aa0): G1CollectForAllocation, mode: safepoint, requested by thread 0x000001408548e070


---------------  P R O C E S S  ---------------

Threads class SMR info:
_java_thread_list=0x00000140887f4290, length=94, elements={
0x00000140e14286b0, 0x00000140ff44e920, 0x00000140ff44f8b0, 0x00000140ff4506a0,
0x00000140ff4521e0, 0x00000140ff454c20, 0x00000140ff457560, 0x00000140ff4581c0,
0x00000140ff48e290, 0x00000140ff4b51c0, 0x00000140ff6926a0, 0x00000140ff6c3440,
0x0000014085095850, 0x00000140856a0f70, 0x00000140853ae920, 0x0000014085576e40,
0x0000014085511070, 0x00000140855125c0, 0x000001408548e070, 0x00000140854acbe0,
0x00000140854ad130, 0x00000140854abbf0, 0x00000140854ab6a0, 0x00000140854ac140,
0x00000140854ac690, 0x00000140854aa160, 0x00000140854aa6b0, 0x00000140854aac00,
0x00000140854ab150, 0x0000014086c43a50, 0x0000014086c41520, 0x0000014086c3c570,
0x0000014086c40fd0, 0x0000014086c3dab0, 0x0000014086c3c020, 0x0000014086c40530,
0x0000014086c3d560, 0x0000014086c3fa90, 0x0000014086c41fc0, 0x0000014086c43500,
0x0000014086c3eaa0, 0x0000014086c3eff0, 0x0000014086c3ffe0, 0x0000014086c3f540,
0x0000014086c42510, 0x0000014086c3e000, 0x0000014086c3cac0, 0x0000014086c3d010,
0x0000014086c42a60, 0x0000014086c42fb0, 0x0000014086c3e550, 0x0000014085f5e250,
0x0000014085f5ad30, 0x0000014085f61770, 0x0000014085f5c7c0, 0x0000014085f5b7d0,
0x0000014085f5a290, 0x0000014085f61cc0, 0x0000014085f60780, 0x0000014085f5dd00,
0x0000014085f5a7e0, 0x0000014085f5cd10, 0x0000014085f61220, 0x0000014085f5d260,
0x0000014085f5d7b0, 0x0000014085f60cd0, 0x0000014085f5b280, 0x0000014085f5e7a0,
0x0000014085f5ecf0, 0x0000014085f60230, 0x000001408770be50, 0x000001408770f370,
0x0000014087712340, 0x00000140877108b0, 0x0000014087712890, 0x0000014087710360,
0x000001408770c3a0, 0x000001408770f8c0, 0x000001408770de30, 0x000001408770b3b0,
0x000001408770ae60, 0x000001408770c8f0, 0x0000014087710e00, 0x000001408770e8d0,
0x000001408770fe10, 0x000001408770b900, 0x000001408770ee20, 0x0000014087711350,
0x000001408770ce40, 0x000001408886fab0, 0x000001408886e570, 0x0000014088870550,
0x0000014088869070, 0x000001408e32dec0
}

Java Threads: ( => current thread )
  0x00000140e14286b0 JavaThread "main" [_thread_blocked, id=9912, stack(0x0000000e3c100000,0x0000000e3c200000)]
  0x00000140ff44e920 JavaThread "Reference Handler" daemon [_thread_blocked, id=3808, stack(0x0000000e3c900000,0x0000000e3ca00000)]
  0x00000140ff44f8b0 JavaThread "Finalizer" daemon [_thread_blocked, id=11000, stack(0x0000000e3ca00000,0x0000000e3cb00000)]
  0x00000140ff4506a0 JavaThread "Signal Dispatcher" daemon [_thread_blocked, id=9776, stack(0x0000000e3cb00000,0x0000000e3cc00000)]
  0x00000140ff4521e0 JavaThread "Attach Listener" daemon [_thread_blocked, id=10628, stack(0x0000000e3cc00000,0x0000000e3cd00000)]
  0x00000140ff454c20 JavaThread "Service Thread" daemon [_thread_blocked, id=15332, stack(0x0000000e3cd00000,0x0000000e3ce00000)]
  0x00000140ff457560 JavaThread "Monitor Deflation Thread" daemon [_thread_blocked, id=8388, stack(0x0000000e3ce00000,0x0000000e3cf00000)]
  0x00000140ff4581c0 JavaThread "C2 CompilerThread0" daemon [_thread_blocked, id=3712, stack(0x0000000e3cf00000,0x0000000e3d000000)]
  0x00000140ff48e290 JavaThread "C1 CompilerThread0" daemon [_thread_blocked, id=6588, stack(0x0000000e3d000000,0x0000000e3d100000)]
  0x00000140ff4b51c0 JavaThread "Sweeper thread" daemon [_thread_blocked, id=10100, stack(0x0000000e3d100000,0x0000000e3d200000)]
  0x00000140ff6926a0 JavaThread "Common-Cleaner" daemon [_thread_blocked, id=9496, stack(0x0000000e3d200000,0x0000000e3d300000)]
  0x00000140ff6c3440 JavaThread "Notification Thread" daemon [_thread_blocked, id=5720, stack(0x0000000e3d300000,0x0000000e3d400000)]
  0x0000014085095850 JavaThread "Daemon health stats" [_thread_blocked, id=7264, stack(0x0000000e3d900000,0x0000000e3da00000)]
  0x00000140856a0f70 JavaThread "Incoming local TCP Connector on port 52748" [_thread_in_native, id=14280, stack(0x0000000e3d800000,0x0000000e3d900000)]
  0x00000140853ae920 JavaThread "Daemon periodic checks" [_thread_blocked, id=10308, stack(0x0000000e3da00000,0x0000000e3db00000)]
  0x0000014085576e40 JavaThread "Daemon" [_thread_blocked, id=3508, stack(0x0000000e3db00000,0x0000000e3dc00000)]
  0x0000014085511070 JavaThread "Handler for socket connection from /127.0.0.1:52748 to /127.0.0.1:52749" [_thread_in_native, id=3716, stack(0x0000000e3dc00000,0x0000000e3dd00000)]
  0x00000140855125c0 JavaThread "Cancel handler" [_thread_blocked, id=7748, stack(0x0000000e3dd00000,0x0000000e3de00000)]
  0x000001408548e070 JavaThread "Daemon worker" [_thread_blocked, id=5772, stack(0x0000000e3de00000,0x0000000e3df00000)]
  0x00000140854acbe0 JavaThread "Asynchronous log dispatcher for DefaultDaemonConnection: socket connection from /127.0.0.1:52748 to /127.0.0.1:52749" [_thread_blocked, id=10268, stack(0x0000000e3df00000,0x0000000e3e000000)]
  0x00000140854ad130 JavaThread "Stdin handler" [_thread_blocked, id=10032, stack(0x0000000e3e000000,0x0000000e3e100000)]
  0x00000140854abbf0 JavaThread "Daemon client event forwarder" [_thread_blocked, id=6936, stack(0x0000000e3e100000,0x0000000e3e200000)]
  0x00000140854ab6a0 JavaThread "Cache worker for journal cache (C:\Users\akhlaq\.gradle\caches\journal-1)" [_thread_blocked, id=10568, stack(0x0000000e3e200000,0x0000000e3e300000)]
  0x00000140854ac140 JavaThread "File lock request listener" [_thread_in_native, id=9708, stack(0x0000000e3e300000,0x0000000e3e400000)]
  0x00000140854ac690 JavaThread "File lock release action executor" [_thread_blocked, id=6716, stack(0x0000000e3e400000,0x0000000e3e500000)]
  0x00000140854aa160 JavaThread "Cache worker for file hash cache (C:\Users\akhlaq\.gradle\caches\7.6\fileHashes)" [_thread_blocked, id=3880, stack(0x0000000e3e600000,0x0000000e3e700000)]
  0x00000140854aa6b0 JavaThread "File watcher server" daemon [_thread_in_native, id=6980, stack(0x0000000e3e500000,0x0000000e3e600000)]
  0x00000140854aac00 JavaThread "File watcher consumer" daemon [_thread_blocked, id=14696, stack(0x0000000e3e700000,0x0000000e3e800000)]
  0x00000140854ab150 JavaThread "Cache worker for checksums cache (D:\Git\olympic\olympic\android\.gradle\7.6\checksums)" [_thread_blocked, id=10288, stack(0x0000000e3e800000,0x0000000e3e900000)]
  0x0000014086c43a50 JavaThread "Cache worker for cache directory md-rule (C:\Users\akhlaq\.gradle\caches\7.6\md-rule)" [_thread_blocked, id=2180, stack(0x0000000e3e900000,0x0000000e3ea00000)]
  0x0000014086c41520 JavaThread "Cache worker for file content cache (C:\Users\akhlaq\.gradle\caches\7.6\fileContent)" [_thread_blocked, id=8340, stack(0x0000000e3eb00000,0x0000000e3ec00000)]
  0x0000014086c3c570 JavaThread "Cache worker for file hash cache (D:\Git\olympic\olympic\android\.gradle\7.6\fileHashes)" [_thread_blocked, id=14068, stack(0x0000000e3ec00000,0x0000000e3ed00000)]
  0x0000014086c40fd0 JavaThread "Cache worker for cache directory md-supplier (C:\Users\akhlaq\.gradle\caches\7.6\md-supplier)" [_thread_blocked, id=9508, stack(0x0000000e3ed00000,0x0000000e3ee00000)]
  0x0000014086c3dab0 JavaThread "Cache worker for execution history cache (C:\Users\akhlaq\.gradle\caches\7.6\executionHistory)" [_thread_blocked, id=8852, stack(0x0000000e3ee00000,0x0000000e3ef00000)]
  0x0000014086c3c020 JavaThread "jar transforms" [_thread_blocked, id=564, stack(0x0000000e3ef00000,0x0000000e3f000000)]
  0x0000014086c40530 JavaThread "jar transforms Thread 2" [_thread_blocked, id=8804, stack(0x0000000e3f000000,0x0000000e3f100000)]
  0x0000014086c3d560 JavaThread "jar transforms Thread 3" [_thread_blocked, id=3464, stack(0x0000000e3f100000,0x0000000e3f200000)]
  0x0000014086c3fa90 JavaThread "jar transforms Thread 4" [_thread_blocked, id=2680, stack(0x0000000e3ea00000,0x0000000e3eb00000)]
  0x0000014086c41fc0 JavaThread "Cache worker for kotlin-dsl (C:\Users\akhlaq\.gradle\caches\7.6\kotlin-dsl)" [_thread_blocked, id=13808, stack(0x0000000e3f200000,0x0000000e3f300000)]
  0x0000014086c43500 JavaThread "Cache worker for dependencies-accessors (D:\Git\olympic\olympic\android\.gradle\7.6\dependencies-accessors)" [_thread_blocked, id=10368, stack(0x0000000e3f300000,0x0000000e3f400000)]
  0x0000014086c3eaa0 JavaThread "Cache worker for Build Output Cleanup Cache (D:\Git\olympic\olympic\node_modules\@react-native\gradle-plugin\.gradle\buildOutputCleanup)" [_thread_blocked, id=3356, stack(0x0000000e3f400000,0x0000000e3f500000)]
  0x0000014086c3eff0 JavaThread "File lock release action executor Thread 2" [_thread_blocked, id=12932, stack(0x0000000e3f500000,0x0000000e3f600000)]
  0x0000014086c3ffe0 JavaThread "Unconstrained build operations" [_thread_blocked, id=9976, stack(0x0000000e3f600000,0x0000000e3f700000)]
  0x0000014086c3f540 JavaThread "Unconstrained build operations Thread 2" [_thread_blocked, id=11884, stack(0x0000000e3f700000,0x0000000e3f800000)]
  0x0000014086c42510 JavaThread "Unconstrained build operations Thread 3" [_thread_blocked, id=2400, stack(0x0000000e3f800000,0x0000000e3f900000)]
  0x0000014086c3e000 JavaThread "Unconstrained build operations Thread 4" [_thread_blocked, id=3628, stack(0x0000000e3f900000,0x0000000e3fa00000)]
  0x0000014086c3cac0 JavaThread "Unconstrained build operations Thread 5" [_thread_blocked, id=15336, stack(0x0000000e3fa00000,0x0000000e3fb00000)]
  0x0000014086c3d010 JavaThread "Unconstrained build operations Thread 6" [_thread_blocked, id=7704, stack(0x0000000e3fb00000,0x0000000e3fc00000)]
  0x0000014086c42a60 JavaThread "Unconstrained build operations Thread 7" [_thread_blocked, id=4172, stack(0x0000000e3fc00000,0x0000000e3fd00000)]
  0x0000014086c42fb0 JavaThread "Unconstrained build operations Thread 8" [_thread_blocked, id=12748, stack(0x0000000e3fd00000,0x0000000e3fe00000)]
  0x0000014086c3e550 JavaThread "Unconstrained build operations Thread 9" [_thread_blocked, id=12236, stack(0x0000000e3fe00000,0x0000000e3ff00000)]
  0x0000014085f5e250 JavaThread "Unconstrained build operations Thread 10" [_thread_blocked, id=9008, stack(0x0000000e3ff00000,0x0000000e40000000)]
  0x0000014085f5ad30 JavaThread "Unconstrained build operations Thread 11" [_thread_blocked, id=9376, stack(0x0000000e40000000,0x0000000e40100000)]
  0x0000014085f61770 JavaThread "Unconstrained build operations Thread 12" [_thread_blocked, id=1536, stack(0x0000000e40100000,0x0000000e40200000)]
  0x0000014085f5c7c0 JavaThread "Unconstrained build operations Thread 13" [_thread_blocked, id=1900, stack(0x0000000e40200000,0x0000000e40300000)]
  0x0000014085f5b7d0 JavaThread "Unconstrained build operations Thread 14" [_thread_blocked, id=1120, stack(0x0000000e40300000,0x0000000e40400000)]
  0x0000014085f5a290 JavaThread "Unconstrained build operations Thread 15" [_thread_blocked, id=11296, stack(0x0000000e40400000,0x0000000e40500000)]
  0x0000014085f61cc0 JavaThread "Unconstrained build operations Thread 16" [_thread_blocked, id=9832, stack(0x0000000e40500000,0x0000000e40600000)]
  0x0000014085f60780 JavaThread "Unconstrained build operations Thread 17" [_thread_blocked, id=6812, stack(0x0000000e40600000,0x0000000e40700000)]
  0x0000014085f5dd00 JavaThread "Unconstrained build operations Thread 18" [_thread_blocked, id=10592, stack(0x0000000e40700000,0x0000000e40800000)]
  0x0000014085f5a7e0 JavaThread "Unconstrained build operations Thread 19" [_thread_blocked, id=6548, stack(0x0000000e40800000,0x0000000e40900000)]
  0x0000014085f5cd10 JavaThread "Unconstrained build operations Thread 20" [_thread_blocked, id=13092, stack(0x0000000e40900000,0x0000000e40a00000)]
  0x0000014085f61220 JavaThread "Unconstrained build operations Thread 21" [_thread_blocked, id=1096, stack(0x0000000e40a00000,0x0000000e40b00000)]
  0x0000014085f5d260 JavaThread "Unconstrained build operations Thread 22" [_thread_blocked, id=14688, stack(0x0000000e40b00000,0x0000000e40c00000)]
  0x0000014085f5d7b0 JavaThread "Unconstrained build operations Thread 23" [_thread_blocked, id=8508, stack(0x0000000e40c00000,0x0000000e40d00000)]
  0x0000014085f60cd0 JavaThread "Unconstrained build operations Thread 24" [_thread_blocked, id=9112, stack(0x0000000e40d00000,0x0000000e40e00000)]
  0x0000014085f5b280 JavaThread "Unconstrained build operations Thread 25" [_thread_blocked, id=9300, stack(0x0000000e40e00000,0x0000000e40f00000)]
  0x0000014085f5e7a0 JavaThread "Unconstrained build operations Thread 26" [_thread_blocked, id=7860, stack(0x0000000e40f00000,0x0000000e41000000)]
  0x0000014085f5ecf0 JavaThread "Memory manager" [_thread_blocked, id=10752, stack(0x0000000e41100000,0x0000000e41200000)]
  0x0000014085f60230 JavaThread "Cache worker for Build Output Cleanup Cache (D:\Git\olympic\olympic\android\.gradle\buildOutputCleanup)" [_thread_blocked, id=5564, stack(0x0000000e41000000,0x0000000e41100000)]
  0x000001408770be50 JavaThread "included builds" [_thread_blocked, id=10348, stack(0x0000000e41300000,0x0000000e41400000)]
  0x000001408770f370 JavaThread "Execution worker" [_thread_blocked, id=8844, stack(0x0000000e41400000,0x0000000e41500000)]
  0x0000014087712340 JavaThread "Execution worker Thread 2" [_thread_blocked, id=12668, stack(0x0000000e41500000,0x0000000e41600000)]
  0x00000140877108b0 JavaThread "Execution worker Thread 3" [_thread_blocked, id=800, stack(0x0000000e41600000,0x0000000e41700000)]
  0x0000014087712890 JavaThread "Cache worker for execution history cache (D:\Git\olympic\olympic\node_modules\@react-native\gradle-plugin\.gradle\7.6\executionHistory)" [_thread_blocked, id=9868, stack(0x0000000e41700000,0x0000000e41800000)]
  0x0000014087710360 JavaThread "Unconstrained build operations Thread 27" [_thread_blocked, id=7764, stack(0x0000000e41200000,0x0000000e41300000)]
  0x000001408770c3a0 JavaThread "Unconstrained build operations Thread 28" [_thread_blocked, id=3140, stack(0x0000000e41800000,0x0000000e41900000)]
  0x000001408770f8c0 JavaThread "Unconstrained build operations Thread 29" [_thread_blocked, id=12776, stack(0x0000000e41900000,0x0000000e41a00000)]
  0x000001408770de30 JavaThread "Unconstrained build operations Thread 30" [_thread_blocked, id=1268, stack(0x0000000e41a00000,0x0000000e41b00000)]
  0x000001408770b3b0 JavaThread "Unconstrained build operations Thread 31" [_thread_blocked, id=612, stack(0x0000000e41b00000,0x0000000e41c00000)]
  0x000001408770ae60 JavaThread "Unconstrained build operations Thread 32" [_thread_blocked, id=13516, stack(0x0000000e41c00000,0x0000000e41d00000)]
  0x000001408770c8f0 JavaThread "Unconstrained build operations Thread 33" [_thread_blocked, id=15216, stack(0x0000000e41d00000,0x0000000e41e00000)]
  0x0000014087710e00 JavaThread "Unconstrained build operations Thread 34" [_thread_blocked, id=8260, stack(0x0000000e41e00000,0x0000000e41f00000)]
  0x000001408770e8d0 JavaThread "Unconstrained build operations Thread 35" [_thread_blocked, id=1200, stack(0x0000000e41f00000,0x0000000e42000000)]
  0x000001408770fe10 JavaThread "Unconstrained build operations Thread 36" [_thread_blocked, id=5668, stack(0x0000000e42000000,0x0000000e42100000)]
  0x000001408770b900 JavaThread "Unconstrained build operations Thread 37" [_thread_blocked, id=11476, stack(0x0000000e42100000,0x0000000e42200000)]
  0x000001408770ee20 JavaThread "Unconstrained build operations Thread 38" [_thread_blocked, id=13172, stack(0x0000000e42200000,0x0000000e42300000)]
  0x0000014087711350 JavaThread "Unconstrained build operations Thread 39" [_thread_blocked, id=10792, stack(0x0000000e42300000,0x0000000e42400000)]
  0x000001408770ce40 JavaThread "Unconstrained build operations Thread 40" [_thread_blocked, id=13624, stack(0x0000000e42400000,0x0000000e42500000)]
  0x000001408886fab0 JavaThread "build event listener" [_thread_blocked, id=5848, stack(0x0000000e3bf00000,0x0000000e3c000000)]
  0x000001408886e570 JavaThread "build event listener" [_thread_blocked, id=3164, stack(0x0000000e3c000000,0x0000000e3c100000)]
  0x0000014088870550 JavaThread "build event listener" [_thread_blocked, id=13272, stack(0x0000000e3c800000,0x0000000e3c900000)]
  0x0000014088869070 JavaThread "build event listener" [_thread_blocked, id=1216, stack(0x0000000e42500000,0x0000000e42600000)]
  0x000001408e32dec0 JavaThread "C2 CompilerThread1" daemon [_thread_blocked, id=6112, stack(0x0000000e42800000,0x0000000e42900000)]

Other Threads:
=>0x00000140ff433ea0 VMThread "VM Thread" [stack: 0x0000000e3c700000,0x0000000e3c800000] [id=11744]
  0x00000140ff6c3980 WatcherThread "VM Periodic Task Thread" [stack: 0x0000000e3d400000,0x0000000e3d500000] [id=3056]
  0x00000140e1488d30 WorkerThread "GC Thread#0" [stack: 0x0000000e3c200000,0x0000000e3c300000] [id=3300]
  0x00000140ff8d38a0 WorkerThread "GC Thread#1" [stack: 0x0000000e3d600000,0x0000000e3d700000] [id=6732]
  0x0000014084179470 WorkerThread "GC Thread#2" [stack: 0x0000000e3d700000,0x0000000e3d800000] [id=7512]
  0x000001408409f110 WorkerThread "GC Thread#3" [stack: 0x0000000e3d500000,0x0000000e3d600000] [id=4916]
  0x00000140e1499ba0 ConcurrentGCThread "G1 Main Marker" [stack: 0x0000000e3c300000,0x0000000e3c400000] [id=6756]
  0x00000140e149a680 WorkerThread "G1 Conc#0" [stack: 0x0000000e3c400000,0x0000000e3c500000] [id=7672]
  0x00000140e14eeb70 ConcurrentGCThread "G1 Refine#0" [stack: 0x0000000e3c500000,0x0000000e3c600000] [id=780]
  0x00000140ff2ed760 ConcurrentGCThread "G1 Service" [stack: 0x0000000e3c600000,0x0000000e3c700000] [id=13620]

Threads with active compile tasks:
C2 CompilerThread0    66436 13152       4       org.gradle.tooling.internal.provider.runner.TaskOperationMapper$PostProcessors::started (43 bytes)
C2 CompilerThread1    66436 13153       4       org.gradle.api.internal.tasks.compile.tooling.JavaCompileTaskSuccessResultPostProcessor::started (72 bytes)

VM state: at safepoint (normal execution)

VM Mutex/Monitor currently owned by a thread:  ([mutex/lock_event])
[0x00000140e14241a0] Threads_lock - owner thread: 0x00000140ff433ea0
[0x00000140e1424500] Heap_lock - owner thread: 0x000001408548e070

Heap address: 0x0000000080000000, size: 2048 MB, Compressed Oops mode: 32-bit

CDS archive(s) mapped at: [0x0000000800000000-0x0000000800c40000-0x0000000800c40000), size 12845056, SharedBaseAddress: 0x0000000800000000, ArchiveRelocationMode: 0.
Compressed class space mapped at: 0x0000000801000000-0x000000081ac00000, reserved size: 432013312
Narrow klass base: 0x0000000800000000, Narrow klass shift: 0, Narrow klass range: 0x100000000

GC Precious Log:
 CardTable entry size: 512
 Card Set container configuration: InlinePtr #cards 5 size 8 Array Of Cards #cards 12 size 40 Howl #buckets 4 coarsen threshold 1843 Howl Bitmap #cards 512 size 80 coarsen threshold 460 Card regions per heap region 1 cards per card region 2048
 CPUs: 4 total, 4 available
 Memory: 8074M
 Large Page Support: Disabled
 NUMA Support: Disabled
 Compressed Oops: Enabled (32-bit)
 Heap Region Size: 1M
 Heap Min Capacity: 8M
 Heap Initial Capacity: 128M
 Heap Max Capacity: 2G
 Pre-touch: Disabled
 Parallel Workers: 4
 Concurrent Workers: 1
 Concurrent Refinement Workers: 4
 Periodic GC: Disabled

Heap:
 garbage-first heap   total 224256K, used 143360K [0x0000000080000000, 0x0000000100000000)
  region size 1024K, 6 young (6144K), 6 survivors (6144K)
 Metaspace       used 95765K, committed 98048K, reserved 552960K
  class space    used 13081K, committed 14208K, reserved 421888K

Heap Regions: E=young(eden), S=young(survivor), O=old, HS=humongous(starts), HC=humongous(continues), CS=collection set, F=free, OA=open archive, CA=closed archive, TAMS=top-at-mark-start (previous, next)
|   0|0x0000000080000000, 0x0000000080100000, 0x0000000080100000|100%| O|  |TAMS 0x0000000080100000, 0x0000000080000000| Untracked 
|   1|0x0000000080100000, 0x0000000080200000, 0x0000000080200000|100%| O|  |TAMS 0x0000000080200000, 0x0000000080100000| Untracked 
|   2|0x0000000080200000, 0x0000000080300000, 0x0000000080300000|100%| O|  |TAMS 0x0000000080300000, 0x0000000080200000| Untracked 
|   3|0x0000000080300000, 0x0000000080400000, 0x0000000080400000|100%|HS|  |TAMS 0x0000000080400000, 0x0000000080300000| Complete 
|   4|0x0000000080400000, 0x0000000080500000, 0x0000000080500000|100%|HC|  |TAMS 0x0000000080500000, 0x0000000080400000| Complete 
|   5|0x0000000080500000, 0x0000000080600000, 0x0000000080600000|100%|HC|  |TAMS 0x0000000080600000, 0x0000000080500000| Complete 
|   6|0x0000000080600000, 0x0000000080700000, 0x0000000080700000|100%| O|  |TAMS 0x0000000080700000, 0x0000000080600000| Untracked 
|   7|0x0000000080700000, 0x0000000080800000, 0x0000000080800000|100%| O|  |TAMS 0x0000000080800000, 0x0000000080700000| Untracked 
|   8|0x0000000080800000, 0x0000000080900000, 0x0000000080900000|100%| O|  |TAMS 0x0000000080900000, 0x0000000080800000| Untracked 
|   9|0x0000000080900000, 0x0000000080a00000, 0x0000000080a00000|100%| O|  |TAMS 0x0000000080a00000, 0x0000000080900000| Untracked 
|  10|0x0000000080a00000, 0x0000000080b00000, 0x0000000080b00000|100%| O|  |TAMS 0x0000000080b00000, 0x0000000080a00000| Untracked 
|  11|0x0000000080b00000, 0x0000000080c00000, 0x0000000080c00000|100%| O|  |TAMS 0x0000000080c00000, 0x0000000080b00000| Untracked 
|  12|0x0000000080c00000, 0x0000000080d00000, 0x0000000080d00000|100%| O|  |TAMS 0x0000000080d00000, 0x0000000080c00000| Untracked 
|  13|0x0000000080d00000, 0x0000000080e00000, 0x0000000080e00000|100%| O|  |TAMS 0x0000000080e00000, 0x0000000080d00000| Untracked 
|  14|0x0000000080e00000, 0x0000000080f00000, 0x0000000080f00000|100%| O|  |TAMS 0x0000000080f00000, 0x0000000080e00000| Untracked 
|  15|0x0000000080f00000, 0x0000000081000000, 0x0000000081000000|100%| O|  |TAMS 0x0000000081000000, 0x0000000080f00000| Untracked 
|  16|0x0000000081000000, 0x0000000081100000, 0x0000000081100000|100%| O|  |TAMS 0x0000000081100000, 0x0000000081000000| Untracked 
|  17|0x0000000081100000, 0x0000000081200000, 0x0000000081200000|100%| O|  |TAMS 0x0000000081200000, 0x0000000081100000| Untracked 
|  18|0x0000000081200000, 0x0000000081300000, 0x0000000081300000|100%| O|  |TAMS 0x0000000081300000, 0x0000000081200000| Untracked 
|  19|0x0000000081300000, 0x0000000081400000, 0x0000000081400000|100%| O|  |TAMS 0x0000000081400000, 0x0000000081300000| Untracked 
|  20|0x0000000081400000, 0x0000000081500000, 0x0000000081500000|100%| O|  |TAMS 0x0000000081500000, 0x0000000081400000| Untracked 
|  21|0x0000000081500000, 0x0000000081600000, 0x0000000081600000|100%| O|  |TAMS 0x0000000081600000, 0x0000000081500000| Untracked 
|  22|0x0000000081600000, 0x0000000081700000, 0x0000000081700000|100%| O|  |TAMS 0x0000000081700000, 0x0000000081600000| Untracked 
|  23|0x0000000081700000, 0x0000000081800000, 0x0000000081800000|100%| O|  |TAMS 0x0000000081800000, 0x0000000081700000| Untracked 
|  24|0x0000000081800000, 0x0000000081900000, 0x0000000081900000|100%| O|  |TAMS 0x0000000081900000, 0x0000000081800000| Untracked 
|  25|0x0000000081900000, 0x0000000081a00000, 0x0000000081a00000|100%| O|  |TAMS 0x0000000081a00000, 0x0000000081900000| Untracked 
|  26|0x0000000081a00000, 0x0000000081b00000, 0x0000000081b00000|100%| O|  |TAMS 0x0000000081b00000, 0x0000000081a00000| Untracked 
|  27|0x0000000081b00000, 0x0000000081c00000, 0x0000000081c00000|100%| O|  |TAMS 0x0000000081c00000, 0x0000000081b00000| Untracked 
|  28|0x0000000081c00000, 0x0000000081d00000, 0x0000000081d00000|100%| O|  |TAMS 0x0000000081d00000, 0x0000000081c00000| Untracked 
|  29|0x0000000081d00000, 0x0000000081e00000, 0x0000000081e00000|100%| O|  |TAMS 0x0000000081e00000, 0x0000000081d00000| Untracked 
|  30|0x0000000081e00000, 0x0000000081f00000, 0x0000000081f00000|100%| O|  |TAMS 0x0000000081f00000, 0x0000000081e00000| Untracked 
|  31|0x0000000081f00000, 0x0000000082000000, 0x0000000082000000|100%| O|  |TAMS 0x0000000082000000, 0x0000000081f00000| Untracked 
|  32|0x0000000082000000, 0x0000000082100000, 0x0000000082100000|100%| O|  |TAMS 0x0000000082100000, 0x0000000082000000| Untracked 
|  33|0x0000000082100000, 0x0000000082200000, 0x0000000082200000|100%|HS|  |TAMS 0x0000000082200000, 0x0000000082100000| Complete 
|  34|0x0000000082200000, 0x0000000082300000, 0x0000000082300000|100%|HC|  |TAMS 0x0000000082300000, 0x0000000082200000| Complete 
|  35|0x0000000082300000, 0x0000000082400000, 0x0000000082400000|100%|HS|  |TAMS 0x0000000082400000, 0x0000000082300000| Complete 
|  36|0x0000000082400000, 0x0000000082500000, 0x0000000082500000|100%|HC|  |TAMS 0x0000000082500000, 0x0000000082400000| Complete 
|  37|0x0000000082500000, 0x0000000082600000, 0x0000000082600000|100%|HC|  |TAMS 0x0000000082600000, 0x0000000082500000| Complete 
|  38|0x0000000082600000, 0x0000000082700000, 0x0000000082700000|100%|HC|  |TAMS 0x0000000082700000, 0x0000000082600000| Complete 
|  39|0x0000000082700000, 0x0000000082800000, 0x0000000082800000|100%| O|  |TAMS 0x0000000082800000, 0x0000000082700000| Untracked 
|  40|0x0000000082800000, 0x0000000082900000, 0x0000000082900000|100%| O|  |TAMS 0x0000000082900000, 0x0000000082800000| Untracked 
|  41|0x0000000082900000, 0x0000000082a00000, 0x0000000082a00000|100%| O|  |TAMS 0x0000000082a00000, 0x0000000082900000| Untracked 
|  42|0x0000000082a00000, 0x0000000082b00000, 0x0000000082b00000|100%|HS|  |TAMS 0x0000000082b00000, 0x0000000082a00000| Complete 
|  43|0x0000000082b00000, 0x0000000082c00000, 0x0000000082c00000|100%| O|  |TAMS 0x0000000082c00000, 0x0000000082b00000| Untracked 
|  44|0x0000000082c00000, 0x0000000082d00000, 0x0000000082d00000|100%| O|  |TAMS 0x0000000082d00000, 0x0000000082c00000| Untracked 
|  45|0x0000000082d00000, 0x0000000082e00000, 0x0000000082e00000|100%| O|  |TAMS 0x0000000082e00000, 0x0000000082d00000| Untracked 
|  46|0x0000000082e00000, 0x0000000082f00000, 0x0000000082f00000|100%| O|  |TAMS 0x0000000082f00000, 0x0000000082e00000| Untracked 
|  47|0x0000000082f00000, 0x0000000083000000, 0x0000000083000000|100%| O|  |TAMS 0x0000000083000000, 0x0000000082f00000| Untracked 
|  48|0x0000000083000000, 0x0000000083100000, 0x0000000083100000|100%| O|  |TAMS 0x0000000083100000, 0x0000000083000000| Untracked 
|  49|0x0000000083100000, 0x0000000083200000, 0x0000000083200000|100%| O|  |TAMS 0x0000000083200000, 0x0000000083100000| Untracked 
|  50|0x0000000083200000, 0x0000000083300000, 0x0000000083300000|100%| O|  |TAMS 0x0000000083300000, 0x0000000083200000| Untracked 
|  51|0x0000000083300000, 0x0000000083400000, 0x0000000083400000|100%| O|  |TAMS 0x0000000083400000, 0x0000000083300000| Untracked 
|  52|0x0000000083400000, 0x0000000083500000, 0x0000000083500000|100%|HS|  |TAMS 0x0000000083500000, 0x0000000083400000| Complete 
|  53|0x0000000083500000, 0x0000000083600000, 0x0000000083600000|100%| O|  |TAMS 0x0000000083600000, 0x0000000083500000| Untracked 
|  54|0x0000000083600000, 0x0000000083700000, 0x0000000083700000|100%| O|  |TAMS 0x0000000083700000, 0x0000000083600000| Untracked 
|  55|0x0000000083700000, 0x0000000083800000, 0x0000000083800000|100%| O|  |TAMS 0x0000000083800000, 0x0000000083700000| Untracked 
|  56|0x0000000083800000, 0x0000000083900000, 0x0000000083900000|100%| O|  |TAMS 0x0000000083900000, 0x0000000083800000| Untracked 
|  57|0x0000000083900000, 0x0000000083a00000, 0x0000000083a00000|100%| O|  |TAMS 0x0000000083a00000, 0x0000000083900000| Untracked 
|  58|0x0000000083a00000, 0x0000000083b00000, 0x0000000083b00000|100%|HS|  |TAMS 0x0000000083b00000, 0x0000000083a00000| Complete 
|  59|0x0000000083b00000, 0x0000000083c00000, 0x0000000083c00000|100%| O|  |TAMS 0x0000000083c00000, 0x0000000083b00000| Untracked 
|  60|0x0000000083c00000, 0x0000000083d00000, 0x0000000083d00000|100%| O|  |TAMS 0x0000000083d00000, 0x0000000083c00000| Untracked 
|  61|0x0000000083d00000, 0x0000000083e00000, 0x0000000083e00000|100%| O|  |TAMS 0x0000000083e00000, 0x0000000083d00000| Untracked 
|  62|0x0000000083e00000, 0x0000000083f00000, 0x0000000083f00000|100%| O|  |TAMS 0x0000000083f00000, 0x0000000083e00000| Untracked 
|  63|0x0000000083f00000, 0x0000000084000000, 0x0000000084000000|100%| O|  |TAMS 0x0000000084000000, 0x0000000083f00000| Untracked 
|  64|0x0000000084000000, 0x0000000084100000, 0x0000000084100000|100%| O|  |TAMS 0x0000000084100000, 0x0000000084000000| Untracked 
|  65|0x0000000084100000, 0x0000000084200000, 0x0000000084200000|100%|HS|  |TAMS 0x0000000084200000, 0x0000000084100000| Complete 
|  66|0x0000000084200000, 0x0000000084300000, 0x0000000084300000|100%| O|  |TAMS 0x0000000084300000, 0x0000000084200000| Untracked 
|  67|0x0000000084300000, 0x0000000084400000, 0x0000000084400000|100%| O|  |TAMS 0x0000000084400000, 0x0000000084300000| Untracked 
|  68|0x0000000084400000, 0x0000000084500000, 0x0000000084500000|100%| O|  |TAMS 0x0000000084500000, 0x0000000084400000| Untracked 
|  69|0x0000000084500000, 0x0000000084600000, 0x0000000084600000|100%| O|  |TAMS 0x0000000084600000, 0x0000000084500000| Untracked 
|  70|0x0000000084600000, 0x0000000084700000, 0x0000000084700000|100%| O|  |TAMS 0x0000000084700000, 0x0000000084600000| Untracked 
|  71|0x0000000084700000, 0x0000000084800000, 0x0000000084800000|100%| O|  |TAMS 0x0000000084800000, 0x0000000084700000| Untracked 
|  72|0x0000000084800000, 0x0000000084900000, 0x0000000084900000|100%| O|  |TAMS 0x0000000084900000, 0x0000000084800000| Untracked 
|  73|0x0000000084900000, 0x0000000084a00000, 0x0000000084a00000|100%| O|  |TAMS 0x0000000084a00000, 0x0000000084900000| Untracked 
|  74|0x0000000084a00000, 0x0000000084b00000, 0x0000000084b00000|100%| O|  |TAMS 0x0000000084b00000, 0x0000000084a00000| Untracked 
|  75|0x0000000084b00000, 0x0000000084c00000, 0x0000000084c00000|100%| O|  |TAMS 0x0000000084c00000, 0x0000000084b00000| Untracked 
|  76|0x0000000084c00000, 0x0000000084d00000, 0x0000000084d00000|100%| O|  |TAMS 0x0000000084d00000, 0x0000000084c00000| Untracked 
|  77|0x0000000084d00000, 0x0000000084e00000, 0x0000000084e00000|100%| O|  |TAMS 0x0000000084e00000, 0x0000000084d00000| Untracked 
|  78|0x0000000084e00000, 0x0000000084f00000, 0x0000000084f00000|100%| O|  |TAMS 0x0000000084f00000, 0x0000000084e00000| Untracked 
|  79|0x0000000084f00000, 0x0000000085000000, 0x0000000085000000|100%| O|  |TAMS 0x0000000085000000, 0x0000000084f00000| Untracked 
|  80|0x0000000085000000, 0x0000000085100000, 0x0000000085100000|100%| O|  |TAMS 0x0000000085100000, 0x0000000085000000| Untracked 
|  81|0x0000000085100000, 0x0000000085200000, 0x0000000085200000|100%| O|  |TAMS 0x0000000085200000, 0x0000000085100000| Untracked 
|  82|0x0000000085200000, 0x0000000085300000, 0x0000000085300000|100%| O|  |TAMS 0x0000000085300000, 0x0000000085200000| Untracked 
|  83|0x0000000085300000, 0x0000000085400000, 0x0000000085400000|100%| O|  |TAMS 0x0000000085400000, 0x0000000085300000| Untracked 
|  84|0x0000000085400000, 0x0000000085500000, 0x0000000085500000|100%| O|  |TAMS 0x0000000085500000, 0x0000000085400000| Untracked 
|  85|0x0000000085500000, 0x0000000085600000, 0x0000000085600000|100%| O|  |TAMS 0x0000000085600000, 0x0000000085500000| Untracked 
|  86|0x0000000085600000, 0x0000000085700000, 0x0000000085700000|100%| O|  |TAMS 0x0000000085700000, 0x0000000085600000| Untracked 
|  87|0x0000000085700000, 0x0000000085800000, 0x0000000085800000|100%| O|  |TAMS 0x0000000085800000, 0x0000000085700000| Untracked 
|  88|0x0000000085800000, 0x0000000085900000, 0x0000000085900000|100%| O|  |TAMS 0x0000000085900000, 0x0000000085800000| Untracked 
|  89|0x0000000085900000, 0x0000000085a00000, 0x0000000085a00000|100%| O|  |TAMS 0x0000000085a00000, 0x0000000085900000| Untracked 
|  90|0x0000000085a00000, 0x0000000085b00000, 0x0000000085b00000|100%| O|  |TAMS 0x0000000085b00000, 0x0000000085a00000| Untracked 
|  91|0x0000000085b00000, 0x0000000085c00000, 0x0000000085c00000|100%| O|  |TAMS 0x0000000085c00000, 0x0000000085b00000| Untracked 
|  92|0x0000000085c00000, 0x0000000085d00000, 0x0000000085d00000|100%| O|  |TAMS 0x0000000085d00000, 0x0000000085c00000| Untracked 
|  93|0x0000000085d00000, 0x0000000085e00000, 0x0000000085e00000|100%| O|  |TAMS 0x0000000085e00000, 0x0000000085d00000| Untracked 
|  94|0x0000000085e00000, 0x0000000085f00000, 0x0000000085f00000|100%|HS|  |TAMS 0x0000000085f00000, 0x0000000085e00000| Complete 
|  95|0x0000000085f00000, 0x0000000086000000, 0x0000000086000000|100%|HC|  |TAMS 0x0000000086000000, 0x0000000085f00000| Complete 
|  96|0x0000000086000000, 0x0000000086100000, 0x0000000086100000|100%| O|  |TAMS 0x0000000086100000, 0x0000000086000000| Untracked 
|  97|0x0000000086100000, 0x0000000086200000, 0x0000000086200000|100%|HS|  |TAMS 0x0000000086100000, 0x0000000086100000| Complete 
|  98|0x0000000086200000, 0x0000000086300000, 0x0000000086300000|100%|HS|  |TAMS 0x0000000086200000, 0x0000000086200000| Complete 
|  99|0x0000000086300000, 0x0000000086400000, 0x0000000086400000|100%| O|  |TAMS 0x0000000086400000, 0x0000000086300000| Untracked 
| 100|0x0000000086400000, 0x0000000086500000, 0x0000000086500000|100%| O|  |TAMS 0x0000000086400000, 0x0000000086400000| Untracked 
| 101|0x0000000086500000, 0x0000000086600000, 0x0000000086600000|100%| O|  |TAMS 0x0000000086600000, 0x0000000086500000| Untracked 
| 102|0x0000000086600000, 0x0000000086700000, 0x0000000086700000|100%|HS|  |TAMS 0x0000000086700000, 0x0000000086600000| Complete 
| 103|0x0000000086700000, 0x0000000086800000, 0x0000000086800000|100%|HC|  |TAMS 0x0000000086800000, 0x0000000086700000| Complete 
| 104|0x0000000086800000, 0x0000000086900000, 0x0000000086900000|100%|HS|  |TAMS 0x0000000086900000, 0x0000000086800000| Complete 
| 105|0x0000000086900000, 0x0000000086a00000, 0x0000000086a00000|100%|HS|  |TAMS 0x0000000086a00000, 0x0000000086900000| Complete 
| 106|0x0000000086a00000, 0x0000000086b00000, 0x0000000086b00000|100%|HC|  |TAMS 0x0000000086b00000, 0x0000000086a00000| Complete 
| 107|0x0000000086b00000, 0x0000000086c00000, 0x0000000086c00000|100%|HC|  |TAMS 0x0000000086c00000, 0x0000000086b00000| Complete 
| 108|0x0000000086c00000, 0x0000000086d00000, 0x0000000086d00000|100%|HC|  |TAMS 0x0000000086d00000, 0x0000000086c00000| Complete 
| 109|0x0000000086d00000, 0x0000000086e00000, 0x0000000086e00000|100%|HS|  |TAMS 0x0000000086e00000, 0x0000000086d00000| Complete 
| 110|0x0000000086e00000, 0x0000000086f00000, 0x0000000086f00000|100%|HS|  |TAMS 0x0000000086e00000, 0x0000000086e00000| Complete 
| 111|0x0000000086f00000, 0x0000000087000000, 0x0000000087000000|100%| O|  |TAMS 0x0000000087000000, 0x0000000086f00000| Untracked 
| 112|0x0000000087000000, 0x0000000087100000, 0x0000000087100000|100%| O|  |TAMS 0x0000000087100000, 0x0000000087000000| Untracked 
| 113|0x0000000087100000, 0x0000000087200000, 0x0000000087200000|100%| O|  |TAMS 0x0000000087200000, 0x0000000087100000| Untracked 
| 114|0x0000000087200000, 0x0000000087300000, 0x0000000087300000|100%| O|  |TAMS 0x0000000087300000, 0x0000000087200000| Untracked 
| 115|0x0000000087300000, 0x0000000087400000, 0x0000000087400000|100%| O|  |TAMS 0x0000000087300000, 0x0000000087300000| Untracked 
| 116|0x0000000087400000, 0x0000000087500000, 0x0000000087500000|100%| O|  |TAMS 0x0000000087500000, 0x0000000087400000| Untracked 
| 117|0x0000000087500000, 0x0000000087600000, 0x0000000087600000|100%| O|  |TAMS 0x0000000087600000, 0x0000000087500000| Untracked 
| 118|0x0000000087600000, 0x0000000087700000, 0x0000000087700000|100%| O|  |TAMS 0x0000000087700000, 0x0000000087600000| Untracked 
| 119|0x0000000087700000, 0x0000000087800000, 0x0000000087800000|100%| O|  |TAMS 0x0000000087700000, 0x0000000087700000| Untracked 
| 120|0x0000000087800000, 0x0000000087900000, 0x0000000087900000|100%| O|  |TAMS 0x0000000087900000, 0x0000000087800000| Untracked 
| 121|0x0000000087900000, 0x0000000087a00000, 0x0000000087a00000|100%| O|  |TAMS 0x00000000879c9800, 0x0000000087900000| Untracked 
| 122|0x0000000087a00000, 0x0000000087b00000, 0x0000000087b00000|100%| O|  |TAMS 0x0000000087a00000, 0x0000000087a00000| Untracked 
| 123|0x0000000087b00000, 0x0000000087c00000, 0x0000000087c00000|100%| O|  |TAMS 0x0000000087b00000, 0x0000000087b00000| Untracked 
| 124|0x0000000087c00000, 0x0000000087d00000, 0x0000000087d00000|100%| O|  |TAMS 0x0000000087c00000, 0x0000000087c00000| Untracked 
| 125|0x0000000087d00000, 0x0000000087e00000, 0x0000000087e00000|100%| O|  |TAMS 0x0000000087d00000, 0x0000000087d00000| Untracked 
| 126|0x0000000087e00000, 0x0000000087f00000, 0x0000000087f00000|100%| O|  |TAMS 0x0000000087e00000, 0x0000000087e00000| Untracked 
| 127|0x0000000087f00000, 0x0000000088000000, 0x0000000088000000|100%| O|  |TAMS 0x0000000087f00000, 0x0000000087f00000| Untracked 
| 128|0x0000000088000000, 0x0000000088100000, 0x0000000088100000|100%| O|  |TAMS 0x0000000088000000, 0x0000000088000000| Untracked 
| 129|0x0000000088100000, 0x0000000088200000, 0x0000000088200000|100%| O|  |TAMS 0x0000000088100000, 0x0000000088100000| Untracked 
| 130|0x0000000088200000, 0x0000000088300000, 0x0000000088300000|100%| O|  |TAMS 0x0000000088200000, 0x0000000088200000| Untracked 
| 131|0x0000000088300000, 0x0000000088400000, 0x0000000088400000|100%| O|  |TAMS 0x0000000088300000, 0x0000000088300000| Untracked 
| 132|0x0000000088400000, 0x0000000088500000, 0x0000000088500000|100%| O|  |TAMS 0x0000000088400000, 0x0000000088400000| Untracked 
| 133|0x0000000088500000, 0x0000000088600000, 0x0000000088600000|100%| O|  |TAMS 0x0000000088500000, 0x0000000088500000| Untracked 
| 134|0x0000000088600000, 0x0000000088600000, 0x0000000088700000|  0%| F|  |TAMS 0x0000000088600000, 0x0000000088600000| Untracked 
| 135|0x0000000088700000, 0x0000000088700000, 0x0000000088800000|  0%| F|  |TAMS 0x0000000088700000, 0x0000000088700000| Untracked 
| 136|0x0000000088800000, 0x0000000088800000, 0x0000000088900000|  0%| F|  |TAMS 0x0000000088800000, 0x0000000088800000| Untracked 
| 137|0x0000000088900000, 0x0000000088900000, 0x0000000088a00000|  0%| F|  |TAMS 0x0000000088900000, 0x0000000088900000| Untracked 
| 138|0x0000000088a00000, 0x0000000088a00000, 0x0000000088b00000|  0%| F|  |TAMS 0x0000000088a00000, 0x0000000088a00000| Untracked 
| 139|0x0000000088b00000, 0x0000000088b00000, 0x0000000088c00000|  0%| F|  |TAMS 0x0000000088b00000, 0x0000000088b00000| Untracked 
| 140|0x0000000088c00000, 0x0000000088c00000, 0x0000000088d00000|  0%| F|  |TAMS 0x0000000088c00000, 0x0000000088c00000| Untracked 
| 141|0x0000000088d00000, 0x0000000088d00000, 0x0000000088e00000|  0%| F|  |TAMS 0x0000000088d00000, 0x0000000088d00000| Untracked 
| 142|0x0000000088e00000, 0x0000000088e00000, 0x0000000088f00000|  0%| F|  |TAMS 0x0000000088e00000, 0x0000000088e00000| Untracked 
| 143|0x0000000088f00000, 0x0000000088f00000, 0x0000000089000000|  0%| F|  |TAMS 0x0000000088f00000, 0x0000000088f00000| Untracked 
| 144|0x0000000089000000, 0x0000000089000000, 0x0000000089100000|  0%| F|  |TAMS 0x0000000089000000, 0x0000000089000000| Untracked 
| 145|0x0000000089100000, 0x0000000089100000, 0x0000000089200000|  0%| F|  |TAMS 0x0000000089100000, 0x0000000089100000| Untracked 
| 146|0x0000000089200000, 0x0000000089200000, 0x0000000089300000|  0%| F|  |TAMS 0x0000000089200000, 0x0000000089200000| Untracked 
| 147|0x0000000089300000, 0x0000000089300000, 0x0000000089400000|  0%| F|  |TAMS 0x0000000089300000, 0x0000000089300000| Untracked 
| 148|0x0000000089400000, 0x0000000089400000, 0x0000000089500000|  0%| F|  |TAMS 0x0000000089400000, 0x0000000089400000| Untracked 
| 149|0x0000000089500000, 0x0000000089500000, 0x0000000089600000|  0%| F|  |TAMS 0x0000000089500000, 0x0000000089500000| Untracked 
| 150|0x0000000089600000, 0x0000000089600000, 0x0000000089700000|  0%| F|  |TAMS 0x0000000089600000, 0x0000000089600000| Untracked 
| 151|0x0000000089700000, 0x0000000089700000, 0x0000000089800000|  0%| F|  |TAMS 0x0000000089700000, 0x0000000089700000| Untracked 
| 152|0x0000000089800000, 0x0000000089800000, 0x0000000089900000|  0%| F|  |TAMS 0x0000000089800000, 0x0000000089800000| Untracked 
| 153|0x0000000089900000, 0x0000000089900000, 0x0000000089a00000|  0%| F|  |TAMS 0x0000000089900000, 0x0000000089900000| Untracked 
| 154|0x0000000089a00000, 0x0000000089a00000, 0x0000000089b00000|  0%| F|  |TAMS 0x0000000089a00000, 0x0000000089a00000| Untracked 
| 155|0x0000000089b00000, 0x0000000089b00000, 0x0000000089c00000|  0%| F|  |TAMS 0x0000000089b00000, 0x0000000089b00000| Untracked 
| 156|0x0000000089c00000, 0x0000000089c00000, 0x0000000089d00000|  0%| F|  |TAMS 0x0000000089c00000, 0x0000000089c00000| Untracked 
| 157|0x0000000089d00000, 0x0000000089d00000, 0x0000000089e00000|  0%| F|  |TAMS 0x0000000089d00000, 0x0000000089d00000| Untracked 
| 158|0x0000000089e00000, 0x0000000089e00000, 0x0000000089f00000|  0%| F|  |TAMS 0x0000000089e00000, 0x0000000089e00000| Untracked 
| 159|0x0000000089f00000, 0x0000000089f00000, 0x000000008a000000|  0%| F|  |TAMS 0x0000000089f00000, 0x0000000089f00000| Untracked 
| 160|0x000000008a000000, 0x000000008a000000, 0x000000008a100000|  0%| F|  |TAMS 0x000000008a000000, 0x000000008a000000| Untracked 
| 161|0x000000008a100000, 0x000000008a100000, 0x000000008a200000|  0%| F|  |TAMS 0x000000008a100000, 0x000000008a100000| Untracked 
| 162|0x000000008a200000, 0x000000008a200000, 0x000000008a300000|  0%| F|  |TAMS 0x000000008a200000, 0x000000008a200000| Untracked 
| 163|0x000000008a300000, 0x000000008a300000, 0x000000008a400000|  0%| F|  |TAMS 0x000000008a300000, 0x000000008a300000| Untracked 
| 164|0x000000008a400000, 0x000000008a400000, 0x000000008a500000|  0%| F|  |TAMS 0x000000008a400000, 0x000000008a400000| Untracked 
| 165|0x000000008a500000, 0x000000008a500000, 0x000000008a600000|  0%| F|  |TAMS 0x000000008a500000, 0x000000008a500000| Untracked 
| 166|0x000000008a600000, 0x000000008a600000, 0x000000008a700000|  0%| F|  |TAMS 0x000000008a600000, 0x000000008a600000| Untracked 
| 167|0x000000008a700000, 0x000000008a700000, 0x000000008a800000|  0%| F|  |TAMS 0x000000008a700000, 0x000000008a700000| Untracked 
| 168|0x000000008a800000, 0x000000008a800000, 0x000000008a900000|  0%| F|  |TAMS 0x000000008a800000, 0x000000008a800000| Untracked 
| 169|0x000000008a900000, 0x000000008a900000, 0x000000008aa00000|  0%| F|  |TAMS 0x000000008a900000, 0x000000008a900000| Untracked 
| 170|0x000000008aa00000, 0x000000008aa00000, 0x000000008ab00000|  0%| F|  |TAMS 0x000000008aa00000, 0x000000008aa00000| Untracked 
| 171|0x000000008ab00000, 0x000000008ab00000, 0x000000008ac00000|  0%| F|  |TAMS 0x000000008ab00000, 0x000000008ab00000| Untracked 
| 172|0x000000008ac00000, 0x000000008ad00000, 0x000000008ad00000|100%| S|CS|TAMS 0x000000008ac00000, 0x000000008ac00000| Complete 
| 173|0x000000008ad00000, 0x000000008ae00000, 0x000000008ae00000|100%| S|CS|TAMS 0x000000008ad00000, 0x000000008ad00000| Complete 
| 174|0x000000008ae00000, 0x000000008af00000, 0x000000008af00000|100%| S|CS|TAMS 0x000000008ae00000, 0x000000008ae00000| Complete 
| 175|0x000000008af00000, 0x000000008b000000, 0x000000008b000000|100%| S|CS|TAMS 0x000000008af00000, 0x000000008af00000| Complete 
| 176|0x000000008b000000, 0x000000008b100000, 0x000000008b100000|100%| S|CS|TAMS 0x000000008b000000, 0x000000008b000000| Complete 
| 177|0x000000008b100000, 0x000000008b200000, 0x000000008b200000|100%| S|CS|TAMS 0x000000008b100000, 0x000000008b100000| Complete 
| 178|0x000000008b200000, 0x000000008b200000, 0x000000008b300000|  0%| F|  |TAMS 0x000000008b200000, 0x000000008b200000| Untracked 
| 179|0x000000008b300000, 0x000000008b300000, 0x000000008b400000|  0%| F|  |TAMS 0x000000008b300000, 0x000000008b300000| Untracked 
| 180|0x000000008b400000, 0x000000008b400000, 0x000000008b500000|  0%| F|  |TAMS 0x000000008b400000, 0x000000008b400000| Untracked 
| 181|0x000000008b500000, 0x000000008b500000, 0x000000008b600000|  0%| F|  |TAMS 0x000000008b500000, 0x000000008b500000| Untracked 
| 182|0x000000008b600000, 0x000000008b600000, 0x000000008b700000|  0%| F|  |TAMS 0x000000008b600000, 0x000000008b600000| Untracked 
| 183|0x000000008b700000, 0x000000008b700000, 0x000000008b800000|  0%| F|  |TAMS 0x000000008b700000, 0x000000008b700000| Untracked 
| 184|0x000000008b800000, 0x000000008b800000, 0x000000008b900000|  0%| F|  |TAMS 0x000000008b800000, 0x000000008b800000| Untracked 
| 185|0x000000008b900000, 0x000000008b900000, 0x000000008ba00000|  0%| F|  |TAMS 0x000000008b900000, 0x000000008b900000| Untracked 
| 186|0x000000008ba00000, 0x000000008ba00000, 0x000000008bb00000|  0%| F|  |TAMS 0x000000008ba00000, 0x000000008ba00000| Untracked 
| 187|0x000000008bb00000, 0x000000008bb00000, 0x000000008bc00000|  0%| F|  |TAMS 0x000000008bb00000, 0x000000008bb00000| Untracked 
| 188|0x000000008bc00000, 0x000000008bc00000, 0x000000008bd00000|  0%| F|  |TAMS 0x000000008bc00000, 0x000000008bc00000| Untracked 
| 189|0x000000008bd00000, 0x000000008bd00000, 0x000000008be00000|  0%| F|  |TAMS 0x000000008bd00000, 0x000000008bd00000| Untracked 
| 190|0x000000008be00000, 0x000000008be00000, 0x000000008bf00000|  0%| F|  |TAMS 0x000000008be00000, 0x000000008be00000| Untracked 
| 191|0x000000008bf00000, 0x000000008bf00000, 0x000000008c000000|  0%| F|  |TAMS 0x000000008bf00000, 0x000000008bf00000| Untracked 
| 192|0x000000008c000000, 0x000000008c000000, 0x000000008c100000|  0%| F|  |TAMS 0x000000008c000000, 0x000000008c000000| Untracked 
| 193|0x000000008c100000, 0x000000008c100000, 0x000000008c200000|  0%| F|  |TAMS 0x000000008c100000, 0x000000008c100000| Untracked 
| 194|0x000000008c200000, 0x000000008c200000, 0x000000008c300000|  0%| F|  |TAMS 0x000000008c200000, 0x000000008c200000| Untracked 
| 195|0x000000008c300000, 0x000000008c300000, 0x000000008c400000|  0%| F|  |TAMS 0x000000008c300000, 0x000000008c300000| Untracked 
| 196|0x000000008c400000, 0x000000008c400000, 0x000000008c500000|  0%| F|  |TAMS 0x000000008c400000, 0x000000008c400000| Untracked 
| 197|0x000000008c500000, 0x000000008c500000, 0x000000008c600000|  0%| F|  |TAMS 0x000000008c500000, 0x000000008c500000| Untracked 
| 198|0x000000008c600000, 0x000000008c600000, 0x000000008c700000|  0%| F|  |TAMS 0x000000008c600000, 0x000000008c600000| Untracked 
| 199|0x000000008c700000, 0x000000008c700000, 0x000000008c800000|  0%| F|  |TAMS 0x000000008c700000, 0x000000008c700000| Untracked 
| 200|0x000000008c800000, 0x000000008c800000, 0x000000008c900000|  0%| F|  |TAMS 0x000000008c800000, 0x000000008c800000| Untracked 
| 201|0x000000008c900000, 0x000000008c900000, 0x000000008ca00000|  0%| F|  |TAMS 0x000000008c900000, 0x000000008c900000| Untracked 
| 202|0x000000008ca00000, 0x000000008ca00000, 0x000000008cb00000|  0%| F|  |TAMS 0x000000008ca00000, 0x000000008ca00000| Untracked 
| 203|0x000000008cb00000, 0x000000008cb00000, 0x000000008cc00000|  0%| F|  |TAMS 0x000000008cb00000, 0x000000008cb00000| Untracked 
| 204|0x000000008cc00000, 0x000000008cc00000, 0x000000008cd00000|  0%| F|  |TAMS 0x000000008cc00000, 0x000000008cc00000| Untracked 
| 205|0x000000008cd00000, 0x000000008cd00000, 0x000000008ce00000|  0%| F|  |TAMS 0x000000008cd00000, 0x000000008cd00000| Untracked 
| 206|0x000000008ce00000, 0x000000008ce00000, 0x000000008cf00000|  0%| F|  |TAMS 0x000000008ce00000, 0x000000008ce00000| Untracked 
| 207|0x000000008cf00000, 0x000000008cf00000, 0x000000008d000000|  0%| F|  |TAMS 0x000000008cf00000, 0x000000008cf00000| Untracked 
| 208|0x000000008d000000, 0x000000008d000000, 0x000000008d100000|  0%| F|  |TAMS 0x000000008d000000, 0x000000008d000000| Untracked 
| 209|0x000000008d100000, 0x000000008d100000, 0x000000008d200000|  0%| F|  |TAMS 0x000000008d100000, 0x000000008d100000| Untracked 
| 210|0x000000008d200000, 0x000000008d200000, 0x000000008d300000|  0%| F|  |TAMS 0x000000008d200000, 0x000000008d200000| Untracked 
| 211|0x000000008d300000, 0x000000008d300000, 0x000000008d400000|  0%| F|  |TAMS 0x000000008d300000, 0x000000008d300000| Untracked 
| 212|0x000000008d400000, 0x000000008d400000, 0x000000008d500000|  0%| F|  |TAMS 0x000000008d400000, 0x000000008d400000| Untracked 
| 213|0x000000008d500000, 0x000000008d500000, 0x000000008d600000|  0%| F|  |TAMS 0x000000008d500000, 0x000000008d500000| Untracked 
| 214|0x000000008d600000, 0x000000008d600000, 0x000000008d700000|  0%| F|  |TAMS 0x000000008d600000, 0x000000008d600000| Untracked 
| 215|0x000000008d700000, 0x000000008d700000, 0x000000008d800000|  0%| F|  |TAMS 0x000000008d700000, 0x000000008d700000| Untracked 
| 216|0x000000008d800000, 0x000000008d800000, 0x000000008d900000|  0%| F|  |TAMS 0x000000008d800000, 0x000000008d800000| Untracked 
| 217|0x000000008d900000, 0x000000008d900000, 0x000000008da00000|  0%| F|  |TAMS 0x000000008d900000, 0x000000008d900000| Untracked 
| 218|0x000000008da00000, 0x000000008da00000, 0x000000008db00000|  0%| F|  |TAMS 0x000000008da00000, 0x000000008da00000| Untracked 

Card table byte_map: [0x00000140f8790000,0x00000140f8b90000] _byte_map_base: 0x00000140f8390000

Marking Bits (Prev, Next): (CMBitMap*) 0x00000140e1489270, (CMBitMap*) 0x00000140e14892b0
 Prev Bits: [0x00000140f8f90000, 0x00000140faf90000)
 Next Bits: [0x00000140faf90000, 0x00000140fcf90000)

Polling page: 0x00000140df300000

Metaspace:

Usage:
  Non-class:     80.75 MB used.
      Class:     12.78 MB used.
       Both:     93.52 MB used.

Virtual space:
  Non-class space:      128.00 MB reserved,      81.88 MB ( 64%) committed,  2 nodes.
      Class space:      412.00 MB reserved,      13.88 MB (  3%) committed,  1 nodes.
             Both:      540.00 MB reserved,      95.75 MB ( 18%) committed. 

Chunk freelists:
   Non-Class:  1.92 MB
       Class:  2.13 MB
        Both:  4.05 MB

MaxMetaspaceSize: 512.00 MB
CompressedClassSpaceSize: 412.00 MB
Initial GC threshold: 21.00 MB
Current GC threshold: 153.25 MB
CDS: on
MetaspaceReclaimPolicy: balanced
 - commit_granule_bytes: 65536.
 - commit_granule_words: 8192.
 - virtual_space_node_default_size: 8388608.
 - enlarge_chunks_in_place: 1.
 - new_chunks_are_fully_committed: 0.
 - uncommit_free_chunks: 1.
 - use_allocation_guard: 0.


Internal statistics:

num_allocs_failed_limit: 6.
num_arena_births: 3806.
num_arena_deaths: 0.
num_vsnodes_births: 3.
num_vsnodes_deaths: 0.
num_space_committed: 1532.
num_space_uncommitted: 0.
num_chunks_returned_to_freelist: 6.
num_chunks_taken_from_freelist: 8284.
num_chunk_merges: 3.
num_chunk_splits: 5449.
num_chunks_enlarged: 3481.
num_inconsistent_stats: 0.

CodeHeap 'non-profiled nmethods': size=120000Kb used=6687Kb max_used=6687Kb free=113312Kb
 bounds [0x00000140f0e60000, 0x00000140f14f0000, 0x00000140f8390000]
CodeHeap 'profiled nmethods': size=120000Kb used=23366Kb max_used=23366Kb free=96633Kb
 bounds [0x00000140e9390000, 0x00000140eaa70000, 0x00000140f08c0000]
CodeHeap 'non-nmethods': size=5760Kb used=2505Kb max_used=2595Kb free=3254Kb
 bounds [0x00000140f08c0000, 0x00000140f0b50000, 0x00000140f0e60000]
 total_blobs=12527 nmethods=11569 adapters=867
 compilation: enabled
              stopped_count=0, restarted_count=0
 full_count=0

Compilation events (20 events):
Event: 66.332 Thread 0x000001408e32dec0 nmethod 13137 0x00000140f14e5c90 code [0x00000140f14e5e40, 0x00000140f14e6288]
Event: 66.333 Thread 0x000001408e32dec0 13147       4       java.util.Collections$EmptyMap::keySet (4 bytes)
Event: 66.333 Thread 0x00000140ff4581c0 nmethod 13144 0x00000140f14e6510 code [0x00000140f14e6700, 0x00000140f14e6970]
Event: 66.333 Thread 0x00000140ff4581c0 13145       4       java.util.ArrayList::addAll (76 bytes)
Event: 66.333 Thread 0x000001408e32dec0 nmethod 13147 0x00000140f14e6c90 code [0x00000140f14e6e20, 0x00000140f14e6e98]
Event: 66.335 Thread 0x00000140ff48e290 13148       3       org.gradle.api.internal.attributes.DefaultAttributesSchema::attribute (102 bytes)
Event: 66.336 Thread 0x00000140ff48e290 nmethod 13148 0x00000140eaa5cf90 code [0x00000140eaa5d200, 0x00000140eaa5df88]
Event: 66.336 Thread 0x00000140ff4581c0 nmethod 13145 0x00000140f14e6f90 code [0x00000140f14e7120, 0x00000140f14e7388]
Event: 66.337 Thread 0x00000140ff48e290 13149       3       org.gradle.internal.instantiation.generator.DefaultInstantiatorFactory::decorateLenient (14 bytes)
Event: 66.337 Thread 0x00000140ff48e290 nmethod 13149 0x00000140eaa5e390 code [0x00000140eaa5e540, 0x00000140eaa5e708]
Event: 66.338 Thread 0x00000140ff48e290 13150       3       com.android.build.gradle.internal.scope.ArtifactPublishingUtil::publishArtifactToConfiguration (57 bytes)
Event: 66.338 Thread 0x00000140ff4581c0 13151   !   4       org.gradle.api.internal.DynamicPropertyNamer::determineName (107 bytes)
Event: 66.339 Thread 0x00000140ff48e290 nmethod 13150 0x00000140eaa5e810 code [0x00000140eaa5eba0, 0x00000140eaa60238]
Event: 66.341 Thread 0x00000140ff4581c0 nmethod 13151 0x00000140f14e7510 code [0x00000140f14e76e0, 0x00000140f14e7998]
Event: 66.343 Thread 0x00000140ff4581c0 13152       4       org.gradle.tooling.internal.provider.runner.TaskOperationMapper$PostProcessors::started (43 bytes)
Event: 66.343 Thread 0x000001408e32dec0 13153       4       org.gradle.api.internal.tasks.compile.tooling.JavaCompileTaskSuccessResultPostProcessor::started (72 bytes)
Event: 66.344 Thread 0x00000140ff48e290 13155       3       com.google.common.collect.AbstractIterator::endOfData (9 bytes)
Event: 66.344 Thread 0x00000140ff48e290 nmethod 13155 0x00000140eaa60990 code [0x00000140eaa60b40, 0x00000140eaa60cb8]
Event: 66.345 Thread 0x00000140ff48e290 13156       3       org.gradle.internal.resources.DefaultResourceLockCoordinationService$DefaultResourceLockState::registerUnlocked (53 bytes)
Event: 66.345 Thread 0x00000140ff48e290 nmethod 13156 0x00000140eaa60d90 code [0x00000140eaa60fa0, 0x00000140eaa617d8]

GC Heap History (20 events):
Event: 56.682 GC heap after
{Heap after GC invocations=45 (full 0):
 garbage-first heap   total 161792K, used 93428K [0x0000000080000000, 0x0000000100000000)
  region size 1024K, 1 young (1024K), 1 survivors (1024K)
 Metaspace       used 86451K, committed 88576K, reserved 552960K
  class space    used 11872K, committed 12992K, reserved 421888K
}
Event: 58.025 GC heap before
{Heap before GC invocations=45 (full 0):
 garbage-first heap   total 161792K, used 118004K [0x0000000080000000, 0x0000000100000000)
  region size 1024K, 27 young (27648K), 1 survivors (1024K)
 Metaspace       used 86883K, committed 89088K, reserved 552960K
  class space    used 11890K, committed 12992K, reserved 421888K
}
Event: 58.032 GC heap after
{Heap after GC invocations=46 (full 0):
 garbage-first heap   total 161792K, used 97450K [0x0000000080000000, 0x0000000100000000)
  region size 1024K, 5 young (5120K), 5 survivors (5120K)
 Metaspace       used 86883K, committed 89088K, reserved 552960K
  class space    used 11890K, committed 12992K, reserved 421888K
}
Event: 59.413 GC heap before
{Heap before GC invocations=47 (full 0):
 garbage-first heap   total 178176K, used 132266K [0x0000000080000000, 0x0000000100000000)
  region size 1024K, 36 young (36864K), 5 survivors (5120K)
 Metaspace       used 87173K, committed 89408K, reserved 552960K
  class space    used 11913K, committed 13056K, reserved 421888K
}
Event: 59.432 GC heap after
{Heap after GC invocations=48 (full 0):
 garbage-first heap   total 178176K, used 109165K [0x0000000080000000, 0x0000000100000000)
  region size 1024K, 5 young (5120K), 5 survivors (5120K)
 Metaspace       used 87173K, committed 89408K, reserved 552960K
  class space    used 11913K, committed 13056K, reserved 421888K
}
Event: 59.614 GC heap before
{Heap before GC invocations=48 (full 0):
 garbage-first heap   total 178176K, used 119405K [0x0000000080000000, 0x0000000100000000)
  region size 1024K, 8 young (8192K), 5 survivors (5120K)
 Metaspace       used 87181K, committed 89408K, reserved 552960K
  class space    used 11913K, committed 13056K, reserved 421888K
}
Event: 59.621 GC heap after
{Heap after GC invocations=49 (full 0):
 garbage-first heap   total 178176K, used 120099K [0x0000000080000000, 0x0000000100000000)
  region size 1024K, 1 young (1024K), 1 survivors (1024K)
 Metaspace       used 87181K, committed 89408K, reserved 552960K
  class space    used 11913K, committed 13056K, reserved 421888K
}
Event: 59.722 GC heap before
{Heap before GC invocations=49 (full 0):
 garbage-first heap   total 178176K, used 122147K [0x0000000080000000, 0x0000000100000000)
  region size 1024K, 4 young (4096K), 1 survivors (1024K)
 Metaspace       used 87181K, committed 89408K, reserved 552960K
  class space    used 11913K, committed 13056K, reserved 421888K
}
Event: 59.724 GC heap after
{Heap after GC invocations=50 (full 0):
 garbage-first heap   total 178176K, used 121418K [0x0000000080000000, 0x0000000100000000)
  region size 1024K, 3 young (3072K), 3 survivors (3072K)
 Metaspace       used 87181K, committed 89408K, reserved 552960K
  class space    used 11913K, committed 13056K, reserved 421888K
}
Event: 60.998 GC heap before
{Heap before GC invocations=51 (full 0):
 garbage-first heap   total 211968K, used 140874K [0x0000000080000000, 0x0000000100000000)
  region size 1024K, 22 young (22528K), 3 survivors (3072K)
 Metaspace       used 89221K, committed 91392K, reserved 552960K
  class space    used 12208K, committed 13312K, reserved 421888K
}
Event: 61.002 GC heap after
{Heap after GC invocations=52 (full 0):
 garbage-first heap   total 211968K, used 122996K [0x0000000080000000, 0x0000000100000000)
  region size 1024K, 3 young (3072K), 3 survivors (3072K)
 Metaspace       used 89221K, committed 91392K, reserved 552960K
  class space    used 12208K, committed 13312K, reserved 421888K
}
Event: 61.636 GC heap before
{Heap before GC invocations=52 (full 0):
 garbage-first heap   total 211968K, used 129140K [0x0000000080000000, 0x0000000100000000)
  region size 1024K, 10 young (10240K), 3 survivors (3072K)
 Metaspace       used 89930K, committed 92032K, reserved 552960K
  class space    used 12295K, committed 13376K, reserved 421888K
}
Event: 61.641 GC heap after
{Heap after GC invocations=53 (full 0):
 garbage-first heap   total 211968K, used 122209K [0x0000000080000000, 0x0000000100000000)
  region size 1024K, 1 young (1024K), 1 survivors (1024K)
 Metaspace       used 89930K, committed 92032K, reserved 552960K
  class space    used 12295K, committed 13376K, reserved 421888K
}
Event: 63.318 GC heap before
{Heap before GC invocations=53 (full 0):
 garbage-first heap   total 211968K, used 159073K [0x0000000080000000, 0x0000000100000000)
  region size 1024K, 37 young (37888K), 1 survivors (1024K)
 Metaspace       used 91860K, committed 94080K, reserved 552960K
  class space    used 12557K, committed 13696K, reserved 421888K
}
Event: 63.329 GC heap after
{Heap after GC invocations=54 (full 0):
 garbage-first heap   total 211968K, used 127533K [0x0000000080000000, 0x0000000100000000)
  region size 1024K, 5 young (5120K), 5 survivors (5120K)
 Metaspace       used 91860K, committed 94080K, reserved 552960K
  class space    used 12557K, committed 13696K, reserved 421888K
}
Event: 65.156 GC heap before
{Heap before GC invocations=55 (full 0):
 garbage-first heap   total 224256K, used 163373K [0x0000000080000000, 0x0000000100000000)
  region size 1024K, 40 young (40960K), 5 survivors (5120K)
 Metaspace       used 94305K, committed 96576K, reserved 552960K
  class space    used 12890K, committed 14016K, reserved 421888K
}
Event: 65.167 GC heap after
{Heap after GC invocations=56 (full 0):
 garbage-first heap   total 224256K, used 133663K [0x0000000080000000, 0x0000000100000000)
  region size 1024K, 5 young (5120K), 5 survivors (5120K)
 Metaspace       used 94305K, committed 96576K, reserved 552960K
  class space    used 12890K, committed 14016K, reserved 421888K
}
Event: 65.268 GC heap before
{Heap before GC invocations=56 (full 0):
 garbage-first heap   total 224256K, used 138783K [0x0000000080000000, 0x0000000100000000)
  region size 1024K, 10 young (10240K), 5 survivors (5120K)
 Metaspace       used 94428K, committed 96640K, reserved 552960K
  class space    used 12907K, committed 14016K, reserved 421888K
}
Event: 65.274 GC heap after
{Heap after GC invocations=57 (full 0):
 garbage-first heap   total 224256K, used 133700K [0x0000000080000000, 0x0000000100000000)
  region size 1024K, 2 young (2048K), 2 survivors (2048K)
 Metaspace       used 94428K, committed 96640K, reserved 552960K
  class space    used 12907K, committed 14016K, reserved 421888K
}
Event: 66.347 GC heap before
{Heap before GC invocations=57 (full 0):
 garbage-first heap   total 224256K, used 174660K [0x0000000080000000, 0x0000000100000000)
  region size 1024K, 41 young (41984K), 2 survivors (2048K)
 Metaspace       used 95765K, committed 98048K, reserved 552960K
  class space    used 13081K, committed 14208K, reserved 421888K
}

Dll operation events (13 events):
Event: 0.010 Loaded shared library C:\Program Files\Java\jdk-19\bin\java.dll
Event: 0.025 Loaded shared library C:\Program Files\Java\jdk-19\bin\jsvml.dll
Event: 0.123 Loaded shared library C:\Program Files\Java\jdk-19\bin\net.dll
Event: 0.129 Loaded shared library C:\Program Files\Java\jdk-19\bin\nio.dll
Event: 0.140 Loaded shared library C:\Program Files\Java\jdk-19\bin\zip.dll
Event: 0.483 Loaded shared library C:\Program Files\Java\jdk-19\bin\jimage.dll
Event: 0.615 Loaded shared library C:\Program Files\Java\jdk-19\bin\verify.dll
Event: 0.973 Loaded shared library C:\Users\akhlaq\.gradle\native\68d5fa5c4cc2d200863cafc0d521ce42e7d3e7ee720ec0a83991735586a16f82\windows-amd64\native-platform.dll
Event: 0.986 Loaded shared library C:\Users\akhlaq\.gradle\native\e376f236ea51e6404a007f0833ffe2c6e607c4080706a723a18a27aeea778392\windows-amd64\native-platform-file-events.dll
Event: 2.993 Loaded shared library C:\Program Files\Java\jdk-19\bin\management.dll
Event: 2.996 Loaded shared library C:\Program Files\Java\jdk-19\bin\management_ext.dll
Event: 3.545 Loaded shared library C:\Program Files\Java\jdk-19\bin\extnet.dll
Event: 4.085 Loaded shared library C:\Program Files\Java\jdk-19\bin\sunmscapi.dll

Deoptimization events (20 events):
Event: 66.342 Thread 0x000001408548e070 Uncommon trap: trap_request=0xffffffbe fr.pc=0x00000140f149c668 relative=0x0000000000000b28
Event: 66.342 Thread 0x000001408548e070 Uncommon trap: reason=profile_predicate action=maybe_recompile pc=0x00000140f149c668 method=org.gradle.tooling.internal.provider.runner.ClientBuildEventGenerator.started(Lorg/gradle/internal/operations/BuildOperationDescriptor;Lorg/gradle/internal/operati
Event: 66.342 Thread 0x000001408548e070 DEOPT PACKING pc=0x00000140f149c668 sp=0x0000000e3defa4a0
Event: 66.342 Thread 0x000001408548e070 DEOPT UNPACKING pc=0x00000140f0926da3 sp=0x0000000e3defa458 mode 2
Event: 66.343 Thread 0x000001408548e070 Uncommon trap: trap_request=0xffffffbe fr.pc=0x00000140f149c668 relative=0x0000000000000b28
Event: 66.343 Thread 0x000001408548e070 Uncommon trap: reason=profile_predicate action=maybe_recompile pc=0x00000140f149c668 method=org.gradle.tooling.internal.provider.runner.ClientBuildEventGenerator.started(Lorg/gradle/internal/operations/BuildOperationDescriptor;Lorg/gradle/internal/operati
Event: 66.343 Thread 0x000001408548e070 DEOPT PACKING pc=0x00000140f149c668 sp=0x0000000e3defa4a0
Event: 66.343 Thread 0x000001408548e070 DEOPT UNPACKING pc=0x00000140f0926da3 sp=0x0000000e3defa458 mode 2
Event: 66.343 Thread 0x000001408548e070 Uncommon trap: trap_request=0xffffffbe fr.pc=0x00000140f149c668 relative=0x0000000000000b28
Event: 66.343 Thread 0x000001408548e070 Uncommon trap: reason=profile_predicate action=maybe_recompile pc=0x00000140f149c668 method=org.gradle.tooling.internal.provider.runner.ClientBuildEventGenerator.started(Lorg/gradle/internal/operations/BuildOperationDescriptor;Lorg/gradle/internal/operati
Event: 66.343 Thread 0x000001408548e070 DEOPT PACKING pc=0x00000140f149c668 sp=0x0000000e3defa4a0
Event: 66.343 Thread 0x000001408548e070 DEOPT UNPACKING pc=0x00000140f0926da3 sp=0x0000000e3defa458 mode 2
Event: 66.343 Thread 0x000001408548e070 Uncommon trap: trap_request=0xfffffff4 fr.pc=0x00000140f14ac8f4 relative=0x00000000000003b4
Event: 66.343 Thread 0x000001408548e070 Uncommon trap: reason=null_check action=make_not_entrant pc=0x00000140f14ac8f4 method=org.gradle.api.internal.tasks.compile.tooling.JavaCompileTaskSuccessResultPostProcessor.finished(Lorg/gradle/internal/operations/BuildOperationDescriptor;Lorg/gradle/int
Event: 66.343 Thread 0x000001408548e070 DEOPT PACKING pc=0x00000140f14ac8f4 sp=0x0000000e3def9d10
Event: 66.343 Thread 0x000001408548e070 DEOPT UNPACKING pc=0x00000140f0926da3 sp=0x0000000e3def9c38 mode 2
Event: 66.343 Thread 0x000001408548e070 Uncommon trap: trap_request=0xfffffff4 fr.pc=0x00000140f14aea2c relative=0x000000000000010c
Event: 66.343 Thread 0x000001408548e070 Uncommon trap: reason=null_check action=make_not_entrant pc=0x00000140f14aea2c method=org.gradle.api.internal.tasks.compile.tooling.JavaCompileTaskSuccessResultPostProcessor.finished(Lorg/gradle/internal/operations/BuildOperationDescriptor;Lorg/gradle/int
Event: 66.343 Thread 0x000001408548e070 DEOPT PACKING pc=0x00000140f14aea2c sp=0x0000000e3def9ca0
Event: 66.343 Thread 0x000001408548e070 DEOPT UNPACKING pc=0x00000140f0926da3 sp=0x0000000e3def9c30 mode 2

Classes loaded (20 events):
Event: 60.443 Loading class java/io/ObjectInputStream$HandleTable
Event: 60.444 Loading class java/io/ObjectInputStream$HandleTable done
Event: 60.444 Loading class java/io/ObjectInputStream$HandleTable$HandleList
Event: 60.444 Loading class java/io/ObjectInputStream$HandleTable$HandleList done
Event: 60.445 Loading class java/io/ObjectInputStream$ValidationList
Event: 60.445 Loading class java/io/ObjectInputStream$ValidationList done
Event: 60.445 Loading class java/io/ObjectInputFilter$Config
Event: 60.445 Loading class java/io/ObjectInputFilter$Config done
Event: 60.445 Loading class java/io/ObjectInputFilter
Event: 60.445 Loading class java/io/ObjectInputFilter done
Event: 60.446 Loading class java/io/ObjectInputFilter$Config$BuiltinFilterFactory
Event: 60.446 Loading class java/io/ObjectInputFilter$Config$BuiltinFilterFactory done
Event: 60.446 Loading class jdk/internal/access/JavaObjectInputFilterAccess
Event: 60.446 Loading class jdk/internal/access/JavaObjectInputFilterAccess done
Event: 60.447 Loading class jdk/internal/event/DeserializationEvent
Event: 60.447 Loading class jdk/internal/event/DeserializationEvent done
Event: 60.447 Loading class java/io/ObjectInputStream$FieldValues
Event: 60.447 Loading class java/io/ObjectInputStream$GetField
Event: 60.447 Loading class java/io/ObjectInputStream$GetField done
Event: 60.447 Loading class java/io/ObjectInputStream$FieldValues done

Classes unloaded (0 events):
No events

Classes redefined (0 events):
No events

Internal exceptions (20 events):
Event: 65.210 Thread 0x000001408548e070 Exception <a 'java/lang/ClassNotFoundException'{0x000000008d8551a8}: build_9rppf0zym7qyl8bvlnft64aya$_run_closure1$_closure8Customizer> (0x000000008d8551a8) 
thrown [s\open\src\hotspot\share\classfile\systemDictionary.cpp, line 255]
Event: 65.598 Thread 0x000001408548e070 Exception <a 'java/lang/NoClassDefFoundError'{0x000000008d0caa28}: org/jetbrains/kotlin/gradle/plugin/KotlinBasePluginWrapper> (0x000000008d0caa28) 
thrown [s\open\src\hotspot\share\oops\constantPool.cpp, line 837]
Event: 65.758 Thread 0x000001408548e070 Exception <a 'java/lang/ClassNotFoundException'{0x000000008ccca4c8}: build_7v8tf971qmw917j8pq4wptagBeanInfo> (0x000000008ccca4c8) 
thrown [s\open\src\hotspot\share\classfile\systemDictionary.cpp, line 255]
Event: 65.758 Thread 0x000001408548e070 Exception <a 'java/lang/ClassNotFoundException'{0x000000008ccd08c0}: build_7v8tf971qmw917j8pq4wptagCustomizer> (0x000000008ccd08c0) 
thrown [s\open\src\hotspot\share\classfile\systemDictionary.cpp, line 255]
Event: 66.142 Thread 0x000001408548e070 Exception <a 'java/lang/ClassNotFoundException'{0x000000008ba7f1f8}: build_7v8tf971qmw917j8pq4wptagBeanInfo> (0x000000008ba7f1f8) 
thrown [s\open\src\hotspot\share\classfile\systemDictionary.cpp, line 255]
Event: 66.142 Thread 0x000001408548e070 Exception <a 'java/lang/ClassNotFoundException'{0x000000008ba85590}: build_7v8tf971qmw917j8pq4wptagCustomizer> (0x000000008ba85590) 
thrown [s\open\src\hotspot\share\classfile\systemDictionary.cpp, line 255]
Event: 66.282 Thread 0x000001408548e070 Exception <a 'java/lang/ClassNotFoundException'{0x000000008b5fb538}: build_7v8tf971qmw917j8pq4wptag$_run_closure1BeanInfo> (0x000000008b5fb538) 
thrown [s\open\src\hotspot\share\classfile\systemDictionary.cpp, line 255]
Event: 66.283 Thread 0x000001408548e070 Exception <a 'java/lang/ClassNotFoundException'{0x000000008b405e28}: build_7v8tf971qmw917j8pq4wptag$_run_closure1Customizer> (0x000000008b405e28) 
thrown [s\open\src\hotspot\share\classfile\systemDictionary.cpp, line 255]
Event: 66.337 Thread 0x000001408548e070 Exception <a 'java/lang/NoClassDefFoundError'{0x000000008b2aca58}: org/jetbrains/kotlin/gradle/plugin/KotlinBasePluginWrapper> (0x000000008b2aca58) 
thrown [s\open\src\hotspot\share\oops\constantPool.cpp, line 837]
Event: 66.342 Thread 0x000001408548e070 Implicit null exception at 0x00000140f14ad0e0 to 0x00000140f14adae0
Event: 66.342 Thread 0x000001408548e070 Implicit null exception at 0x00000140f14abd80 to 0x00000140f14abfdc
Event: 66.342 Thread 0x000001408548e070 Implicit null exception at 0x00000140f14a2e14 to 0x00000140f14a3218
Event: 66.342 Thread 0x000001408548e070 Implicit null exception at 0x00000140f149bd80 to 0x00000140f149c654
Event: 66.342 Thread 0x000001408548e070 Implicit null exception at 0x00000140f1498e60 to 0x00000140f1498ef8
Event: 66.342 Thread 0x000001408548e070 Implicit null exception at 0x00000140f14a3d73 to 0x00000140f14a4064
Event: 66.342 Thread 0x000001408548e070 Implicit null exception at 0x00000140f149bd80 to 0x00000140f149c654
Event: 66.343 Thread 0x000001408548e070 Implicit null exception at 0x00000140f149bd80 to 0x00000140f149c654
Event: 66.343 Thread 0x000001408548e070 Implicit null exception at 0x00000140f149bd80 to 0x00000140f149c654
Event: 66.343 Thread 0x000001408548e070 Implicit null exception at 0x00000140f14ac620 to 0x00000140f14ac8cc
Event: 66.343 Thread 0x000001408548e070 Implicit null exception at 0x00000140f14ae953 to 0x00000140f14aea14

VM Operations (20 events):
Event: 61.642 Executing VM operation: G1CollectForAllocation done
Event: 62.643 Executing VM operation: Cleanup
Event: 62.643 Executing VM operation: Cleanup done
Event: 63.264 Executing VM operation: ICBufferFull
Event: 63.264 Executing VM operation: ICBufferFull done
Event: 63.318 Executing VM operation: G1CollectForAllocation
Event: 63.340 Executing VM operation: G1CollectForAllocation done
Event: 63.627 Executing VM operation: G1PauseRemark
Event: 63.636 Executing VM operation: G1PauseRemark done
Event: 63.780 Executing VM operation: G1PauseCleanup
Event: 63.780 Executing VM operation: G1PauseCleanup done
Event: 64.781 Executing VM operation: Cleanup
Event: 64.798 Executing VM operation: Cleanup done
Event: 65.156 Executing VM operation: G1CollectForAllocation
Event: 65.167 Executing VM operation: G1CollectForAllocation done
Event: 65.268 Executing VM operation: G1CollectForAllocation
Event: 65.274 Executing VM operation: G1CollectForAllocation done
Event: 66.280 Executing VM operation: Cleanup
Event: 66.280 Executing VM operation: Cleanup done
Event: 66.347 Executing VM operation: G1CollectForAllocation

Events (20 events):
Event: 59.444 Thread 0x00000140ff4b51c0 flushing nmethod 0x00000140e9a1c510
Event: 59.444 Thread 0x00000140ff4b51c0 flushing nmethod 0x00000140e9a20b10
Event: 59.445 Thread 0x00000140ff4b51c0 flushing nmethod 0x00000140e9a24090
Event: 59.445 Thread 0x00000140ff4b51c0 flushing nmethod 0x00000140e9a34c90
Event: 59.445 Thread 0x00000140ff4b51c0 flushing nmethod 0x00000140e9a3f610
Event: 59.445 Thread 0x00000140ff4b51c0 flushing nmethod 0x00000140e9a7f890
Event: 59.445 Thread 0x00000140ff4b51c0 flushing nmethod 0x00000140e9b15d90
Event: 59.446 Thread 0x00000140ff4b51c0 flushing nmethod 0x00000140e9b55b10
Event: 59.446 Thread 0x00000140ff4b51c0 flushing nmethod 0x00000140e9b60310
Event: 59.448 Thread 0x00000140ff4b51c0 flushing nmethod 0x00000140e9d47390
Event: 59.453 Thread 0x00000140ff4b51c0 flushing nmethod 0x00000140ea2e8a90
Event: 60.113 Thread 0x000001408886fab0 Thread added: 0x000001408886fab0
Event: 60.604 Thread 0x000001408886e570 Thread added: 0x000001408886e570
Event: 61.950 Thread 0x00000140852586b0 Thread added: 0x00000140852586b0
Event: 62.146 Thread 0x00000140852586b0 Thread exited: 0x00000140852586b0
Event: 62.608 Thread 0x00000140852586b0 Thread added: 0x00000140852586b0
Event: 63.718 Thread 0x00000140852586b0 Thread exited: 0x00000140852586b0
Event: 64.400 Thread 0x0000014088870550 Thread added: 0x0000014088870550
Event: 64.558 Thread 0x0000014088869070 Thread added: 0x0000014088869070
Event: 65.262 Thread 0x000001408e32dec0 Thread added: 0x000001408e32dec0


Dynamic libraries:
0x00007ff64c620000 - 0x00007ff64c630000 	C:\Program Files\Java\jdk-19\bin\java.exe
0x00007ffb4ba30000 - 0x00007ffb4bc28000 	C:\WINDOWS\SYSTEM32\ntdll.dll
0x00007ffb4b450000 - 0x00007ffb4b50d000 	C:\WINDOWS\System32\KERNEL32.DLL
0x00007ffb496a0000 - 0x00007ffb49996000 	C:\WINDOWS\System32\KERNELBASE.dll
0x00007ffb49280000 - 0x00007ffb49380000 	C:\WINDOWS\System32\ucrtbase.dll
0x00007ffaed150000 - 0x00007ffaed168000 	C:\Program Files\Java\jdk-19\bin\jli.dll
0x00007ffb4b180000 - 0x00007ffb4b230000 	C:\WINDOWS\System32\ADVAPI32.dll
0x00007ffb4a840000 - 0x00007ffb4a8de000 	C:\WINDOWS\System32\msvcrt.dll
0x00007ffaed130000 - 0x00007ffaed14b000 	C:\Program Files\Java\jdk-19\bin\VCRUNTIME140.dll
0x00007ffb4add0000 - 0x00007ffb4ae70000 	C:\WINDOWS\System32\sechost.dll
0x00007ffb49bf0000 - 0x00007ffb49d13000 	C:\WINDOWS\System32\RPCRT4.dll
0x00007ffb49670000 - 0x00007ffb49697000 	C:\WINDOWS\System32\bcrypt.dll
0x00007ffb49e50000 - 0x00007ffb49fef000 	C:\WINDOWS\System32\USER32.dll
0x00007ffb499a0000 - 0x00007ffb499c2000 	C:\WINDOWS\System32\win32u.dll
0x00007ffb49b60000 - 0x00007ffb49b8b000 	C:\WINDOWS\System32\GDI32.dll
0x00007ffb49380000 - 0x00007ffb49497000 	C:\WINDOWS\System32\gdi32full.dll
0x00007ffb499d0000 - 0x00007ffb49a6d000 	C:\WINDOWS\System32\msvcp_win.dll
0x00007ffb38b00000 - 0x00007ffb38b0a000 	C:\WINDOWS\SYSTEM32\VERSION.dll
0x00007ffb35930000 - 0x00007ffb35bca000 	C:\WINDOWS\WinSxS\amd64_microsoft.windows.common-controls_6595b64144ccf1df_6.0.19041.4355_none_60b8b9eb71f62e16\COMCTL32.dll
0x00007ffb4ada0000 - 0x00007ffb4adcf000 	C:\WINDOWS\System32\IMM32.DLL
0x00007ffb34e50000 - 0x00007ffb34e5c000 	C:\Program Files\Java\jdk-19\bin\vcruntime140_1.dll
0x00007ffaed0a0000 - 0x00007ffaed12e000 	C:\Program Files\Java\jdk-19\bin\msvcp140.dll
0x00007ffaec310000 - 0x00007ffaecfd0000 	C:\Program Files\Java\jdk-19\bin\server\jvm.dll
0x00007ffb31300000 - 0x00007ffb31309000 	C:\WINDOWS\SYSTEM32\WSOCK32.dll
0x00007ffb4a8e0000 - 0x00007ffb4a94b000 	C:\WINDOWS\System32\WS2_32.dll
0x00007ffb33e50000 - 0x00007ffb33e77000 	C:\WINDOWS\SYSTEM32\WINMM.dll
0x00007ffb47900000 - 0x00007ffb47912000 	C:\WINDOWS\SYSTEM32\kernel.appcore.dll
0x00007ffb22d20000 - 0x00007ffb22d2a000 	C:\Program Files\Java\jdk-19\bin\jimage.dll
0x00007ffb475d0000 - 0x00007ffb477b4000 	C:\WINDOWS\SYSTEM32\DBGHELP.DLL
0x00007ffb27190000 - 0x00007ffb271c4000 	C:\WINDOWS\SYSTEM32\dbgcore.DLL
0x00007ffb491f0000 - 0x00007ffb49272000 	C:\WINDOWS\System32\bcryptPrimitives.dll
0x00007ffaec2c0000 - 0x00007ffaec2e6000 	C:\Program Files\Java\jdk-19\bin\java.dll
0x00007ffaec1e0000 - 0x00007ffaec2b7000 	C:\Program Files\Java\jdk-19\bin\jsvml.dll
0x00007ffb49ff0000 - 0x00007ffb4a75c000 	C:\WINDOWS\System32\SHELL32.dll
0x00007ffb46d60000 - 0x00007ffb474fd000 	C:\WINDOWS\SYSTEM32\windows.storage.dll
0x00007ffb4aa40000 - 0x00007ffb4ad93000 	C:\WINDOWS\System32\combase.dll
0x00007ffb48a40000 - 0x00007ffb48a6e000 	C:\WINDOWS\SYSTEM32\Wldp.dll
0x00007ffb4a970000 - 0x00007ffb4aa3d000 	C:\WINDOWS\System32\OLEAUT32.dll
0x00007ffb4af20000 - 0x00007ffb4afcd000 	C:\WINDOWS\System32\SHCORE.dll
0x00007ffb49a70000 - 0x00007ffb49ac5000 	C:\WINDOWS\System32\shlwapi.dll
0x00007ffb49020000 - 0x00007ffb49044000 	C:\WINDOWS\SYSTEM32\profapi.dll
0x00007ffaeb780000 - 0x00007ffaeb793000 	C:\Program Files\Java\jdk-19\bin\net.dll
0x00007ffb3fcf0000 - 0x00007ffb3fdfa000 	C:\WINDOWS\SYSTEM32\WINHTTP.dll
0x00007ffb487a0000 - 0x00007ffb4880a000 	C:\WINDOWS\system32\mswsock.dll
0x00007ffaeb760000 - 0x00007ffaeb776000 	C:\Program Files\Java\jdk-19\bin\nio.dll
0x00007ffaeb740000 - 0x00007ffaeb758000 	C:\Program Files\Java\jdk-19\bin\zip.dll
0x00007ffb42b10000 - 0x00007ffb42b20000 	C:\Program Files\Java\jdk-19\bin\verify.dll
0x00007ffaf23c0000 - 0x00007ffaf23e7000 	C:\Users\akhlaq\.gradle\native\68d5fa5c4cc2d200863cafc0d521ce42e7d3e7ee720ec0a83991735586a16f82\windows-amd64\native-platform.dll
0x00007ffaeb7b0000 - 0x00007ffaeb8f4000 	C:\Users\akhlaq\.gradle\native\e376f236ea51e6404a007f0833ffe2c6e607c4080706a723a18a27aeea778392\windows-amd64\native-platform-file-events.dll
0x00007ffb33d80000 - 0x00007ffb33d8a000 	C:\Program Files\Java\jdk-19\bin\management.dll
0x00007ffb1af10000 - 0x00007ffb1af1b000 	C:\Program Files\Java\jdk-19\bin\management_ext.dll
0x00007ffb4b510000 - 0x00007ffb4b518000 	C:\WINDOWS\System32\PSAPI.DLL
0x00007ffb48990000 - 0x00007ffb489a8000 	C:\WINDOWS\SYSTEM32\CRYPTSP.dll
0x00007ffb480c0000 - 0x00007ffb480f4000 	C:\WINDOWS\system32\rsaenh.dll
0x00007ffb48fd0000 - 0x00007ffb48ffe000 	C:\WINDOWS\SYSTEM32\USERENV.dll
0x00007ffb489b0000 - 0x00007ffb489bc000 	C:\WINDOWS\SYSTEM32\CRYPTBASE.dll
0x00007ffb48480000 - 0x00007ffb484bb000 	C:\WINDOWS\SYSTEM32\IPHLPAPI.DLL
0x00007ffb4b440000 - 0x00007ffb4b448000 	C:\WINDOWS\System32\NSI.dll
0x00007ffb3ca80000 - 0x00007ffb3ca97000 	C:\WINDOWS\SYSTEM32\dhcpcsvc6.DLL
0x00007ffb3f0f0000 - 0x00007ffb3f10d000 	C:\WINDOWS\SYSTEM32\dhcpcsvc.DLL
0x00007ffb484c0000 - 0x00007ffb4858a000 	C:\WINDOWS\SYSTEM32\DNSAPI.dll
0x00007ffb40ce0000 - 0x00007ffb40ce8000 	C:\Program Files\Java\jdk-19\bin\extnet.dll
0x00007ffb41aa0000 - 0x00007ffb41aae000 	C:\Program Files\Java\jdk-19\bin\sunmscapi.dll
0x00007ffb494a0000 - 0x00007ffb495fe000 	C:\WINDOWS\System32\CRYPT32.dll
0x00007ffb48ab0000 - 0x00007ffb48ad9000 	C:\WINDOWS\SYSTEM32\ncrypt.dll
0x00007ffb48a70000 - 0x00007ffb48aab000 	C:\WINDOWS\SYSTEM32\NTASN1.dll
0x00007ffb26bd0000 - 0x00007ffb26bd7000 	C:\WINDOWS\system32\wshunix.dll

dbghelp: loaded successfully - version: 4.0.5 - missing functions: none
symbol engine: initialized successfully - sym options: 0x614 - pdb path: .;C:\Program Files\Java\jdk-19\bin;C:\WINDOWS\SYSTEM32;C:\WINDOWS\WinSxS\amd64_microsoft.windows.common-controls_6595b64144ccf1df_6.0.19041.4355_none_60b8b9eb71f62e16;C:\Program Files\Java\jdk-19\bin\server;C:\Users\akhlaq\.gradle\native\68d5fa5c4cc2d200863cafc0d521ce42e7d3e7ee720ec0a83991735586a16f82\windows-amd64;C:\Users\akhlaq\.gradle\native\e376f236ea51e6404a007f0833ffe2c6e607c4080706a723a18a27aeea778392\windows-amd64

VM Arguments:
jvm_args: -XX:MaxMetaspaceSize=512m --add-opens=java.base/java.util=ALL-UNNAMED --add-opens=java.base/java.lang=ALL-UNNAMED --add-opens=java.base/java.lang.invoke=ALL-UNNAMED --add-opens=java.prefs/java.util.prefs=ALL-UNNAMED --add-opens=java.base/java.nio.charset=ALL-UNNAMED --add-opens=java.base/java.net=ALL-UNNAMED --add-opens=java.base/java.util.concurrent.atomic=ALL-UNNAMED -Xmx2048m -Dfile.encoding=UTF-8 -Duser.country=US -Duser.language=en -Duser.variant 
java_command: org.gradle.launcher.daemon.bootstrap.GradleDaemon 7.6
java_class_path (initial): C:\Users\akhlaq\.gradle\wrapper\dists\gradle-7.6-all\9f832ih6bniajn45pbmqhk2cw\gradle-7.6\lib\gradle-launcher-7.6.jar
Launcher Type: SUN_STANDARD

[Global flags]
     intx CICompilerCount                          = 3                                         {product} {ergonomic}
   size_t CompressedClassSpaceSize                 = 432013312                                 {product} {ergonomic}
     uint ConcGCThreads                            = 1                                         {product} {ergonomic}
     uint G1ConcRefinementThreads                  = 4                                         {product} {ergonomic}
   size_t G1HeapRegionSize                         = 1048576                                   {product} {ergonomic}
    uintx GCDrainStackTargetSize                   = 64                                        {product} {ergonomic}
   size_t InitialHeapSize                          = 134217728                                 {product} {ergonomic}
   size_t MarkStackSize                            = 4194304                                   {product} {ergonomic}
   size_t MaxHeapSize                              = 2147483648                                {product} {command line}
   size_t MaxMetaspaceSize                         = 536870912                                 {product} {command line}
   size_t MaxNewSize                               = 1287651328                                {product} {ergonomic}
   size_t MinHeapDeltaBytes                        = 1048576                                   {product} {ergonomic}
   size_t MinHeapSize                              = 8388608                                   {product} {ergonomic}
    uintx NonNMethodCodeHeapSize                   = 5832780                                {pd product} {ergonomic}
    uintx NonProfiledCodeHeapSize                  = 122912730                              {pd product} {ergonomic}
    uintx ProfiledCodeHeapSize                     = 122912730                              {pd product} {ergonomic}
    uintx ReservedCodeCacheSize                    = 251658240                              {pd product} {ergonomic}
     bool SegmentedCodeCache                       = true                                      {product} {ergonomic}
   size_t SoftMaxHeapSize                          = 2147483648                             {manageable} {ergonomic}
     bool UseCompressedClassPointers               = true                           {product lp64_product} {ergonomic}
     bool UseCompressedOops                        = true                           {product lp64_product} {ergonomic}
     bool UseG1GC                                  = true                                      {product} {ergonomic}
     bool UseLargePagesIndividualAllocation        = false                                  {pd product} {ergonomic}

Logging:
Log output configuration:
 #0: stdout all=warning uptime,level,tags foldmultilines=false
 #1: stderr all=off uptime,level,tags foldmultilines=false

Environment Variables:
JAVA_HOME=C:\Program Files\Java\jdk-19
CLASSPATH=D:\Git\olympic\olympic\android\\gradle\wrapper\gradle-wrapper.jar
PATH=D:\Git\olympic\olympic\node_modules\.bin;D:\Git\olympic\olympic\node_modules\.bin;D:\Git\olympic\node_modules\.bin;D:\Git\node_modules\.bin;D:\node_modules\.bin;C:\Program Files\nodejs\node_modules\npm\node_modules\@npmcli\run-script\lib\node-gyp-bin;D:\Git\olympic\olympic\node_modules\.bin;D:\Git\olympic\node_modules\.bin;D:\Git\node_modules\.bin;D:\node_modules\.bin;C:\Program Files\nodejs\node_modules\npm\node_modules\@npmcli\run-script\lib\node-gyp-bin;C:\Program Files\Common Files\Oracle\Java\javapath;C:\WINDOWS\system32;C:\WINDOWS;C:\WINDOWS\System32\Wbem;C:\WINDOWS\System32\WindowsPowerShell\v1.0\;C:\WINDOWS\System32\OpenSSH\;C:\Program Files\Git\cmd;C:\ProgramData\chocolatey\bin;C:\Users\akhlaq\AppData\Local\Pub\Cache\bin;D:\C++\bin;D:\C++\mingw32\bin;C:\Program Files\GTK3-Runtime Win64\bin;C:\Program Files\nodejs\;C:\Program Files\Java\jdk-19\bin;C:\Users\akhlaq\AppData\Local\Android\Sdk\platform-tools;C:\Users\akhlaq\AppData\Local\Android\Sdk\tools;C:\Users\akhlaq\AppData\Roaming\npm;C:\Python312\Scripts\;C:\Python312\;C:\Users\akhlaq\AppData\Local\Programs\Python\Python312\Scripts\;C:\Users\akhlaq\AppData\Local\Programs\Python\Python312\;C:\Users\akhlaq\AppData\Local\Programs\Python\Launcher\;C:\Users\akhlaq\AppData\Local\Microsoft\WindowsApps;C:\Users\akhlaq\AppData\Local\Programs\Microsoft VS Code\bin;C:\flutter_setup\flutter\bin;C:\Program Files\JetBrains\PyCharm 2023.3.4\bin;;C:\Program Files\wkhtmltopdf\bin;D:\C++\lib;;D:\PycharmC\PyCharm Community Edition 2024.1.1\bin;;C:\Users\akhlaq\AppData\Roaming\npm
USERNAME=akhlaq
LANG=en_US.UTF-8
OS=Windows_NT
PROCESSOR_IDENTIFIER=Intel64 Family 6 Model 78 Stepping 3, GenuineIntel
TMP=C:\Users\akhlaq\AppData\Local\Temp
TEMP=C:\Users\akhlaq\AppData\Local\Temp



---------------  S Y S T E M  ---------------

OS:
 Windows 10 , 64 bit Build 19041 (10.0.19041.3636)
OS uptime: 0 days 7:06 hours

CPU: total 4 (initial active 4) (2 cores per cpu, 2 threads per core) family 6 model 78 stepping 3 microcode 0xcc, cx8, cmov, fxsr, ht, mmx, 3dnowpref, sse, sse2, sse3, ssse3, sse4.1, sse4.2, popcnt, lzcnt, tsc, tscinvbit, avx, avx2, aes, erms, clmul, bmi1, bmi2, rtm, adx, fma, vzeroupper, clflush, clflushopt, rdtscp

Memory: 4k page, system-wide physical 8074M (409M free)
TotalPageFile size 16135M (AvailPageFile size 194M)
current process WorkingSet (physical memory assigned to process): 436M, peak: 453M
current process commit charge ("private bytes"): 521M, peak: 740M

vm_info: Java HotSpot(TM) 64-Bit Server VM (19.0.2+7-44) for windows-amd64 JRE (19.0.2+7-44), built on 2022-11-30T18:02:09Z by "mach5one" with MS VC++ 17.1 (VS2022)

END.
