#
# There is insufficient memory for the Java Runtime Environment to continue.
# Native memory allocation (malloc) failed to allocate 68896 bytes for Chunk::new
# Possible reasons:
#   The system is out of physical RAM or swap space
#   The process is running with CompressedOops enabled, and the Java Heap may be blocking the growth of the native heap
# Possible solutions:
#   Reduce memory load on the system
#   Increase physical memory or swap space
#   Check if swap backing store is full
#   Decrease Java heap size (-Xmx/-Xms)
#   Decrease number of Java threads
#   Decrease Java thread stack sizes (-Xss)
#   Set larger code cache with -XX:ReservedCodeCacheSize=
#   JVM is running with Unscaled Compressed Oops mode in which the Java heap is
#     placed in the first 4GB address space. The Java Heap base address is the
#     maximum limit for the native heap growth. Please use -XX:HeapBaseMinAddress
#     to set the Java Heap base and to place the Java Heap above 4GB virtual address.
# This output file may be truncated or incomplete.
#
#  Out of Memory Error (arena.cpp:197), pid=17636, tid=20400
#
# JRE version: OpenJDK Runtime Environment Microsoft-8035250 (11.0.20+8) (build 11.0.20+8-LTS)
# Java VM: OpenJDK 64-Bit Server VM Microsoft-8035250 (11.0.20+8-LTS, mixed mode, tiered, compressed oops, g1 gc, windows-amd64)
# No core dump will be written. Minidumps are not enabled by default on client versions of Windows
#

---------------  S U M M A R Y ------------

Command Line: -Xmx64m -Xms64m -Dorg.gradle.appname=gradlew org.gradle.wrapper.GradleWrapperMain app:installDebug -PreactNativeDevServerPort=8081

Host: Intel(R) Core(TM) i7-10610U CPU @ 1.80GHz, 8 cores, 15G,  Windows 11 , 64 bit Build 22621 (10.0.22621.3672)
Time: Wed Jul  3 18:28:18 2024 Pakistan Standard Time elapsed time: 37.182199 seconds (0d 0h 0m 37s)

---------------  T H R E A D  ---------------

Current thread (0x000002bf710eb800):  JavaThread "C2 CompilerThread0" daemon [_thread_in_native, id=20400, stack(0x000000e6b6e00000,0x000000e6b6f00000)]


Current CompileTask:
C2:  37182 1155       4       java.lang.String::startsWith (7 bytes)

Stack: [0x000000e6b6e00000,0x000000e6b6f00000]
Native frames: (J=compiled Java code, j=interpreted, Vv=VM code, C=native code)
V  [jvm.dll+0x62e9da]
V  [jvm.dll+0x7bc4e9]
V  [jvm.dll+0x7bdbd8]
V  [jvm.dll+0x7be2b3]
V  [jvm.dll+0x2505a8]
V  [jvm.dll+0xc263c]
V  [jvm.dll+0xc2bfc]
V  [jvm.dll+0x2c56a4]
V  [jvm.dll+0x536a1c]
V  [jvm.dll+0x211a7b]
V  [jvm.dll+0x20b6b4]
V  [jvm.dll+0x20881b]
V  [jvm.dll+0x18a7de]
V  [jvm.dll+0x2181ec]
V  [jvm.dll+0x21642b]
V  [jvm.dll+0x77efc0]
V  [jvm.dll+0x777db4]
V  [jvm.dll+0x62d845]
C  [ucrtbase.dll+0x29333]
C  [KERNEL32.DLL+0x1257d]
C  [ntdll.dll+0x5af28]


---------------  P R O C E S S  ---------------

Threads class SMR info:
_java_thread_list=0x000002bf72a43720, length=11, elements={
0x000002bf569d2000, 0x000002bf7107b800, 0x000002bf71085800, 0x000002bf710e8000,
0x000002bf710e9000, 0x000002bf710ea000, 0x000002bf710eb800, 0x000002bf710fd000,
0x000002bf71a51800, 0x000002bf71b59800, 0x000002bf71df9000
}

Java Threads: ( => current thread )
  0x000002bf569d2000 JavaThread "main" [_thread_blocked, id=19204, stack(0x000000e6b6200000,0x000000e6b6300000)]
  0x000002bf7107b800 JavaThread "Reference Handler" daemon [_thread_blocked, id=14844, stack(0x000000e6b6900000,0x000000e6b6a00000)]
  0x000002bf71085800 JavaThread "Finalizer" daemon [_thread_blocked, id=12316, stack(0x000000e6b6a00000,0x000000e6b6b00000)]
  0x000002bf710e8000 JavaThread "Signal Dispatcher" daemon [_thread_blocked, id=17728, stack(0x000000e6b6b00000,0x000000e6b6c00000)]
  0x000002bf710e9000 JavaThread "Attach Listener" daemon [_thread_blocked, id=1936, stack(0x000000e6b6c00000,0x000000e6b6d00000)]
  0x000002bf710ea000 JavaThread "Service Thread" daemon [_thread_blocked, id=7432, stack(0x000000e6b6d00000,0x000000e6b6e00000)]
=>0x000002bf710eb800 JavaThread "C2 CompilerThread0" daemon [_thread_in_native, id=20400, stack(0x000000e6b6e00000,0x000000e6b6f00000)]
  0x000002bf710fd000 JavaThread "C1 CompilerThread0" daemon [_thread_blocked, id=8672, stack(0x000000e6b6f00000,0x000000e6b7000000)]
  0x000002bf71a51800 JavaThread "Sweeper thread" daemon [_thread_blocked, id=20664, stack(0x000000e6b7000000,0x000000e6b7100000)]
  0x000002bf71b59800 JavaThread "Common-Cleaner" daemon [_thread_blocked, id=17592, stack(0x000000e6b7200000,0x000000e6b7300000)]
  0x000002bf71df9000 JavaThread "pool-1-thread-1" [_thread_blocked, id=25844, stack(0x000000e6b7300000,0x000000e6b7400000)]

Other Threads:
  0x000002bf71051000 VMThread "VM Thread" [stack: 0x000000e6b6800000,0x000000e6b6900000] [id=19236]
  0x000002bf71b4c800 WatcherThread [stack: 0x000000e6b7100000,0x000000e6b7200000] [id=18044]
  0x000002bf569ed000 GCTaskThread "GC Thread#0" [stack: 0x000000e6b6300000,0x000000e6b6400000] [id=21852]
  0x000002bf72a53800 GCTaskThread "GC Thread#1" [stack: 0x000000e6b7400000,0x000000e6b7500000] [id=25788]
  0x000002bf725d4800 GCTaskThread "GC Thread#2" [stack: 0x0000000000000000,0x0000000000000000] [id=10928]
  0x000002bf729cf000 GCTaskThread "GC Thread#3" [stack: 0x000000e6b7600000,0x000000e6b7700000] [id=3560]
  0x000002bf569f3800 ConcurrentGCThread "G1 Main Marker" [stack: 0x000000e6b6400000,0x000000e6b6500000] [id=21856]
  0x000002bf569f4800 ConcurrentGCThread "G1 Conc#0" [stack: 0x000000e6b6500000,0x000000e6b6600000] [id=17748]
  0x000002bf56a5c000 ConcurrentGCThread "G1 Refine#0" [stack: 0x000000e6b6600000,0x000000e6b6700000] [id=18860]
  0x000002bf56a5d000 ConcurrentGCThread "G1 Young RemSet Sampling" [stack: 0x000000e6b6700000,0x000000e6b6800000] [id=17312]

Threads with active compile tasks:
C2 CompilerThread0    37214 1155       4       java.lang.String::startsWith (7 bytes)

VM state:at safepoint (normal execution)

VM Mutex/Monitor currently owned by a thread:  ([mutex/lock_event])
[0x000002bf569ce140] Threads_lock - owner thread: 0x000002bf71051000
[0x000002bf569cf4f0] Heap_lock - owner thread: 0x000002bf569d2000

Heap address: 0x00000000fc000000, size: 64 MB, Compressed Oops mode: 32-bit
Narrow klass base: 0x0000000000000000, Narrow klass shift: 3
Compressed class space size: 1073741824 Address: 0x0000000100000000

Heap:
 garbage-first heap   total 65536K, used 24481K [0x00000000fc000000, 0x0000000100000000)
  region size 1024K, 16 young (16384K), 1 survivors (1024K)
 Metaspace       used 13927K, capacity 14171K, committed 14336K, reserved 1069056K
  class space    used 1576K, capacity 1667K, committed 1792K, reserved 1048576K
Heap Regions: E=young(eden), S=young(survivor), O=old, HS=humongous(starts), HC=humongous(continues), CS=collection set, F=free, A=archive, TAMS=top-at-mark-start (previous, next)
|   0|0x00000000fc000000, 0x00000000fc100000, 0x00000000fc100000|100%|HS|  |TAMS 0x00000000fc000000, 0x00000000fc100000| Complete 
|   1|0x00000000fc100000, 0x00000000fc200000, 0x00000000fc200000|100%|HC|  |TAMS 0x00000000fc100000, 0x00000000fc200000| Complete 
|   2|0x00000000fc200000, 0x00000000fc300000, 0x00000000fc300000|100%|HC|  |TAMS 0x00000000fc200000, 0x00000000fc300000| Complete 
|   3|0x00000000fc300000, 0x00000000fc400000, 0x00000000fc400000|100%| O|  |TAMS 0x00000000fc300000, 0x00000000fc400000| Untracked 
|   4|0x00000000fc400000, 0x00000000fc500000, 0x00000000fc500000|100%| O|  |TAMS 0x00000000fc400000, 0x00000000fc500000| Untracked 
|   5|0x00000000fc500000, 0x00000000fc600000, 0x00000000fc600000|100%| O|  |TAMS 0x00000000fc500000, 0x00000000fc600000| Untracked 
|   6|0x00000000fc600000, 0x00000000fc700000, 0x00000000fc700000|100%| O|  |TAMS 0x00000000fc600000, 0x00000000fc700000| Untracked 
|   7|0x00000000fc700000, 0x00000000fc800000, 0x00000000fc800000|100%| O|  |TAMS 0x00000000fc700000, 0x00000000fc800000| Untracked 
|   8|0x00000000fc800000, 0x00000000fc8f6ff0, 0x00000000fc900000| 96%| O|  |TAMS 0x00000000fc800000, 0x00000000fc900000| Untracked 
|   9|0x00000000fc900000, 0x00000000fc900000, 0x00000000fca00000|  0%| F|  |TAMS 0x00000000fc900000, 0x00000000fc900000| Untracked 
|  10|0x00000000fca00000, 0x00000000fca00000, 0x00000000fcb00000|  0%| F|  |TAMS 0x00000000fca00000, 0x00000000fca00000| Untracked 
|  11|0x00000000fcb00000, 0x00000000fcb00000, 0x00000000fcc00000|  0%| F|  |TAMS 0x00000000fcb00000, 0x00000000fcb00000| Untracked 
|  12|0x00000000fcc00000, 0x00000000fcc00000, 0x00000000fcd00000|  0%| F|  |TAMS 0x00000000fcc00000, 0x00000000fcc00000| Untracked 
|  13|0x00000000fcd00000, 0x00000000fcd00000, 0x00000000fce00000|  0%| F|  |TAMS 0x00000000fcd00000, 0x00000000fcd00000| Untracked 
|  14|0x00000000fce00000, 0x00000000fce00000, 0x00000000fcf00000|  0%| F|  |TAMS 0x00000000fce00000, 0x00000000fce00000| Untracked 
|  15|0x00000000fcf00000, 0x00000000fcf00000, 0x00000000fd000000|  0%| F|  |TAMS 0x00000000fcf00000, 0x00000000fcf00000| Untracked 
|  16|0x00000000fd000000, 0x00000000fd000000, 0x00000000fd100000|  0%| F|  |TAMS 0x00000000fd000000, 0x00000000fd000000| Untracked 
|  17|0x00000000fd100000, 0x00000000fd100000, 0x00000000fd200000|  0%| F|  |TAMS 0x00000000fd100000, 0x00000000fd100000| Untracked 
|  18|0x00000000fd200000, 0x00000000fd200000, 0x00000000fd300000|  0%| F|  |TAMS 0x00000000fd200000, 0x00000000fd200000| Untracked 
|  19|0x00000000fd300000, 0x00000000fd300000, 0x00000000fd400000|  0%| F|  |TAMS 0x00000000fd300000, 0x00000000fd300000| Untracked 
|  20|0x00000000fd400000, 0x00000000fd400000, 0x00000000fd500000|  0%| F|  |TAMS 0x00000000fd400000, 0x00000000fd400000| Untracked 
|  21|0x00000000fd500000, 0x00000000fd500000, 0x00000000fd600000|  0%| F|  |TAMS 0x00000000fd500000, 0x00000000fd500000| Untracked 
|  22|0x00000000fd600000, 0x00000000fd600000, 0x00000000fd700000|  0%| F|  |TAMS 0x00000000fd600000, 0x00000000fd600000| Untracked 
|  23|0x00000000fd700000, 0x00000000fd700000, 0x00000000fd800000|  0%| F|  |TAMS 0x00000000fd700000, 0x00000000fd700000| Untracked 
|  24|0x00000000fd800000, 0x00000000fd800000, 0x00000000fd900000|  0%| F|  |TAMS 0x00000000fd800000, 0x00000000fd800000| Untracked 
|  25|0x00000000fd900000, 0x00000000fd900000, 0x00000000fda00000|  0%| F|  |TAMS 0x00000000fd900000, 0x00000000fd900000| Untracked 
|  26|0x00000000fda00000, 0x00000000fda00000, 0x00000000fdb00000|  0%| F|  |TAMS 0x00000000fda00000, 0x00000000fda00000| Untracked 
|  27|0x00000000fdb00000, 0x00000000fdb00000, 0x00000000fdc00000|  0%| F|  |TAMS 0x00000000fdb00000, 0x00000000fdb00000| Untracked 
|  28|0x00000000fdc00000, 0x00000000fdc00000, 0x00000000fdd00000|  0%| F|  |TAMS 0x00000000fdc00000, 0x00000000fdc00000| Untracked 
|  29|0x00000000fdd00000, 0x00000000fdd00000, 0x00000000fde00000|  0%| F|  |TAMS 0x00000000fdd00000, 0x00000000fdd00000| Untracked 
|  30|0x00000000fde00000, 0x00000000fde00000, 0x00000000fdf00000|  0%| F|  |TAMS 0x00000000fde00000, 0x00000000fde00000| Untracked 
|  31|0x00000000fdf00000, 0x00000000fdf00000, 0x00000000fe000000|  0%| F|  |TAMS 0x00000000fdf00000, 0x00000000fdf00000| Untracked 
|  32|0x00000000fe000000, 0x00000000fe000000, 0x00000000fe100000|  0%| F|  |TAMS 0x00000000fe000000, 0x00000000fe000000| Untracked 
|  33|0x00000000fe100000, 0x00000000fe100000, 0x00000000fe200000|  0%| F|  |TAMS 0x00000000fe100000, 0x00000000fe100000| Untracked 
|  34|0x00000000fe200000, 0x00000000fe200000, 0x00000000fe300000|  0%| F|  |TAMS 0x00000000fe200000, 0x00000000fe200000| Untracked 
|  35|0x00000000fe300000, 0x00000000fe300000, 0x00000000fe400000|  0%| F|  |TAMS 0x00000000fe300000, 0x00000000fe300000| Untracked 
|  36|0x00000000fe400000, 0x00000000fe400000, 0x00000000fe500000|  0%| F|  |TAMS 0x00000000fe400000, 0x00000000fe400000| Untracked 
|  37|0x00000000fe500000, 0x00000000fe600000, 0x00000000fe600000|100%| E|CS|TAMS 0x00000000fe500000, 0x00000000fe600000| Complete 
|  38|0x00000000fe600000, 0x00000000fe700000, 0x00000000fe700000|100%| E|CS|TAMS 0x00000000fe600000, 0x00000000fe700000| Complete 
|  39|0x00000000fe700000, 0x00000000fe800000, 0x00000000fe800000|100%| E|CS|TAMS 0x00000000fe700000, 0x00000000fe800000| Complete 
|  40|0x00000000fe800000, 0x00000000fe800000, 0x00000000fe900000|  0%| F|  |TAMS 0x00000000fe800000, 0x00000000fe800000| Untracked 
|  41|0x00000000fe900000, 0x00000000fe900000, 0x00000000fea00000|  0%| F|  |TAMS 0x00000000fe900000, 0x00000000fe900000| Untracked 
|  42|0x00000000fea00000, 0x00000000fea00000, 0x00000000feb00000|  0%| F|  |TAMS 0x00000000fea00000, 0x00000000fea00000| Untracked 
|  43|0x00000000feb00000, 0x00000000feb00000, 0x00000000fec00000|  0%| F|  |TAMS 0x00000000feb00000, 0x00000000feb00000| Untracked 
|  44|0x00000000fec00000, 0x00000000fec00000, 0x00000000fed00000|  0%| F|  |TAMS 0x00000000fec00000, 0x00000000fec00000| Untracked 
|  45|0x00000000fed00000, 0x00000000fed00000, 0x00000000fee00000|  0%| F|  |TAMS 0x00000000fed00000, 0x00000000fed00000| Untracked 
|  46|0x00000000fee00000, 0x00000000fee00000, 0x00000000fef00000|  0%| F|  |TAMS 0x00000000fee00000, 0x00000000fee00000| Untracked 
|  47|0x00000000fef00000, 0x00000000fef00000, 0x00000000ff000000|  0%| F|  |TAMS 0x00000000fef00000, 0x00000000fef00000| Untracked 
|  48|0x00000000ff000000, 0x00000000ff082c30, 0x00000000ff100000| 51%| S|  |TAMS 0x00000000ff000000, 0x00000000ff000000| Complete 
|  49|0x00000000ff100000, 0x00000000ff200000, 0x00000000ff200000|100%| E|CS|TAMS 0x00000000ff100000, 0x00000000ff200000| Complete 
|  50|0x00000000ff200000, 0x00000000ff300000, 0x00000000ff300000|100%| E|CS|TAMS 0x00000000ff200000, 0x00000000ff300000| Complete 
|  51|0x00000000ff300000, 0x00000000ff400000, 0x00000000ff400000|100%| E|CS|TAMS 0x00000000ff300000, 0x00000000ff400000| Complete 
|  52|0x00000000ff400000, 0x00000000ff500000, 0x00000000ff500000|100%| E|CS|TAMS 0x00000000ff400000, 0x00000000ff500000| Complete 
|  53|0x00000000ff500000, 0x00000000ff600000, 0x00000000ff600000|100%| E|CS|TAMS 0x00000000ff500000, 0x00000000ff600000| Complete 
|  54|0x00000000ff600000, 0x00000000ff700000, 0x00000000ff700000|100%| E|CS|TAMS 0x00000000ff600000, 0x00000000ff700000| Complete 
|  55|0x00000000ff700000, 0x00000000ff800000, 0x00000000ff800000|100%| E|CS|TAMS 0x00000000ff700000, 0x00000000ff800000| Complete 
|  56|0x00000000ff800000, 0x00000000ff900000, 0x00000000ff900000|100%| E|CS|TAMS 0x00000000ff800000, 0x00000000ff900000| Complete 
|  57|0x00000000ff900000, 0x00000000ffa00000, 0x00000000ffa00000|100%| E|CS|TAMS 0x00000000ff900000, 0x00000000ffa00000| Complete 
|  58|0x00000000ffa00000, 0x00000000ffb00000, 0x00000000ffb00000|100%| E|CS|TAMS 0x00000000ffa00000, 0x00000000ffb00000| Complete 
|  59|0x00000000ffb00000, 0x00000000ffc00000, 0x00000000ffc00000|100%| E|CS|TAMS 0x00000000ffb00000, 0x00000000ffc00000| Complete 
|  60|0x00000000ffc00000, 0x00000000ffd00000, 0x00000000ffd00000|100%| E|CS|TAMS 0x00000000ffc00000, 0x00000000ffd00000| Complete 
|  61|0x00000000ffd00000, 0x00000000ffe00000, 0x00000000ffe00000|100%| E|CS|TAMS 0x00000000ffd00000, 0x00000000ffe00000| Complete 
|  62|0x00000000ffe00000, 0x00000000fff00000, 0x00000000fff00000|100%| E|CS|TAMS 0x00000000ffe00000, 0x00000000fff00000| Complete 
|  63|0x00000000fff00000, 0x0000000100000000, 0x0000000100000000|100%| E|CS|TAMS 0x00000000fff00000, 0x0000000100000000| Complete 

Card table byte_map: [0x000002bf568e0000,0x000002bf56900000] _byte_map_base: 0x000002bf56100000

Marking Bits (Prev, Next): (CMBitMap*) 0x000002bf569f22e8, (CMBitMap*) 0x000002bf569f2320
 Prev Bits: [0x000002bf6e480000, 0x000002bf6e580000)
 Next Bits: [0x000002bf6e580000, 0x000002bf6e680000)

Polling page: 0x000002bf549a0000

Metaspace:

Usage:
  Non-class:     12.21 MB capacity,    12.06 MB ( 99%) used,   134.16 KB (  1%) free+waste,    19.13 KB ( <1%) overhead. 
      Class:      1.63 MB capacity,     1.54 MB ( 95%) used,    80.96 KB (  5%) free+waste,     9.50 KB ( <1%) overhead. 
       Both:     13.84 MB capacity,    13.60 MB ( 98%) used,   215.12 KB (  2%) free+waste,    28.63 KB ( <1%) overhead. 

Virtual space:
  Non-class space:       20.00 MB reserved,      12.25 MB ( 61%) committed 
      Class space:        1.00 GB reserved,       1.75 MB ( <1%) committed 
             Both:        1.02 GB reserved,      14.00 MB (  1%) committed 

Chunk freelists:
   Non-Class:  40.00 KB
       Class:  0 bytes
        Both:  40.00 KB

MaxMetaspaceSize: 17179869184.00 GB
CompressedClassSpaceSize: 1.00 GB
Initial GC threshold: 20.80 MB
Current GC threshold: 20.80 MB
CDS: off

CodeHeap 'non-profiled nmethods': size=120000Kb used=468Kb max_used=468Kb free=119531Kb
 bounds [0x000002bf66c10000, 0x000002bf66e80000, 0x000002bf6e140000]
CodeHeap 'profiled nmethods': size=120000Kb used=2185Kb max_used=2185Kb free=117814Kb
 bounds [0x000002bf5f6e0000, 0x000002bf5f950000, 0x000002bf66c10000]
CodeHeap 'non-nmethods': size=5760Kb used=1140Kb max_used=1152Kb free=4619Kb
 bounds [0x000002bf5f140000, 0x000002bf5f3b0000, 0x000002bf5f6e0000]
 total_blobs=1548 nmethods=1151 adapters=310
 compilation: enabled
              stopped_count=0, restarted_count=0
 full_count=0

Compilation events (20 events):
Event: 31.507 Thread 0x000002bf710fd000 nmethod 1145 0x000002bf66c84790 code [0x000002bf66c84940, 0x000002bf66c849d8]
Event: 31.507 Thread 0x000002bf710fd000 1146       1       org.gradle.internal.logging.events.UpdateNowEvent::getLogLevel (2 bytes)
Event: 31.507 Thread 0x000002bf710fd000 nmethod 1146 0x000002bf66c84a90 code [0x000002bf66c84c40, 0x000002bf66c84cf8]
Event: 31.507 Thread 0x000002bf710fd000 1147       1       org.gradle.internal.logging.events.UpdateNowEvent::getTimestamp (5 bytes)
Event: 31.507 Thread 0x000002bf710fd000 nmethod 1147 0x000002bf66c84d90 code [0x000002bf66c84f40, 0x000002bf66c84ff8]
Event: 31.607 Thread 0x000002bf710fd000 1148       3       java.util.concurrent.locks.AbstractQueuedSynchronizer::isOnSyncQueue (33 bytes)
Event: 31.607 Thread 0x000002bf710fd000 nmethod 1148 0x000002bf5f900210 code [0x000002bf5f9003e0, 0x000002bf5f900738]
Event: 31.809 Thread 0x000002bf710fd000 1149       3       java.util.concurrent.locks.AbstractQueuedSynchronizer$Node::compareAndSetWaitStatus (10 bytes)
Event: 31.809 Thread 0x000002bf710fd000 nmethod 1149 0x000002bf5f900890 code [0x000002bf5f900aa0, 0x000002bf5f901018]
Event: 32.703 Thread 0x000002bf710fd000 1150       3       java.util.concurrent.atomic.AtomicLong::compareAndSet (13 bytes)
Event: 32.703 Thread 0x000002bf710fd000 nmethod 1150 0x000002bf5f901290 code [0x000002bf5f901440, 0x000002bf5f901558]
Event: 33.604 Thread 0x000002bf710fd000 1151       3       java.util.concurrent.ScheduledThreadPoolExecutor$ScheduledFutureTask::getDelay (16 bytes)
Event: 33.605 Thread 0x000002bf710fd000 nmethod 1151 0x000002bf5f901610 code [0x000002bf5f9017e0, 0x000002bf5f901968]
Event: 33.605 Thread 0x000002bf710fd000 1152       3       java.util.concurrent.TimeUnit::convert (77 bytes)
Event: 33.605 Thread 0x000002bf710fd000 nmethod 1152 0x000002bf5f901a10 code [0x000002bf5f901c20, 0x000002bf5f901f68]
Event: 34.701 Thread 0x000002bf710fd000 1153       3       java.util.concurrent.locks.ReentrantLock$Sync::tryRelease (45 bytes)
Event: 34.701 Thread 0x000002bf710fd000 nmethod 1153 0x000002bf5f902110 code [0x000002bf5f9022e0, 0x000002bf5f9025c8]
Event: 35.547 Thread 0x000002bf710fd000 1154       1       java.util.concurrent.atomic.AtomicReference::get (5 bytes)
Event: 35.547 Thread 0x000002bf710fd000 nmethod 1154 0x000002bf66c85090 code [0x000002bf66c85240, 0x000002bf66c852f8]
Event: 37.177 Thread 0x000002bf710eb800 1155       4       java.lang.String::startsWith (7 bytes)

GC Heap History (2 events):
Event: 18.153 GC heap before
{Heap before GC invocations=0 (full 0):
 garbage-first heap   total 65536K, used 26624K [0x00000000fc000000, 0x0000000100000000)
  region size 1024K, 24 young (24576K), 0 survivors (0K)
 Metaspace       used 10433K, capacity 10668K, committed 10880K, reserved 1058816K
  class space    used 1058K, capacity 1134K, committed 1152K, reserved 1048576K
}
Event: 18.165 GC heap after
{Heap after GC invocations=1 (full 0):
 garbage-first heap   total 65536K, used 9121K [0x00000000fc000000, 0x0000000100000000)
  region size 1024K, 3 young (3072K), 3 survivors (3072K)
 Metaspace       used 10433K, capacity 10668K, committed 10880K, reserved 1058816K
  class space    used 1058K, capacity 1134K, committed 1152K, reserved 1048576K
}

Deoptimization events (20 events):
Event: 17.471 Thread 0x000002bf569d2000 Uncommon trap: trap_request=0xffffff4d fr.pc=0x000002bf66c56344 relative=0x0000000000000204
Event: 17.471 Thread 0x000002bf569d2000 Uncommon trap: reason=unstable_if action=reinterpret pc=0x000002bf66c56344 method=java.util.HashMap.hash(Ljava/lang/Object;)I @ 1 c2
Event: 17.471 Thread 0x000002bf569d2000 DEOPT PACKING pc=0x000002bf66c56344 sp=0x000000e6b62fd000
Event: 17.471 Thread 0x000002bf569d2000 DEOPT UNPACKING pc=0x000002bf5f18a1af sp=0x000000e6b62fcf38 mode 2
Event: 20.137 Thread 0x000002bf569d2000 DEOPT PACKING pc=0x000002bf5f7838ff sp=0x000000e6b62f8500
Event: 20.137 Thread 0x000002bf569d2000 DEOPT UNPACKING pc=0x000002bf5f18a95e sp=0x000000e6b62f7950 mode 0
Event: 21.153 Thread 0x000002bf569d2000 DEOPT PACKING pc=0x000002bf5f7d5530 sp=0x000000e6b62f8570
Event: 21.153 Thread 0x000002bf569d2000 DEOPT UNPACKING pc=0x000002bf5f18a95e sp=0x000000e6b62f7a88 mode 0
Event: 21.404 Thread 0x000002bf569d2000 Uncommon trap: trap_request=0xffffff4d fr.pc=0x000002bf66c70ff4 relative=0x00000000000001b4
Event: 21.405 Thread 0x000002bf569d2000 Uncommon trap: reason=unstable_if action=reinterpret pc=0x000002bf66c70ff4 method=java.util.HashMap.getNode(ILjava/lang/Object;)Ljava/util/HashMap$Node; @ 129 c2
Event: 21.405 Thread 0x000002bf569d2000 DEOPT PACKING pc=0x000002bf66c70ff4 sp=0x000000e6b62fa5c0
Event: 21.405 Thread 0x000002bf569d2000 DEOPT UNPACKING pc=0x000002bf5f18a1af sp=0x000000e6b62fa4c0 mode 2
Event: 21.405 Thread 0x000002bf569d2000 Uncommon trap: trap_request=0xffffffc6 fr.pc=0x000002bf66c4c3a0 relative=0x0000000000000f80
Event: 21.405 Thread 0x000002bf569d2000 Uncommon trap: reason=bimorphic_or_optimized_type_check action=maybe_recompile pc=0x000002bf66c4c3a0 method=java.util.HashMap.putVal(ILjava/lang/Object;Ljava/lang/Object;ZZ)Ljava/lang/Object; @ 203 c2
Event: 21.405 Thread 0x000002bf569d2000 DEOPT PACKING pc=0x000002bf66c4c3a0 sp=0x000000e6b62fa530
Event: 21.405 Thread 0x000002bf569d2000 DEOPT UNPACKING pc=0x000002bf5f18a1af sp=0x000000e6b62fa4c0 mode 2
Event: 27.562 Thread 0x000002bf569d2000 Uncommon trap: trap_request=0xffffff4d fr.pc=0x000002bf66c6dab4 relative=0x0000000000001a54
Event: 27.562 Thread 0x000002bf569d2000 Uncommon trap: reason=unstable_if action=reinterpret pc=0x000002bf66c6dab4 method=java.io.WinNTFileSystem.normalize(Ljava/lang/String;)Ljava/lang/String; @ 128 c2
Event: 27.562 Thread 0x000002bf569d2000 DEOPT PACKING pc=0x000002bf66c6dab4 sp=0x000000e6b62fa060
Event: 27.562 Thread 0x000002bf569d2000 DEOPT UNPACKING pc=0x000002bf5f18a1af sp=0x000000e6b62fa038 mode 2

Classes redefined (0 events):
No events

Internal exceptions (11 events):
Event: 2.195 Thread 0x000002bf569d2000 Exception <a 'java/lang/NoSuchMethodError'{0x00000000ffc61368}: 'int java.lang.invoke.DirectMethodHandle$Holder.invokeStaticInit(java.lang.Object, java.lang.Object)'> (0x00000000ffc61368) thrown at [s\src\hotspot\share\interpreter\linkResolver.cpp, line 773]
Event: 2.473 Thread 0x000002bf569d2000 Exception <a 'java/lang/NoSuchMethodError'{0x00000000ffb33fd8}: 'int java.lang.invoke.DirectMethodHandle$Holder.invokeSpecial(java.lang.Object, java.lang.Object, java.lang.Object, java.lang.Object)'> (0x00000000ffb33fd8) thrown at [s\src\hotspot\share\interpreter\linkResolver.cpp, line 773]
Event: 2.490 Thread 0x000002bf569d2000 Exception <a 'java/lang/NoSuchMethodError'{0x00000000ffb6bbb8}: 'int java.lang.invoke.DirectMethodHandle$Holder.invokeSpecialIFC(java.lang.Object, java.lang.Object, int)'> (0x00000000ffb6bbb8) thrown at [s\src\hotspot\share\interpreter\linkResolver.cpp, line 773]
Event: 17.471 Thread 0x000002bf569d2000 Implicit null exception at 0x000002bf66c56175 to 0x000002bf66c56334
Event: 17.820 Thread 0x000002bf569d2000 Exception <a 'java/lang/NoClassDefFoundError'{0x00000000fe9df458}: org/slf4j/impl/StaticMarkerBinder> (0x00000000fe9df458) thrown at [s\src\hotspot\share\classfile\systemDictionary.cpp, line 219]
Event: 18.140 Thread 0x000002bf569d2000 Exception <a 'java/lang/NoSuchMethodError'{0x00000000fe8de850}: 'java.lang.Object java.lang.invoke.DirectMethodHandle$Holder.invokeVirtual(java.lang.Object, java.lang.Object, java.lang.Object, java.lang.Object, java.lang.Object, java.lang.Object, java.lang.Object)'> (0x00000000fe8de850) thrown at [s\src\hotspot\share\interpreter\linkResolver.cpp, line 773]
Event: 18.148 Thread 0x000002bf569d2000 Exception <a 'java/lang/NoSuchMethodError'{0x00000000fe8f29d0}: 'java.lang.Object java.lang.invoke.Invokers$Holder.invoker(java.lang.Object, java.lang.Object, java.lang.Object)'> (0x00000000fe8f29d0) thrown at [s\src\hotspot\share\interpreter\linkResolver.cpp, line 773]
Event: 18.209 Thread 0x000002bf569d2000 Exception <a 'java/lang/NoSuchMethodError'{0x00000000fff03d98}: 'void java.lang.invoke.DelegatingMethodHandle$Holder.delegate(java.lang.Object, java.lang.Object, int, java.lang.Object)'> (0x00000000fff03d98) thrown at [s\src\hotspot\share\interpreter\linkResolver.cpp, line 773]
Event: 19.968 Thread 0x000002bf569d2000 Exception <a 'java/lang/NoSuchMethodError'{0x00000000ff63e0b8}: 'java.lang.Object java.lang.invoke.DirectMethodHandle$Holder.invokeStaticInit(java.lang.Object, java.lang.Object, java.lang.Object)'> (0x00000000ff63e0b8) thrown at [s\src\hotspot\share\interpreter\linkResolver.cpp, line 773]
Event: 21.452 Thread 0x000002bf569d2000 Exception <a 'java/lang/NoSuchMethodError'{0x00000000ff145c90}: 'java.lang.Object java.lang.invoke.DirectMethodHandle$Holder.invokeStaticInit(java.lang.Object, int, int, int, int)'> (0x00000000ff145c90) thrown at [s\src\hotspot\share\interpreter\linkResolver.cpp, line 773]
Event: 27.583 Thread 0x000002bf569d2000 Exception <a 'java/lang/NoSuchMethodError'{0x00000000ff1c2888}: 'java.lang.Object java.lang.invoke.DirectMethodHandle$Holder.invokeStaticInit(java.lang.Object, java.lang.Object, int, int, int, int)'> (0x00000000ff1c2888) thrown at [s\src\hotspot\share\interpreter\linkResolver.cpp, line 773]

Events (20 events):
Event: 28.383 loading class org/gradle/cache/internal/SimpleStateCache$1
Event: 28.383 loading class org/gradle/cache/internal/SimpleStateCache$1 done
Event: 28.384 loading class org/gradle/cache/FileLockManager$LockMode
Event: 28.384 loading class org/gradle/cache/FileLockManager$LockMode done
Event: 28.384 loading class org/gradle/cache/internal/filelock/LockOptionsBuilder
Event: 28.384 loading class org/gradle/cache/internal/filelock/LockOptionsBuilder done
Event: 28.386 loading class org/gradle/cache/internal/locklistener/FileLockCommunicator
Event: 28.386 loading class org/gradle/cache/internal/locklistener/FileLockCommunicator done
Event: 28.387 loading class org/gradle/cache/internal/locklistener/GracefullyStoppedException
Event: 28.387 loading class org/gradle/cache/internal/locklistener/GracefullyStoppedException done
Event: 28.387 loading class java/net/DatagramSocket
Event: 28.388 loading class java/net/DatagramSocket done
Event: 28.388 loading class org/gradle/internal/remote/internal/inet/InetAddresses
Event: 28.388 loading class org/gradle/internal/remote/internal/inet/InetAddresses done
Event: 37.176 loading class java/net/Inet4AddressImpl
Event: 37.176 loading class java/net/Inet4AddressImpl done
Event: 37.176 loading class java/net/InetSocketAddress$InetSocketAddressHolder
Event: 37.177 loading class java/net/InetSocketAddress$InetSocketAddressHolder done
Event: 37.177 loading class java/lang/ProcessEnvironment$CheckedKeySet
Event: 37.177 loading class java/lang/ProcessEnvironment$CheckedKeySet done


Dynamic libraries:
0x00007ff7060c0000 - 0x00007ff7060cd000 	C:\Program Files\Microsoft\jdk-11.0.20.8-hotspot\bin\java.exe
0x00007fff72a50000 - 0x00007fff72c67000 	C:\WINDOWS\SYSTEM32\ntdll.dll
0x00007fff71f20000 - 0x00007fff71fe4000 	C:\WINDOWS\System32\KERNEL32.DLL
0x00007fff70180000 - 0x00007fff7052c000 	C:\WINDOWS\System32\KERNELBASE.dll
0x00007fff70670000 - 0x00007fff70781000 	C:\WINDOWS\System32\ucrtbase.dll
0x00007ffedc370000 - 0x00007ffedc387000 	C:\Program Files\Microsoft\jdk-11.0.20.8-hotspot\bin\jli.dll
0x00007fff70950000 - 0x00007fff70afe000 	C:\WINDOWS\System32\USER32.dll
0x00007fff70530000 - 0x00007fff70556000 	C:\WINDOWS\System32\win32u.dll
0x00007fff72520000 - 0x00007fff72549000 	C:\WINDOWS\System32\GDI32.dll
0x00007fff6fd80000 - 0x00007fff6fe99000 	C:\WINDOWS\System32\gdi32full.dll
0x00007fff705d0000 - 0x00007fff7066a000 	C:\WINDOWS\System32\msvcp_win.dll
0x00007ffedc390000 - 0x00007ffedc3a5000 	C:\Program Files\Microsoft\jdk-11.0.20.8-hotspot\bin\VCRUNTIME140.dll
0x00007fff5ade0000 - 0x00007fff5b073000 	C:\WINDOWS\WinSxS\amd64_microsoft.windows.common-controls_6595b64144ccf1df_6.0.22621.3672_none_2713b9d173822955\COMCTL32.dll
0x00007fff71e70000 - 0x00007fff71f17000 	C:\WINDOWS\System32\msvcrt.dll
0x00007fff722c0000 - 0x00007fff722f1000 	C:\WINDOWS\System32\IMM32.DLL
0x00007ffedb330000 - 0x00007ffedb3cb000 	C:\Program Files\Microsoft\jdk-11.0.20.8-hotspot\bin\msvcp140.dll
0x00007ffeb2e40000 - 0x00007ffeb39d6000 	C:\Program Files\Microsoft\jdk-11.0.20.8-hotspot\bin\server\jvm.dll
0x00007fff71a10000 - 0x00007fff71ac2000 	C:\WINDOWS\System32\ADVAPI32.dll
0x00007fff72210000 - 0x00007fff722ba000 	C:\WINDOWS\System32\sechost.dll
0x00007fff6fea0000 - 0x00007fff6fec8000 	C:\WINDOWS\System32\bcrypt.dll
0x00007fff728f0000 - 0x00007fff72a05000 	C:\WINDOWS\System32\RPCRT4.dll
0x00007fff71ad0000 - 0x00007fff71ad8000 	C:\WINDOWS\System32\PSAPI.DLL
0x00007fff2fca0000 - 0x00007fff2fca9000 	C:\WINDOWS\SYSTEM32\WSOCK32.dll
0x00007fff71910000 - 0x00007fff71981000 	C:\WINDOWS\System32\WS2_32.dll
0x00007fff69bf0000 - 0x00007fff69c24000 	C:\WINDOWS\SYSTEM32\WINMM.dll
0x00007fff68160000 - 0x00007fff6816a000 	C:\WINDOWS\SYSTEM32\VERSION.dll
0x00007fff6ed70000 - 0x00007fff6ed88000 	C:\WINDOWS\SYSTEM32\kernel.appcore.dll
0x00007fff2fc10000 - 0x00007fff2fc20000 	C:\Program Files\Microsoft\jdk-11.0.20.8-hotspot\bin\verify.dll
0x00007fff6cef0000 - 0x00007fff6d122000 	C:\WINDOWS\SYSTEM32\DBGHELP.DLL
0x00007fff71ae0000 - 0x00007fff71e68000 	C:\WINDOWS\System32\combase.dll
0x00007fff72550000 - 0x00007fff72627000 	C:\WINDOWS\System32\OLEAUT32.dll
0x00007fff5ada0000 - 0x00007fff5add2000 	C:\WINDOWS\SYSTEM32\dbgcore.DLL
0x00007fff6fed0000 - 0x00007fff6ff4b000 	C:\WINDOWS\System32\bcryptPrimitives.dll
0x00007ffedbfe0000 - 0x00007ffedc008000 	C:\Program Files\Microsoft\jdk-11.0.20.8-hotspot\bin\java.dll
0x00007fff2dea0000 - 0x00007fff2deaa000 	C:\Program Files\Microsoft\jdk-11.0.20.8-hotspot\bin\jimage.dll
0x00007ffedc350000 - 0x00007ffedc368000 	C:\Program Files\Microsoft\jdk-11.0.20.8-hotspot\bin\zip.dll
0x00007fff70b10000 - 0x00007fff7136c000 	C:\WINDOWS\System32\SHELL32.dll
0x00007fff6dc80000 - 0x00007fff6e577000 	C:\WINDOWS\SYSTEM32\windows.storage.dll
0x00007fff6db40000 - 0x00007fff6dc7f000 	C:\WINDOWS\SYSTEM32\wintypes.dll
0x00007fff72370000 - 0x00007fff72464000 	C:\WINDOWS\System32\SHCORE.dll
0x00007fff72300000 - 0x00007fff7235e000 	C:\WINDOWS\System32\shlwapi.dll
0x00007fff6fcb0000 - 0x00007fff6fcd1000 	C:\WINDOWS\SYSTEM32\profapi.dll
0x00007ffedbfc0000 - 0x00007ffedbfd9000 	C:\Program Files\Microsoft\jdk-11.0.20.8-hotspot\bin\net.dll
0x00007fff6b3c0000 - 0x00007fff6b4f6000 	C:\WINDOWS\SYSTEM32\WINHTTP.dll
0x00007fff6f1d0000 - 0x00007fff6f239000 	C:\WINDOWS\system32\mswsock.dll
0x00007ffedbfa0000 - 0x00007ffedbfb3000 	C:\Program Files\Microsoft\jdk-11.0.20.8-hotspot\bin\nio.dll
0x00007ffee90d0000 - 0x00007ffee90f7000 	C:\Users\Haseeb\.gradle\native\68d5fa5c4cc2d200863cafc0d521ce42e7d3e7ee720ec0a83991735586a16f82\windows-amd64\native-platform.dll
0x00007fff333c0000 - 0x00007fff333c9000 	C:\Program Files\Microsoft\jdk-11.0.20.8-hotspot\bin\management.dll
0x00007fff27540000 - 0x00007fff2754b000 	C:\Program Files\Microsoft\jdk-11.0.20.8-hotspot\bin\management_ext.dll
0x00007fff6f520000 - 0x00007fff6f53b000 	C:\WINDOWS\SYSTEM32\CRYPTSP.dll
0x00007fff6ecd0000 - 0x00007fff6ed05000 	C:\WINDOWS\system32\rsaenh.dll
0x00007fff6f270000 - 0x00007fff6f298000 	C:\WINDOWS\SYSTEM32\USERENV.dll
0x00007fff6f500000 - 0x00007fff6f50c000 	C:\WINDOWS\SYSTEM32\CRYPTBASE.dll
0x00007fff6e7e0000 - 0x00007fff6e80d000 	C:\WINDOWS\SYSTEM32\IPHLPAPI.DLL
0x00007fff71ff0000 - 0x00007fff71ff9000 	C:\WINDOWS\System32\NSI.dll
0x00007fff6b380000 - 0x00007fff6b399000 	C:\WINDOWS\SYSTEM32\dhcpcsvc6.DLL
0x00007fff6b360000 - 0x00007fff6b37f000 	C:\WINDOWS\SYSTEM32\dhcpcsvc.DLL
0x00007fff6e850000 - 0x00007fff6e948000 	C:\WINDOWS\SYSTEM32\DNSAPI.dll

dbghelp: loaded successfully - version: 4.0.5 - missing functions: none
symbol engine: initialized successfully - sym options: 0x614 - pdb path: .;C:\Program Files\Microsoft\jdk-11.0.20.8-hotspot\bin;C:\WINDOWS\SYSTEM32;C:\WINDOWS\WinSxS\amd64_microsoft.windows.common-controls_6595b64144ccf1df_6.0.22621.3672_none_2713b9d173822955;C:\Program Files\Microsoft\jdk-11.0.20.8-hotspot\bin\server;C:\Users\Haseeb\.gradle\native\68d5fa5c4cc2d200863cafc0d521ce42e7d3e7ee720ec0a83991735586a16f82\windows-amd64

VM Arguments:
jvm_args: -Xmx64m -Xms64m -Dorg.gradle.appname=gradlew 
java_command: org.gradle.wrapper.GradleWrapperMain app:installDebug -PreactNativeDevServerPort=8081
java_class_path (initial): D:\olympic_analysir\olympic_data_analysir\android\\gradle\wrapper\gradle-wrapper.jar
Launcher Type: SUN_STANDARD

[Global flags]
     intx CICompilerCount                          = 4                                         {product} {ergonomic}
     uint ConcGCThreads                            = 2                                         {product} {ergonomic}
     uint G1ConcRefinementThreads                  = 8                                         {product} {ergonomic}
   size_t G1HeapRegionSize                         = 1048576                                   {product} {ergonomic}
    uintx GCDrainStackTargetSize                   = 64                                        {product} {ergonomic}
   size_t InitialHeapSize                          = 67108864                                  {product} {command line}
   size_t MarkStackSize                            = 4194304                                   {product} {ergonomic}
   size_t MaxHeapSize                              = 67108864                                  {product} {command line}
   size_t MaxNewSize                               = 39845888                                  {product} {ergonomic}
   size_t MinHeapDeltaBytes                        = 1048576                                   {product} {ergonomic}
    uintx NonNMethodCodeHeapSize                   = 5836300                                {pd product} {ergonomic}
    uintx NonProfiledCodeHeapSize                  = 122910970                              {pd product} {ergonomic}
    uintx ProfiledCodeHeapSize                     = 122910970                              {pd product} {ergonomic}
    uintx ReservedCodeCacheSize                    = 251658240                              {pd product} {ergonomic}
     bool SegmentedCodeCache                       = true                                      {product} {ergonomic}
     bool UseCompressedClassPointers               = true                                 {lp64_product} {ergonomic}
     bool UseCompressedOops                        = true                                 {lp64_product} {ergonomic}
     bool UseG1GC                                  = true                                      {product} {ergonomic}
     bool UseLargePagesIndividualAllocation        = false                                  {pd product} {ergonomic}

Logging:
Log output configuration:
 #0: stdout all=warning uptime,level,tags
 #1: stderr all=off uptime,level,tags

Environment Variables:
JAVA_HOME=C:\Program Files\Microsoft\jdk-11.0.20.8-hotspot\
CLASSPATH=D:\olympic_analysir\olympic_data_analysir\android\\gradle\wrapper\gradle-wrapper.jar
PATH=D:\olympic_analysir\olympic_data_analysir\node_modules\.bin;D:\olympic_analysir\olympic_data_analysir\node_modules\.bin;D:\olympic_analysir\node_modules\.bin;D:\node_modules\.bin;C:\Users\Haseeb\AppData\Roaming\npm\node_modules\npm\node_modules\@npmcli\run-script\lib\node-gyp-bin;D:\olympic_analysir\olympic_data_analysir\node_modules\.bin;D:\olympic_analysir\olympic_data_analysir\node_modules\.bin;D:\olympic_analysir\node_modules\.bin;D:\node_modules\.bin;C:\Users\Haseeb\AppData\Roaming\npm\node_modules\npm\node_modules\@npmcli\run-script\lib\node-gyp-bin;C:\Program Files\Common Files\Oracle\Java\javapath;C:\Program Files\Microsoft\jdk-11.0.20.8-hotspot\bin;C:\WINDOWS\system32;C:\WINDOWS;C:\WINDOWS\System32\Wbem;C:\WINDOWS\System32\WindowsPowerShell\v1.0\;C:\WINDOWS\System32\OpenSSH\;C:\Program Files\nodejs\;C:\ProgramData\chocolatey\bin;C:\Users\Haseeb\AppData\Local\Android\Sdk\platform-tools;C:\Users\Haseeb\AppData\Local\Programs\Python\Python312;C:\Users\Haseeb\AppData\Local\Programs\Python\Python312\Scripts;C:\Users\Haseeb\AppData\Local\Programs\Python\Launcher\;C:\Users\Haseeb\AppData\Local\Microsoft\WindowsApps;C:\Users\Haseeb\AppData\Roaming\npm;C:\flutter\bin;C:\Program Files\Java\jdk-22\bin;C:\Program Files\Git\bin;C:\Users\Haseeb\AppData\Local\Programs\Microsoft VS Code\bin
USERNAME=Haseeb
LANG=en_US.UTF-8
OS=Windows_NT
PROCESSOR_IDENTIFIER=Intel64 Family 6 Model 142 Stepping 12, GenuineIntel
TMP=C:\Users\Haseeb\AppData\Local\Temp
TEMP=C:\Users\Haseeb\AppData\Local\Temp



---------------  S Y S T E M  ---------------

OS: Windows 11 , 64 bit Build 22621 (10.0.22621.3672)
OS uptime: 5 days 4:26 hours
Hyper-V role detected

CPU:total 8 (initial active 8) (4 cores per cpu, 2 threads per core) family 6 model 142 stepping 12 microcode 0xf4, cmov, cx8, fxsr, mmx, sse, sse2, sse3, ssse3, sse4.1, sse4.2, popcnt, avx, avx2, aes, clmul, erms, 3dnowpref, lzcnt, ht, tsc, tscinvbit, bmi1, bmi2, adx, fma

Memory: 4k page, system-wide physical 16050M (143M free)
TotalPageFile size 28726M (AvailPageFile size 0M)
current process WorkingSet (physical memory assigned to process): 86M, peak: 86M
current process commit charge ("private bytes"): 156M, peak: 160M

vm_info: OpenJDK 64-Bit Server VM (11.0.20+8-LTS) for windows-amd64 JRE (11.0.20+8-LTS), built on Jul  7 2023 17:05:21 by "MicrosoftCorporation" with MS VC++ 15.9 (VS2017)

END.
