#
# There is insufficient memory for the Java Runtime Environment to continue.
# Native memory allocation (malloc) failed to allocate 32744 bytes for ChunkPool::allocate
# Possible reasons:
#   The system is out of physical RAM or swap space
#   The process is running with CompressedOops enabled, and the Java Heap may be blocking the growth of the native heap
# Possible solutions:
#   Reduce memory load on the system
#   Increase physical memory or swap space
#   Check if swap backing store is full
#   Decrease Java heap size (-Xmx/-Xms)
#   Decrease number of Java threads
#   Decrease Java thread stack sizes (-Xss)
#   Set larger code cache with -XX:ReservedCodeCacheSize=
#
#  
#
# 
]
V  [jvm.dll+0x7bc4e9]
V  [jvm.dll+0x7bdbd8]
V  [jvm.dll+0x7be2b3]
V  [jvm.dll+0x2505a8]
V  [jvm.dll+0xc289b]
V  [jvm.dll+0xc2bfc]
V  [jvm.dll+0x144310]
V  [jvm.dll+0x1629bb]
V  [jvm.dll+0x168e6c]
V  [jvm.dll+0x15687e]
V  [jvm.dll+0x142d30]
V  [jvm.dll+0x12b129]
V  [jvm.dll+0x12aa2f]
V  [jvm.dll+0x12ac5f]
V  [jvm.dll+0x129f04]
V  [jvm.dll+0x12be17]
V  [jvm.dll+0x2181ec]
V  [jvm.dll+0x21642b]
V  [jvm.dll+0x77efc0]
V  [jvm.dll+0x777db4]
V  [jvm.dll+0x62d845]
C  [ucrtbase.dll+0x29333]
C  [KERNEL32.DLL+0x1257d]
C  [ntdll.dll+0x5af28]


---------------  P R O C E S S  ---------------

Threads class SMR info:
_java_thread_list=0x0000025aaea516b0, length=13, elements={
0x0000025a92724000, 0x0000025aacdcb800, 0x0000025aacdd7000, 0x0000025aacde9000,
0x0000025aacdea000, 0x0000025aacdeb800, 0x0000025aacdec800, 0x0000025aad7a0800,
0x0000025aad7a2800, 0x0000025aad896800, 0x0000025aad85f000, 0x0000025aada0a000,
0x0000025aaddd5000
}

Java Threads: ( => current thread )
  0x0000025a92724000 JavaThread "main" [_thread_blocked, id=21544, stack(0x000000b5bfb00000,0x000000b5bfc00000)]
  0x0000025aacdcb800 JavaThread "Reference Handler" daemon [_thread_blocked, id=25448, stack(0x000000b5c0200000,0x000000b5c0300000)]
  0x0000025aacdd7000 JavaThread "Finalizer" daemon [_thread_blocked, id=25528, stack(0x000000b5c0300000,0x000000b5c0400000)]
  0x0000025aacde9000 JavaThread "Signal Dispatcher" daemon [_thread_blocked, id=11132, stack(0x000000b5c0400000,0x000000b5c0500000)]
  0x0000025aacdea000 JavaThread "Attach Listener" daemon [_thread_blocked, id=3760, stack(0x000000b5c0500000,0x000000b5c0600000)]
  0x0000025aacdeb800 JavaThread "Service Thread" daemon [_thread_blocked, id=16940, stack(0x000000b5c0600000,0x000000b5c0700000)]
  0x0000025aacdec800 JavaThread "C2 CompilerThread0" daemon [_thread_blocked, id=8748, stack(0x000000b5c0700000,0x000000b5c0800000)]
=>0x0000025aad7a0800 JavaThread "C1 CompilerThread0" daemon [_thread_in_native, id=21336, stack(0x000000b5c0800000,0x000000b5c0900000)]
  0x0000025aad7a2800 JavaThread "Sweeper thread" daemon [_thread_blocked, id=21340, stack(0x000000b5c0900000,0x000000b5c0a00000)]
  0x0000025aad896800 JavaThread "Common-Cleaner" daemon [_thread_blocked, id=22620, stack(0x000000b5c0b00000,0x000000b5c0c00000)]
  0x0000025aad85f000 JavaThread "pool-1-thread-1" [_thread_blocked, id=15752, stack(0x000000b5c0c00000,0x000000b5c0d00000)]
  0x0000025aada0a000 JavaThread "Exec process" [_thread_in_native, id=26476, stack(0x000000b5c0e00000,0x000000b5c0f00000)]
  0x0000025aaddd5000 JavaThread "Exec process Thread 2" [_thread_blocked, id=26500, stack(0x000000b5c1000000,0x000000b5c1100000)]

Other Threads:
  0x0000025aacda3000 VMThread "VM Thread" [stack: 0x000000b5c0100000,0x000000b5c0200000] [id=18616]
  0x0000025aad875000 WatcherThread [stack: 0x000000b5c0a00000,0x000000b5c0b00000] [id=20912]
  0x0000025a9273f000 GCTaskThread "GC Thread#0" [stack: 0x000000b5bfc00000,0x000000b5bfd00000] [id=18556]
  0x0000025aaec27000 GCTaskThread "GC Thread#1" [stack: 0x000000b5c0d00000,0x000000b5c0e00000] [id=24036]
  0x0000025a92745000 ConcurrentGCThread "G1 Main Marker" [stack: 0x000000b5bfd00000,0x000000b5bfe00000] [id=11572]
  0x0000025a92747000 ConcurrentGCThread "G1 Conc#0" [stack: 0x000000b5bfe00000,0x000000b5bff00000] [id=17324]
  0x0000025a927ae000 ConcurrentGCThread "G1 Refine#0" [stack: 0x000000b5bff00000,0x000000b5c0000000] [id=8604]
  0x0000025a927af000 ConcurrentGCThread "G1 Young RemSet Sampling" [stack: 0x000000b5c0000000,0x000000b5c0100000] [id=17164]

Threads with active compile tasks:
C1 CompilerThread0    48997 1331       3       java.util.concurrent.locks.AbstractQueuedSynchronizer$ConditionObject::awaitNanos (181 bytes)

VM state:not at safepoint (normal execution)

VM Mutex/Monitor currently owned by a thread: None

Heap address: 0x00000000fc000000, size: 64 MB, Compressed Oops mode: 32-bit
Narrow klass base: 0x0000000000000000, Narrow klass shift: 3
Compressed class space size: 1073741824 Address: 0x0000000100000000

Heap:
 garbage-first heap   total 65536K, used 31622K [0x00000000fc000000, 0x0000000100000000)
  region size 1024K, 26 young (26624K), 3 survivors (3072K)
 Metaspace       used 15481K, capacity 15811K, committed 16000K, reserved 1062912K
  class space    used 1736K, capacity 1851K, committed 1920K, reserved 1048576K
Heap Regions: E=young(eden), S=young(survivor), O=old, HS=humongous(starts), HC=humongous(continues), CS=collection set, F=free, A=archive, TAMS=top-at-mark-start (previous, next)
|   0|0x00000000fc000000, 0x00000000fc100000, 0x00000000fc100000|100%|HS|  |TAMS 0x00000000fc000000, 0x00000000fc000000| Complete 
|   1|0x00000000fc100000, 0x00000000fc200000, 0x00000000fc200000|100%|HC|  |TAMS 0x00000000fc100000, 0x00000000fc100000| Complete 
|   2|0x00000000fc200000, 0x00000000fc300000, 0x00000000fc300000|100%|HC|  |TAMS 0x00000000fc200000, 0x00000000fc200000| Complete 
|   3|0x00000000fc300000, 0x00000000fc400000, 0x00000000fc400000|100%| O|  |TAMS 0x00000000fc300000, 0x00000000fc300000| Untracked 
|   4|0x00000000fc400000, 0x00000000fc500000, 0x00000000fc500000|100%| O|  |TAMS 0x00000000fc400000, 0x00000000fc400000| Untracked 
|   5|0x00000000fc500000, 0x00000000fc5e1800, 0x00000000fc600000| 88%| O|  |TAMS 0x00000000fc500000, 0x00000000fc500000| Untracked 
|   6|0x00000000fc600000, 0x00000000fc600000, 0x00000000fc700000|  0%| F|  |TAMS 0x00000000fc600000, 0x00000000fc600000| Untracked 
|   7|0x00000000fc700000, 0x00000000fc700000, 0x00000000fc800000|  0%| F|  |TAMS 0x00000000fc700000, 0x00000000fc700000| Untracked 
|   8|0x00000000fc800000, 0x00000000fc800000, 0x00000000fc900000|  0%| F|  |TAMS 0x00000000fc800000, 0x00000000fc800000| Untracked 
|   9|0x00000000fc900000, 0x00000000fc900000, 0x00000000fca00000|  0%| F|  |TAMS 0x00000000fc900000, 0x00000000fc900000| Untracked 
|  10|0x00000000fca00000, 0x00000000fca00000, 0x00000000fcb00000|  0%| F|  |TAMS 0x00000000fca00000, 0x00000000fca00000| Untracked 
|  11|0x00000000fcb00000, 0x00000000fcb00000, 0x00000000fcc00000|  0%| F|  |TAMS 0x00000000fcb00000, 0x00000000fcb00000| Untracked 
|  12|0x00000000fcc00000, 0x00000000fcc00000, 0x00000000fcd00000|  0%| F|  |TAMS 0x00000000fcc00000, 0x00000000fcc00000| Untracked 
|  13|0x00000000fcd00000, 0x00000000fcd00000, 0x00000000fce00000|  0%| F|  |TAMS 0x00000000fcd00000, 0x00000000fcd00000| Untracked 
|  14|0x00000000fce00000, 0x00000000fce00000, 0x00000000fcf00000|  0%| F|  |TAMS 0x00000000fce00000, 0x00000000fce00000| Untracked 
|  15|0x00000000fcf00000, 0x00000000fcf00000, 0x00000000fd000000|  0%| F|  |TAMS 0x00000000fcf00000, 0x00000000fcf00000| Untracked 
|  16|0x00000000fd000000, 0x00000000fd000000, 0x00000000fd100000|  0%| F|  |TAMS 0x00000000fd000000, 0x00000000fd000000| Untracked 
|  17|0x00000000fd100000, 0x00000000fd100000, 0x00000000fd200000|  0%| F|  |TAMS 0x00000000fd100000, 0x00000000fd100000| Untracked 
|  18|0x00000000fd200000, 0x00000000fd200000, 0x00000000fd300000|  0%| F|  |TAMS 0x00000000fd200000, 0x00000000fd200000| Untracked 
|  19|0x00000000fd300000, 0x00000000fd300000, 0x00000000fd400000|  0%| F|  |TAMS 0x00000000fd300000, 0x00000000fd300000| Untracked 
|  20|0x00000000fd400000, 0x00000000fd400000, 0x00000000fd500000|  0%| F|  |TAMS 0x00000000fd400000, 0x00000000fd400000| Untracked 
|  21|0x00000000fd500000, 0x00000000fd500000, 0x00000000fd600000|  0%| F|  |TAMS 0x00000000fd500000, 0x00000000fd500000| Untracked 
|  22|0x00000000fd600000, 0x00000000fd600000, 0x00000000fd700000|  0%| F|  |TAMS 0x00000000fd600000, 0x00000000fd600000| Untracked 
|  23|0x00000000fd700000, 0x00000000fd700000, 0x00000000fd800000|  0%| F|  |TAMS 0x00000000fd700000, 0x00000000fd700000| Untracked 
|  24|0x00000000fd800000, 0x00000000fd800000, 0x00000000fd900000|  0%| F|  |TAMS 0x00000000fd800000, 0x00000000fd800000| Untracked 
|  25|0x00000000fd900000, 0x00000000fd900000, 0x00000000fda00000|  0%| F|  |TAMS 0x00000000fd900000, 0x00000000fd900000| Untracked 
|  26|0x00000000fda00000, 0x00000000fda00000, 0x00000000fdb00000|  0%| F|  |TAMS 0x00000000fda00000, 0x00000000fda00000| Untracked 
|  27|0x00000000fdb00000, 0x00000000fdb00000, 0x00000000fdc00000|  0%| F|  |TAMS 0x00000000fdb00000, 0x00000000fdb00000| Untracked 
|  28|0x00000000fdc00000, 0x00000000fdc00000, 0x00000000fdd00000|  0%| F|  |TAMS 0x00000000fdc00000, 0x00000000fdc00000| Untracked 
|  29|0x00000000fdd00000, 0x00000000fdd00000, 0x00000000fde00000|  0%| F|  |TAMS 0x00000000fdd00000, 0x00000000fdd00000| Untracked 
|  30|0x00000000fde00000, 0x00000000fde00000, 0x00000000fdf00000|  0%| F|  |TAMS 0x00000000fde00000, 0x00000000fde00000| Untracked 
|  31|0x00000000fdf00000, 0x00000000fdf00000, 0x00000000fe000000|  0%| F|  |TAMS 0x00000000fdf00000, 0x00000000fdf00000| Untracked 
|  32|0x00000000fe000000, 0x00000000fe000000, 0x00000000fe100000|  0%| F|  |TAMS 0x00000000fe000000, 0x00000000fe000000| Untracked 
|  33|0x00000000fe100000, 0x00000000fe100000, 0x00000000fe200000|  0%| F|  |TAMS 0x00000000fe100000, 0x00000000fe100000| Untracked 
|  34|0x00000000fe200000, 0x00000000fe200000, 0x00000000fe300000|  0%| F|  |TAMS 0x00000000fe200000, 0x00000000fe200000| Untracked 
|  35|0x00000000fe300000, 0x00000000fe300000, 0x00000000fe400000|  0%| F|  |TAMS 0x00000000fe300000, 0x00000000fe300000| Untracked 
|  36|0x00000000fe400000, 0x00000000fe400000, 0x00000000fe500000|  0%| F|  |TAMS 0x00000000fe400000, 0x00000000fe400000| Untracked 
|  37|0x00000000fe500000, 0x00000000fe600000, 0x00000000fe600000|100%| S|CS|TAMS 0x00000000fe500000, 0x00000000fe500000| Complete 
|  38|0x00000000fe600000, 0x00000000fe700000, 0x00000000fe700000|100%| S|CS|TAMS 0x00000000fe600000, 0x00000000fe600000| Complete 
|  39|0x00000000fe700000, 0x00000000fe800000, 0x00000000fe800000|100%| S|CS|TAMS 0x00000000fe700000, 0x00000000fe700000| Complete 
|  40|0x00000000fe800000, 0x00000000fe800000, 0x00000000fe900000|  0%| F|  |TAMS 0x00000000fe800000, 0x00000000fe800000| Untracked 
|  41|0x00000000fe900000, 0x00000000fe9d1e10, 0x00000000fea00000| 81%| E|  |TAMS 0x00000000fe900000, 0x00000000fe900000| Complete 
|  42|0x00000000fea00000, 0x00000000feb00000, 0x00000000feb00000|100%| E|CS|TAMS 0x00000000fea00000, 0x00000000fea00000| Complete 
|  43|0x00000000feb00000, 0x00000000fec00000, 0x00000000fec00000|100%| E|CS|TAMS 0x00000000feb00000, 0x00000000feb00000| Complete 
|  44|0x00000000fec00000, 0x00000000fed00000, 0x00000000fed00000|100%| E|CS|TAMS 0x00000000fec00000, 0x00000000fec00000| Complete 
|  45|0x00000000fed00000, 0x00000000fee00000, 0x00000000fee00000|100%| E|CS|TAMS 0x00000000fed00000, 0x00000000fed00000| Complete 
|  46|0x00000000fee00000, 0x00000000fef00000, 0x00000000fef00000|100%| E|CS|TAMS 0x00000000fee00000, 0x00000000fee00000| Complete 
|  47|0x00000000fef00000, 0x00000000ff000000, 0x00000000ff000000|100%| E|CS|TAMS 0x00000000fef00000, 0x00000000fef00000| Complete 
|  48|0x00000000ff000000, 0x00000000ff100000, 0x00000000ff100000|100%| E|CS|TAMS 0x00000000ff000000, 0x00000000ff000000| Complete 
|  49|0x00000000ff100000, 0x00000000ff200000, 0x00000000ff200000|100%| E|CS|TAMS 0x00000000ff100000, 0x00000000ff100000| Complete 
|  50|0x00000000ff200000, 0x00000000ff300000, 0x00000000ff300000|100%| E|CS|TAMS 0x00000000ff200000, 0x00000000ff200000| Complete 
|  51|0x00000000ff300000, 0x00000000ff400000, 0x00000000ff400000|100%| E|CS|TAMS 0x00000000ff300000, 0x00000000ff300000| Complete 
|  52|0x00000000ff400000, 0x00000000ff500000, 0x00000000ff500000|100%| E|CS|TAMS 0x00000000ff400000, 0x00000000ff400000| Complete 
|  53|0x00000000ff500000, 0x00000000ff600000, 0x00000000ff600000|100%| E|CS|TAMS 0x00000000ff500000, 0x00000000ff500000| Complete 
|  54|0x00000000ff600000, 0x00000000ff700000, 0x00000000ff700000|100%| E|CS|TAMS 0x00000000ff600000, 0x00000000ff600000| Complete 
|  55|0x00000000ff700000, 0x00000000ff800000, 0x00000000ff800000|100%| E|CS|TAMS 0x00000000ff700000, 0x00000000ff700000| Complete 
|  56|0x00000000ff800000, 0x00000000ff900000, 0x00000000ff900000|100%| E|CS|TAMS 0x00000000ff800000, 0x00000000ff800000| Complete 
|  57|0x00000000ff900000, 0x00000000ffa00000, 0x00000000ffa00000|100%| E|CS|TAMS 0x00000000ff900000, 0x00000000ff900000| Complete 
|  58|0x00000000ffa00000, 0x00000000ffb00000, 0x00000000ffb00000|100%| E|CS|TAMS 0x00000000ffa00000, 0x00000000ffa00000| Complete 
|  59|0x00000000ffb00000, 0x00000000ffc00000, 0x00000000ffc00000|100%| E|CS|TAMS 0x00000000ffb00000, 0x00000000ffb00000| Complete 
|  60|0x00000000ffc00000, 0x00000000ffd00000, 0x00000000ffd00000|100%| E|CS|TAMS 0x00000000ffc00000, 0x00000000ffc00000| Complete 
|  61|0x00000000ffd00000, 0x00000000ffe00000, 0x00000000ffe00000|100%| E|CS|TAMS 0x00000000ffd00000, 0x00000000ffd00000| Complete 
|  62|0x00000000ffe00000, 0x00000000fff00000, 0x00000000fff00000|100%| E|CS|TAMS 0x00000000ffe00000, 0x00000000ffe00000| Complete 
|  63|0x00000000fff00000, 0x0000000100000000, 0x0000000100000000|100%| E|CS|TAMS 0x00000000fff00000, 0x00000000fff00000| Complete 

Card table byte_map: [0x0000025a92640000,0x0000025a92660000] _byte_map_base: 0x0000025a91e60000

Marking Bits (Prev, Next): (CMBitMap*) 0x0000025a92744058, (CMBitMap*) 0x0000025a92744090
 Prev Bits: [0x0000025aaa1c0000, 0x0000025aaa2c0000)
 Next Bits: [0x0000025aaa2c0000, 0x0000025aaa3c0000)

Polling page: 0x0000025a90700000

Metaspace:

Usage:
  Non-class:     13.63 MB capacity,    13.42 MB ( 98%) used,   192.23 KB (  1%) free+waste,    22.75 KB ( <1%) overhead. 
      Class:      1.81 MB capacity,     1.70 MB ( 94%) used,   103.69 KB (  6%) free+waste,    11.25 KB ( <1%) overhead. 
       Both:     15.44 MB capacity,    15.12 MB ( 98%) used,   295.91 KB (  2%) free+waste,    34.00 KB ( <1%) overhead. 

Virtual space:
  Non-class space:       14.00 MB reserved,      13.75 MB ( 98%) committed 
      Class space:        1.00 GB reserved,       1.88 MB ( <1%) committed 
             Both:        1.01 GB reserved,      15.63 MB (  2%) committed 

Chunk freelists:
   Non-Class:  56.00 KB
       Class:  5.00 KB
        Both:  61.00 KB

MaxMetaspaceSize: 17179869184.00 GB
CompressedClassSpaceSize: 1.00 GB
Initial GC threshold: 20.80 MB
Current GC threshold: 20.80 MB
CDS: off

CodeHeap 'non-profiled nmethods': size=120000Kb used=571Kb max_used=571Kb free=119429Kb
 bounds [0x0000025aa2960000, 0x0000025aa2bd0000, 0x0000025aa9e90000]
CodeHeap 'profiled nmethods': size=120000Kb used=2622Kb max_used=2622Kb free=117378Kb
 bounds [0x0000025a9b430000, 0x0000025a9b6c0000, 0x0000025aa2960000]
CodeHeap 'non-nmethods': size=5760Kb used=1158Kb max_used=1171Kb free=4602Kb
 bounds [0x0000025a9ae90000, 0x0000025a9b100000, 0x0000025a9b430000]
 total_blobs=1748 nmethods=1328 adapters=333
 compilation: enabled
              stopped_count=0, restarted_count=0
 full_count=0

Compilation events (20 events):
Event: 47.552 Thread 0x0000025aad7a0800 nmethod 1321 0x0000025a9b6b7690 code [0x0000025a9b6b7920, 0x0000025a9b6b8818]
Event: 47.656 Thread 0x0000025aad7a0800 1322       3       java.util.concurrent.ScheduledThreadPoolExecutor$DelayedWorkQueue::add (9 bytes)
Event: 47.656 Thread 0x0000025aad7a0800 nmethod 1322 0x0000025a9b6b8c90 code [0x0000025a9b6b8e60, 0x0000025a9b6b9128]
Event: 47.656 Thread 0x0000025aad7a0800 1323       3       java.util.concurrent.ScheduledThreadPoolExecutor$DelayedWorkQueue::add (6 bytes)
Event: 47.657 Thread 0x0000025aad7a0800 nmethod 1323 0x0000025a9b6b9210 code [0x0000025a9b6b93c0, 0x0000025a9b6b9508]
Event: 47.749 Thread 0x0000025aad7a0800 1324       3       java.util.concurrent.ScheduledThreadPoolExecutor$DelayedWorkQueue::finishPoll (43 bytes)
Event: 47.749 Thread 0x0000025aad7a0800 nmethod 1324 0x0000025a9b6b9590 code [0x0000025a9b6b9780, 0x0000025a9b6b9d28]
Event: 47.749 Thread 0x0000025aad7a0800 1325       3       java.util.concurrent.ScheduledThreadPoolExecutor$ScheduledFutureTask::run (57 bytes)
Event: 47.750 Thread 0x0000025aad7a0800 nmethod 1325 0x0000025a9b6b9f10 code [0x0000025a9b6ba140, 0x0000025a9b6ba578]
Event: 47.750 Thread 0x0000025aad7a0800 1326       3       org.gradle.internal.logging.events.UpdateNowEvent::<init> (10 bytes)
Event: 47.750 Thread 0x0000025aad7a0800 nmethod 1326 0x0000025a9b6ba710 code [0x0000025a9b6ba8c0, 0x0000025a9b6baa78]
Event: 48.543 Thread 0x0000025aad7a0800 1327       3       java.util.concurrent.locks.AbstractQueuedSynchronizer$Node::setPrevRelaxed (9 bytes)
Event: 48.544 Thread 0x0000025aad7a0800 nmethod 1327 0x0000025a9b6bab90 code [0x0000025a9b6bade0, 0x0000025a9b6bb5d8]
Event: 48.544 Thread 0x0000025aad7a0800 1328       3       java.util.concurrent.locks.AbstractQueuedSynchronizer::compareAndSetTail (10 bytes)
Event: 48.545 Thread 0x0000025aad7a0800 nmethod 1328 0x0000025a9b6bb890 code [0x0000025a9b6bbb20, 0x0000025a9b6bc5d8]
Event: 48.545 Thread 0x0000025aad7a0800 1329       3       java.util.concurrent.locks.AbstractQueuedSynchronizer$ConditionObject::addConditionWaiter (79 bytes)
Event: 48.547 Thread 0x0000025aad7a0800 nmethod 1329 0x0000025a9b6bc990 code [0x0000025a9b6bcc80, 0x0000025a9b6bdc48]
Event: 48.751 Thread 0x0000025aad7a0800 1330       3       java.util.concurrent.locks.AbstractQueuedSynchronizer::transferForSignal (45 bytes)
Event: 48.753 Thread 0x0000025aad7a0800 nmethod 1330 0x0000025a9b6be110 code [0x0000025a9b6be400, 0x0000025a9b6bf2b8]
Event: 48.954 Thread 0x0000025aad7a0800 1331       3       java.util.concurrent.locks.AbstractQueuedSynchronizer$ConditionObject::awaitNanos (181 bytes)

GC Heap History (2 events):
Event: 21.476 GC heap before
{Heap before GC invocations=0 (full 0):
 garbage-first heap   total 65536K, used 26624K [0x00000000fc000000, 0x0000000100000000)
  region size 1024K, 24 young (24576K), 0 survivors (0K)
 Metaspace       used 10306K, capacity 10478K, committed 10624K, reserved 1058816K
  class space    used 1043K, capacity 1129K, committed 1152K, reserved 1048576K
}
Event: 21.675 GC heap after
{Heap after GC invocations=1 (full 0):
 garbage-first heap   total 65536K, used 9094K [0x00000000fc000000, 0x0000000100000000)
  region size 1024K, 3 young (3072K), 3 survivors (3072K)
 Metaspace       used 10306K, capacity 10478K, committed 10624K, reserved 1058816K
  class space    used 1043K, capacity 1129K, committed 1152K, reserved 1048576K
}

Deoptimization events (20 events):
Event: 37.287 Thread 0x0000025a92724000 DEOPT PACKING pc=0x0000025a9b4dfbd1 sp=0x000000b5bfbfc590
Event: 37.287 Thread 0x0000025a92724000 DEOPT UNPACKING pc=0x0000025a9aeda95e sp=0x000000b5bfbfba58 mode 0
Event: 37.501 Thread 0x0000025a92724000 DEOPT PACKING pc=0x0000025a9b6521e8 sp=0x000000b5bfbfc2e0
Event: 37.501 Thread 0x0000025a92724000 DEOPT UNPACKING pc=0x0000025a9aeda95e sp=0x000000b5bfbfb7e8 mode 0
Event: 38.186 Thread 0x0000025aada0a000 Uncommon trap: trap_request=0xffffff4d fr.pc=0x0000025aa2995e3c relative=0x000000000000047c
Event: 38.186 Thread 0x0000025aada0a000 Uncommon trap: reason=unstable_if action=reinterpret pc=0x0000025aa2995e3c method=java.lang.AbstractStringBuilder.putStringAt(ILjava/lang/String;)V @ 8 c2
Event: 38.186 Thread 0x0000025aada0a000 DEOPT PACKING pc=0x0000025aa2995e3c sp=0x000000b5c0eff150
Event: 38.186 Thread 0x0000025aada0a000 DEOPT UNPACKING pc=0x0000025a9aeda1af sp=0x000000b5c0eff058 mode 2
Event: 38.186 Thread 0x0000025aada0a000 Uncommon trap: trap_request=0xffffff4d fr.pc=0x0000025aa29a5e94 relative=0x0000000000000454
Event: 38.186 Thread 0x0000025aada0a000 Uncommon trap: reason=unstable_if action=reinterpret pc=0x0000025aa29a5e94 method=java.lang.AbstractStringBuilder.putStringAt(ILjava/lang/String;)V @ 8 c2
Event: 38.186 Thread 0x0000025aada0a000 DEOPT PACKING pc=0x0000025aa29a5e94 sp=0x000000b5c0eff0e0
Event: 38.186 Thread 0x0000025aada0a000 DEOPT UNPACKING pc=0x0000025a9aeda1af sp=0x000000b5c0eff050 mode 2
Event: 38.186 Thread 0x0000025aada0a000 Uncommon trap: trap_request=0xffffff4d fr.pc=0x0000025aa299786c relative=0x00000000000000cc
Event: 38.186 Thread 0x0000025aada0a000 Uncommon trap: reason=unstable_if action=reinterpret pc=0x0000025aa299786c method=java.lang.String.getBytes([BIB)V @ 5 c2
Event: 38.186 Thread 0x0000025aada0a000 DEOPT PACKING pc=0x0000025aa299786c sp=0x000000b5c0eff000
Event: 38.186 Thread 0x0000025aada0a000 DEOPT UNPACKING pc=0x0000025a9aeda1af sp=0x000000b5c0efefc8 mode 2
Event: 38.186 Thread 0x0000025aada0a000 Uncommon trap: trap_request=0xffffff4d fr.pc=0x0000025aa29d8c40 relative=0x0000000000000380
Event: 38.186 Thread 0x0000025aada0a000 Uncommon trap: reason=unstable_if action=reinterpret pc=0x0000025aa29d8c40 method=java.lang.AbstractStringBuilder.isLatin1()Z @ 10 c2
Event: 38.186 Thread 0x0000025aada0a000 DEOPT PACKING pc=0x0000025aa29d8c40 sp=0x000000b5c0eff160
Event: 38.186 Thread 0x0000025aada0a000 DEOPT UNPACKING pc=0x0000025a9aeda1af sp=0x000000b5c0eff0e0 mode 2

Classes redefined (0 events):
No events

Internal exceptions (15 events):
Event: 4.757 Thread 0x0000025a92724000 Exception <a 'java/lang/NoSuchMethodError'{0x00000000ffcd26f0}: 'int java.lang.invoke.DirectMethodHandle$Holder.invokeStaticInit(java.lang.Object, java.lang.Object)'> (0x00000000ffcd26f0) thrown at [s\src\hotspot\share\interpreter\linkResolver.cpp, line 773]
Event: 5.467 Thread 0x0000025a92724000 Exception <a 'java/lang/NoSuchMethodError'{0x00000000ffba4c90}: 'int java.lang.invoke.DirectMethodHandle$Holder.invokeSpecial(java.lang.Object, java.lang.Object, java.lang.Object, java.lang.Object)'> (0x00000000ffba4c90) thrown at [s\src\hotspot\share\interpreter\linkResolver.cpp, line 773]
Event: 5.488 Thread 0x0000025a92724000 Exception <a 'java/lang/NoSuchMethodError'{0x00000000ffbdc870}: 'int java.lang.invoke.DirectMethodHandle$Holder.invokeSpecialIFC(java.lang.Object, java.lang.Object, int)'> (0x00000000ffbdc870) thrown at [s\src\hotspot\share\interpreter\linkResolver.cpp, line 773]
Event: 21.411 Thread 0x0000025a92724000 Exception <a 'java/lang/NoClassDefFoundError'{0x00000000fe84b448}: org/slf4j/impl/StaticMarkerBinder> (0x00000000fe84b448) thrown at [s\src\hotspot\share\classfile\systemDictionary.cpp, line 219]
Event: 21.718 Thread 0x0000025a92724000 Exception <a 'java/lang/NoSuchMethodError'{0x00000000fff48530}: 'java.lang.Object java.lang.invoke.DirectMethodHandle$Holder.invokeVirtual(java.lang.Object, java.lang.Object, java.lang.Object, java.lang.Object, java.lang.Object, java.lang.Object, java.lang.Object)'> (0x00000000fff48530) thrown at [s\src\hotspot\share\interpreter\linkResolver.cpp, line 773]
Event: 21.727 Thread 0x0000025a92724000 Exception <a 'java/lang/NoSuchMethodError'{0x00000000fff5c6b8}: 'java.lang.Object java.lang.invoke.Invokers$Holder.invoker(java.lang.Object, java.lang.Object, java.lang.Object)'> (0x00000000fff5c6b8) thrown at [s\src\hotspot\share\interpreter\linkResolver.cpp, line 773]
Event: 21.734 Thread 0x0000025a92724000 Exception <a 'java/lang/NoSuchMethodError'{0x00000000fff6d480}: 'void java.lang.invoke.DelegatingMethodHandle$Holder.delegate(java.lang.Object, java.lang.Object, int, java.lang.Object)'> (0x00000000fff6d480) thrown at [s\src\hotspot\share\interpreter\linkResolver.cpp, line 773]
Event: 23.026 Thread 0x0000025a92724000 Exception <a 'java/lang/NoSuchMethodError'{0x00000000ff66d790}: 'java.lang.Object java.lang.invoke.DirectMethodHandle$Holder.invokeStaticInit(java.lang.Object, java.lang.Object, java.lang.Object)'> (0x00000000ff66d790) thrown at [s\src\hotspot\share\interpreter\linkResolver.cpp, line 773]
Event: 23.603 Thread 0x0000025a92724000 Exception <a 'java/lang/NoSuchMethodError'{0x00000000ff164030}: 'java.lang.Object java.lang.invoke.DirectMethodHandle$Holder.invokeStaticInit(java.lang.Object, int, int, int, int)'> (0x00000000ff164030) thrown at [s\src\hotspot\share\interpreter\linkResolver.cpp, line 773]
Event: 27.916 Thread 0x0000025a92724000 Exception <a 'java/lang/NoSuchMethodError'{0x00000000ff1e09e8}: 'java.lang.Object java.lang.invoke.DirectMethodHandle$Holder.invokeStaticInit(java.lang.Object, java.lang.Object, int, int, int, int)'> (0x00000000ff1e09e8) thrown at [s\src\hotspot\share\interpreter\linkResolver.cpp, line 773]
Event: 37.895 Thread 0x0000025aada0a000 Exception <a 'java/lang/NoSuchMethodError'{0x00000000fea8e330}: 'void java.lang.invoke.DirectMethodHandle$Holder.invokeStatic(java.lang.Object, long)'> (0x00000000fea8e330) thrown at [s\src\hotspot\share\interpreter\linkResolver.cpp, line 773]
Event: 37.896 Thread 0x0000025aada0a000 Exception <a 'java/lang/NoSuchMethodError'{0x00000000fea932d8}: 'java.lang.Object java.lang.invoke.DirectMethodHandle$Holder.invokeStatic(java.lang.Object, long)'> (0x00000000fea932d8) thrown at [s\src\hotspot\share\interpreter\linkResolver.cpp, line 773]
Event: 37.898 Thread 0x0000025aada0a000 Exception <a 'java/lang/NoSuchMethodError'{0x00000000feaa1378}: 'java.lang.Object java.lang.invoke.DirectMethodHandle$Holder.invokeStaticInit(java.lang.Object, java.lang.Object, long, java.lang.Object)'> (0x00000000feaa1378) thrown at [s\src\hotspot\share\interpreter\linkResolver.cpp, line 773]
Event: 37.899 Thread 0x0000025aada0a000 Exception <a 'java/lang/NoSuchMethodError'{0x00000000feaa7268}: 'java.lang.Object java.lang.invoke.DirectMethodHandle$Holder.invokeStatic(java.lang.Object, java.lang.Object, long)'> (0x00000000feaa7268) thrown at [s\src\hotspot\share\interpreter\linkResolver.cpp, line 773]
Event: 37.900 Thread 0x0000025aada0a000 Exception <a 'java/lang/NoSuchMethodError'{0x00000000feaad538}: 'java.lang.Object java.lang.invoke.Invokers$Holder.linkToTargetMethod(java.lang.Object, long, java.lang.Object)'> (0x00000000feaad538) thrown at [s\src\hotspot\share\interpreter\linkResolver.cpp, line 773]

Events (20 events):
Event: 38.181 loading class sun/text/resources/cldr/FormatData_en
Event: 38.181 loading class sun/text/resources/cldr/FormatData_en done
Event: 38.181 loading class sun/text/resources/cldr/FormatData_en_US
Event: 38.181 loading class sun/text/resources/cldr/FormatData_en_US done
Event: 38.182 loading class sun/util/locale/provider/LocaleResources$ResourceReference
Event: 38.182 loading class sun/util/locale/provider/LocaleResources$ResourceReference done
Event: 38.182 loading class java/text/DecimalFormatSymbols
Event: 38.182 loading class java/text/DecimalFormatSymbols done
Event: 38.182 loading class java/text/spi/DecimalFormatSymbolsProvider
Event: 38.182 loading class java/text/spi/DecimalFormatSymbolsProvider done
Event: 38.183 loading class sun/util/locale/provider/DecimalFormatSymbolsProviderImpl
Event: 38.183 loading class sun/util/locale/provider/DecimalFormatSymbolsProviderImpl done
Event: 38.184 loading class java/text/DecimalFormat
Event: 38.184 loading class java/text/DecimalFormat done
Event: 38.185 loading class java/text/FieldPosition
Event: 38.185 loading class java/text/FieldPosition done
Event: 38.185 loading class java/text/DigitList
Event: 38.185 loading class java/text/DigitList done
Event: 38.186 loading class java/io/PrintWriter
Event: 38.186 loading class java/io/PrintWriter done


Dynamic libraries:
0x00007ff7060c0000 - 0x00007ff7060cd000 	C:\Program Files\Microsoft\jdk-11.0.20.8-hotspot\bin\java.exe
0x00007fff72a50000 - 0x00007fff72c67000 	C:\WINDOWS\SYSTEM32\ntdll.dll
0x00007fff71f20000 - 0x00007fff71fe4000 	C:\WINDOWS\System32\KERNEL32.DLL
0x00007fff70180000 - 0x00007fff7052c000 	C:\WINDOWS\System32\KERNELBASE.dll
0x00007fff70670000 - 0x00007fff70781000 	C:\WINDOWS\System32\ucrtbase.dll
0x00007ffedc390000 - 0x00007ffedc3a5000 	C:\Program Files\Microsoft\jdk-11.0.20.8-hotspot\bin\VCRUNTIME140.dll
0x00007ffedc370000 - 0x00007ffedc387000 	C:\Program Files\Microsoft\jdk-11.0.20.8-hotspot\bin\jli.dll
0x00007fff70950000 - 0x00007fff70afe000 	C:\WINDOWS\System32\USER32.dll
0x00007fff70530000 - 0x00007fff70556000 	C:\WINDOWS\System32\win32u.dll
0x00007fff5ade0000 - 0x00007fff5b073000 	C:\WINDOWS\WinSxS\amd64_microsoft.windows.common-controls_6595b64144ccf1df_6.0.22621.3672_none_2713b9d173822955\COMCTL32.dll
0x00007fff72520000 - 0x00007fff72549000 	C:\WINDOWS\System32\GDI32.dll
0x00007fff71e70000 - 0x00007fff71f17000 	C:\WINDOWS\System32\msvcrt.dll
0x00007fff6fd80000 - 0x00007fff6fe99000 	C:\WINDOWS\System32\gdi32full.dll
0x00007fff705d0000 - 0x00007fff7066a000 	C:\WINDOWS\System32\msvcp_win.dll
0x00007fff722c0000 - 0x00007fff722f1000 	C:\WINDOWS\System32\IMM32.DLL
0x00007ffedb330000 - 0x00007ffedb3cb000 	C:\Program Files\Microsoft\jdk-11.0.20.8-hotspot\bin\msvcp140.dll
0x00007ffeb2e40000 - 0x00007ffeb39d6000 	C:\Program Files\Microsoft\jdk-11.0.20.8-hotspot\bin\server\jvm.dll
0x00007fff71a10000 - 0x00007fff71ac2000 	C:\WINDOWS\System32\ADVAPI32.dll
0x00007fff72210000 - 0x00007fff722ba000 	C:\WINDOWS\System32\sechost.dll
0x00007fff6fea0000 - 0x00007fff6fec8000 	C:\WINDOWS\System32\bcrypt.dll
0x00007fff728f0000 - 0x00007fff72a05000 	C:\WINDOWS\System32\RPCRT4.dll
0x00007fff71ad0000 - 0x00007fff71ad8000 	C:\WINDOWS\System32\PSAPI.DLL
0x00007fff2fca0000 - 0x00007fff2fca9000 	C:\WINDOWS\SYSTEM32\WSOCK32.dll
0x00007fff71910000 - 0x00007fff71981000 	C:\WINDOWS\System32\WS2_32.dll
0x00007fff69bf0000 - 0x00007fff69c24000 	C:\WINDOWS\SYSTEM32\WINMM.dll
0x00007fff68160000 - 0x00007fff6816a000 	C:\WINDOWS\SYSTEM32\VERSION.dll
0x00007fff6ed70000 - 0x00007fff6ed88000 	C:\WINDOWS\SYSTEM32\kernel.appcore.dll
0x00007fff2fc10000 - 0x00007fff2fc20000 	C:\Program Files\Microsoft\jdk-11.0.20.8-hotspot\bin\verify.dll
0x00007fff6cef0000 - 0x00007fff6d122000 	C:\WINDOWS\SYSTEM32\DBGHELP.DLL
0x00007fff71ae0000 - 0x00007fff71e68000 	C:\WINDOWS\System32\combase.dll
0x00007fff72550000 - 0x00007fff72627000 	C:\WINDOWS\System32\OLEAUT32.dll
0x00007fff5ada0000 - 0x00007fff5add2000 	C:\WINDOWS\SYSTEM32\dbgcore.DLL
0x00007fff6fed0000 - 0x00007fff6ff4b000 	C:\WINDOWS\System32\bcryptPrimitives.dll
0x00007ffedbfe0000 - 0x00007ffedc008000 	C:\Program Files\Microsoft\jdk-11.0.20.8-hotspot\bin\java.dll
0x00007fff2dea0000 - 0x00007fff2deaa000 	C:\Program Files\Microsoft\jdk-11.0.20.8-hotspot\bin\jimage.dll
0x00007ffedc350000 - 0x00007ffedc368000 	C:\Program Files\Microsoft\jdk-11.0.20.8-hotspot\bin\zip.dll
0x00007fff70b10000 - 0x00007fff7136c000 	C:\WINDOWS\System32\SHELL32.dll
0x00007fff6dc80000 - 0x00007fff6e577000 	C:\WINDOWS\SYSTEM32\windows.storage.dll
0x00007fff6db40000 - 0x00007fff6dc7f000 	C:\WINDOWS\SYSTEM32\wintypes.dll
0x00007fff72370000 - 0x00007fff72464000 	C:\WINDOWS\System32\SHCORE.dll
0x00007fff72300000 - 0x00007fff7235e000 	C:\WINDOWS\System32\shlwapi.dll
0x00007fff6fcb0000 - 0x00007fff6fcd1000 	C:\WINDOWS\SYSTEM32\profapi.dll
0x00007ffedbfc0000 - 0x00007ffedbfd9000 	C:\Program Files\Microsoft\jdk-11.0.20.8-hotspot\bin\net.dll
0x00007fff6b3c0000 - 0x00007fff6b4f6000 	C:\WINDOWS\SYSTEM32\WINHTTP.dll
0x00007fff6f1d0000 - 0x00007fff6f239000 	C:\WINDOWS\system32\mswsock.dll
0x00007ffedbfa0000 - 0x00007ffedbfb3000 	C:\Program Files\Microsoft\jdk-11.0.20.8-hotspot\bin\nio.dll
0x00007ffee90d0000 - 0x00007ffee90f7000 	C:\Users\Haseeb\.gradle\native\68d5fa5c4cc2d200863cafc0d521ce42e7d3e7ee720ec0a83991735586a16f82\windows-amd64\native-platform.dll
0x00007fff333c0000 - 0x00007fff333c9000 	C:\Program Files\Microsoft\jdk-11.0.20.8-hotspot\bin\management.dll
0x00007fff27540000 - 0x00007fff2754b000 	C:\Program Files\Microsoft\jdk-11.0.20.8-hotspot\bin\management_ext.dll
0x00007fff6f520000 - 0x00007fff6f53b000 	C:\WINDOWS\SYSTEM32\CRYPTSP.dll
0x00007fff6ecd0000 - 0x00007fff6ed05000 	C:\WINDOWS\system32\rsaenh.dll
0x00007fff6f270000 - 0x00007fff6f298000 	C:\WINDOWS\SYSTEM32\USERENV.dll
0x00007fff6f500000 - 0x00007fff6f50c000 	C:\WINDOWS\SYSTEM32\CRYPTBASE.dll
0x00007fff6e7e0000 - 0x00007fff6e80d000 	C:\WINDOWS\SYSTEM32\IPHLPAPI.DLL
0x00007fff71ff0000 - 0x00007fff71ff9000 	C:\WINDOWS\System32\NSI.dll
0x00007fff6b380000 - 0x00007fff6b399000 	C:\WINDOWS\SYSTEM32\dhcpcsvc6.DLL
0x00007fff6b360000 - 0x00007fff6b37f000 	C:\WINDOWS\SYSTEM32\dhcpcsvc.DLL
0x00007fff6e850000 - 0x00007fff6e948000 	C:\WINDOWS\SYSTEM32\DNSAPI.dll

dbghelp: loaded successfully - version: 4.0.5 - missing functions: none
symbol engine: initialized successfully - sym options: 0x614 - pdb path: .;C:\Program Files\Microsoft\jdk-11.0.20.8-hotspot\bin;C:\WINDOWS\SYSTEM32;C:\WINDOWS\WinSxS\amd64_microsoft.windows.common-controls_6595b64144ccf1df_6.0.22621.3672_none_2713b9d173822955;C:\Program Files\Microsoft\jdk-11.0.20.8-hotspot\bin\server;C:\Users\Haseeb\.gradle\native\68d5fa5c4cc2d200863cafc0d521ce42e7d3e7ee720ec0a83991735586a16f82\windows-amd64

VM Arguments:
jvm_args: -Xmx64m -Xms64m -Dorg.gradle.appname=gradlew 
java_command: org.gradle.wrapper.GradleWrapperMain app:installDebug -PreactNativeDevServerPort=8081
java_class_path (initial): D:\olympic_analysir\olympic_data_analysir\android\\gradle\wrapper\gradle-wrapper.jar
Launcher Type: SUN_STANDARD

[Global flags]
     intx CICompilerCount                          = 4                                         {product} {ergonomic}
     uint ConcGCThreads                            = 2                                         {product} {ergonomic}
     uint G1ConcRefinementThreads                  = 8                                         {product} {ergonomic}
   size_t G1HeapRegionSize                         = 1048576                                   {product} {ergonomic}
    uintx GCDrainStackTargetSize                   = 64                                        {product} {ergonomic}
   size_t InitialHeapSize                          = 67108864                                  {product} {command line}
   size_t MarkStackSize                            = 4194304                                   {product} {ergonomic}
   size_t MaxHeapSize                              = 67108864                                  {product} {command line}
   size_t MaxNewSize                               = 39845888                                  {product} {ergonomic}
   size_t MinHeapDeltaBytes                        = 1048576                                   {product} {ergonomic}
    uintx NonNMethodCodeHeapSize                   = 5836300                                {pd product} {ergonomic}
    uintx NonProfiledCodeHeapSize                  = 122910970                              {pd product} {ergonomic}
    uintx ProfiledCodeHeapSize                     = 122910970                              {pd product} {ergonomic}
    uintx ReservedCodeCacheSize                    = 251658240                              {pd product} {ergonomic}
     bool SegmentedCodeCache                       = true                                      {product} {ergonomic}
     bool UseCompressedClassPointers               = true                                 {lp64_product} {ergonomic}
     bool UseCompressedOops                        = true                                 {lp64_product} {ergonomic}
     bool UseG1GC                                  = true                                      {product} {ergonomic}
     bool UseLargePagesIndividualAllocation        = false                                  {pd product} {ergonomic}

Logging:
Log output configuration:
 #0: stdout all=warning uptime,level,tags
 #1: stderr all=off uptime,level,tags

Environment Variables:
JAVA_HOME=C:\Program Files\Microsoft\jdk-11.0.20.8-hotspot\
CLASSPATH=D:\olympic_analysir\olympic_data_analysir\android\\gradle\wrapper\gradle-wrapper.jar
PATH=D:\olympic_analysir\olympic_data_analysir\node_modules\.bin;D:\olympic_analysir\olympic_data_analysir\node_modules\.bin;D:\olympic_analysir\node_modules\.bin;D:\node_modules\.bin;C:\Users\Haseeb\AppData\Roaming\npm\node_modules\npm\node_modules\@npmcli\run-script\lib\node-gyp-bin;D:\olympic_analysir\olympic_data_analysir\node_modules\.bin;D:\olympic_analysir\olympic_data_analysir\node_modules\.bin;D:\olympic_analysir\node_modules\.bin;D:\node_modules\.bin;C:\Users\Haseeb\AppData\Roaming\npm\node_modules\npm\node_modules\@npmcli\run-script\lib\node-gyp-bin;C:\Program Files\Common Files\Oracle\Java\javapath;C:\Program Files\Microsoft\jdk-11.0.20.8-hotspot\bin;C:\WINDOWS\system32;C:\WINDOWS;C:\WINDOWS\System32\Wbem;C:\WINDOWS\System32\WindowsPowerShell\v1.0\;C:\WINDOWS\System32\OpenSSH\;C:\Program Files\nodejs\;C:\ProgramData\chocolatey\bin;C:\Users\Haseeb\AppData\Local\Android\Sdk\platform-tools;C:\Users\Haseeb\AppData\Local\Programs\Python\Python312;C:\Users\Haseeb\AppData\Local\Programs\Python\Python312\Scripts;C:\Users\Haseeb\AppData\Local\Programs\Python\Launcher\;C:\Users\Haseeb\AppData\Local\Microsoft\WindowsApps;C:\Users\Haseeb\AppData\Roaming\npm;C:\flutter\bin;C:\Program Files\Java\jdk-22\bin;C:\Program Files\Git\bin;C:\Users\Haseeb\AppData\Local\Programs\Microsoft VS Code\bin
USERNAME=Haseeb
LANG=en_US.UTF-8
OS=Windows_NT
PROCESSOR_IDENTIFIER=Intel64 Family 6 Model 142 Stepping 12, GenuineIntel
TMP=C:\Users\Haseeb\AppData\Local\Temp
TEMP=C:\Users\Haseeb\AppData\Local\Temp



---------------  S Y S T E M  ---------------

OS: Windows 11 , 64 bit Build 22621 (10.0.22621.3672)
OS uptime: 5 days 4:26 hours
Hyper-V role detected

CPU:total 8 (initial active 8) (4 cores per cpu, 2 threads per core) family 6 model 142 stepping 12 microcode 0xf4, cmov, cx8, fxsr, mmx, sse, sse2, sse3, ssse3, sse4.1, sse4.2, popcnt, avx, avx2, aes, clmul, erms, 3dnowpref, lzcnt, ht, tsc, tscinvbit, bmi1, bmi2, adx, fma

Memory: 4k page, system-wide physical 16050M (142M free)
TotalPageFile size 28726M (AvailPageFile size 0M)
current process WorkingSet (physical memory assigned to process): 86M, peak: 93M
current process commit charge ("private bytes"): 159M, peak: 166M

vm_info: OpenJDK 64-Bit Server VM (11.0.20+8-LTS) for windows-amd64 JRE (11.0.20+8-LTS), built on Jul  7 2023 17:05:21 by "MicrosoftCorporation" with MS VC++ 15.9 (VS2017)

END.
